trying to use serial port: /dev/ttyUSB0
 >> 
 >> 

Expect: searching for 4 strs:  :[yes/no] :Press RETURN to get started. :# :Switch>
 << 
c29s2.r213u.b100.researchblvd#
c29s2.r213u.b100.researchblvd#
c29s2.r213u.b100.researchblvd#
c29s2.r213u.b100.researchblvd#
Expect: matched string 3: #
 >> term len 0

Expect: searching for 2 strs:  :# :>
 << term len 0
c29s2.r213u.b100.researchblvd#
Expect: matched string 1: #
 >> show version

Expect: searching for 2 strs:  :# :>
 << show version
Cisco IOS Software, C2960S Software (C2960S-UNIVERSALK9-M), Version 12.2(55)SE7, RELEASE SOFTWARE (fc1)
Technical Support: http://www.cisco.com/techsupport
Copyright (c) 1986-2013 by Cisco Systems, Inc.
Compiled Mon 28-Jan-13 10:28 by pro
 << d_rel_team
Image text-base: 0x00003000, data-base: 0x01B00000

ROM: Bootstrap program is Alpha board boot loader
BOOTLDR: C2960S Boot Loader (C2960S-HBOOT-M) Version 12.2(55r)SE, RELEASE SOFTWARE (fc1)

c29s2.r213u.b100.researchblvd uptime is 7 minu
 << tes
System returned to ROM by power-on
System image file is "flash:/c2960s-universalk9-mz.122-55.SE7/c2960s-universalk9-mz.122-55.SE7.bin"


This product contains cryptographic features and is subject to United
States and local country laws governin
 << g import, export, transfer and
use. Delivery of Cisco cryptographic products does not imply
third-party authority to import, export, distribute or use encryption.
Importers, exporters, distributors and users are responsible for
compliance with U.S. an
 << d local country laws. By using this product you
agree to comply with applicable laws and regulations. If you are unable
to comply with U.S. and local laws, return this product immediately.

A summary of U.S. laws governing Cisco cryptographic products
 <<  may be found at:
http://www.cisco.com/wwl/export/crypto/tool/stqrg.html

If you require further assistance please contact us by sending email to
export@cisco.com.

cisco WS-C2960S-48TS-L (PowerPC) processor (revision J0) with 131072K bytes of memor
 << y.
Processor board ID FOC1720Z0FQ
Last reset from power-on
2 Virtual Ethernet interfaces
1 FastEthernet interface
52 Gigabit Ethernet interfaces
The password-recovery mechanism is enabled.

512K bytes of flash-simulated non-volatile configuration 
 << memory.
Base ethernet MAC Address       : D0:C7:89:AF:DD:00
Motherboard assembly number     : 73-11909-09
Power supply part number        : 341-0327-04
Motherboard serial number       : FOC17195PVC
Power supply serial number      : LIT17151Y89
Model
 <<  revision number           : J0
Motherboard revision number     : A0
Model number                    : WS-C2960S-48TS-L
Daughterboard assembly number   : 73-11933-04
Daughterboard serial number     : FOC17184NW7
System serial number            : FOC1
 << 720Z0FQ
Top Assembly Part Number        : 800-30950-06
Top Assembly Revision Number    : A0
Version ID                      : V06
CLEI Code Number                : COMGF00ARF
Daughterboard revision number   : A0
Hardware Board Revision Number  : 0x0
 << 1


Switch Ports Model              SW Version            SW Image                 
------ ----- -----              ----------            ----------               
*    1 52    WS-C2960S-48TS-L   12.2(55)SE7           C2960S-UNIVERSALK9-M     


C
 << onfiguration register is 0xF

c29s2.r213u.b100.researchblvd#
Expect: matched string 1: #
 >> enable

Expect: searching for 2 strs:  :Password: :#
 << enable
c29s2.r213u.b100.researchblvd#
Expect: matched string 2: #
 >> sh run

Expect: searching for 2 strs:  :# :>
 << sh run
Building configuration...

Current configuration : 21896 bytes
!
version 12.2
no service pad
service timestamps debug datetime localtime
service timestamps log datetime localtime
service password-encryption
!
hostname c29s2.r213u.b100.re
 << searchblvd
!
boot-start-marker
boot-end-marker
!
enable secret 5 $1$Hpg8$vHE1CXruXoYwGn4eTeJIc/
enable password 7 072E33494F54154F00
!
!
!
no aaa new-model
clock timezone CST -6
clock summer-time CDT recurring
switch 1 provision ws-c2960s-48t
 << s-l
authentication mac-move permit
!
!
ip dhcp snooping vlan 190
ip dhcp snooping
ip domain-name mgmt.msstate.edu
ip name-server 130.18.2.210
!
!
crypto pki trustpoint TP-self-signed-2310003968
 enrollment selfsigned
 subject-name cn=IOS-Self-
 << Signed-Certificate-2310003968
 revocation-check none
 rsakeypair TP-self-signed-2310003968
!
!
crypto pki certificate chain TP-self-signed-2310003968
 certificate self-signed 01
  3082024F 308201B8 A0030201 02020101 300D0609 2A864886 F70D0101 04050
 << 030 
  31312F30 2D060355 04031326 494F532D 53656C66 2D536967 6E65642D 43657274 
  69666963 6174652D 32333130 30303339 3638301E 170D3933 30333031 30303034 
  34315A17 0D323030 31303130 30303030 305A3031 312F302D 06035504 03132649 
  4F532D53 656C662D 5
 << 369676E 65642D43 65727469 66696361 74652D32 33313030 
  30333936 3830819F 300D0609 2A864886 F70D0101 01050003 818D0030 81890281 
  8100A0DE EA07AA54 99D2434E 86CEF139 6AC7CD60 E4C6C652 E75A50DA 3871E3B4 
  53412BC4 691C5CA5 4C044B5C 6C456DF6 B35CC53C 1
 << 213B0C7 A860E715 7336EC1B 
  E89CC101 AA9F5AB2 BF1819F4 C935E8EC 9CD8B312 28C977E5 D658EAD2 62C63633 
  A4C4C5E3 A02977EF 3C20BB7B 14A5380E AC86DDDD 8B783557 4D413186 43BB3B1A 
  540F0203 010001A3 77307530 0F060355 1D130101 FF040530 030101FF 30220603 
 << 
  551D1104 1B301982 17537769 7463682E 6D676D74 2E6D7373 74617465 2E656475 
  301F0603 551D2304 18301680 14DB9981 20486B8E DAF3E428 A55566CA 7792673B 
  44301D06 03551D0E 04160414 DB998120 486B8EDA F3E428A5 5566CA77 92673B44 
  300D0609 2A864886 F70D01
 << 01 04050003 81810011 F7870845 4B882AEC FD8169E7 
  6F0BE9D1 A5634ACC 04B718BE 22C5CAEB 7E9A49CA 22C04E51 48938438 1B323FB6 
  1CD48494 D88CEE19 0E9EEAF1 59C6B372 D8E8B81E C380A2F6 F49AADA2 6FE1448C 
  BD1349B1 09461D72 50B4A286 CBFC2323 31D0729F 1B1ED6
 << 7E A60AE1BB 5C5CE660 
  58FE3CE9 5E7A07C1 22BA6F1A 00F38A1D E6F96B
  quit
!
spanning-tree mode mst
spanning-tree portfast bpduguard default
spanning-tree extend system-id
!
spanning-tree mst configuration
 name msstate
 revision 1
 instance 1 v
 << lan 2, 7, 11, 20, 22, 24, 31, 35, 37, 39-40, 50, 60, 63, 70
 instance 1 vlan 78, 80, 86, 91, 96, 104, 110, 126, 136, 140, 152, 160
 instance 1 vlan 162-163, 168, 189, 194, 202, 220, 222, 230, 232, 242, 246
 instance 1 vlan 256, 611-612, 654, 741, 996, 
 << 999
 instance 2 vlan 2002, 2007, 2011, 2020, 2022, 2024, 2031, 2035, 2037, 2039-2040
 instance 2 vlan 2050, 2060, 2063, 2070, 2080, 2086, 2096, 2104, 2110, 2126
 instance 2 vlan 2136, 2140, 2152, 2160, 2162-2163, 2168, 2189, 2194, 2202
 instance 2 vla
 << n 2220, 2222, 2232, 2242, 2246, 2611-2612, 2654, 2999
 instance 3 vlan 42, 51, 59, 64, 66, 69, 72, 108, 113, 128, 144, 176, 196
 instance 3 vlan 244, 248, 927
 instance 4 vlan 2042, 2051, 2059, 2064, 2066, 2069, 2072, 2108, 2113, 2128
 instance 4 vlan
 <<  2144, 2176, 2196, 2244, 2248, 2927
 instance 5 vlan 16, 48, 58, 88, 121, 131, 133-134, 216, 228
 instance 6 vlan 2016, 2048, 2058, 2088, 2121, 2131, 2133-2134, 2216, 2228
 instance 7 vlan 9, 33-34, 38, 54, 56, 71, 75, 82, 84, 97, 114, 116, 124
 insta
 << nce 7 vlan 172, 186, 192, 204-208, 210, 240-241, 251-252, 630, 928
 instance 8 vlan 2009, 2033-2034, 2038, 2054, 2056, 2071, 2075, 2082, 2084
 instance 8 vlan 2097, 2114, 2116, 2124, 2172, 2186, 2192, 2204-2208, 2210
 instance 8 vlan 2240-2241, 2251-22
 << 52, 2630, 2928
 instance 9 vlan 4-5, 12, 18-19, 32, 44, 57, 62, 68, 76, 98-99, 102, 112
 instance 9 vlan 130, 132, 147-148, 158, 212, 226, 236, 500, 505, 510-511
 instance 9 vlan 522, 551-570, 603, 629, 633, 742, 802, 926, 929
 instance 10 vlan 2004-2
 << 005, 2012, 2018-2019, 2032, 2044, 2057, 2062, 2068
 instance 10 vlan 2076, 2098-2099, 2102, 2112, 2130, 2132, 2147-2148, 2158
 instance 10 vlan 2212, 2236, 2500, 2505, 2510-2511, 2522, 2603, 2629, 2633
 instance 10 vlan 2802, 2926, 2929
 instance 11 v
 << lan 8, 43, 52, 146, 156-157, 180, 200, 218
 instance 12 vlan 2008, 2043, 2052, 2146, 2156-2157, 2180, 2200, 2218
!
!
!
!
errdisable recovery cause udld
errdisable recovery cause bpduguard
errdisable recovery cause security-violation
errdisable re
 << covery cause channel-misconfig (STP)
errdisable recovery cause pagp-flap
errdisable recovery cause dtp-flap
errdisable recovery cause link-flap
errdisable recovery cause sfp-config-mismatch
errdisable recovery cause gbic-invalid
errdisable recovery 
 << cause psecure-violation
errdisable recovery cause port-mode-failure
errdisable recovery cause dhcp-rate-limit
errdisable recovery cause pppoe-ia-rate-limit
errdisable recovery cause mac-limit
errdisable recovery cause vmps
errdisable recovery cause 
 << storm-control
errdisable recovery cause inline-power
errdisable recovery cause arp-inspection
errdisable recovery cause loopback
errdisable recovery cause small-frame
errdisable recovery interval 1800
!
vlan internal allocation policy ascending
!
 << 
!
!
interface FastEthernet0
 no ip address
 shutdown
!
interface GigabitEthernet1/0/1
 switchport access vlan 190
 switchport mode access
 switchport port-security maximum 2
 switchport port-security
 switchport port-security aging time 15
 s
 << witchport port-security violation protect
 switchport port-security aging type inactivity
 spanning-tree portfast
!
interface GigabitEthernet1/0/2
 switchport access vlan 190
 switchport mode access
 switchport port-security maximum 2
 switchport 
 << port-security
 switchport port-security aging time 15
 switchport port-security violation protect
 switchport port-security aging type inactivity
 spanning-tree portfast
!
interface GigabitEthernet1/0/3
 switchport access vlan 190
 switchport mode
 <<  access
 switchport port-security maximum 2
 switchport port-security
 switchport port-security aging time 15
 switchport port-security violation protect
 switchport port-security aging type inactivity
 spanning-tree portfast
!
interface GigabitEt
 << hernet1/0/4
 switchport access vlan 190
 switchport mode access
 switchport port-security maximum 2
 switchport port-security
 switchport port-security aging time 15
 switchport port-security violation protect
 switchport port-security aging type i
 << nactivity
 spanning-tree portfast
!
interface GigabitEthernet1/0/5
 switchport access vlan 190
 switchport mode access
 switchport port-security maximum 2
 switchport port-security
 switchport port-security aging time 15
 switchport port-security
 <<  violation protect
 switchport port-security aging type inactivity
 spanning-tree portfast
!
interface GigabitEthernet1/0/6
 switchport access vlan 190
 switchport mode access
 switchport port-security maximum 2
 switchport port-security
 switchp
 << ort port-security aging time 15
 switchport port-security violation protect
 switchport port-security aging type inactivity
 spanning-tree portfast
!
interface GigabitEthernet1/0/7
 switchport access vlan 190
 switchport mode access
 switchport po
 << rt-security maximum 2
 switchport port-security
 switchport port-security aging time 15
 switchport port-security violation protect
 switchport port-security aging type inactivity
 spanning-tree portfast
!
interface GigabitEthernet1/0/8
 switchpor
 << t access vlan 190
 switchport mode access
 switchport port-security maximum 2
 switchport port-security
 switchport port-security aging time 15
 switchport port-security violation protect
 switchport port-security aging type inactivity
 spanning-tr
 << ee portfast
!
interface GigabitEthernet1/0/9
 switchport access vlan 190
 switchport mode access
 switchport port-security maximum 2
 switchport port-security
 switchport port-security aging time 15
 switchport port-security violation protect
 sw
 << itchport port-security aging type inactivity
 spanning-tree portfast
!
interface GigabitEthernet1/0/10
 switchport access vlan 190
 switchport mode access
 switchport port-security maximum 2
 switchport port-security
 switchport port-security agin
 << g time 15
 switchport port-security violation protect
 switchport port-security aging type inactivity
 spanning-tree portfast
!
interface GigabitEthernet1/0/11
 switchport access vlan 190
 switchport mode access
 switchport port-security maximum 2
 << 
 switchport port-security
 switchport port-security aging time 15
 switchport port-security violation protect
 switchport port-security aging type inactivity
 spanning-tree portfast
!
interface GigabitEthernet1/0/12
 switchport access vlan 190
 
 << switchport mode access
 switchport port-security maximum 2
 switchport port-security
 switchport port-security aging time 15
 switchport port-security violation protect
 switchport port-security aging type inactivity
 spanning-tree portfast
!
inte
 << rface GigabitEthernet1/0/13
 switchport access vlan 190
 switchport mode access
 switchport port-security maximum 2
 switchport port-security
 switchport port-security aging time 15
 switchport port-security violation protect
 switchport port-secur
 << ity aging type inactivity
 spanning-tree portfast
!
interface GigabitEthernet1/0/14
 switchport access vlan 190
 switchport mode access
 switchport port-security maximum 2
 switchport port-security
 switchport port-security aging time 15
 switchp
 << ort port-security violation protect
 switchport port-security aging type inactivity
 spanning-tree portfast
!
interface GigabitEthernet1/0/15
 switchport access vlan 190
 switchport mode access
 switchport port-security maximum 2
 switchport port-
 << security
 switchport port-security aging time 15
 switchport port-security violation protect
 switchport port-security aging type inactivity
 spanning-tree portfast
!
interface GigabitEthernet1/0/16
 switchport access vlan 190
 switchport mode acc
 << ess
 switchport port-security maximum 2
 switchport port-security
 switchport port-security aging time 15
 switchport port-security violation protect
 switchport port-security aging type inactivity
 spanning-tree portfast
!
interface GigabitEthern
 << et1/0/17
 switchport access vlan 190
 switchport mode access
 switchport port-security maximum 2
 switchport port-security
 switchport port-security aging time 15
 switchport port-security violation protect
 switchport port-security aging type inac
 << tivity
 spanning-tree portfast
!
interface GigabitEthernet1/0/18
 switchport access vlan 190
 switchport mode access
 switchport port-security maximum 2
 switchport port-security
 switchport port-security aging time 15
 switchport port-security v
 << iolation protect
 switchport port-security aging type inactivity
 spanning-tree portfast
!
interface GigabitEthernet1/0/19
 switchport access vlan 190
 switchport mode access
 switchport port-security maximum 2
 switchport port-security
 switchpo
 << rt port-security aging time 15
 switchport port-security violation protect
 switchport port-security aging type inactivity
 spanning-tree portfast
!
interface GigabitEthernet1/0/20
 switchport access vlan 190
 switchport mode access
 switchport po
 << rt-security maximum 2
 switchport port-security
 switchport port-security aging time 15
 switchport port-security violation protect
 switchport port-security aging type inactivity
 spanning-tree portfast
!
interface GigabitEthernet1/0/21
 switchpo
 << rt access vlan 190
 switchport mode access
 switchport port-security maximum 2
 switchport port-security
 switchport port-security aging time 15
 switchport port-security violation protect
 switchport port-security aging type inactivity
 spanning-t
 << ree portfast
!
interface GigabitEthernet1/0/22
 switchport access vlan 190
 switchport mode access
 switchport port-security maximum 2
 switchport port-security
 switchport port-security aging time 15
 switchport port-security violation protect
 
 << switchport port-security aging type inactivity
 spanning-tree portfast
!
interface GigabitEthernet1/0/23
 switchport access vlan 190
 switchport mode access
 switchport port-security maximum 2
 switchport port-security
 switchport port-security ag
 << ing time 15
 switchport port-security violation protect
 switchport port-security aging type inactivity
 spanning-tree portfast
!
interface GigabitEthernet1/0/24
 switchport access vlan 190
 switchport mode access
 switchport port-security maximum
 <<  2
 switchport port-security
 switchport port-security aging time 15
 switchport port-security violation protect
 switchport port-security aging type inactivity
 spanning-tree portfast
!
interface GigabitEthernet1/0/25
 switchport access vlan 190
 << 
 switchport mode access
 switchport port-security maximum 2
 switchport port-security
 switchport port-security aging time 15
 switchport port-security violation protect
 switchport port-security aging type inactivity
 spanning-tree portfast
!
in
 << terface GigabitEthernet1/0/26
 switchport access vlan 190
 switchport mode access
 switchport port-security maximum 2
 switchport port-security
 switchport port-security aging time 15
 switchport port-security violation protect
 switchport port-sec
 << urity aging type inactivity
 spanning-tree portfast
!
interface GigabitEthernet1/0/27
 switchport access vlan 190
 switchport mode access
 switchport port-security maximum 2
 switchport port-security
 switchport port-security aging time 15
 switc
 << hport port-security violation protect
 switchport port-security aging type inactivity
 spanning-tree portfast
!
interface GigabitEthernet1/0/28
 switchport access vlan 190
 switchport mode access
 switchport port-security maximum 2
 switchport por
 << t-security
 switchport port-security aging time 15
 switchport port-security violation protect
 switchport port-security aging type inactivity
 spanning-tree portfast
!
interface GigabitEthernet1/0/29
 switchport access vlan 190
 switchport mode a
 << ccess
 switchport port-security maximum 2
 switchport port-security
 switchport port-security aging time 15
 switchport port-security violation protect
 switchport port-security aging type inactivity
 spanning-tree portfast
!
interface GigabitEthe
 << rnet1/0/30
 switchport access vlan 190
 switchport mode access
 switchport port-security maximum 2
 switchport port-security
 switchport port-security aging time 15
 switchport port-security violation protect
 switchport port-security aging type in
 << activity
 spanning-tree portfast
!
interface GigabitEthernet1/0/31
 switchport access vlan 190
 switchport mode access
 switchport port-security maximum 2
 switchport port-security
 switchport port-security aging time 15
 switchport port-security
 <<  violation protect
 switchport port-security aging type inactivity
 spanning-tree portfast
!
interface GigabitEthernet1/0/32
 switchport access vlan 190
 switchport mode access
 switchport port-security maximum 2
 switchport port-security
 switch
 << port port-security aging time 15
 switchport port-security violation protect
 switchport port-security aging type inactivity
 spanning-tree portfast
!
interface GigabitEthernet1/0/33
 switchport access vlan 190
 switchport mode access
 switchport 
 << port-security maximum 2
 switchport port-security
 switchport port-security aging time 15
 switchport port-security violation protect
 switchport port-security aging type inactivity
 spanning-tree portfast
!
interface GigabitEthernet1/0/34
 switch
 << port access vlan 190
 switchport mode access
 switchport port-security maximum 2
 switchport port-security
 switchport port-security aging time 15
 switchport port-security violation protect
 switchport port-security aging type inactivity
 spanning
 << -tree portfast
!
interface GigabitEthernet1/0/35
 switchport access vlan 190
 switchport mode access
 switchport port-security maximum 2
 switchport port-security
 switchport port-security aging time 15
 switchport port-security violation protect
 << 
 switchport port-security aging type inactivity
 spanning-tree portfast
!
interface GigabitEthernet1/0/36
 switchport access vlan 190
 switchport mode access
 switchport port-security maximum 2
 switchport port-security
 switchport port-security 
 << aging time 15
 switchport port-security violation protect
 switchport port-security aging type inactivity
 spanning-tree portfast
!
interface GigabitEthernet1/0/37
 switchport access vlan 190
 switchport mode access
 switchport port-security maxim
 << um 2
 switchport port-security
 switchport port-security aging time 15
 switchport port-security violation protect
 switchport port-security aging type inactivity
 spanning-tree portfast
!
interface GigabitEthernet1/0/38
 switchport access vlan 19
 << 0
 switchport mode access
 switchport port-security maximum 2
 switchport port-security
 switchport port-security aging time 15
 switchport port-security violation protect
 switchport port-security aging type inactivity
 spanning-tree portfast
!

 << interface GigabitEthernet1/0/39
 switchport access vlan 190
 switchport mode access
 switchport port-security maximum 2
 switchport port-security
 switchport port-security aging time 15
 switchport port-security violation protect
 switchport port-s
 << ecurity aging type inactivity
 spanning-tree portfast
!
interface GigabitEthernet1/0/40
 switchport access vlan 190
 switchport mode access
 switchport port-security maximum 2
 switchport port-security
 switchport port-security aging time 15
 swi
 << tchport port-security violation protect
 switchport port-security aging type inactivity
 spanning-tree portfast
!
interface GigabitEthernet1/0/41
 switchport access vlan 190
 switchport mode access
 switchport port-security maximum 2
 switchport p
 << ort-security
 switchport port-security aging time 15
 switchport port-security violation protect
 switchport port-security aging type inactivity
 spanning-tree portfast
!
interface GigabitEthernet1/0/42
 switchport access vlan 190
 switchport mode
 <<  access
 switchport port-security maximum 2
 switchport port-security
 switchport port-security aging time 15
 switchport port-security violation protect
 switchport port-security aging type inactivity
 spanning-tree portfast
!
interface GigabitEt
 << hernet1/0/43
 switchport access vlan 190
 switchport mode access
 switchport port-security maximum 2
 switchport port-security
 switchport port-security aging time 15
 switchport port-security violation protect
 switchport port-security aging type 
 << inactivity
 spanning-tree portfast
!
interface GigabitEthernet1/0/44
 switchport access vlan 190
 switchport mode access
 switchport port-security maximum 2
 switchport port-security
 switchport port-security aging time 15
 switchport port-securi
 << ty violation protect
 switchport port-security aging type inactivity
 spanning-tree portfast
!
interface GigabitEthernet1/0/45
 switchport access vlan 190
 switchport mode access
 switchport port-security maximum 2
 switchport port-security
 swit
 << chport port-security aging time 15
 switchport port-security violation protect
 switchport port-security aging type inactivity
 spanning-tree portfast
!
interface GigabitEthernet1/0/46
 switchport access vlan 190
 switchport mode access
 switchpor
 << t port-security maximum 2
 switchport port-security
 switchport port-security aging time 15
 switchport port-security violation protect
 switchport port-security aging type inactivity
 spanning-tree portfast
!
interface GigabitEthernet1/0/47
 swit
 << chport access vlan 190
 switchport mode access
 switchport port-security maximum 2
 switchport port-security
 switchport port-security aging time 15
 switchport port-security violation protect
 switchport port-security aging type inactivity
 spanni
 << ng-tree portfast
!
interface GigabitEthernet1/0/48
 switchport trunk native vlan 92
 switchport mode trunk
 no keepalive
 ip dhcp snooping trust
!
interface GigabitEthernet1/0/49
 switchport trunk native vlan 92
 switchport mode trunk
 ip dhcp 
 << snooping trust
!
interface GigabitEthernet1/0/50
 switchport trunk native vlan 92
 switchport mode trunk
 ip dhcp snooping trust
!
interface GigabitEthernet1/0/51
 switchport trunk native vlan 92
 switchport mode trunk
 ip dhcp snooping trust
!
 << 
interface GigabitEthernet1/0/52
 switchport trunk native vlan 92
 switchport mode trunk
 ip dhcp snooping trust
!
interface Vlan1
 no ip address
 no ip route-cache
 shutdown
!
interface Vlan92
 ip address 10.92.1.155 255.255.0.0
 ip broadcas
 << t-address 10.92.255.255
!
ip default-gateway 10.92.0.1
ip http server
ip http secure-server
ip sla enable reaction-alerts
logging facility local1
logging 130.18.2.208
access-list 1 permit 10.92.0.0 0.0.255.255
snmp-server community sysnet RO 1
s
 << nmp-server community c2-b2=a2 RW 1
snmp-server contact 6F-1698
snmp-server enable traps snmp authentication linkdown linkup coldstart warmstart
snmp-server enable traps transceiver all
snmp-server enable traps tty
snmp-server enable traps cluster
sn
 << mp-server enable traps config-copy
snmp-server enable traps config
snmp-server enable traps config-ctid
snmp-server enable traps dot1x auth-fail-vlan guest-vlan no-auth-fail-vlan no-guest-vlan
snmp-server enable traps entity
snmp-server enable traps 
 << power-ethernet group 1
snmp-server enable traps power-ethernet police
snmp-server enable traps cpu threshold
snmp-server enable traps rep
snmp-server enable traps rtr
snmp-server enable traps bridge newroot topologychange
snmp-server enable traps st
 << px inconsistency root-inconsistency loop-inconsistency
snmp-server enable traps syslog
snmp-server enable traps vtp
snmp-server enable traps vlancreate
snmp-server enable traps vlandelete
snmp-server enable traps flash insertion removal
snmp-server 
 << enable traps port-security
snmp-server enable traps envmon fan shutdown supply temperature status
snmp-server enable traps errdisable
snmp-server enable traps mac-notification change move threshold
snmp-server enable traps vlan-membership
snmp-server
 <<  host 130.18.2.208 sysnet 
!
line con 0
line vty 0 4
 password 7 096D5C0C18581B581C
 login
line vty 5 15
 password 7 106F1B1C044A1E411B
 login
!
ntp clock-period 22519226
ntp server 130.18.92.22
end

c29s2.r213u.b100.researchblvd#
Expect: matched string 1: #
