trying to use serial port: /dev/ttyUSB0
 >> 
 >> 

Expect: searching for 4 strs:  :[yes/no] :Press RETURN to get started. :# :Switch>
 << 
c29s2.f0w.evans>
c29s2.f0w.evans>
c29s2.f0w.evans>
c29s2.f0w.evans>
 << 
 << 
 << 
 << 
 << 
 << 
 << 
 << 
 << 
 << 
Expect: did not match any strings!
...

c29s2.f0w.evans>
c29s2.f0w.evans>
c29s2.f0w.evans>
c29s2.f0w.evans>
...

 >> 

Expect: searching for 2 strs:  :# :>
 << 
c29s2.f0w.evans>
c29s2.f0w.evans>
Expect: matched string 2: >
 >> term len 0

Expect: searching for 2 strs:  :# :>
 << term len 0
c29s2.f0w.evans>
Expect: matched string 2: >
 >> show version

Expect: searching for 2 strs:  :# :>
 << show version
Cisco IOS Software, C2960S Software (C2960S-UNIVERSALK9-M), Version 12.2(55)SE7, RELEASE SOFTWARE (fc1)
Technical Support: http://www.cisco.com/techsupport
Copyright (c) 1986-2013 by Cisco Systems, Inc.
Compiled Mon 28-Jan-13 10:28 by pro
 << d_rel_team
Image text-base: 0x00003000, data-base: 0x01B00000

ROM: Bootstrap program is Alpha board boot loader
BOOTLDR: C2960S Boot Loader (C2960S-HBOOT-M) Version 12.2(55r)SE, RELEASE SOFTWARE (fc1)

c29s2.f0w.evans uptime is 1 day, 23 minutes
S
 << ystem returned to ROM by power-on
System image file is "flash:/c2960s-universalk9-mz.122-55.SE7/c2960s-universalk9-mz.122-55.SE7.bin"


This product contains cryptographic features and is subject to United
States and local country laws governing impo
 << rt, export, transfer and
use. Delivery of Cisco cryptographic products does not imply
third-party authority to import, export, distribute or use encryption.
Importers, exporters, distributors and users are responsible for
compliance with U.S. and loca
 << l country laws. By using this product you
agree to comply with applicable laws and regulations. If you are unable
to comply with U.S. and local laws, return this product immediately.

A summary of U.S. laws governing Cisco cryptographic products may b
 << e found at:
http://www.cisco.com/wwl/export/crypto/tool/stqrg.html

If you require further assistance please contact us by sending email to
export@cisco.com.

cisco WS-C2960S-48TS-L (PowerPC) processor (revision J0) with 131072K bytes of memory.
Pr
 << ocessor board ID FOC1720Z0FQ
Last reset from power-on
2 Virtual Ethernet interfaces
1 FastEthernet interface
52 Gigabit Ethernet interfaces
The password-recovery mechanism is enabled.

512K bytes of flash-simulated non-volatile configuration memory
 << .
Base ethernet MAC Address       : D0:C7:89:AF:DD:00
Motherboard assembly number     : 73-11909-09
Power supply part number        : 341-0327-04
Motherboard serial number       : FOC17195PVC
Power supply serial number      : LIT17151Y89
Model revis
 << ion number           : J0
Motherboard revision number     : A0
Model number                    : WS-C2960S-48TS-L
Daughterboard assembly number   : 73-11933-04
Daughterboard serial number     : FOC17184NW7
System serial number            : FOC1720Z0F
 << Q
Top Assembly Part Number        : 800-30950-06
Top Assembly Revision Number    : A0
Version ID                      : V06
CLEI Code Number                : COMGF00ARF
Daughterboard revision number   : A0
Hardware Board Revision Number  : 0x01


 << 
Switch Ports Model              SW Version            SW Image                 
------ ----- -----              ----------            ----------               
*    1 52    WS-C2960S-48TS-L   12.2(55)SE7           C2960S-UNIVERSALK9-M     


Configu
 << ration register is 0xF

c29s2.f0w.evans>
Expect: matched string 2: >
 >> write mem

Expect: searching for 2 strs:  :# :>
 << write mem
                 ^
% Invalid input detected at '^' marker.

c29s2.f0w.evans>
Expect: matched string 2: >
 >> enable

Expect: searching for 2 strs:  :Password: :#
 << enable
Password: 
Expect: matched string 1: Password:
 >> Area=l*w

Expect: searching for 1 strs:  :#
 << 
c29s2.f0w.evans#
Expect: matched string 1: #
 >> wr erase
 >> 

 >> reload

Expect: searching for 2 strs:  :# :>
 << wr erase
Erasing the nvram filesystem will remove all configuration files! Continue? [confirm]
[OK]
Erase of nvram: complete
c29s2.f0w.evans#reload
Proceed with reload? [confirm]
Expect: matched string 1: #
Expect: searching for 1 strs:  :Save?
 << 
*Mar  1 18:24:06: %SYS-7-NV_BLOCK_INIT: Initialized the geometry of nvram
 << 
 << 
 << 
 << 
Expect: did not match any strings!
...

*Mar  1 18:24:06: %SYS-7-NV_BLOCK_INIT: Initialized the geometry of nvram
...

 >> 

