trying to use serial port: /dev/ttyUSB0
 >> 
 >> 

Expect: searching for 4 strs:  :[yes/no] :Press RETURN to get started. :# :Switch>
 << 
c29s1p.classroom.cvm.wise#
c29s1p.classroom.cvm.wise#
c29s1p.classroom.cvm.wise#
c29s1p.classroom.cvm.wise#
Expect: matched string 3: #
 >> term len 0

Expect: searching for 2 strs:  :# :>
 << term len 0
c29s1p.classroom.cvm.wise#
Expect: matched string 1: #
 >> show version

Expect: searching for 2 strs:  :# :>
 << show version
Cisco IOS Software, C2960X Software (C2960X-UNIVERSALK9-M), Version 15.0(2a)EX5, RELEASE SOFTWARE (fc3)
Technical Support: http://www.cisco.com/techsupport
Copyright (c) 1986-2015 by Cisco Systems, Inc.
Compiled Mon 16-Feb-15 08:16 by pro
 << d_rel_team

ROM: Bootstrap program is C2960X boot loader
BOOTLDR: C2960X Boot Loader (C2960X-HBOOT-M) Version 15.2(2r)E1, RELEASE SOFTWARE (fc1)

c29s1p.classroom.cvm.wise uptime is 12 minutes
System returned to ROM by power-on
System restarted at 
 << 09:07:20 CDT Tue Jul 14 2015
System image file is "flash:/c2960x-universalk9-mz.150-2a.EX5/c2960x-universalk9-mz.150-2a.EX5.bin"


This product contains cryptographic features and is subject to United
States and local country laws governing import, e
 << xport, transfer and
use. Delivery of Cisco cryptographic products does not imply
third-party authority to import, export, distribute or use encryption.
Importers, exporters, distributors and users are responsible for
compliance with U.S. and local cou
 << ntry laws. By using this product you
agree to comply with applicable laws and regulations. If you are unable
to comply with U.S. and local laws, return this product immediately.

A summary of U.S. laws governing Cisco cryptographic products may be fou
 << nd at:
http://www.cisco.com/wwl/export/crypto/tool/stqrg.html

If you require further assistance please contact us by sending email to
export@cisco.com.

cisco WS-C2960X-48FPD-L (APM86XXX) processor (revision F0) with 524288K bytes of memory.
Proce
 << ssor board ID FCW1918A1VA
Last reset from power-on
2 Virtual Ethernet interfaces
1 FastEthernet interface
50 Gigabit Ethernet interfaces
2 Ten Gigabit Ethernet interfaces
The password-recovery mechanism is enabled.

512K bytes of flash-simulated n
 << on-volatile configuration memory.
Base ethernet MAC Address       : B0:7D:47:11:93:80
Motherboard assembly number     : 73-15964-02
Power supply part number        : 341-0527-01
Motherboard serial number       : FOC19177HXV
Power supply serial number
 <<       : DCB191066VA
Model revision number           : F0
Motherboard revision number     : C0
Model number                    : WS-C2960X-48FPD-L
Daughterboard assembly number   : 73-14200-03
Daughterboard serial number     : FOC19178BKA
System seri
 << al number            : FCW1918A1VA
Top Assembly Part Number        : 800-41461-01
Top Assembly Revision Number    : C0
Version ID                      : V02
CLEI Code Number                : CMMLJ00ARB
Daughterboard revision number   : A0
Hardware B
 << oard Revision Number  : 0x12


Switch Ports Model              SW Version            SW Image                 
------ ----- -----              ----------            ----------               
*    1 52    WS-C2960X-48FPD-L  15.0(2a)EX5           C2960
 << X-UNIVERSALK9-M     


Configuration register is 0xF

c29s1p.classroom.cvm.wise#
Expect: matched string 1: #
 >> enable

Expect: searching for 2 strs:  :Password: :#
 << enable
c29s1p.classroom.cvm.wise#
Expect: matched string 2: #
 >> sh run

Expect: searching for 2 strs:  :# :>
 << sh run
Building configuration...

Current configuration : 18554 bytes
!
! Last configuration change at 09:16:04 CDT Tue Jul 14 2015
! NVRAM config last updated at 09:16:11 CDT Tue Jul 14 2015
!
version 15.0
no service pad
service timestamps debu
 << g datetime localtime
service timestamps log datetime localtime
service password-encryption
!
hostname c29s1p.classroom.cvm.wise
!
boot-start-marker
boot-end-marker
!
enable secret 5 $1$txcE$oexH6/WFGU53d1J/b39mn1
enable password 7 12381712135600
 << 4E3D
!
no aaa new-model
clock timezone CST -6 0
clock summer-time CDT recurring
switch 1 provision ws-c2960x-48fpd-l
authentication mac-move permit
!
!
ip dhcp snooping vlan 152
ip dhcp snooping
ip domain-name mgmt.msstate.edu
ip name-server 1
 << 30.18.2.210
!
!
crypto pki trustpoint TP-self-signed-1192334208
 enrollment selfsigned
 subject-name cn=IOS-Self-Signed-Certificate-1192334208
 revocation-check none
 rsakeypair TP-self-signed-1192334208
!
!
crypto pki certificate chain TP-self-
 << signed-1192334208
 certificate self-signed 01
  3082022B 30820194 A0030201 02020101 300D0609 2A864886 F70D0101 05050030 
  31312F30 2D060355 04031326 494F532D 53656C66 2D536967 6E65642D 43657274 
  69666963 6174652D 31313932 33333432 3038301E 170D3135
 <<  30373134 31343134 
  31345A17 0D323030 31303130 30303030 305A3031 312F302D 06035504 03132649 
  4F532D53 656C662D 5369676E 65642D43 65727469 66696361 74652D31 31393233 
  33343230 3830819F 300D0609 2A864886 F70D0101 01050003 818D0030 81890281 
  8100
 << 9AE7 D9135CDB 92FD3811 2908CB3B 52AC323C 39A241A8 0EAD0CD8 365D3117 
  4A67032E 80BE495E 780E06F6 E3D9C5AD CF176A00 09CEE77E 4F815D9B ED97DD85 
  58F4B488 B28C1A5C 11D56845 5D443343 B338EFE1 48F73567 5D11596E C6EE082E 
  0D16203B EAEDA6EC A79EE8B7 820E
 << DC33 4A2D09CD 66A5C2AA 8BAB3B00 2B13D1A9 
  62050203 010001A3 53305130 0F060355 1D130101 FF040530 030101FF 301F0603 
  551D2304 18301680 14EB6718 960B5FBD 023997EF E80CE3EA DFB3AE21 37301D06 
  03551D0E 04160414 EB671896 0B5FBD02 3997EFE8 0CE3EADF B3AE
 << 2137 300D0609 
  2A864886 F70D0101 05050003 81810076 D2DAAFE4 A9AAB379 9B396DEA EC12C934 
  2223EA3B 915CB61A ED886F6E FF653370 D1E42193 86E54F52 9A051DE9 B0BFAB09 
  E182AC7F 14FADF6F 8F0157D0 6C0730D3 520A01F6 7E7DEB29 10C57C42 C6FB7AA1 
  A069E538 
 << 6CC5FD03 475C8646 808A7B43 927286E2 D2C3C239 D3ABD09E 937D869B 
  B57AE19B 08A6C669 65602056 56CDE4
  	quit
!
spanning-tree mode mst
spanning-tree portfast bpduguard default
spanning-tree extend system-id
!
spanning-tree mst configuration
 name m
 << sstate
 revision 1
 instance 1 vlan 2, 7, 11, 20, 22, 24, 31, 35, 37, 39-40, 50, 60, 63, 70
 instance 1 vlan 78, 80, 86, 91, 96, 104, 110, 126, 136, 140, 152, 160
 instance 1 vlan 162-163, 168, 189, 194, 202, 220, 222, 230, 232, 242, 246
 instance 1 
 << vlan 256, 611-612, 654, 741, 996, 999
 instance 2 vlan 2002, 2007, 2011, 2020, 2022, 2024, 2031, 2035, 2037, 2039-2040
 instance 2 vlan 2050, 2060, 2063, 2070, 2080, 2086, 2096, 2104, 2110, 2126
 instance 2 vlan 2136, 2140, 2152, 2160, 2162-2163, 2168,
 <<  2189, 2194, 2202
 instance 2 vlan 2220, 2222, 2232, 2242, 2246, 2611-2612, 2654, 2999
 instance 3 vlan 42, 51, 59, 64, 66, 69, 72, 108, 113, 128, 144, 176, 196
 instance 3 vlan 244, 248, 927
 instance 4 vlan 2042, 2051, 2059, 2064, 2066, 2069, 2072, 
 << 2108, 2113, 2128
 instance 4 vlan 2144, 2176, 2196, 2244, 2248, 2927
 instance 5 vlan 16, 48, 58, 88, 121, 131, 133-134, 216, 228
 instance 6 vlan 2016, 2048, 2058, 2088, 2121, 2131, 2133-2134, 2216, 2228
 instance 7 vlan 9, 33-34, 38, 54, 56, 71, 75,
 <<  82, 84, 97, 114, 116, 124
 instance 7 vlan 172, 186, 192, 204-208, 210, 240-241, 251-252, 630, 928
 instance 8 vlan 2009, 2033-2034, 2038, 2054, 2056, 2071, 2075, 2082, 2084
 instance 8 vlan 2097, 2114, 2116, 2124, 2172, 2186, 2192, 2204-2208, 2210
 
 << instance 8 vlan 2240-2241, 2251-2252, 2630, 2928
 instance 9 vlan 4-5, 12, 18-19, 32, 44, 57, 62, 68, 76, 98-99, 102, 112
 instance 9 vlan 130, 132, 147-148, 158, 212, 226, 236, 500, 505, 510-511
 instance 9 vlan 522, 551-570, 603, 629, 633, 742, 802, 
 << 926, 929
 instance 10 vlan 2004-2005, 2012, 2018-2019, 2032, 2044, 2057, 2062, 2068
 instance 10 vlan 2076, 2098-2099, 2102, 2112, 2130, 2132, 2147-2148, 2158
 instance 10 vlan 2212, 2236, 2500, 2505, 2510-2511, 2522, 2603, 2629, 2633
 instance 10 vla
 << n 2802, 2926, 2929
 instance 11 vlan 8, 43, 52, 146, 156-157, 180, 200, 218
 instance 12 vlan 2008, 2043, 2052, 2146, 2156-2157, 2180, 2200, 2218
!
!
!
!
!
!
errdisable recovery cause udld
errdisable recovery cause bpduguard
errdisable recovery
 <<  cause security-violation
errdisable recovery cause channel-misconfig (STP)
errdisable recovery cause pagp-flap
errdisable recovery cause dtp-flap
errdisable recovery cause link-flap
errdisable recovery cause sfp-config-mismatch
errdisable recovery 
 << cause gbic-invalid
errdisable recovery cause psecure-violation
errdisable recovery cause port-mode-failure
errdisable recovery cause dhcp-rate-limit
errdisable recovery cause pppoe-ia-rate-limit
errdisable recovery cause mac-limit
errdisable recover
 << y cause vmps
errdisable recovery cause storm-control
errdisable recovery cause inline-power
errdisable recovery cause arp-inspection
errdisable recovery cause loopback
errdisable recovery cause small-frame
errdisable recovery cause psp
errdisable r
 << ecovery interval 1800
!
vlan internal allocation policy ascending
!
!
!
!
!
!
interface FastEthernet0
 no ip address
 shutdown
!
interface GigabitEthernet1/0/1
 switchport access vlan 566
 switchport mode access
 spanning-tree portfast
!
 << 
interface GigabitEthernet1/0/2
 switchport access vlan 566
 switchport mode access
 spanning-tree portfast
!
interface GigabitEthernet1/0/3
 switchport access vlan 566
 switchport mode access
 spanning-tree portfast
!
interface GigabitEthernet1
 << /0/4
 switchport access vlan 566
 switchport mode access
 spanning-tree portfast
!
interface GigabitEthernet1/0/5
 switchport access vlan 566
 switchport mode access
 spanning-tree portfast
!
interface GigabitEthernet1/0/6
 switchport access vl
 << an 566
 switchport mode access
 spanning-tree portfast
!
interface GigabitEthernet1/0/7
 switchport access vlan 566
 switchport mode access
 spanning-tree portfast
!
interface GigabitEthernet1/0/8
 switchport access vlan 566
 switchport mode ac
 << cess
 spanning-tree portfast
!
interface GigabitEthernet1/0/9
 switchport access vlan 566
 switchport mode access
 spanning-tree portfast
!
interface GigabitEthernet1/0/10
 switchport access vlan 566
 switchport mode access
 spanning-tree portf
 << ast
!
interface GigabitEthernet1/0/11
 switchport access vlan 566
 switchport mode access
 spanning-tree portfast
!
interface GigabitEthernet1/0/12
 switchport access vlan 566
 switchport mode access
 spanning-tree portfast
!
interface Gigabit
 << Ethernet1/0/13
 switchport access vlan 566
 switchport mode access
 spanning-tree portfast
!
interface GigabitEthernet1/0/14
 switchport access vlan 566
 switchport mode access
 spanning-tree portfast
!
interface GigabitEthernet1/0/15
 switchpo
 << rt access vlan 566
 switchport mode access
 spanning-tree portfast
!
interface GigabitEthernet1/0/16
 switchport access vlan 566
 switchport mode access
 spanning-tree portfast
!
interface GigabitEthernet1/0/17
 switchport access vlan 802
 swit
 << chport mode access
 spanning-tree portfast
!
interface GigabitEthernet1/0/18
 switchport access vlan 152
 switchport mode access
 switchport port-security maximum 2
 switchport port-security
 switchport port-security aging time 15
 switchport por
 << t-security violation protect
 switchport port-security aging type inactivity
 spanning-tree portfast
!
interface GigabitEthernet1/0/19
 switchport access vlan 152
 switchport mode access
 switchport port-security maximum 2
 switchport port-securit
 << y
 switchport port-security aging time 15
 switchport port-security violation protect
 switchport port-security aging type inactivity
 spanning-tree portfast
!
interface GigabitEthernet1/0/20
 switchport access vlan 152
 switchport mode access
 s
 << witchport port-security maximum 2
 switchport port-security
 switchport port-security aging time 15
 switchport port-security violation protect
 switchport port-security aging type inactivity
 spanning-tree portfast
!
interface GigabitEthernet1/0/2
 << 1
 switchport access vlan 152
 switchport mode access
 switchport port-security maximum 2
 switchport port-security
 switchport port-security aging time 15
 switchport port-security violation protect
 switchport port-security aging type inactivity
 << 
 spanning-tree portfast
!
interface GigabitEthernet1/0/22
 switchport access vlan 152
 switchport mode access
 switchport port-security maximum 2
 switchport port-security
 switchport port-security aging time 15
 switchport port-security violatio
 << n protect
 switchport port-security aging type inactivity
 spanning-tree portfast
!
interface GigabitEthernet1/0/23
 switchport access vlan 152
 switchport mode access
 switchport port-security maximum 2
 switchport port-security
 switchport port
 << -security aging time 15
 switchport port-security violation protect
 switchport port-security aging type inactivity
 spanning-tree portfast
!
interface GigabitEthernet1/0/24
 switchport access vlan 152
 switchport mode access
 switchport port-secu
 << rity maximum 2
 switchport port-security
 switchport port-security aging time 15
 switchport port-security violation protect
 switchport port-security aging type inactivity
 spanning-tree portfast
!
interface GigabitEthernet1/0/25
 switchport acce
 << ss vlan 152
 switchport mode access
 switchport port-security maximum 2
 switchport port-security
 switchport port-security aging time 15
 switchport port-security violation protect
 switchport port-security aging type inactivity
 spanning-tree por
 << tfast
!
interface GigabitEthernet1/0/26
 switchport access vlan 152
 switchport mode access
 switchport port-security maximum 2
 switchport port-security
 switchport port-security aging time 15
 switchport port-security violation protect
 switchp
 << ort port-security aging type inactivity
 spanning-tree portfast
!
interface GigabitEthernet1/0/27
 switchport access vlan 152
 switchport mode access
 switchport port-security maximum 2
 switchport port-security
 switchport port-security aging tim
 << e 15
 switchport port-security violation protect
 switchport port-security aging type inactivity
 spanning-tree portfast
!
interface GigabitEthernet1/0/28
 switchport access vlan 152
 switchport mode access
 switchport port-security maximum 2
 sw
 << itchport port-security
 switchport port-security aging time 15
 switchport port-security violation protect
 switchport port-security aging type inactivity
 spanning-tree portfast
!
interface GigabitEthernet1/0/29
 switchport access vlan 152
 switc
 << hport mode access
 switchport port-security maximum 2
 switchport port-security
 switchport port-security aging time 15
 switchport port-security violation protect
 switchport port-security aging type inactivity
 spanning-tree portfast
!
interface
 <<  GigabitEthernet1/0/30
 switchport access vlan 152
 switchport mode access
 switchport port-security maximum 2
 switchport port-security
 switchport port-security aging time 15
 switchport port-security violation protect
 switchport port-security a
 << ging type inactivity
 spanning-tree portfast
!
interface GigabitEthernet1/0/31
 switchport access vlan 152
 switchport mode access
 switchport port-security maximum 2
 switchport port-security
 switchport port-security aging time 15
 switchport p
 << ort-security violation protect
 switchport port-security aging type inactivity
 spanning-tree portfast
!
interface GigabitEthernet1/0/32
 switchport access vlan 152
 switchport mode access
 switchport port-security maximum 2
 switchport port-secur
 << ity
 switchport port-security aging time 15
 switchport port-security violation protect
 switchport port-security aging type inactivity
 spanning-tree portfast
!
interface GigabitEthernet1/0/33
 switchport access vlan 152
 switchport mode access

 <<  switchport port-security maximum 2
 switchport port-security
 switchport port-security aging time 15
 switchport port-security violation protect
 switchport port-security aging type inactivity
 spanning-tree portfast
!
interface GigabitEthernet1/0
 << /34
 switchport access vlan 152
 switchport mode access
 switchport port-security maximum 2
 switchport port-security
 switchport port-security aging time 15
 switchport port-security violation protect
 switchport port-security aging type inactivit
 << y
 spanning-tree portfast
!
interface GigabitEthernet1/0/35
 switchport access vlan 152
 switchport mode access
 switchport port-security maximum 2
 switchport port-security
 switchport port-security aging time 15
 switchport port-security violat
 << ion protect
 switchport port-security aging type inactivity
 spanning-tree portfast
!
interface GigabitEthernet1/0/36
 switchport access vlan 152
 switchport mode access
 switchport port-security maximum 2
 switchport port-security
 switchport po
 << rt-security aging time 15
 switchport port-security violation protect
 switchport port-security aging type inactivity
 spanning-tree portfast
!
interface GigabitEthernet1/0/37
 switchport access vlan 152
 switchport mode access
 switchport port-se
 << curity maximum 2
 switchport port-security
 switchport port-security aging time 15
 switchport port-security violation protect
 switchport port-security aging type inactivity
 spanning-tree portfast
!
interface GigabitEthernet1/0/38
 switchport ac
 << cess vlan 152
 switchport mode access
 switchport port-security maximum 2
 switchport port-security
 switchport port-security aging time 15
 switchport port-security violation protect
 switchport port-security aging type inactivity
 spanning-tree p
 << ortfast
!
interface GigabitEthernet1/0/39
 switchport access vlan 152
 switchport mode access
 switchport port-security maximum 2
 switchport port-security
 switchport port-security aging time 15
 switchport port-security violation protect
 switc
 << hport port-security aging type inactivity
 spanning-tree portfast
!
interface GigabitEthernet1/0/40
 switchport access vlan 152
 switchport mode access
 switchport port-security maximum 2
 switchport port-security
 switchport port-security aging t
 << ime 15
 switchport port-security violation protect
 switchport port-security aging type inactivity
 spanning-tree portfast
!
interface GigabitEthernet1/0/41
 switchport access vlan 152
 switchport mode access
 switchport port-security maximum 2
 
 << switchport port-security
 switchport port-security aging time 15
 switchport port-security violation protect
 switchport port-security aging type inactivity
 spanning-tree portfast
!
interface GigabitEthernet1/0/42
 switchport access vlan 152
 swi
 << tchport mode access
 switchport port-security maximum 2
 switchport port-security
 switchport port-security aging time 15
 switchport port-security violation protect
 switchport port-security aging type inactivity
 spanning-tree portfast
!
interfa
 << ce GigabitEthernet1/0/43
 switchport access vlan 152
 switchport mode access
 switchport port-security maximum 2
 switchport port-security
 switchport port-security aging time 15
 switchport port-security violation protect
 switchport port-security
 <<  aging type inactivity
 spanning-tree portfast
!
interface GigabitEthernet1/0/44
 switchport access vlan 152
 switchport mode access
 switchport port-security maximum 2
 switchport port-security
 switchport port-security aging time 15
 switchport
 <<  port-security violation protect
 switchport port-security aging type inactivity
 spanning-tree portfast
!
interface GigabitEthernet1/0/45
 switchport access vlan 152
 switchport mode access
 switchport port-security maximum 2
 switchport port-sec
 << urity
 switchport port-security aging time 15
 switchport port-security violation protect
 switchport port-security aging type inactivity
 spanning-tree portfast
!
interface GigabitEthernet1/0/46
 switchport access vlan 152
 switchport mode access
 << 
 switchport port-security maximum 2
 switchport port-security
 switchport port-security aging time 15
 switchport port-security violation protect
 switchport port-security aging type inactivity
 spanning-tree portfast
!
interface GigabitEthernet1
 << /0/47
 switchport access vlan 152
 switchport mode access
 switchport port-security maximum 2
 switchport port-security
 switchport port-security aging time 15
 switchport port-security violation protect
 switchport port-security aging type inactiv
 << ity
 spanning-tree portfast
!
interface GigabitEthernet1/0/48
 switchport trunk native vlan 92
 switchport mode trunk
 no keepalive
 ip dhcp snooping trust
!
interface GigabitEthernet1/0/49
 switchport trunk native vlan 92
 switchport mode trun
 << k
 ip dhcp snooping trust
!
interface GigabitEthernet1/0/50
 switchport trunk native vlan 92
 switchport mode trunk
 ip dhcp snooping trust
!
interface TenGigabitEthernet1/0/1
 switchport trunk native vlan 92
 switchport mode trunk
 ip dhcp sno
 << oping trust
!
interface TenGigabitEthernet1/0/2
 switchport trunk native vlan 92
 switchport mode trunk
 ip dhcp snooping trust
!
interface Vlan1
 no ip address
 no ip route-cache
 shutdown
!
interface Vlan92
 ip address 10.92.1.193 255.255.0
 << .0
 ip broadcast-address 10.92.255.255
!
ip default-gateway 10.92.0.1
ip http server
ip http secure-server
!
logging facility local1
logging host 130.18.2.208
access-list 1 permit 10.92.0.0 0.0.255.255
!
snmp-server community sysnet RO 1
snmp-
 << server community c2-b2=a2 RW 1
snmp-server contact 6F-2065
snmp-server enable traps snmp authentication linkdown linkup coldstart warmstart
snmp-server enable traps transceiver all
snmp-server enable traps tty
snmp-server enable traps cluster
snmp-s
 << erver enable traps config-copy
snmp-server enable traps config
snmp-server enable traps config-ctid
snmp-server enable traps dot1x auth-fail-vlan guest-vlan no-auth-fail-vlan no-guest-vlan
snmp-server enable traps entity
snmp-server enable traps powe
 << r-ethernet police
snmp-server enable traps cpu threshold
snmp-server enable traps rep
snmp-server enable traps bridge newroot topologychange
snmp-server enable traps stpx inconsistency root-inconsistency loop-inconsistency
snmp-server enable traps sy
 << slog
snmp-server enable traps vtp
snmp-server enable traps vlancreate
snmp-server enable traps vlandelete
snmp-server enable traps flash insertion removal
snmp-server enable traps port-security
snmp-server enable traps envmon fan shutdown supply tem
 << perature status
snmp-server enable traps errdisable
snmp-server enable traps mac-notification change move threshold
snmp-server enable traps vlan-membership
snmp-server host 130.18.2.208 sysnet 
!
!
line con 0
line vty 0 4
 password 7 1436000E0D5
 << 9266133
 login
line vty 5 15
 password 7 013214015A560A4536
 login
!
ntp server 130.18.92.22
end

c29s1p.classroom.cvm.wise#
Expect: matched string 1: #
