trying to use serial port: /dev/ttyUSB0
 >> 
 >> 

Expect: searching for 4 strs:  :[yes/no] :Press RETURN to get started. :# :Switch>
 << 
test#
test#
test#
test#
Expect: matched string 3: #
 >> term len 0

Expect: searching for 2 strs:  :# :>
 << term len 0
test#
Expect: matched string 1: #
 >> show version

Expect: searching for 2 strs:  :# :>
 << show version
Cisco IOS Software, C2960S Software (C2960S-UNIVERSALK9-M), Version 12.2(53)SE2, RELEASE SOFTWARE (fc3)
Technical Support: http://www.cisco.com/techsupport
Copyright (c) 1986-2010 by Cisco Systems, Inc.
Compiled Wed 21-Apr-10 06:08 by pro
 << d_rel_team
Image text-base: 0x00003000, data-base: 0x01B00000

ROM: Bootstrap program is Alpha board boot loader
BOOTLDR: C2960S Boot Loader (C2960S-HBOOT-M) Version 12.2(53r)SE, RELEASE SOFTWARE (fc3)

test uptime is 17 hours, 54 minutes
System re
 << turned to ROM by power-on
System image file is "flash:/c2960s-universalk9-mz.122-53.SE2/c2960s-universalk9-mz.122-53.SE2.bin"


This product contains cryptographic features and is subject to United
States and local country laws governing import, expo
 << rt, transfer and
use. Delivery of Cisco cryptographic products does not imply
third-party authority to import, export, distribute or use encryption.
Importers, exporters, distributors and users are responsible for
compliance with U.S. and local countr
 << y laws. By using this product you
agree to comply with applicable laws and regulations. If you are unable
to comply with U.S. and local laws, return this product immediately.

A summary of U.S. laws governing Cisco cryptographic products may be found 
 << at:
http://www.cisco.com/wwl/export/crypto/tool/stqrg.html

If you require further assistance please contact us by sending email to
export@cisco.com.

cisco WS-C2960S-24TD-L (PowerPC) processor (revision B0) with 131072K bytes of memory.
Processor 
 << board ID FOC1436Z0RQ
Last reset from power-on
2 Virtual Ethernet interfaces
1 FastEthernet interface
26 Gigabit Ethernet interfaces
2 Ten Gigabit Ethernet interfaces
The password-recovery mechanism is enabled.

512K bytes of flash-simulated non-vo
 << latile configuration memory.
Base ethernet MAC Address       : B4:A4:E3:03:FA:80
Motherboard assembly number     : 73-11906-08
Power supply part number        : 341-0328-02
Motherboard serial number       : FOC14345HXP
Power supply serial number     
 <<  : DCA1423M1SQ
Model revision number           : B0
Motherboard revision number     : A0
Model number                    : WS-C2960S-24TD-L
Daughterboard assembly number   : 73-11933-04
Daughterboard serial number     : FOC143546XV
System serial num
 << ber            : FOC1436Z0RQ
Top Assembly Part Number        : 800-30933-02
Top Assembly Revision Number    : A0
Version ID                      : V02
CLEI Code Number                : COMGA00ARB
Daughterboard revision number   : A0
Hardware Board R
 << evision Number  : 0x01


Switch Ports Model              SW Version            SW Image                 
------ ----- -----              ----------            ----------               
*    1 28    WS-C2960S-24TD-L   12.2(53)SE2           C2960S-UNIV
 << ERSALK9-M     


Configuration register is 0xF

test#
Expect: matched string 1: #
 >> enable

Expect: searching for 2 strs:  :Password: :#
 << enable
test#
Expect: matched string 2: #
 >> configure terminal

Expect: searching for 1 strs:  :(config)#
 << configure terminal
Enter configuration commands, one per line.  End with CNTL/Z.
test(config)#
Expect: matched string 1: (config)#
 >> version 12.2

 >> no service pad

 >> service timestamps debug datetime localtime

 >> service timestamps log datetime localtime

 >> service password-encryption

 >> boot-start-marker

 >> boot-end-marker

 >> enable secret Area=l*w

 >> enable password Area=l*w

 >> no aaa new-model

 >> clock timezone CST -6

 >> clock summer-time CDT recurring

 >> switch 1 provision ws-c2960s-48ts-l

 >> authentication mac-move permit

 >> ip subnet-zero

 >> ip domain-name mgmt.msstate.edu

 >> ip name-server 130.18.2.210

 >> vtp domain vtp01.mgmt.msstate.edu

 >> vtp mode client

 >> crypto pki trustpoint TP-self-signed-2494998912

 >>  enrollment selfsigned

 >>  subject-name cn=IOS-Self-Signed-Certificate-2494998912

 >>  revocation-check none

 >>  rsakeypair TP-self-signed-2494998912

 >> crypto pki certificate chain TP-self-signed-2494998912

 >>  certificate self-signed 01 nvram:IOS-Self-Sig#3232.cer

 >> spanning-tree portfast bpduguard default

 >> spanning-tree extend system-id

 >> vlan internal allocation policy ascending

 >> errdisable recovery cause all

 >> errdisable recovery interval 1800

 >> interface FastEthernet0

 >>  no ip address

 >>  shutdown

 >> interface Vlan1

 >>  no ip address

 >>  no ip route-cache

 >>  shutdown

 >> interface Vlan92

 >> ip http server

 >> ip http secure-server

 >> ip sla enable reaction-alerts

 >> logging facility local1

 >> logging 130.18.2.208

 >> access-list 1 permit 10.92.0.0 0.0.255.255

 >> snmp-server community sysnet RO 1

 >> snmp-server community c2-b2=a2 RW 1

 >> snmp-server enable traps snmp authentication linkdown linkup coldstart warmstart

 >> snmp-server enable traps transceiver all

 >> snmp-server enable traps tty

 >> snmp-server enable traps cluster

 >> snmp-server enable traps config-copy

 >> snmp-server enable traps config

 >> snmp-server enable traps config-ctid

 >> snmp-server enable traps dot1x auth-fail-vlan guest-vlan no-auth-fail-vlan no-guest-vlan

 >> snmp-server enable traps entity

 >> snmp-server enable traps power-ethernet group 1

 >> snmp-server enable traps power-ethernet police

 >> snmp-server enable traps cpu threshold

 >> snmp-server enable traps rep

 >> snmp-server enable traps rtr

 >> snmp-server enable traps bridge newroot topologychange

 >> snmp-server enable traps stpx inconsistency root-inconsistency loop-inconsistency

 >> snmp-server enable traps syslog

 >> snmp-server enable traps vtp

 >> snmp-server enable traps vlancreate

 >> snmp-server enable traps vlandelete

 >> snmp-server enable traps flash insertion removal

 >> snmp-server enable traps port-security

 >> snmp-server enable traps envmon fan shutdown supply temperature status

 >> snmp-server enable traps errdisable

 >> snmp-server enable traps mac-notification change move threshold

 >> snmp-server enable traps vlan-membership

 >> snmp-server host 130.18.2.208 sysnet 

 >> line con 0

 >> line vty 0 4

 >>  password Area=l*w

 >>  login

 >> line vty 5 15

 >>  password Area=l*w

 >>  login

 >> ntp clock-period 22519226

 >> ntp server 130.18.92.22

 >> end

Expect: searching for 1 strs:  :Configured
 << version 12.2
test(config)#no service pad
test(config)#service timestamps debug datetime localtime
test(config)#service timestamps log datetime localtime
test(config)#service password-encryption
test(config)#boot-start-marker
test(config)#boot-end-ma
 << rker
test(config)#enable secret Area=l*w
The enable secret you have chosen is the same as your enable password.
This is not recommended.  Re-enter the enable secret.

test(config)#enable password Area=l*w
The enable password you have chosen is the s
 << ame as your enable secret.
This is not recommended.  Re-enter the enable password.

test(config)#no aaa new-model
test(config)#clock timezone CST -6
test(config)#clock summer-time CDT recurring
test(config)#switch 1 provision ws-c2960s-48ts-l
%Comm
 << and rejected: switch 1 (ws-c2960s-24td-l) already present in the stack

test(config)#authentication mac-move permit
test(config)#ip subnet-zero
test(config)#ip domain-name mgmt.msstate.edu
test(config)#ip name-server 130.18.2.210
test(config)#vtp do
 << main v
*Mar  1 11:55:17: %SYS-6-CLOCKUPDATE: System clock has been updated from 11:55:17 CST Mon Mar 1 1993 to 11:55:17 CST Mon Mar 1 1993, configured from console by console.
*Mar  1 11:55:18: %SYS-6-CLOCKUPDATE: System clock has been updated from 11:5
 << 5:18 CST Mon Mar 1 1993 to 11:55:18 CST Mon Mar 1 1993, configured from console by console.tp01.mgmt.msstate.edu
Domain name already set to v