trying to use serial port: /dev/ttyUSB0
 >> 
 >> 

Expect: searching for 4 strs:  :[yes/no] :Press RETURN to get started. :# :Switch>
 << 
c29s2.classroom.cvm.wise>
c29s2.classroom.cvm.wise>
c29s2.classroom.cvm.wise>
c29s2.classroom.cvm.wise>
 << 
 << 
 << 
 << 
 << 
 << 
 << 
 << 
 << 
 << 
Expect: did not match any strings!
...

c29s2.classroom.cvm.wise>
c29s2.classroom.cvm.wise>
c29s2.classroom.cvm.wise>
c29s2.classroom.cvm.wise>
...

 >> 

Expect: searching for 2 strs:  :# :>
 << 
c29s2.classroom.cvm.wise>
c29s2.classroom.cvm.wise>
Expect: matched string 2: >
 >> term len 0

Expect: searching for 2 strs:  :# :>
 << term len 0
c29s2.classroom.cvm.wise>
Expect: matched string 2: >
 >> show version

Expect: searching for 2 strs:  :# :>
 << show version
Cisco IOS Software, C2960X Software (C2960X-UNIVERSALK9-M), Version 15.0(2)EX5, RELEASE SOFTWARE (fc1)
Technical Support: http://www.cisco.com/techsupport
Copyright (c) 1986-2014 by Cisco Systems, Inc.
Compiled Fri 21-Feb-14 05:54 by prod
 << _rel_team

ROM: Bootstrap program is C2960X boot loader
BOOTLDR: C2960X Boot Loader (C2960X-HBOOT-M) Version 15.2(2r)E1, RELEASE SOFTWARE (fc1)

c29s2.classroom.cvm.wise uptime is 3 hours, 53 minutes
System returned to ROM by power-on
System restar
 << ted at 09:26:07 CDT Tue Jul 14 2015
System image file is "flash:/c2960x-universalk9-mz.150-2.EX5/c2960x-universalk9-mz.150-2.EX5.bin"


This product contains cryptographic features and is subject to United
States and local country laws governing impo
 << rt, export, transfer and
use. Delivery of Cisco cryptographic products does not imply
third-party authority to import, export, distribute or use encryption.
Importers, exporters, distributors and users are responsible for
compliance with U.S. and loca
 << l country laws. By using this product you
agree to comply with applicable laws and regulations. If you are unable
to comply with U.S. and local laws, return this product immediately.

A summary of U.S. laws governing Cisco cryptographic products may b
 << e found at:
http://www.cisco.com/wwl/export/crypto/tool/stqrg.html

If you require further assistance please contact us by sending email to
export@cisco.com.

cisco WS-C2960X-48TS-L (APM86XXX) processor (revision H0) with 524288K bytes of memory.
P
 << rocessor board ID FCW1906A4AW
Last reset from power-on
2 Virtual Ethernet interfaces
1 FastEthernet interface
52 Gigabit Ethernet interfaces
The password-recovery mechanism is enabled.

512K bytes of flash-simulated non-volatile configuration memor
 << y.
Base ethernet MAC Address       : C8:00:84:1F:D6:00
Motherboard assembly number     : 73-15971-02
Power supply part number        : 341-0537-02
Motherboard serial number       : FOC19059PFL
Power supply serial number      : LIT185007NV
Model revi
 << sion number           : H0
Motherboard revision number     : B0
Model number                    : WS-C2960X-48TS-L
Daughterboard assembly number   : 73-14200-03
Daughterboard serial number     : FOC1905AA89
System serial number            : FCW1906A4
 << AW
Top Assembly Part Number        : 800-41468-01
Top Assembly Revision Number    : C0
Version ID                      : V03
CLEI Code Number                : CMMNF00ARB
Daughterboard revision number   : A0
Hardware Board Revision Number  : 0x12


 << 
Switch Ports Model              SW Version            SW Image                 
------ ----- -----              ----------            ----------               
*    1 52    WS-C2960X-48TS-L   15.0(2)EX5            C2960X-UNIVERSALK9-M     


Config
 << uration register is 0xF

c29s2.classroom.cvm.wise>
Expect: matched string 2: >
 >> write mem

Expect: searching for 2 strs:  :# :>
 << write mem
                          ^
% Invalid input detected at '^' marker.

c29s2.classroom.cvm.wise>
Expect: matched string 2: >
 >> enable

Expect: searching for 2 strs:  :Password: :#
 << enable
Password: 
Expect: matched string 1: Password:
 >> Area=l*w

Expect: searching for 1 strs:  :#
 << 
c29s2.classroom.cvm.wise#
Expect: matched string 1: #
 >> wr erase
 >> 

 >> reload

Expect: searching for 2 strs:  :# :>
 << wr erase
Erasing the nvram filesystem will remove all configuration files! Continue? [confirm]
[OK]
Erase of nvram: complete
c29s2.classroom.cvm.wise#reload

System configuration has been modified. Save? [yes/no]: 
Jul 14 13:20:00: %SYS-7-NV_BLOCK_
Expect: matched string 1: #
Expect: searching for 1 strs:  :Save?
 << INIT: Initialized the geometry of nvram
 << 
 << 
 << 
 << 
 << 
Expect: did not match any strings!
...
INIT: Initialized the geometry of nvram
...

 >> 

