trying to use serial port: /dev/ttyUSB0
 >> 
 >> 

Expect: searching for 4 strs:  :[yes/no] :Press RETURN to get started. :# :Switch>
 << 
c4500s1.m0.chiomega#
c4500s1.m0.chiomega#
c4500s1.m0.chiomega#
c4500s1.m0.chiomega#
Expect: matched string 3: #
 >> term len 0

Expect: searching for 2 strs:  :# :>
 << term len 0
c4500s1.m0.chiomega#
Expect: matched string 1: #
 >> show version

Expect: searching for 2 strs:  :# :>
 << show version
Cisco IOS Software, IOS-XE Software, Catalyst 4500 L3 Switch  Software (cat4500e-UNIVERSALK9-M), Version 03.06.00.E RELEASE SOFTWARE (fc3)
Technical Support: http://www.cisco.com/techsupport
Copyright (c) 1986-2014 by Cisco Systems, Inc.

 << Compiled Thu 26-Jun-14 12:52 by prod_rel_team



Cisco IOS-XE software, Copyright (c) 2005-2014 by cisco Systems, Inc.
All rights reserved.  Certain components of Cisco IOS-XE software are
licensed under the GNU General Public License ("GPL") Versio
 << n 2.0.  The
software code licensed under GPL Version 2.0 is free software that comes
with ABSOLUTELY NO WARRANTY.  You can redistribute and/or modify such
GPL code under the terms of GPL Version 2.0.
(http://www.gnu.org/licenses/gpl-2.0.html) For more
 <<  details, see the
documentation or "License Notice" file accompanying the IOS-XE software,
or the applicable URL provided on the flyer accompanying the IOS-XE
software.



ROM: 15.0(1r)SG10
c4500s1.m0.chiomega uptime is 31 minutes
System returned
 <<  to ROM by power-on
Running default software
Jawa Revision 2, Winter Revision 0x0.0x41

Last reload reason: power-on



This product contains cryptographic features and is subject to United
States and local country laws governing import, export, 
 << transfer and
use. Delivery of Cisco cryptographic products does not imply
third-party authority to import, export, distribute or use encryption.
Importers, exporters, distributors and users are responsible for
compliance with U.S. and local country la
 << ws. By using this product you
agree to comply with applicable laws and regulations. If you are unable
to comply with U.S. and local laws, return this product immediately.

A summary of U.S. laws governing Cisco cryptographic products may be found at:
 << 
http://www.cisco.com/wwl/export/crypto/tool/stqrg.html

If you require further assistance please contact us by sending email to
export@cisco.com.


License Information for 'WS-C4500X-16'
    License Level: ipbase   Type: Permanent
    Next reboot
 <<  license Level: ipbase

cisco WS-C4500X-16 (MPC8572) processor (revision 9) with 4194304K bytes of physical memory.
Processor board ID JAE182907D9
MPC8572 CPU at 1.5GHz, Cisco Catalyst 4500X
Last reset from PowerUp
2 Virtual Ethernet interfaces
16 
 << Ten Gigabit Ethernet interfaces
511K bytes of non-volatile configuration memory.

Configuration register is 0x2101

c4500s1.m0.chiomega#
Expect: matched string 1: #
 >> enable

Expect: searching for 2 strs:  :Password: :#
 << enable
c4500s1.m0.chiomega#
Expect: matched string 2: #
 >> sh license udi

Expect: searching for 2 strs:  :# :>
 << sh license udi
Device#   PID                 SN              UDI
-----------------------------------------------------------------------------
*0        WS-C4500X-16        JAE182907D9     WS-C4500X-16:JAE182907D9

c4500s1.m0.chiomega#
Expect: matched string 1: #
 >> write mem

Expect: searching for 2 strs:  :# :>
 << write mem
Building configuration...
Compressed configuration from 9406 bytes to 4316 bytes[OK]
c4500s1.m0.chiomega#
Expect: matched string 1: #
 >> wr erase
 >> 

 >> reload

Expect: searching for 2 strs:  :# :>
 << wr erase
Erasing the nvram filesystem will remove all configuration files! Continue? [confirm]
[OK]
Erase of nvram: complete
c4500s1.m0.chiomega#reload
Proceed with reload? [confirm]
Expect: matched string 1: #
Expect: searching for 1 strs:  :Save?
 << 
*Jul 20 08:34:38: %SYS-7-NV_BLOCK_INIT: Initialized the geometry of nvram
 << 
 << 
 << 
 << 
 << 
Expect: did not match any strings!
...

*Jul 20 08:34:38: %SYS-7-NV_BLOCK_INIT: Initialized the geometry of nvram
...

 >> 

