trying to use serial port: /dev/ttyUSB0
 >> 
 >> 

Expect: searching for 4 strs:  :[yes/no] :Press RETURN to get started. :# :Switch>
 << 
c29s1.r112.wise>
c29s1.r112.wise>
c29s1.r112.wise>
c29s1.r112.wise>
 << 
 << 
 << 
 << 
 << 
 << 
 << 
 << 
 << 
 << 
Expect: did not match any strings!
...

c29s1.r112.wise>
c29s1.r112.wise>
c29s1.r112.wise>
c29s1.r112.wise>
...

 >> 

Expect: searching for 2 strs:  :# :>
 << 
c29s1.r112.wise>
c29s1.r112.wise>
Expect: matched string 2: >
 >> term len 0

Expect: searching for 2 strs:  :# :>
 << term len 0
c29s1.r112.wise>
Expect: matched string 2: >
 >> show version

Expect: searching for 2 strs:  :# :>
 << show version
Cisco IOS Software, C2960C Software (C2960c405-UNIVERSALK9-M), Version 15.0(2)SE5, RELEASE SOFTWARE (fc1)
Technical Support: http://www.cisco.com/techsupport
Copyright (c) 1986-2013 by Cisco Systems, Inc.
Compiled Fri 25-Oct-13 14:35 by p
 << rod_rel_team

ROM: Bootstrap program is C2960C boot loader
BOOTLDR: C2960C Boot Loader (C2960c405-HBOOT-M) Version 12.2(55r)EX9, RELEASE SOFTWARE (fc1)

c29s1.r112.wise uptime is 11 minutes
System returned to ROM by power-on
System restarted at 20:
 << 27:22 CDT Tue Mar 29 2011
System image file is "flash:/c2960c405-universalk9-mz.150-2.SE5/c2960c405-universalk9-mz.150-2.SE5.bin"


This product contains cryptographic features and is subject to United
States and local country laws governing import, 
 << export, transfer and
use. Delivery of Cisco cryptographic products does not imply
third-party authority to import, export, distribute or use encryption.
Importers, exporters, distributors and users are responsible for
compliance with U.S. and local co
 << untry laws. By using this product you
agree to comply with applicable laws and regulations. If you are unable
to comply with U.S. and local laws, return this product immediately.

A summary of U.S. laws governing Cisco cryptographic products may be fo
 << und at:
http://www.cisco.com/wwl/export/crypto/tool/stqrg.html

If you require further assistance please contact us by sending email to
export@cisco.com.

License Level: lanlite
License Type: Permanent
Next reload license Level: lanlite

cisco W
 << S-C2960C-8TC-S (PowerPC405) processor (revision F0) with 131072K bytes of memory.
Processor board ID FOC1904Y2LH
Last reset from power-on
2 Virtual Ethernet interfaces
8 FastEthernet interfaces
2 Gigabit Ethernet interfaces
The password-recovery mec
 << hanism is enabled.

64K bytes of flash-simulated non-volatile configuration memory.
Base ethernet MAC Address       : BC:F1:F2:06:7A:00
Motherboard assembly number     : 73-13528-04
Power supply part number        : 341-0208-02
Motherboard serial nu
 << mber       : FOC19044W62
Power supply serial number      : LIT185216TA
Model revision number           : F0
Motherboard revision number     : A0
Model number                    : WS-C2960C-8TC-S
System serial number            : FOC1904Y2LH
Top Asse
 << mbly Part Number        : 800-35232-01
Top Assembly Revision Number    : L0
Version ID                      : V01
CLEI Code Number                : CMMGA00ARA
Hardware Board Revision Number  : 0x01


Switch Ports Model              SW Version      
 <<       SW Image                 
------ ----- -----              ----------            ----------               
*    1 10    WS-C2960C-8TC-S    15.0(2)SE5            C2960c405-UNIVERSALK9-M  


Configuration register is 0xF

c29s1.r112.wise>
Expect: matched string 2: >
 >> write mem

Expect: searching for 2 strs:  :# :>
 << write mem
                 ^
% Invalid input detected at '^' marker.

c29s1.r112.wise>
Expect: matched string 2: >
 >> enable

Expect: searching for 2 strs:  :Password: :#
 << enable
Password: 
Expect: matched string 1: Password:
 >> Area=l*w

Expect: searching for 1 strs:  :#
 << 
c29s1.r112.wise#
Expect: matched string 1: #
 >> wr erase
 >> 

 >> reload

Expect: searching for 2 strs:  :# :>
 << wr erase
Erasing the nvram filesystem will remove all configuration files! Continue? [confirm]
[OK]
Erase of nvram: complete
c29s1.r112.wise#reload
Proceed with reload? [confirm]
Expect: matched string 1: #
Expect: searching for 1 strs:  :Save?
 << 
Mar 29 20:38:36: %SYS-7-NV_BLOCK_INIT: Initialized the geometry of nvram
 << 
 << 
 << 
 << 
 << 
Expect: did not match any strings!
...

Mar 29 20:38:36: %SYS-7-NV_BLOCK_INIT: Initialized the geometry of nvram
...

 >> 

