trying to use serial port: /dev/ttyUSB0
 >> 
 >> 

Expect: searching for 4 strs:  :[yes/no] :Press RETURN to get started. :# :Switch>
 << 
c29s1c.r106.meridian#
c29s1c.r106.meridian#
c29s1c.r106.meridian#
c29s1c.r106.meridian#
Expect: matched string 3: #
 >> term len 0

Expect: searching for 2 strs:  :# :>
 << term len 0
c29s1c.r106.meridian#
Expect: matched string 1: #
 >> show version

Expect: searching for 2 strs:  :# :>
 << show version
Cisco IOS Software, C2960C Software (C2960c405-UNIVERSALK9-M), Version 15.0(2)SE5, RELEASE SOFTWARE (fc1)
Technical Support: http://www.cisco.com/techsupport
Copyright (c) 1986-2013 by Cisco Systems, Inc.
Compiled Fri 25-Oct-13 14:35 by p
 << rod_rel_team

ROM: Bootstrap program is C2960C boot loader
BOOTLDR: C2960C Boot Loader (C2960c405-HBOOT-M) Version 12.2(55r)EX9, RELEASE SOFTWARE (fc1)

c29s1c.r106.meridian uptime is 7 minutes
System returned to ROM by power-on
System restarted at
 <<  02:27:24 CDT Wed Mar 30 2011
System image file is "flash:/c2960c405-universalk9-mz.150-2.SE5/c2960c405-universalk9-mz.150-2.SE5.bin"


This product contains cryptographic features and is subject to United
States and local country laws governing impo
 << rt, export, transfer and
use. Delivery of Cisco cryptographic products does not imply
third-party authority to import, export, distribute or use encryption.
Importers, exporters, distributors and users are responsible for
compliance with U.S. and loca
 << l country laws. By using this product you
agree to comply with applicable laws and regulations. If you are unable
to comply with U.S. and local laws, return this product immediately.

A summary of U.S. laws governing Cisco cryptographic products may b
 << e found at:
http://www.cisco.com/wwl/export/crypto/tool/stqrg.html

If you require further assistance please contact us by sending email to
export@cisco.com.

License Level: lanbase
License Type: Permanent
Next reload license Level: lanbase

cis
 << co WS-C2960C-8TC-L (PowerPC405) processor (revision F0) with 131072K bytes of memory.
Processor board ID FOC1845Y66C
Last reset from power-on
2 Virtual Ethernet interfaces
8 FastEthernet interfaces
2 Gigabit Ethernet interfaces
The password-recovery
 <<  mechanism is enabled.

64K bytes of flash-simulated non-volatile configuration memory.
Base ethernet MAC Address       : E0:89:9D:D1:0F:00
Motherboard assembly number     : 73-13530-04
Power supply part number        : 341-0208-02
Motherboard seria
 << l number       : FOC18453LP7
Power supply serial number      : LIT18420KPK
Model revision number           : F0
Motherboard revision number     : A0
Model number                    : WS-C2960C-8TC-L
System serial number            : FOC1845Y66C
Top 
 << Assembly Part Number        : 800-35230-01
Top Assembly Revision Number    : L0
Version ID                      : V01
CLEI Code Number                : CMMGB00ARA
Hardware Board Revision Number  : 0x01


Switch Ports Model              SW Version  
 <<           SW Image                 
------ ----- -----              ----------            ----------               
*    1 10    WS-C2960C-8TC-L    15.0(2)SE5            C2960c405-UNIVERSALK9-M  


Configuration register is 0xF

c29s1c.r106.meridia
 << n#
Expect: matched string 1: #
 >> enable

Expect: searching for 2 strs:  :Password: :#
 << enable
c29s1c.r106.meridian#
Expect: matched string 2: #
 >> sh run

Expect: searching for 2 strs:  :# :>
 << sh run
Building configuration...

Current configuration : 7762 bytes
!
! Last configuration change at 02:32:22 CDT Wed Mar 30 2011
! NVRAM config last updated at 02:32:25 CDT Wed Mar 30 2011
!
version 15.0
no service pad
service timestamps debug
 <<  datetime localtime
service timestamps log datetime localtime
service password-encryption
!
hostname c29s1c.r106.meridian
!
boot-start-marker
boot-end-marker
!
enable secret 5 $1$L/v1$tKEFOld6mlFu.zSBwhCD0/
enable password 7 0227165E0A5B036B5B

 << !
no aaa new-model
clock summer-time CDT recurring
system mtu routing 1500
authentication mac-move permit
!
!
ip domain-name mgmt.msstate.edu
ip name-server 130.18.2.210
!
!
crypto pki trustpoint TP-self-signed-2647723776
 enrollment selfsigne
 << d
 subject-name cn=IOS-Self-Signed-Certificate-2647723776
 revocation-check none
 rsakeypair TP-self-signed-2647723776
!
!
crypto pki certificate chain TP-self-signed-2647723776
 certificate self-signed 01
  3082022B 30820194 A0030201 02020101 300
 << D0609 2A864886 F70D0101 05050030 
  31312F30 2D060355 04031326 494F532D 53656C66 2D536967 6E65642D 43657274 
  69666963 6174652D 32363437 37323337 3736301E 170D3131 30333330 30313331 
  32335A17 0D323030 31303130 30303030 305A3031 312F302D 06035504 031
 << 32649 
  4F532D53 656C662D 5369676E 65642D43 65727469 66696361 74652D32 36343737 
  32333737 3630819F 300D0609 2A864886 F70D0101 01050003 818D0030 81890281 
  8100DD3C D2D7A83F 9C3797C6 09E2C479 715F745A 5614ED17 C18AC2D0 8F184550 
  9A4BF44C 7BE49E48
 <<  CD92C513 1A240CA1 14639ED5 12CA1D29 36516363 30DB352D 
  336C5103 7E10D3AF 6DB59EF2 B346CD70 6986FE59 2DB930CE 81D110D0 B3A6748C 
  AC78EC6B 4FC8F1DF CB4CB7AA 40404559 0BA322E2 FA8CE686 5B9FB610 A4AD501F 
  09790203 010001A3 53305130 0F060355 1D130101
 <<  FF040530 030101FF 301F0603 
  551D2304 18301680 14B5E8EC 08B816E2 6F251775 0CF6349B 2657E6ED BD301D06 
  03551D0E 04160414 B5E8EC08 B816E26F 2517750C F6349B26 57E6EDBD 300D0609 
  2A864886 F70D0101 05050003 818100D7 F11DE097 BB5FF16B 6AEC16FD 6D1798B0
 <<  
  51605AC7 8EF81745 5B36FDE7 ACF6EB44 425283DC 5D5B1A64 D4E6EA39 93C40369 
  934F1009 8DBE9E48 25F1E165 C21E3C50 94DAB938 D5F94E48 C84C36BB 82002597 
  F52BC1AA C53B4F38 EE847EAE 9F10CA07 F84CDB08 DA56E635 D979F9AC 48063CD4 
  EA9C07A0 8C6FFC60 2002
 << 690D 14EFE7
  	quit
!
spanning-tree mode pvst
spanning-tree portfast bpduguard default
spanning-tree extend system-id
no spanning-tree vlan 2-91,93-237,240-242,244,246,248,251-252,256,359,500,502
no spanning-tree vlan 505,509,511-515,520,522,551-56
 << 0,562-570,601-603,605-606
no spanning-tree vlan 610,629-630,632-633,635-637,654,674-676,701,741-742,800
no spanning-tree vlan 801-805,807,880,901-904,908,910-913,915-916,926-930,970
no spanning-tree vlan 995-1000
!
!
!
!
!
errdisable recovery cau
 << se udld
errdisable recovery cause bpduguard
errdisable recovery cause security-violation
errdisable recovery cause channel-misconfig (STP)
errdisable recovery cause pagp-flap
errdisable recovery cause dtp-flap
errdisable recovery cause link-flap
er
 << rdisable recovery cause sfp-config-mismatch
errdisable recovery cause gbic-invalid
errdisable recovery cause psecure-violation
errdisable recovery cause port-mode-failure
errdisable recovery cause dhcp-rate-limit
errdisable recovery cause pppoe-ia-ra
 << te-limit
errdisable recovery cause mac-limit
errdisable recovery cause vmps
errdisable recovery cause storm-control
errdisable recovery cause inline-power
errdisable recovery cause arp-inspection
errdisable recovery cause loopback
errdisable recove
 << ry cause small-frame
errdisable recovery cause psp
errdisable recovery interval 1800
!
!
!
!
vlan internal allocation policy ascending
!
!
! 
!
!
!
!
!
!
!
!
interface FastEthernet0/1
 switchport access vlan 649
 switchport mode acces
 << s
 switchport port-security maximum 2
 switchport port-security
 switchport port-security aging time 15
 switchport port-security violation protect
 switchport port-security aging type inactivity
 spanning-tree portfast
!
interface FastEthernet0/2
 << 
 switchport access vlan 649
 switchport mode access
 switchport port-security maximum 2
 switchport port-security
 switchport port-security aging time 15
 switchport port-security violation protect
 switchport port-security aging type inactivity

 <<  spanning-tree portfast
!
interface FastEthernet0/3
 switchport access vlan 649
 switchport mode access
 switchport port-security maximum 2
 switchport port-security
 switchport port-security aging time 15
 switchport port-security violation prote
 << ct
 switchport port-security aging type inactivity
 spanning-tree portfast
!
interface FastEthernet0/4
 switchport access vlan 649
 switchport mode access
 switchport port-security maximum 2
 switchport port-security
 switchport port-security agi
 << ng time 15
 switchport port-security violation protect
 switchport port-security aging type inactivity
 spanning-tree portfast
!
interface FastEthernet0/5
 switchport access vlan 649
 switchport mode access
 switchport port-security maximum 2
 sw
 << itchport port-security
 switchport port-security aging time 15
 switchport port-security violation protect
 switchport port-security aging type inactivity
 spanning-tree portfast
!
interface FastEthernet0/6
 switchport access vlan 649
 switchport 
 << mode access
 switchport port-security maximum 2
 switchport port-security
 switchport port-security aging time 15
 switchport port-security violation protect
 switchport port-security aging type inactivity
 spanning-tree portfast
!
interface FastE
 << thernet0/7
 switchport access vlan 649
 switchport mode access
 switchport port-security maximum 2
 switchport port-security
 switchport port-security aging time 15
 switchport port-security violation protect
 switchport port-security aging type in
 << activity
 spanning-tree portfast
!
interface FastEthernet0/8
 switchport access vlan 649
 switchport mode access
 switchport port-security maximum 2
 switchport port-security
 switchport port-security aging time 15
 switchport port-security viola
 << tion protect
 switchport port-security aging type inactivity
 spanning-tree portfast
!
interface GigabitEthernet0/1
 switchport trunk native vlan 92
 switchport mode trunk
!
interface GigabitEthernet0/2
 switchport trunk native vlan 92
 switchpo
 << rt mode trunk
!
interface Vlan1
 no ip address
 no ip route-cache
 shutdown
!
interface Vlan92
 ip address 10.92.1.214 255.255.0.0
 ip broadcast-address 10.92.255.255
!
ip default-gateway 10.92.0.1
ip http server
ip http secure-server
!
log
 << ging facility local1
access-list 1 permit 10.92.0.0 0.0.255.255
snmp-server community sysnet RO 1
snmp-server community c2-b2=a2 RW 1
snmp-server enable traps snmp authentication linkdown linkup coldstart warmstart
snmp-server enable traps transceive
 << r all
snmp-server enable traps tty
snmp-server enable traps cluster
snmp-server enable traps config-copy
snmp-server enable traps config
snmp-server enable traps config-ctid
snmp-server enable traps dot1x auth-fail-vlan guest-vlan no-auth-fail-vlan 
 << no-guest-vlan
snmp-server enable traps entity
snmp-server enable traps power-ethernet police
snmp-server enable traps cpu threshold
snmp-server enable traps rep
snmp-server enable traps bridge newroot topologychange
snmp-server enable traps stpx inc
 << onsistency root-inconsistency loop-inconsistency
snmp-server enable traps syslog
snmp-server enable traps vtp
snmp-server enable traps vlancreate
snmp-server enable traps vlandelete
snmp-server enable traps flash insertion removal
snmp-server enable
 <<  traps port-security
snmp-server enable traps envmon fan shutdown supply temperature status
snmp-server enable traps errdisable
snmp-server enable traps mac-notification change move threshold
snmp-server enable traps vlan-membership
snmp-server host 
 << 130.18.2.208 sysnet 
!
!
line con 0
line vty 0 4
 password 7 002501030506074C18
 login
line vty 5 15
 password 7 153319090577276E3F
 login
!
ntp server 10.92.0.3
end

c29s1c.r106.meridian#
Expect: matched string 1: #
