trying to use serial port: /dev/ttyUSB0
 >> 
 >> 

Expect: searching for 4 strs:  :[yes/no] :Press RETURN to get started. :# :Switch>
 << 
Switch#
Switch#
Switch#
Switch#
Expect: matched string 3: #
 >> term len 0

Expect: searching for 2 strs:  :# :>
 << term len 0
Switch#
Expect: matched string 1: #
 >> show version

Expect: searching for 2 strs:  :# :>
 << show version
Cisco IOS Software, C3560CX Software (C3560CX-UNIVERSALK9-M), Version 15.2(3)E1, RELEASE SOFTWARE (fc3)
Technical Support: http://www.cisco.com/techsupport
Copyright (c) 1986-2015 by Cisco Systems, Inc.
Compiled Tue 28-Apr-15 01:46 by pro
 << d_rel_team

ROM: Bootstrap program is C3560CX boot loader
BOOTLDR: C3560CX Boot Loader (C3560CX-HBOOT-M) Version 15.2(3r)E, RELEASE SOFTWARE (fc1)

Switch uptime is 39 minutes
System returned to ROM by power-on
System restarted at 10:28:55 CDT Sat 
 << Apr 8 2000
System image file is "flash:/c3560cx-universalk9-mz.152-3.E1/c3560cx-universalk9-mz.152-3.E1.bin"
Last reload reason: Unknown reason



This product contains cryptographic features and is subject to United
States and local country laws g
 << overning import, export, transfer and
use. Delivery of Cisco cryptographic products does not imply
third-party authority to import, export, distribute or use encryption.
Importers, exporters, distributors and users are responsible for
compliance with 
 << U.S. and local country laws. By using this product you
agree to comply with applicable laws and regulations. If you are unable
to comply with U.S. and local laws, return this product immediately.

A summary of U.S. laws governing Cisco cryptographic p
 << roducts may be found at:
http://www.cisco.com/wwl/export/crypto/tool/stqrg.html

If you require further assistance please contact us by sending email to
export@cisco.com.

License Level: ipbase
License Type: Default. No valid license found.
Next r
 << eload license Level: ipbase

cisco WS-C3560CX-8PC-S (APM86XXX) processor (revision C0) with 524288K bytes of memory.
Processor board ID FOC1933Z0WT
Last reset from power-on
2 Virtual Ethernet interfaces
12 Gigabit Ethernet interfaces
The password-r
 << ecovery mechanism is enabled.

512K bytes of flash-simulated non-volatile configuration memory.
Base ethernet MAC Address       : 38:20:56:F8:87:80
Motherboard assembly number     : 73-16471-04
Power supply part number        : 341-0675-02
Motherboa
 << rd serial number       : FOC1933007G
Power supply serial number      : DCC192001L0
Model revision number           : C0
Motherboard revision number     : A0
Model number                    : WS-C3560CX-8PC-S
System serial number            : FOC1933Z
 << 0WT
Top Assembly Part Number        : 68-5359-01
Top Assembly Revision Number    : C0
Version ID                      : V01
CLEI Code Number                : CMM1400DRA
Hardware Board Revision Number  : 0x02


Switch Ports Model                   
 <<   SW Version            SW Image                 
------ ----- -----                     ----------            ----------               
*    1 12    WS-C3560CX-8PC-S          15.2(3)E1             C3560CX-UNIVERSALK9-M    


Configuration register i
 << s 0xF

Switch#
Expect: matched string 1: #
 >> write mem

Expect: searching for 2 strs:  :# :>
 << write mem
Building configuration...
[OK]
Switch#
Expect: matched string 1: #
 >> enable

Expect: searching for 2 strs:  :Password: :#
 << enable
Switch#
Expect: matched string 2: #
 >> wr erase
 >> 

 >> reload

Expect: searching for 2 strs:  :# :>
 << wr erase
Erasing the nvram filesystem will remove all configuration files! Continue? [confirm]
[OK]
Erase of nvram: complete
Switch#reload
Proceed with reload? [confirm]
Expect: matched string 1: #
Expect: searching for 1 strs:  :Save?
 << 
Apr  8 11:09:03: %SYS-7-NV_BLOCK_INIT: Initialized the geometry of nvram
 << 
 << 
 << 
 << 
 << 
Expect: did not match any strings!
...

Apr  8 11:09:03: %SYS-7-NV_BLOCK_INIT: Initialized the geometry of nvram
...

 >> 

