trying to use serial port: /dev/ttyUSB1
 >> 
 >> 

Expect: searching for 4 strs:  :[yes/no] :Press RETURN to get started. :# :Switch>
 << 
c29s1.tripleplaydemo.r129.allen>
c29s1.tripleplaydemo.r129.allen>
c29s1.tripleplaydemo.r129.allen>
c29s1.tripleplaydemo.r129.allen>
 << 
 << 
 << 
 << 
 << 
 << 
 << 
 << 
 << 
 << 
Expect: did not match any strings!
...

c29s1.tripleplaydemo.r129.allen>
c29s1.tripleplaydemo.r129.allen>
c29s1.tripleplaydemo.r129.allen>
c29s1.tripleplaydemo.r129.allen>
...

 >> 

Expect: searching for 2 strs:  :# :>
 << 
c29s1.tripleplaydemo.r129.allen>
c29s1.tripleplaydemo.r129.allen>
Expect: matched string 2: >
 >> term len 0

Expect: searching for 2 strs:  :# :>
 << term len 0
c29s1.tripleplaydemo.r129.allen>
Expect: matched string 2: >
 >> show version

Expect: searching for 2 strs:  :# :>
 << show version
Cisco IOS Software, C2960 Software (C2960-LANBASE-M), Version 12.2(35)SE1, RELEASE SOFTWARE (fc1)
Copyright (c) 1986-2006 by Cisco Systems, Inc.
Compiled Tue 19-Dec-06 09:29 by antonino
Image text-base: 0x00003000, data-base: 0x00C18000

 << 
ROM: Bootstrap program is C2960 boot loader
BOOTLDR: C2960 Boot Loader (C2960-HBOOT-M) Version 12.2(25r)SEE1, RELEASE SOFTWARE (fc1)

c29s1.tripleplaydemo.r129.allen uptime is 2 minutes
System returned to ROM by power-on
System image file is "flash
 << :c2960-lanbase-mz.122-35.SE1.bin"

cisco WS-C2960-48TC-L (PowerPC405) processor (revision B0) with 61440K/4088K bytes of memory.
Processor board ID FOC1030X5VD
Last reset from power-on
2 Virtual Ethernet interfaces
48 FastEthernet interfaces
2 Giga
 << bit Ethernet interfaces
The password-recovery mechanism is enabled.

64K bytes of flash-simulated non-volatile configuration memory.
Base ethernet MAC Address       : 00:19:06:C3:21:80
Motherboard assembly number     : 73-9835-07
Power supply part n
 << umber        : 341-0097-02
Motherboard serial number       : FOC10300PF3
Power supply serial number      : AZS102900SB
Model revision number           : B0
Motherboard revision number     : C0
Model number                    : WS-C2960-48TC-L
System
 <<  serial number            : FOC1030X5VD
Top Assembly Part Number        : 800-26672-02
Top Assembly Revision Number    : B0
Version ID                      : V02
CLEI Code Number                : COM3F00BRA
Hardware Board Revision Number  : 0x02


 << 
Switch   Ports  Model              SW Version              SW Image            
------   -----  -----              ----------              ----------          
*    1   50     WS-C2960-48TC-L    12.2(35)SE1             C2960-LANBASE-M     


Configu
 << ration register is 0xF

c29s1.tripleplaydemo.r129.allen>
Expect: matched string 2: >
 >> write mem

Expect: searching for 2 strs:  :# :>
 << write mem
                                 ^
% Invalid input detected at '^' marker.

c29s1.tripleplaydemo.r129.allen>
Expect: matched string 2: >
 >> enable

Expect: searching for 2 strs:  :Password: :#
 << enable
Password: 
Expect: matched string 1: Password:
 >> Area=l*w

Expect: searching for 1 strs:  :#
 << 
c29s1.tripleplaydemo.r129.allen#
Expect: matched string 1: #
 >> wr erase
 >> 

 >> reload

Expect: searching for 2 strs:  :# :>
 << wr erase
Erasing the nvram filesystem will remove all configuration files! Continue? [confirm]
[OK]
Erase of nvram: complete
c29s1.tripleplaydemo.r129.allen#reload
Proceed with reload? [confirm]
Expect: matched string 1: #
Expect: searching for 1 strs:  :Save?
 << 
*Feb 28 18:02:50: %SYS-7-NV_BLOCK_INIT: Initialized the geometry of nvram
 << 
 << 
 << 
 << 
 << 
Expect: did not match any strings!
...

*Feb 28 18:02:50: %SYS-7-NV_BLOCK_INIT: Initialized the geometry of nvram
...

 >> 

