trying to use serial port: /dev/ttyUSB1
 >> 
 >> 

Expect: searching for 4 strs:  :[yes/no] :Press RETURN to get started. :# :Switch>
 << 
c29s4.dc.meridian#
c29s4.dc.meridian#
c29s4.dc.meridian#
c29s4.dc.meridian#
Expect: matched string 3: #
 >> term len 0

Expect: searching for 2 strs:  :# :>
 << term len 0
c29s4.dc.meridian#
Expect: matched string 1: #
 >> show version

Expect: searching for 2 strs:  :# :>
 << show version
Cisco IOS Software, C2960X Software (C2960X-UNIVERSALK9-M), Version 15.0(2)EX5, RELEASE SOFTWARE (fc1)
Technical Support: http://www.cisco.com/techsupport
Copyright (c) 1986-2014 by Cisco Systems, Inc.
Compiled Fri 21-Feb-14 05:54 by prod
 << _rel_team

ROM: Bootstrap program is C2960X boot loader
BOOTLDR: C2960X Boot Loader (C2960X-HBOOT-M) Version 15.2(2r)E1, RELEASE SOFTWARE (fc1)

c29s4.dc.meridian uptime is 37 minutes
System returned to ROM by power-on
System restarted at 03:07:09 
 << CST Tue Dec 8 2015
System image file is "flash:/c2960x-universalk9-mz.150-2.EX5/c2960x-universalk9-mz.150-2.EX5.bin"


This product contains cryptographic features and is subject to United
States and local country laws governing import, export, trans
 << fer and
use. Delivery of Cisco cryptographic products does not imply
third-party authority to import, export, distribute or use encryption.
Importers, exporters, distributors and users are responsible for
compliance with U.S. and local country laws. B
 << y using this product you
agree to comply with applicable laws and regulations. If you are unable
to comply with U.S. and local laws, return this product immediately.

A summary of U.S. laws governing Cisco cryptographic products may be found at:
http
 << ://www.cisco.com/wwl/export/crypto/tool/stqrg.html

If you require further assistance please contact us by sending email to
export@cisco.com.

cisco WS-C2960X-48TS-L (APM86XXX) processor (revision H0) with 524288K bytes of memory.
Processor board ID
 <<  FCW1904B3J5
Last reset from power-on
2 Virtual Ethernet interfaces
1 FastEthernet interface
52 Gigabit Ethernet interfaces
The password-recovery mechanism is enabled.

512K bytes of flash-simulated non-volatile configuration memory.
Base ethernet
 <<  MAC Address       : A0:55:4F:AC:6A:80
Motherboard assembly number     : 73-15971-02
Power supply part number        : 341-0537-02
Motherboard serial number       : FOC19043BC9
Power supply serial number      : LIT18480MPX
Model revision number      
 <<      : H0
Motherboard revision number     : B0
Model number                    : WS-C2960X-48TS-L
Daughterboard assembly number   : 73-14200-03
Daughterboard serial number     : FOC190398F5
System serial number            : FCW1904B3J5
Top Assembly 
 << Part Number        : 800-41468-01
Top Assembly Revision Number    : C0
Version ID                      : V03
CLEI Code Number                : CMMNF00ARB
Daughterboard revision number   : A0
Hardware Board Revision Number  : 0x12


Switch Ports Mo
 << del              SW Version            SW Image                 
------ ----- -----              ----------            ----------               
*    1 52    WS-C2960X-48TS-L   15.0(2)EX5            C2960X-UNIVERSALK9-M     


Configuration register 
 << is 0xF

c29s4.dc.meridian#
Expect: matched string 1: #
 >> show interface status

Expect: searching for 2 strs:  :# :>
 << show interface status

Port      Name               Status       Vlan       Duplex  Speed Type
Gi1/0/1                      notconnect   649          auto   auto 10/100/1000BaseTX
Gi1/0/2                      notconnect   649          auto   auto 10/1
 << 00/1000BaseTX
Gi1/0/3                      notconnect   649          auto   auto 10/100/1000BaseTX
Gi1/0/4                      notconnect   649          auto   auto 10/100/1000BaseTX
Gi1/0/5                      notconnect   649          auto   auto 1
 << 0/100/1000BaseTX
Gi1/0/6                      notconnect   649          auto   auto 10/100/1000BaseTX
Gi1/0/7                      notconnect   649          auto   auto 10/100/1000BaseTX
Gi1/0/8                      notconnect   649          auto   aut
 << o 10/100/1000BaseTX
Gi1/0/9                      notconnect   649          auto   auto 10/100/1000BaseTX
Gi1/0/10                     notconnect   649          auto   auto 10/100/1000BaseTX
Gi1/0/11                     notconnect   649          auto   
 << auto 10/100/1000BaseTX
Gi1/0/12                     notconnect   649          auto   auto 10/100/1000BaseTX
Gi1/0/13                     notconnect   649          auto   auto 10/100/1000BaseTX
Gi1/0/14                     notconnect   649          auto
 <<    auto 10/100/1000BaseTX
Gi1/0/15                     notconnect   649          auto   auto 10/100/1000BaseTX
Gi1/0/16                     notconnect   649          auto   auto 10/100/1000BaseTX
Gi1/0/17                     notconnect   649          a
 << uto   auto 10/100/1000BaseTX
Gi1/0/18                     notconnect   649          auto   auto 10/100/1000BaseTX
Gi1/0/19                     notconnect   649          auto   auto 10/100/1000BaseTX
Gi1/0/20                     notconnect   649        
 <<   auto   auto 10/100/1000BaseTX
Gi1/0/21                     notconnect   649          auto   auto 10/100/1000BaseTX
Gi1/0/22                     notconnect   649          auto   auto 10/100/1000BaseTX
Gi1/0/23                     notconnect   649     
 <<      auto   auto 10/100/1000BaseTX
Gi1/0/24                     notconnect   649          auto   auto 10/100/1000BaseTX
Gi1/0/25                     notconnect   649          auto   auto 10/100/1000BaseTX
Gi1/0/26                     notconnect   649  
 <<         auto   auto 10/100/1000BaseTX
Gi1/0/27                     notconnect   649          auto   auto 10/100/1000BaseTX
Gi1/0/28                     notconnect   649          auto   auto 10/100/1000BaseTX
Gi1/0/29                     notconnect   64
 << 9          auto   auto 10/100/1000BaseTX
Gi1/0/30                     notconnect   649          auto   auto 10/100/1000BaseTX
Gi1/0/31                     notconnect   649          auto   auto 10/100/1000BaseTX
Gi1/0/32                     notconnect  
 <<  649          auto   auto 10/100/1000BaseTX
Gi1/0/33                     notconnect   649          auto   auto 10/100/1000BaseTX
Gi1/0/34                     notconnect   649          auto   auto 10/100/1000BaseTX
Gi1/0/35                     notconnec
 << t   649          auto   auto 10/100/1000BaseTX
Gi1/0/36                     notconnect   649          auto   auto 10/100/1000BaseTX
Gi1/0/37                     notconnect   649          auto   auto 10/100/1000BaseTX
Gi1/0/38                     notcon
 << nect   649          auto   auto 10/100/1000BaseTX
Gi1/0/39                     notconnect   649          auto   auto 10/100/1000BaseTX
Gi1/0/40                     notconnect   649          auto   auto 10/100/1000BaseTX
Gi1/0/41                     not
 << connect   649          auto   auto 10/100/1000BaseTX
Gi1/0/42                     notconnect   649          auto   auto 10/100/1000BaseTX
Gi1/0/43                     notconnect   649          auto   auto 10/100/1000BaseTX
Gi1/0/44                     
 << notconnect   649          auto   auto 10/100/1000BaseTX
Gi1/0/45                     notconnect   649          auto   auto 10/100/1000BaseTX
Gi1/0/46                     notconnect   649          auto   auto 10/100/1000BaseTX
Gi1/0/47                  
 <<    notconnect   1            auto   auto 10/100/1000BaseTX
Gi1/0/48                     notconnect   1            auto   auto 10/100/1000BaseTX
Gi1/0/49                     notconnect   1            auto   auto Not Present
Gi1/0/50                     
 << notconnect   1            auto   auto Not Present
Gi1/0/51                     notconnect   1            auto   auto Not Present
Gi1/0/52                     notconnect   1            auto   auto Not Present
Fa0                          disabled     ro
 << uted       auto   auto 10/100BaseTX
c29s4.dc.meridian#
Expect: matched string 1: #
