trying to use serial port: /dev/ttyUSB1
 >> 
 >> 

Expect: searching for 4 strs:  :[yes/no] :Press RETURN to get started. :# :Switch>
 << 
c29s5.a38.meridian>
c29s5.a38.meridian>
c29s5.a38.meridian>
c29s5.a38.meridian>
 << 
 << 
 << 
 << 
 << 
 << 
 << 
 << 
 << 
 << 
Expect: did not match any strings!
...

c29s5.a38.meridian>
c29s5.a38.meridian>
c29s5.a38.meridian>
c29s5.a38.meridian>
...

 >> 

Expect: searching for 2 strs:  :# :>
 << 
c29s5.a38.meridian>
c29s5.a38.meridian>
Expect: matched string 2: >
 >> term len 0

Expect: searching for 2 strs:  :# :>
 << term len 0
c29s5.a38.meridian>
Expect: matched string 2: >
 >> show version

Expect: searching for 2 strs:  :# :>
 << show version
Cisco IOS Software, C2960X Software (C2960X-UNIVERSALK9-M), Version 15.0(2)EX5, RELEASE SOFTWARE (fc1)
Technical Support: http://www.cisco.com/techsupport
Copyright (c) 1986-2014 by Cisco Systems, Inc.
Compiled Fri 21-Feb-14 05:54 by prod
 << _rel_team

ROM: Bootstrap program is C2960X boot loader
BOOTLDR: C2960X Boot Loader (C2960X-HBOOT-M) Version 15.2(2r)E1, RELEASE SOFTWARE (fc1)

c29s5.a38.meridian uptime is 38 minutes
System returned to ROM by power-on
System restarted at 03:05:54
 <<  CST Tue Dec 8 2015
System image file is "flash:/c2960x-universalk9-mz.150-2.EX5/c2960x-universalk9-mz.150-2.EX5.bin"


This product contains cryptographic features and is subject to United
States and local country laws governing import, export, tran
 << sfer and
use. Delivery of Cisco cryptographic products does not imply
third-party authority to import, export, distribute or use encryption.
Importers, exporters, distributors and users are responsible for
compliance with U.S. and local country laws. 
 << By using this product you
agree to comply with applicable laws and regulations. If you are unable
to comply with U.S. and local laws, return this product immediately.

A summary of U.S. laws governing Cisco cryptographic products may be found at:
htt
 << p://www.cisco.com/wwl/export/crypto/tool/stqrg.html

If you require further assistance please contact us by sending email to
export@cisco.com.

cisco WS-C2960X-48TS-L (APM86XXX) processor (revision H0) with 524288K bytes of memory.
Processor board I
 << D FCW1904B3HU
Last reset from power-on
2 Virtual Ethernet interfaces
1 FastEthernet interface
52 Gigabit Ethernet interfaces
The password-recovery mechanism is enabled.

512K bytes of flash-simulated non-volatile configuration memory.
Base etherne
 << t MAC Address       : A0:55:4F:AC:6D:00
Motherboard assembly number     : 73-15971-02
Power supply part number        : 341-0537-02
Motherboard serial number       : FOC19043BNM
Power supply serial number      : LIT18480MQ3
Model revision number     
 <<       : H0
Motherboard revision number     : B0
Model number                    : WS-C2960X-48TS-L
Daughterboard assembly number   : 73-14200-03
Daughterboard serial number     : FOC19039A5Z
System serial number            : FCW1904B3HU
Top Assembly
 <<  Part Number        : 800-41468-01
Top Assembly Revision Number    : C0
Version ID                      : V03
CLEI Code Number                : CMMNF00ARB
Daughterboard revision number   : A0
Hardware Board Revision Number  : 0x12


Switch Ports M
 << odel              SW Version            SW Image                 
------ ----- -----              ----------            ----------               
*    1 52    WS-C2960X-48TS-L   15.0(2)EX5            C2960X-UNIVERSALK9-M     


Configuration register
 <<  is 0xF

c29s5.a38.meridian>
Expect: matched string 2: >
 >> enable

Expect: searching for 2 strs:  :Password: :#
 << enable
Password: 
Expect: matched string 1: Password:
 >> Area=l*w

Expect: searching for 1 strs:  :#
 << 
c29s5.a38.meridian#
Expect: matched string 1: #
 >> configure terminal

Expect: searching for 1 strs:  :(config)#
 << configure terminal
Enter configuration commands, one per line.  End with CNTL/Z.
c29s5.a38.meridian(config)#
Expect: matched string 1: (config)#
 >> hostname c29s5.dc.meridian 

Expect: searching for 2 strs:  :# :>
 << hostname c29s5.dc.meridian 
c29s5.dc.meridian(config)#
Expect: matched string 1: #
 >> end

Expect: searching for 1 strs:  :Configured
 << end
c29s5.dc.meridian#
Dec  8 03:45:12: %SYS-5-CONFIG_I: Configured from console by console
Expect: matched string 1: Configured
 >> 

 >> write mem

Expect: searching for 2 strs:  :# :>
 << 
c29s5.dc.meridian#write mem
Building configuration...
[OK]
c29s5.dc.meridian#
Expect: matched string 1: #
