trying to use serial port: /dev/ttyUSB0
 >> 
 >> 

Expect: searching for 4 strs:  :[yes/no] :Press RETURN to get started. :# :Switch>
 << 
c29s1p.m1.bost>
c29s1p.m1.bost>
c29s1p.m1.bost>
c29s1p.m1.bost>
 << 
 << 
 << 
 << 
 << 
 << 
 << 
 << 
 << 
 << 
Expect: did not match any strings!
...

c29s1p.m1.bost>
c29s1p.m1.bost>
c29s1p.m1.bost>
c29s1p.m1.bost>
...

 >> 

Expect: searching for 2 strs:  :# :>
 << 
c29s1p.m1.bost>
c29s1p.m1.bost>
Expect: matched string 2: >
 >> term len 0

Expect: searching for 2 strs:  :# :>
 << term len 0
c29s1p.m1.bost>
Expect: matched string 2: >
 >> show version

Expect: searching for 2 strs:  :# :>
 << show version
Cisco IOS Software, C2960X Software (C2960X-UNIVERSALK9-M), Version 15.0(2a)EX5, RELEASE SOFTWARE (fc3)
Technical Support: http://www.cisco.com/techsupport
Copyright (c) 1986-2015 by Cisco Systems, Inc.
Compiled Mon 16-Feb-15 08:16 by pro
 << d_rel_team

ROM: Bootstrap program is C2960X boot loader
BOOTLDR: C2960X Boot Loader (C2960X-HBOOT-M) Version 15.2(2r)E1, RELEASE SOFTWARE (fc1)

c29s1p.m1.bost uptime is 1 hour, 9 minutes
System returned to ROM by power-on
System restarted at 08:5
 << 7:11 CST Fri Dec 18 2015
System image file is "flash:/c2960x-universalk9-mz.150-2a.EX5/c2960x-universalk9-mz.150-2a.EX5.bin"


This product contains cryptographic features and is subject to United
States and local country laws governing import, expor
 << t, transfer and
use. Delivery of Cisco cryptographic products does not imply
third-party authority to import, export, distribute or use encryption.
Importers, exporters, distributors and users are responsible for
compliance with U.S. and local country
 <<  laws. By using this product you
agree to comply with applicable laws and regulations. If you are unable
to comply with U.S. and local laws, return this product immediately.

A summary of U.S. laws governing Cisco cryptographic products may be found a
 << t:
http://www.cisco.com/wwl/export/crypto/tool/stqrg.html

If you require further assistance please contact us by sending email to
export@cisco.com.

cisco WS-C2960X-48FPD-L (APM86XXX) processor (revision F0) with 524288K bytes of memory.
Processor
 <<  board ID FOC1919S0CM
Last reset from power-on
2 Virtual Ethernet interfaces
1 FastEthernet interface
50 Gigabit Ethernet interfaces
2 Ten Gigabit Ethernet interfaces
The password-recovery mechanism is enabled.

512K bytes of flash-simulated non-v
 << olatile configuration memory.
Base ethernet MAC Address       : B0:7D:47:CC:30:00
Motherboard assembly number     : 73-15964-02
Power supply part number        : 341-0527-01
Motherboard serial number       : FOC19181PLK
Power supply serial number    
 <<   : DCB1909636L
Model revision number           : F0
Motherboard revision number     : C0
Model number                    : WS-C2960X-48FPD-L
Daughterboard assembly number   : 73-14200-03
Daughterboard serial number     : FOC19182CFB
System serial n
 << umber            : FOC1919S0CM
Top Assembly Part Number        : 800-41461-01
Top Assembly Revision Number    : C0
Version ID                      : V02
CLEI Code Number                : CMMLJ00ARB
Daughterboard revision number   : A0
Hardware Board
 <<  Revision Number  : 0x12


Switch Ports Model              SW Version            SW Image                 
------ ----- -----              ----------            ----------               
*    1 52    WS-C2960X-48FPD-L  15.0(2a)EX5           C2960X-UN
 << IVERSALK9-M     


Configuration register is 0xF

c29s1p.m1.bost>
Expect: matched string 2: >
 >> write mem

Expect: searching for 2 strs:  :# :>
 << write mem
                ^
% Invalid input detected at '^' marker.

c29s1p.m1.bost>
Expect: matched string 2: >
 >> enable

Expect: searching for 2 strs:  :Password: :#
 << enable
Password: 
Expect: matched string 1: Password:
 >> Area=l*w

Expect: searching for 1 strs:  :#
 << 
c29s1p.m1.bost#
Expect: matched string 1: #
 >> wr erase
 >> 

 >> reload

Expect: searching for 2 strs:  :# :>
 << wr erase
Erasing the nvram filesystem will remove all configuration files! Continue? [confirm]
[OK]
Erase of nvram: complete
c29s1p.m1.bost#reload
Proceed with reload? [confirm]
Dec 18 10:06:54: %SYS-7-NV_BLOCK_INIT: Initialized the geometry of nvra
Expect: matched string 1: #
Expect: searching for 1 strs:  :Save?
 << m
 << 
 << 
 << 
 << 
 << 
Expect: did not match any strings!
...
m
...

 >> 

