trying to use serial port: /dev/ttyUSB0
 >> 
 >> 

Expect: searching for 4 strs:  :[yes/no] :Press RETURN to get started. :# :Switch>
 << 
c29s1.poultry.southfarm>
c29s1.poultry.southfarm>
c29s1.poultry.southfarm>
c29s1.poultry.southfarm>
 << 
 << 
 << 
 << 
 << 
 << 
 << 
 << 
 << 
 << 
Expect: did not match any strings!
...

c29s1.poultry.southfarm>
c29s1.poultry.southfarm>
c29s1.poultry.southfarm>
c29s1.poultry.southfarm>
...

 >> 

Expect: searching for 2 strs:  :# :>
 << 
c29s1.poultry.southfarm>
c29s1.poultry.southfarm>
Expect: matched string 2: >
 >> term len 0

Expect: searching for 2 strs:  :# :>
 << term len 0
c29s1.poultry.southfarm>
Expect: matched string 2: >
 >> show version

Expect: searching for 2 strs:  :# :>
 << show version
Cisco IOS Software, C2960 Software (C2960-LANBASEK9-M), Version 12.2(46)SE, RELEASE SOFTWARE (fc2)
Copyright (c) 1986-2008 by Cisco Systems, Inc.
Compiled Thu 21-Aug-08 15:59 by nachen
Image text-base: 0x00003000, data-base: 0x01200000

 << 
ROM: Bootstrap program is C2960 boot loader
BOOTLDR: C2960 Boot Loader (C2960-HBOOT-M) Version 12.2(25r)SEE1, RELEASE SOFTWARE (fc1)

c29s1.poultry.southfarm uptime is 29 minutes
System returned to ROM by power-on
System image file is "flash:c2960-l
 << anbasek9-mz.122-46.SE.bin"


This product contains cryptographic features and is subject to United
States and local country laws governing import, export, transfer and
use. Delivery of Cisco cryptographic products does not imply
third-party authorit
 << y to import, export, distribute or use encryption.
Importers, exporters, distributors and users are responsible for
compliance with U.S. and local country laws. By using this product you
agree to comply with applicable laws and regulations. If you are 
 << unable
to comply with U.S. and local laws, return this product immediately.

A summary of U.S. laws governing Cisco cryptographic products may be found at:
http://www.cisco.com/wwl/export/crypto/tool/stqrg.html

If you require further assistance ple
 << ase contact us by sending email to
export@cisco.com.

cisco WS-C2960-48TC-L (PowerPC405) processor (revision B0) with 61440K/4088K bytes of memory.
Processor board ID FOC1035X3Z8
Last reset from power-on
2 Virtual Ethernet interfaces
48 FastEtherne
 << t interfaces
2 Gigabit Ethernet interfaces
The password-recovery mechanism is enabled.

64K bytes of flash-simulated non-volatile configuration memory.
Base ethernet MAC Address       : 00:19:55:5F:9A:80
Motherboard assembly number     : 73-9835-07
 << 
Power supply part number        : 341-0097-02
Motherboard serial number       : FOC10352V23
Power supply serial number      : DCA10314GAG
Model revision number           : B0
Motherboard revision number     : C0
Model number                    : WS-
 << C2960-48TC-L
System serial number            : FOC1035X3Z8
Top Assembly Part Number        : 800-26672-02
Top Assembly Revision Number    : C0
Version ID                      : V02
CLEI Code Number                : COM3F00BRA
Hardware Board Revision
 <<  Number  : 0x02


Switch Ports Model              SW Version            SW Image                 
------ ----- -----              ----------            ----------               
*    1 50    WS-C2960-48TC-L    12.2(46)SE            C2960-LANBASEK9-M 
 <<        


Configuration register is 0xF

c29s1.poultry.southfarm>
Expect: matched string 2: >
 >> enable

Expect: searching for 2 strs:  :Password: :#
 << enable
Password: 
Expect: matched string 1: Password:
 >> Area=l*w

Expect: searching for 1 strs:  :#
 << 
c29s1.poultry.southfarm#
Expect: matched string 1: #
 >> sh run

Expect: searching for 2 strs:  :# :>
 << sh run
Building configuration...

Current configuration : 20887 bytes
!
version 12.2
no service pad
service timestamps debug datetime localtime
service timestamps log datetime localtime
service password-encryption
!
hostname c29s1.poultry.south
 << farm
!
boot-start-marker
boot-end-marker
!
enable secret 5 $1$M51B$xMewdVaHWnFLPlOBhrp1C.
enable password 7 013214015A560A4536
!
no aaa new-model
clock timezone CST -6
clock summer-time CDT recurring
system mtu routing 1500
ip subnet-zero
!

 << !
ip dhcp snooping vlan 180
ip dhcp snooping
ip domain-name mgmt.msstate.edu
ip name-server 130.18.80.12
!
!
crypto pki trustpoint TP-self-signed-1432328832
 enrollment selfsigned
 subject-name cn=IOS-Self-Signed-Certificate-1432328832
 revocati
 << on-check none
 rsakeypair TP-self-signed-1432328832
!
!
crypto pki certificate chain TP-self-signed-1432328832
 certificate self-signed 01
  30820262 308201CB A0030201 02020101 300D0609 2A864886 F70D0101 04050030 
  31312F30 2D060355 04031326 494F5
 << 32D 53656C66 2D536967 6E65642D 43657274 
  69666963 6174652D 31343332 33323838 3332301E 170D3933 30333031 30303030 
  34375A17 0D323030 31303130 30303030 305A3031 312F302D 06035504 03132649 
  4F532D53 656C662D 5369676E 65642D43 65727469 66696361 74652
 << D31 34333233 
  32383833 3230819F 300D0609 2A864886 F70D0101 01050003 818D0030 81890281 
  8100D5FC 98CFF8E8 6C808CCC 0C0BBEE3 BB71C49F FB370824 F4560F91 EF94F81B 
  4FB485BE 12E5AD39 85655761 0B02F77E FF356169 0318A9DC 9C058689 9B021B36 
  88137DA4 E
 << 5498380 65B23FD2 FE03BC74 362BFBF2 AF1905B3 9046041D 17874FBB 
  2552DF11 74876068 DC4045ED 2F16DB00 879026D9 3E4F5981 C3B0E3CB 9F00E813 
  F17B0203 010001A3 81893081 86300F06 03551D13 0101FF04 05300301 01FF3033 
  0603551D 11042C30 2A822863 32397331 2
 << E706F75 6C747279 2E736F75 74686661 
  726D2E6D 676D742E 6D737374 6174652E 65647530 1F060355 1D230418 30168014 
  31F1668C 4BAFB136 8D2771B2 7322901F 1E01F3A2 301D0603 551D0E04 16041431 
  F1668C4B AFB1368D 2771B273 22901F1E 01F3A230 0D06092A 864886F7 0
 << D010104 
  05000381 81006790 FC99F110 FAF97783 C523DB82 D3AADFD4 81325CBD 8C2FDE4B 
  1002C293 47D05BAF 3A3F5494 BB7ADDBC 421CB860 38F4579C 21A21565 DF9A368E 
  5BB8140B 0FA6031A 16247FDF 2B9198D3 A04C7BDB A0ED219C 70C7FC48 C1B416E3 
  9A83297C F75033
 << 11 8E93881F E0D650A6 062DB95F 2B3CD4A1 644C04AD 380A94BF 
  2B3843AE C9E3
  quit
!
!
!
!
!
errdisable recovery cause udld
errdisable recovery cause bpduguard
errdisable recovery cause security-violation
errdisable recovery cause channel-misconf
 << ig
errdisable recovery cause pagp-flap
errdisable recovery cause dtp-flap
errdisable recovery cause link-flap
errdisable recovery cause sfp-config-mismatch
errdisable recovery cause gbic-invalid
errdisable recovery cause psecure-violation
errdisabl
 << e recovery cause port-mode-failure
errdisable recovery cause dhcp-rate-limit
errdisable recovery cause mac-limit
errdisable recovery cause vmps
errdisable recovery cause storm-control
errdisable recovery cause inline-power
errdisable recovery cause 
 << loopback
errdisable recovery cause small-frame
errdisable recovery interval 1800
!
spanning-tree mode mst
spanning-tree portfast bpduguard default
spanning-tree extend system-id
!
spanning-tree mst configuration
 name msstate
 revision 1
 insta
 << nce 1 vlan 2, 7, 11, 20, 22, 24, 31, 35, 37, 39-40, 50, 60, 63, 70
 instance 1 vlan 78, 80, 86, 91, 96, 104, 110, 126, 136, 140, 152, 160
 instance 1 vlan 162-163, 168, 189, 194, 202, 220, 222, 230, 232, 242, 246
 instance 1 vlan 256, 611-612, 654, 741
 << , 996, 999
 instance 2 vlan 2002, 2007, 2011, 2020, 2022, 2024, 2031, 2035, 2037, 2039-2040
 instance 2 vlan 2050, 2060, 2063, 2070, 2080, 2086, 2096, 2104, 2110, 2126
 instance 2 vlan 2136, 2140, 2152, 2160, 2162-2163, 2168, 2189, 2194, 2202
 instanc
 << e 2 vlan 2220, 2222, 2232, 2242, 2246, 2611-2612, 2654, 2999
 instance 3 vlan 42, 51, 59, 64, 66, 69, 72, 108, 113, 128, 144, 176, 196
 instance 3 vlan 244, 248, 927
 instance 4 vlan 2042, 2051, 2059, 2064, 2066, 2069, 2072, 2108, 2113, 2128
 instance
 <<  4 vlan 2144, 2176, 2196, 2244, 2248, 2927
 instance 5 vlan 16, 48, 58, 88, 121, 131, 133-134, 216, 228
 instance 6 vlan 2016, 2048, 2058, 2088, 2121, 2131, 2133-2134, 2216, 2228
 instance 7 vlan 9, 33-34, 38, 54, 56, 71, 75, 82, 84, 97, 114, 116, 124
 << 
 instance 7 vlan 172, 186, 192, 204-208, 210, 240-241, 251-252, 630, 928
 instance 8 vlan 2009, 2033-2034, 2038, 2054, 2056, 2071, 2075, 2082, 2084
 instance 8 vlan 2097, 2114, 2116, 2124, 2172, 2186, 2192, 2204-2208, 2210
 instance 8 vlan 2240-2241, 
 << 2251-2252, 2630, 2928
 instance 9 vlan 4-5, 12, 18-19, 32, 44, 57, 62, 68, 76, 98-99, 102, 112
 instance 9 vlan 130, 132, 147-148, 158, 212, 226, 236, 500, 505, 510-511
 instance 9 vlan 522, 551-570, 603, 629, 633, 742, 802, 926, 929
 instance 10 vlan
 <<  2004-2005, 2012, 2018-2019, 2032, 2044, 2057, 2062, 2068
 instance 10 vlan 2076, 2098-2099, 2102, 2112, 2130, 2132, 2147-2148, 2158
 instance 10 vlan 2212, 2236, 2500, 2505, 2510-2511, 2522, 2603, 2629, 2633
 instance 10 vlan 2802, 2926, 2929
 instan
 << ce 11 vlan 8, 43, 52, 146, 156-157, 180, 200, 218
 instance 12 vlan 2008, 2043, 2052, 2146, 2156-2157, 2180, 2200, 2218
!
!
vlan internal allocation policy ascending
!
!
!
interface FastEthernet0/1
 switchport access vlan 565
 switchport mode ac
 << cess
 spanning-tree portfast
!
interface FastEthernet0/2
 description southfarm.poultry.ap1-1
 switchport access vlan 565
 switchport mode access
 spanning-tree portfast
!
interface FastEthernet0/3
 switchport access vlan 180
 switchport mode a
 << ccess
 switchport port-security maximum 2
 switchport port-security
 switchport port-security aging time 15
 switchport port-security violation protect
 switchport port-security aging type inactivity
 spanning-tree portfast
!
interface FastEtherne
 << t0/4
 description 130.18.180.120
 switchport access vlan 180
 switchport mode access
 switchport port-security maximum 2
 switchport port-security
 switchport port-security aging time 15
 switchport port-security violation protect
 switchport port
 << -security aging type inactivity
 spanning-tree portfast
!
interface FastEthernet0/5
 description 130.18.180.33
 switchport access vlan 180
 switchport mode access
 switchport port-security maximum 2
 switchport port-security
 switchport port-secu
 << rity aging time 15
 switchport port-security violation protect
 switchport port-security aging type inactivity
 spanning-tree portfast
!
interface FastEthernet0/6
 description 130.18.180.238
 switchport access vlan 180
 switchport mode access
 sw
 << itchport port-security maximum 2
 switchport port-security
 switchport port-security aging time 15
 switchport port-security violation protect
 switchport port-security aging type inactivity
 spanning-tree portfast
!
interface FastEthernet0/7
 swi
 << tchport access vlan 180
 switchport mode access
 switchport port-security maximum 2
 switchport port-security
 switchport port-security aging time 15
 switchport port-security violation protect
 switchport port-security aging type inactivity
 spann
 << ing-tree portfast
!
interface FastEthernet0/8
 switchport access vlan 180
 switchport mode access
 switchport port-security maximum 2
 switchport port-security
 switchport port-security aging time 15
 switchport port-security violation protect
 s
 << witchport port-security aging type inactivity
 spanning-tree portfast
!
interface FastEthernet0/9
 switchport access vlan 180
 switchport mode access
 switchport port-security maximum 2
 switchport port-security
 switchport port-security aging tim
 << e 15
 switchport port-security violation protect
 switchport port-security aging type inactivity
 spanning-tree portfast
!
interface FastEthernet0/10
 switchport access vlan 180
 switchport mode access
 switchport port-security maximum 2
 switchp
 << ort port-security
 switchport port-security aging time 15
 switchport port-security violation protect
 switchport port-security aging type inactivity
 spanning-tree portfast
!
interface FastEthernet0/11
 switchport access vlan 180
 switchport mode
 <<  access
 switchport port-security maximum 2
 switchport port-security
 switchport port-security aging time 15
 switchport port-security violation protect
 switchport port-security aging type inactivity
 spanning-tree portfast
!
interface FastEther
 << net0/12
 switchport access vlan 180
 switchport mode access
 switchport port-security maximum 2
 switchport port-security
 switchport port-security aging time 15
 switchport port-security violation protect
 switchport port-security aging type inact
 << ivity
 spanning-tree portfast
!
interface FastEthernet0/13
 switchport access vlan 180
 switchport mode access
 switchport port-security maximum 2
 switchport port-security
 switchport port-security aging time 15
 switchport port-security violati
 << on protect
 switchport port-security aging type inactivity
 spanning-tree portfast
!
interface FastEthernet0/14
 switchport access vlan 180
 switchport mode access
 switchport port-security maximum 2
 switchport port-security
 switchport port-sec
 << urity aging time 15
 switchport port-security violation protect
 switchport port-security aging type inactivity
 spanning-tree portfast
!
interface FastEthernet0/15
 switchport access vlan 180
 switchport mode access
 switchport port-security maxi
 << mum 2
 switchport port-security
 switchport port-security aging time 15
 switchport port-security violation protect
 switchport port-security aging type inactivity
 spanning-tree portfast
!
interface FastEthernet0/16
 switchport access vlan 180
 
 << switchport mode access
 switchport port-security maximum 2
 switchport port-security
 switchport port-security aging time 15
 switchport port-security violation protect
 switchport port-security aging type inactivity
 spanning-tree portfast
!
inte
 << rface FastEthernet0/17
 description br1r.poultry.southfarm
 switchport trunk native vlan 92
 switchport trunk allowed vlan 92,96,168,180,565
 switchport mode trunk
 no keepalive
 spanning-tree portfast
 spanning-tree bpdufilter enable
 spanning-tr
 << ee bpduguard enable
!
interface FastEthernet0/18
 description br2r.poultry.southfarm
 switchport trunk native vlan 92
 switchport trunk allowed vlan 92,96,180,565
 switchport mode trunk
 no keepalive
 spanning-tree portfast
 spanning-tree bpdufil
 << ter enable
 spanning-tree bpduguard enable
!
interface FastEthernet0/19
 switchport access vlan 180
 switchport mode access
 switchport port-security maximum 2
 switchport port-security
 switchport port-security aging time 15
 switchport port-sec
 << urity violation protect
 switchport port-security aging type inactivity
 spanning-tree portfast
!
interface FastEthernet0/20
 switchport access vlan 180
 switchport mode access
 switchport port-security maximum 2
 switchport port-security
 switch
 << port port-security aging time 15
 switchport port-security violation protect
 switchport port-security aging type inactivity
 spanning-tree portfast
!
interface FastEthernet0/21
 switchport access vlan 180
 switchport mode access
 switchport port-
 << security maximum 2
 switchport port-security
 switchport port-security aging time 15
 switchport port-security violation protect
 switchport port-security aging type inactivity
 spanning-tree portfast
!
interface FastEthernet0/22
 switchport acces
 << s vlan 180
 switchport mode access
 switchport port-security maximum 2
 switchport port-security
 switchport port-security aging time 15
 switchport port-security violation protect
 switchport port-security aging type inactivity
 spanning-tree port
 << fast
!
interface FastEthernet0/23
 switchport access vlan 180
 switchport mode access
 switchport port-security maximum 2
 switchport port-security
 switchport port-security aging time 15
 switchport port-security violation protect
 switchport po
 << rt-security aging type inactivity
 spanning-tree portfast
!
interface FastEthernet0/24
 switchport access vlan 180
 switchport mode access
 switchport port-security maximum 2
 switchport port-security
 switchport port-security aging time 15
 swit
 << chport port-security violation protect
 switchport port-security aging type inactivity
 spanning-tree portfast
!
interface FastEthernet0/25
 switchport access vlan 180
 switchport mode access
 switchport port-security maximum 2
 switchport port-se
 << curity
 switchport port-security aging time 15
 switchport port-security violation protect
 switchport port-security aging type inactivity
 spanning-tree portfast
!
interface FastEthernet0/26
 switchport access vlan 180
 switchport mode access
 s
 << witchport port-security maximum 2
 switchport port-security
 switchport port-security aging time 15
 switchport port-security violation protect
 switchport port-security aging type inactivity
 spanning-tree portfast
!
interface FastEthernet0/27
 s
 << witchport access vlan 180
 switchport mode access
 switchport port-security maximum 2
 switchport port-security
 switchport port-security aging time 15
 switchport port-security violation protect
 switchport port-security aging type inactivity
 spa
 << nning-tree portfast
!
interface FastEthernet0/28
 switchport access vlan 180
 switchport mode access
 switchport port-security maximum 2
 switchport port-security
 switchport port-security aging time 15
 switchport port-security violation protect
 << 
 switchport port-security aging type inactivity
 spanning-tree portfast
!
interface FastEthernet0/29
 switchport access vlan 180
 switchport mode access
 switchport port-security maximum 2
 switchport port-security
 switchport port-security aging
 <<  time 15
 switchport port-security violation protect
 switchport port-security aging type inactivity
 spanning-tree portfast
!
interface FastEthernet0/30
 switchport access vlan 180
 switchport mode access
 switchport port-security maximum 2
 swi
 << tchport port-security
 switchport port-security aging time 15
 switchport port-security violation protect
 switchport port-security aging type inactivity
 spanning-tree portfast
!
interface FastEthernet0/31
 switchport access vlan 180
 switchport 
 << mode access
 switchport port-security maximum 2
 switchport port-security
 switchport port-security aging time 15
 switchport port-security violation protect
 switchport port-security aging type inactivity
 spanning-tree portfast
!
interface FastE
 << thernet0/32
 switchport access vlan 180
 switchport mode access
 switchport port-security maximum 2
 switchport port-security
 switchport port-security aging time 15
 switchport port-security violation protect
 switchport port-security aging type i
 << nactivity
 spanning-tree portfast
!
interface FastEthernet0/33
 switchport access vlan 180
 switchport mode access
 switchport port-security maximum 2
 switchport port-security
 switchport port-security aging time 15
 switchport port-security vio
 << lation protect
 switchport port-security aging type inactivity
 spanning-tree portfast
!
interface FastEthernet0/34
 switchport access vlan 180
 switchport mode access
 switchport port-security maximum 2
 switchport port-security
 switchport port
 << -security aging time 15
 switchport port-security violation protect
 switchport port-security aging type inactivity
 spanning-tree portfast
!
interface FastEthernet0/35
 switchport access vlan 180
 switchport mode access
 switchport port-security 
 << maximum 2
 switchport port-security
 switchport port-security aging time 15
 switchport port-security violation protect
 switchport port-security aging type inactivity
 spanning-tree portfast
!
interface FastEthernet0/36
 switchport access vlan 18
 << 0
 switchport mode access
 switchport port-security maximum 2
 switchport port-security
 switchport port-security aging time 15
 switchport port-security violation protect
 switchport port-security aging type inactivity
 spanning-tree portfast
!

 << interface FastEthernet0/37
 switchport access vlan 180
 switchport mode access
 switchport port-security maximum 2
 switchport port-security
 switchport port-security aging time 15
 switchport port-security violation protect
 switchport port-securi
 << ty aging type inactivity
 spanning-tree portfast
!
interface FastEthernet0/38
 switchport access vlan 180
 switchport mode access
 switchport port-security maximum 2
 switchport port-security
 switchport port-security aging time 15
 switchport po
 << rt-security violation protect
 switchport port-security aging type inactivity
 spanning-tree portfast
!
interface FastEthernet0/39
 switchport access vlan 180
 switchport mode access
 switchport port-security maximum 2
 switchport port-security
 
 << switchport port-security aging time 15
 switchport port-security violation protect
 switchport port-security aging type inactivity
 spanning-tree portfast
!
interface FastEthernet0/40
 switchport access vlan 180
 switchport mode access
 switchport
 <<  port-security maximum 2
 switchport port-security
 switchport port-security aging time 15
 switchport port-security violation protect
 switchport port-security aging type inactivity
 spanning-tree portfast
!
interface FastEthernet0/41
 switchport
 <<  access vlan 180
 switchport mode access
 switchport port-security maximum 2
 switchport port-security
 switchport port-security aging time 15
 switchport port-security violation protect
 switchport port-security aging type inactivity
 spanning-tre
 << e portfast
!
interface FastEthernet0/42
 switchport access vlan 180
 switchport mode access
 switchport port-security maximum 2
 switchport port-security
 switchport port-security aging time 15
 switchport port-security violation protect
 switchp
 << ort port-security aging type inactivity
 spanning-tree portfast
!
interface FastEthernet0/43
 switchport access vlan 180
 switchport mode access
 switchport port-security maximum 2
 switchport port-security
 switchport port-security aging time 15
 << 
 switchport port-security violation protect
 switchport port-security aging type inactivity
 spanning-tree portfast
!
interface FastEthernet0/44
 switchport access vlan 180
 switchport mode access
 switchport port-security maximum 2
 switchport p
 << ort-security
 switchport port-security aging time 15
 switchport port-security violation protect
 switchport port-security aging type inactivity
 spanning-tree portfast
!
interface FastEthernet0/45
 switchport access vlan 180
 switchport mode acce
 << ss
 switchport port-security maximum 2
 switchport port-security
 switchport port-security aging time 15
 switchport port-security violation protect
 switchport port-security aging type inactivity
 spanning-tree portfast
!
interface FastEthernet0/
 << 46
 description 130.18.180.37
 switchport access vlan 180
 switchport mode access
 switchport port-security maximum 2
 switchport port-security
 switchport port-security aging time 15
 switchport port-security violation protect
 switchport port-se
 << curity aging type inactivity
 spanning-tree portfast
!
interface FastEthernet0/47
 switchport trunk native vlan 92
 switchport mode trunk
 no keepalive
 ip dhcp snooping trust
!
interface FastEthernet0/48
 switchport trunk native vlan 92
 switc
 << hport mode trunk
 no keepalive
 ip dhcp snooping trust
!
interface GigabitEthernet0/1
 description c3560s1.rl2418.wise
 switchport trunk native vlan 92
 switchport mode trunk
 ip dhcp snooping trust
!
interface GigabitEthernet0/2
 switchport tr
 << unk native vlan 92
 switchport mode trunk
 ip dhcp snooping trust
!
interface Vlan1
 no ip address
 no ip route-cache
 shutdown
!
interface Vlan92
 ip address 10.92.1.116 255.255.0.0
 ip broadcast-address 10.92.255.255
 no ip route-cache
!
i
 << p default-gateway 10.92.0.1
ip http server
ip http secure-server
logging facility local1
logging 130.18.8.12
access-list 1 permit 10.92.0.0 0.0.255.255
snmp-server community sysnet RO 1
snmp-server community c2-b2=a2 RW 1
snmp-server community spo
 << ngebob RO
snmp-server contact 6F-0909
snmp-server enable traps snmp authentication linkdown linkup coldstart warmstart
snmp-server enable traps transceiver all
snmp-server enable traps tty
snmp-server enable traps cluster
snmp-server enable traps en
 << tity
snmp-server enable traps cpu threshold
snmp-server enable traps rep
snmp-server enable traps vtp
snmp-server enable traps vlancreate
snmp-server enable traps vlandelete
snmp-server enable traps flash insertion removal
snmp-server enable traps 
 << port-security
snmp-server enable traps dot1x auth-fail-vlan guest-vlan no-auth-fail-vlan no-guest-vlan
snmp-server enable traps envmon fan shutdown supply temperature status
snmp-server enable traps power-ethernet group 1
snmp-server enable traps powe
 << r-ethernet police
snmp-server enable traps config-copy
snmp-server enable traps config
snmp-server enable traps config-ctid
snmp-server enable traps rtr
snmp-server enable traps bridge newroot topologychange
snmp-server enable traps stpx inconsisten
 << cy root-inconsistency loop-inconsistency
snmp-server enable traps syslog
snmp-server enable traps mac-notification change move threshold
snmp-server enable traps vlan-membership
snmp-server enable traps errdisable
snmp-server host 130.18.8.12 sysnet 
 << 
!
control-plane
!
!
line con 0
line vty 0 4
 password 7 123817121356004E3D
 login
line vty 5 15
 password 7 096D5C0C18581B581C
 login
!
ntp clock-period 36029408
ntp server 10.92.0.5
end

c29s1.poultry.southfarm#
Expect: matched string 1: #
