trying to use serial port: /dev/ttyUSB0
 >> 
 >> 

Expect: searching for 4 strs:  :[yes/no] :Press RETURN to get started. :# :Switch>
 << 
c35s8p.f4.rice>
c35s8p.f4.rice>
c35s8p.f4.rice>
c35s8p.f4.rice>
 << 
 << 
 << 
 << 
 << 
 << 
 << 
 << 
 << 
 << 
Expect: did not match any strings!
...

c35s8p.f4.rice>
c35s8p.f4.rice>
c35s8p.f4.rice>
c35s8p.f4.rice>
...

 >> 

Expect: searching for 2 strs:  :# :>
 << 
c35s8p.f4.rice>
c35s8p.f4.rice>
Expect: matched string 2: >
 >> term len 0

Expect: searching for 2 strs:  :# :>
 << term len 0
c35s8p.f4.rice>
Expect: matched string 2: >
 >> show version

Expect: searching for 2 strs:  :# :>
 << show version
Cisco IOS Software, C3560 Software (C3560-IPBASEK9-M), Version 12.2(46)SE, RELEASE SOFTWARE (fc2)
Copyright (c) 1986-2008 by Cisco Systems, Inc.
Compiled Thu 21-Aug-08 15:26 by nachen
Image text-base: 0x00003000, data-base: 0x01600000


 << ROM: Bootstrap program is C3560 boot loader
BOOTLDR: C3560 Boot Loader (C3560-HBOOT-M) Version 12.2(25r)SEC, RELEASE SOFTWARE (fc4)

c35s8p.f4.rice uptime is 49 minutes
System returned to ROM by power-on
System image file is "flash:c3560-ipbasek9-mz.
 << 122-46.SE.bin"


This product contains cryptographic features and is subject to United
States and local country laws governing import, export, transfer and
use. Delivery of Cisco cryptographic products does not imply
third-party authority to import,
 <<  export, distribute or use encryption.
Importers, exporters, distributors and users are responsible for
compliance with U.S. and local country laws. By using this product you
agree to comply with applicable laws and regulations. If you are unable
to c
 << omply with U.S. and local laws, return this product immediately.

A summary of U.S. laws governing Cisco cryptographic products may be found at:
http://www.cisco.com/wwl/export/crypto/tool/stqrg.html

If you require further assistance please contact 
 << us by sending email to
export@cisco.com.

cisco WS-C3560-24PS (PowerPC405) processor (revision Q0) with 122880K/8184K bytes of memory.
Processor board ID FDO1134Z8Z5
Last reset from power-on
2 Virtual Ethernet interfaces
24 FastEthernet interfaces
 << 
2 Gigabit Ethernet interfaces
The password-recovery mechanism is enabled.

512K bytes of flash-simulated non-volatile configuration memory.
Base ethernet MAC Address       : 00:1D:45:EF:EA:00
Motherboard assembly number     : 73-9673-09
Power suppl
 << y part number        : 341-0029-05
Motherboard serial number       : FDO113405FU
Power supply serial number      : LIT1129006D
Model revision number           : Q0
Motherboard revision number     : B0
Model number                    : WS-C3560-24PS-S
 << 
System serial number            : FDO1134Z8Z5
Top Assembly Part Number        : 800-25861-04
Top Assembly Revision Number    : D0
Version ID                      : V06
CLEI Code Number                : COM1X00ARC
Hardware Board Revision Number  : 0
 << x01


Switch Ports Model              SW Version            SW Image                 
------ ----- -----              ----------            ----------               
*    1 26    WS-C3560-24PS      12.2(46)SE            C3560-IPBASEK9-M         


 << 
Configuration register is 0xF

c35s8p.f4.rice>
Expect: matched string 2: >
 >> write mem

Expect: searching for 2 strs:  :# :>
 << write mem
                ^
% Invalid input detected at '^' marker.

c35s8p.f4.rice>
Expect: matched string 2: >
 >> enable

Expect: searching for 2 strs:  :Password: :#
 << enable
Password: 
Expect: matched string 1: Password:
 >> Area=l*w

Expect: searching for 1 strs:  :#
 << 
c35s8p.f4.rice#
Expect: matched string 1: #
 >> wr erase
 >> 

 >> reload

Expect: searching for 2 strs:  :# :>
 << wr erase
Erasing the nvram filesystem will remove all configuration files! Continue? [confirm]
[OK]
Erase of nvram: complete
c35s8p.f4.rice#reload
Proceed with reload? [confirm]
Expect: matched string 1: #
Expect: searching for 1 strs:  :Save?
 << 
*Feb 28 18:49:25: %SYS-7-NV_BLOCK_INIT: Initialized the geometry of nvram
 << 
 << 
 << 
 << 
Expect: did not match any strings!
...

*Feb 28 18:49:25: %SYS-7-NV_BLOCK_INIT: Initialized the geometry of nvram
...

 >> 

