trying to use serial port: /dev/ttyUSB0
 >> 
 >> 

Expect: searching for 4 strs:  :[yes/no] :Press RETURN to get started. :# :Switch>
 << 
c29s2.r110.softball#
c29s2.r110.softball#
c29s2.r110.softball#
c29s2.r110.softball#
Expect: matched string 3: #
 >> term len 0

Expect: searching for 2 strs:  :# :>
 << term len 0
c29s2.r110.softball#
Expect: matched string 1: #
 >> show version

Expect: searching for 2 strs:  :# :>
 << show version
Cisco IOS Software, C2960S Software (C2960S-UNIVERSALK9-M), Version 12.2(55)SE8, RELEASE SOFTWARE (fc2)
Technical Support: http://www.cisco.com/techsupport
Copyright (c) 1986-2013 by Cisco Systems, Inc.
Compiled Wed 26-Jun-13 11:40 by pro
 << d_rel_team
Image text-base: 0x00003000, data-base: 0x01B00000

ROM: Bootstrap program is Alpha board boot loader
BOOTLDR: C2960S Boot Loader (C2960S-HBOOT-M) Version 12.2(55r)SE1, RELEASE SOFTWARE (fc1)

c29s2.r110.softball uptime is 4 minutes
Syst
 << em returned to ROM by power-on
System image file is "flash:/c2960s-universalk9-mz.122-55.SE8/c2960s-universalk9-mz.122-55.SE8.bin"


This product contains cryptographic features and is subject to United
States and local country laws governing import,
 <<  export, transfer and
use. Delivery of Cisco cryptographic products does not imply
third-party authority to import, export, distribute or use encryption.
Importers, exporters, distributors and users are responsible for
compliance with U.S. and local c
 << ountry laws. By using this product you
agree to comply with applicable laws and regulations. If you are unable
to comply with U.S. and local laws, return this product immediately.

A summary of U.S. laws governing Cisco cryptographic products may be f
 << ound at:
http://www.cisco.com/wwl/export/crypto/tool/stqrg.html

If you require further assistance please contact us by sending email to
export@cisco.com.

cisco WS-C2960S-48TS-L (PowerPC) processor (revision Q0) with 131072K bytes of memory.
Proce
 << ssor board ID FOC1843W7EN
Last reset from power-on
2 Virtual Ethernet interfaces
1 FastEthernet interface
52 Gigabit Ethernet interfaces
The password-recovery mechanism is enabled.

512K bytes of flash-simulated non-volatile configuration memory.

 << Base ethernet MAC Address       : 5C:FC:66:FD:63:80
Motherboard assembly number     : 73-11909-10
Power supply part number        : 341-0327-06
Motherboard serial number       : FOC18434SBW
Power supply serial number      : LIT18410XKQ
Model revision
 <<  number           : Q0
Motherboard revision number     : A0
Model number                    : WS-C2960S-48TS-L
Daughterboard assembly number   : 73-11933-04
Daughterboard serial number     : FOC1842893W
System serial number            : FOC1843W7EN

 << Top Assembly Part Number        : 800-30950-07
Top Assembly Revision Number    : C0
Version ID                      : V07
CLEI Code Number                : CMML510ARA
Daughterboard revision number   : A0
Hardware Board Revision Number  : 0x01


Sw
 << itch Ports Model              SW Version            SW Image                 
------ ----- -----              ----------            ----------               
*    1 52    WS-C2960S-48TS-L   12.2(55)SE8           C2960S-UNIVERSALK9-M     


Configurat
 << ion register is 0xF

c29s2.r110.softball#
Expect: matched string 1: #
 >> enable

Expect: searching for 2 strs:  :Password: :#
 << enable
c29s2.r110.softball#
Expect: matched string 2: #
 >> sh run

Expect: searching for 2 strs:  :# :>
 << sh run
Building configuration...

 << 
Current configuration : 21889 bytes
!
version 12.2
no service pad
service timestamps debug datetime localtime
service timestamps log datetime localtime
service password-encryption
!
hostname c29s2.r110.softball
!
boot-start-marker
boot-end-ma
 << rker
!
enable secret 5 $1$d/0A$7QjABPTlOpT143WVRypqa0
enable password 7 132405170A5108603C
!
!
!
no aaa new-model
clock timezone CST -6
clock summer-time CDT recurring
switch 1 provision ws-c2960s-48ts-l
authentication mac-move permit
!
!
ip
 <<  dhcp snooping vlan 236
ip dhcp snooping
ip domain-name mgmt.msstate.edu
ip name-server 130.18.80.12
!
!
crypto pki trustpoint TP-self-signed-1727882112
 enrollment selfsigned
 subject-name cn=IOS-Self-Signed-Certificate-1727882112
 revocation-ch
 << eck none
 rsakeypair TP-self-signed-1727882112
!
!
crypto pki certificate chain TP-self-signed-1727882112
 certificate self-signed 01
  30820262 308201CB A0030201 02020101 300D0609 2A864886 F70D0101 04050030 
  31312F30 2D060355 04031326 494F532D 5
 << 3656C66 2D536967 6E65642D 43657274 
  69666963 6174652D 31373237 38383231 3132301E 170D3933 30333031 30303033 
  31365A17 0D323030 31303130 30303030 305A3031 312F302D 06035504 03132649 
  4F532D53 656C662D 5369676E 65642D43 65727469 66696361 74652D31 3
 << 7323738 
  38323131 3230819F 300D0609 2A864886 F70D0101 01050003 818D0030 81890281 
  8100A8CA DFBD078A 2D2217C6 6C90F59B 052905EA DA1B324F 5CA7CE01 85862819 
  B5281B61 08CB5F5B 80719D0C 7E99DDAA F99A545F D0CB37FC 34628431 5F7DB384 
  E5A2F2B4 3600E6
 << C3 37552470 7FC61CFD 0D041C60 C8650515 E17F8BAB F7797617 
  790B7808 98F6316D C5235C8A BB9869FA B01FACF9 9C1360EA C2BC5B1C 8AE6F1A8 
  1C2D0203 010001A3 81893081 86300F06 03551D13 0101FF04 05300301 01FF3033 
  0603551D 11042C30 2A822863 32397332 2E7072
 << 65 7373626F 782E736F 66746261 
  6C6C2E6D 676D742E 6D737374 6174652E 65647530 1F060355 1D230418 30168014 
  58B9BD60 2C267F99 3791FD55 05C7BFDC 45F54F00 301D0603 551D0E04 16041458 
  B9BD602C 267F9937 91FD5505 C7BFDC45 F54F0030 0D06092A 864886F7 0D0101
 << 04 
  05000381 810071BC 7FAB942B 997A08A3 2AC8E275 EDE4454C 9A95F634 0AA0C609 
  4091898D 37E98420 A78E871F 877F2CBD C24EFAF2 D7835A46 B18F52AE F7710C94 
  9123EA5E 43C61472 72533C5F DC6328C8 A3A8202E DF8821D0 4599267F 7618454F 
  CFA88472 4F12E820 3D
 << 4C8991 BCCF9B26 94102490 007CF325 DC1DD49E 1056E78D 
  3370AFAF 3E62
  quit
!
spanning-tree mode mst
spanning-tree portfast bpduguard default
spanning-tree extend system-id
!
spanning-tree mst configuration
 name msstate
 revision 1
 instance 1
 <<  vlan 2, 7, 11, 20, 22, 24, 31, 35, 37, 39-40, 50, 60, 63, 70
 instance 1 vlan 78, 80, 86, 91, 96, 104, 110, 126, 136, 140, 152, 160
 instance 1 vlan 162-163, 168, 189, 194, 202, 220, 222, 230, 232, 242, 246
 instance 1 vlan 256, 611-612, 654, 741, 996
 << , 999
 instance 2 vlan 2002, 2007, 2011, 2020, 2022, 2024, 2031, 2035, 2037, 2039-2040
 instance 2 vlan 2050, 2060, 2063, 2070, 2080, 2086, 2096, 2104, 2110, 2126
 instance 2 vlan 2136, 2140, 2152, 2160, 2162-2163, 2168, 2189, 2194, 2202
 instance 2 v
 << lan 2220, 2222, 2232, 2242, 2246, 2611-2612, 2654, 2999
 instance 3 vlan 42, 51, 59, 64, 66, 69, 72, 108, 113, 128, 144, 176, 196
 instance 3 vlan 244, 248, 927
 instance 4 vlan 2042, 2051, 2059, 2064, 2066, 2069, 2072, 2108, 2113, 2128
 instance 4 vl
 << an 2144, 2176, 2196, 2244, 2248, 2927
 instance 5 vlan 16, 48, 58, 88, 121, 131, 133-134, 216, 228
 instance 6 vlan 2016, 2048, 2058, 2088, 2121, 2131, 2133-2134, 2216, 2228
 instance 7 vlan 9, 33-34, 38, 54, 56, 71, 75, 82, 84, 97, 114, 116, 124
 ins
 << tance 7 vlan 172, 186, 192, 204-208, 210, 240-241, 251-252, 630, 928
 instance 8 vlan 2009, 2033-2034, 2038, 2054, 2056, 2071, 2075, 2082, 2084
 instance 8 vlan 2097, 2114, 2116, 2124, 2172, 2186, 2192, 2204-2208, 2210
 instance 8 vlan 2240-2241, 2251-
 << 2252, 2630, 2928
 instance 9 vlan 4-5, 12, 18-19, 32, 44, 57, 62, 68, 76, 98-99, 102, 112
 instance 9 vlan 130, 132, 147-148, 158, 212, 226, 236, 500, 505, 510-511
 instance 9 vlan 522, 551-570, 603, 629, 633, 742, 802, 926, 929
 instance 10 vlan 2004
 << -2005, 2012, 2018-2019, 2032, 2044, 2057, 2062, 2068
 instance 10 vlan 2076, 2098-2099, 2102, 2112, 2130, 2132, 2147-2148, 2158
 instance 10 vlan 2212, 2236, 2500, 2505, 2510-2511, 2522, 2603, 2629, 2633
 instance 10 vlan 2802, 2926, 2929
 instance 11
 <<  vlan 8, 43, 52, 146, 156-157, 180, 200, 218
 instance 12 vlan 2008, 2043, 2052, 2146, 2156-2157, 2180, 2200, 2218
!
!
!
!
errdisable recovery cause udld
errdisable recovery cause bpduguard
errdisable recovery cause security-violation
errdisable 
 << recovery cause channel-misconfig (STP)
errdisable recovery cause pagp-flap
errdisable recovery cause dtp-flap
errdisable recovery cause link-flap
errdisable recovery cause sfp-config-mismatch
errdisable recovery cause gbic-invalid
errdisable recover
 << y cause psecure-violation
errdisable recovery cause port-mode-failure
errdisable recovery cause dhcp-rate-limit
errdisable recovery cause pppoe-ia-rate-limit
errdisable recovery cause mac-limit
errdisable recovery cause vmps
errdisable recovery caus
 << e storm-control
errdisable recovery cause inline-power
errdisable recovery cause arp-inspection
errdisable recovery cause loopback
errdisable recovery cause small-frame
errdisable recovery interval 1800
!
vlan internal allocation policy ascending

 << !
!
!
interface FastEthernet0
 no ip address
 shutdown
!
interface GigabitEthernet1/0/1
 switchport access vlan 236
 switchport mode access
 switchport port-security maximum 2
 switchport port-security
 switchport port-security aging time 15

 <<  switchport port-security violation protect
 switchport port-security aging type inactivity
 spanning-tree portfast
!
interface GigabitEthernet1/0/2
 switchport access vlan 236
 switchport mode access
 switchport port-security maximum 2
 switchpor
 << t port-security
 switchport port-security aging time 15
 switchport port-security violation protect
 switchport port-security aging type inactivity
 spanning-tree portfast
!
interface GigabitEthernet1/0/3
 switchport access vlan 236
 switchport mo
 << de access
 switchport port-security maximum 2
 switchport port-security
 switchport port-security aging time 15
 switchport port-security violation protect
 switchport port-security aging type inactivity
 spanning-tree portfast
!
interface Gigabit
 << Ethernet1/0/4
 switchport access vlan 236
 switchport mode access
 switchport port-security maximum 2
 switchport port-security
 switchport port-security aging time 15
 switchport port-security violation protect
 switchport port-security aging type
 <<  inactivity
 spanning-tree portfast
!
interface GigabitEthernet1/0/5
 switchport access vlan 236
 switchport mode access
 switchport port-security maximum 2
 switchport port-security
 switchport port-security aging time 15
 switchport port-securi
 << ty violation protect
 switchport port-security aging type inactivity
 spanning-tree portfast
!
interface GigabitEthernet1/0/6
 switchport access vlan 236
 switchport mode access
 switchport port-security maximum 2
 switchport port-security
 switc
 << hport port-security aging time 15
 switchport port-security violation protect
 switchport port-security aging type inactivity
 spanning-tree portfast
!
interface GigabitEthernet1/0/7
 switchport access vlan 236
 switchport mode access
 switchport 
 << port-security maximum 2
 switchport port-security
 switchport port-security aging time 15
 switchport port-security violation protect
 switchport port-security aging type inactivity
 spanning-tree portfast
!
interface GigabitEthernet1/0/8
 switchp
 << ort access vlan 236
 switchport mode access
 switchport port-security maximum 2
 switchport port-security
 switchport port-security aging time 15
 switchport port-security violation protect
 switchport port-security aging type inactivity
 spanning-
 << tree portfast
!
interface GigabitEthernet1/0/9
 switchport access vlan 236
 switchport mode access
 switchport port-security maximum 2
 switchport port-security
 switchport port-security aging time 15
 switchport port-security violation protect
 
 << switchport port-security aging type inactivity
 spanning-tree portfast
!
interface GigabitEthernet1/0/10
 switchport access vlan 236
 switchport mode access
 switchport port-security maximum 2
 switchport port-security
 switchport port-security ag
 << ing time 15
 switchport port-security violation protect
 switchport port-security aging type inactivity
 spanning-tree portfast
!
interface GigabitEthernet1/0/11
 switchport access vlan 236
 switchport mode access
 switchport port-security maximum
 <<  2
 switchport port-security
 switchport port-security aging time 15
 switchport port-security violation protect
 switchport port-security aging type inactivity
 spanning-tree portfast
!
interface GigabitEthernet1/0/12
 switchport access vlan 236
 << 
 switchport mode access
 switchport port-security maximum 2
 switchport port-security
 switchport port-security aging time 15
 switchport port-security violation protect
 switchport port-security aging type inactivity
 spanning-tree portfast
!
in
 << terface GigabitEthernet1/0/13
 switchport access vlan 236
 switchport mode access
 switchport port-security maximum 2
 switchport port-security
 switchport port-security aging time 15
 switchport port-security violation protect
 switchport port-sec
 << urity aging type inactivity
 spanning-tree portfast
!
interface GigabitEthernet1/0/14
 switchport access vlan 236
 switchport mode access
 switchport port-security maximum 2
 switchport port-security
 switchport port-security aging time 15
 switc
 << hport port-security violation protect
 switchport port-security aging type inactivity
 spanning-tree portfast
!
interface GigabitEthernet1/0/15
 switchport access vlan 236
 switchport mode access
 switchport port-security maximum 2
 switchport por
 << t-security
 switchport port-security aging time 15
 switchport port-security violation protect
 switchport port-security aging type inactivity
 spanning-tree portfast
!
interface GigabitEthernet1/0/16
 switchport access vlan 236
 switchport mode a
 << ccess
 switchport port-security maximum 2
 switchport port-security
 switchport port-security aging time 15
 switchport port-security violation protect
 switchport port-security aging type inactivity
 spanning-tree portfast
!
interface GigabitEthe
 << rnet1/0/17
 switchport access vlan 236
 switchport mode access
 switchport port-security maximum 2
 switchport port-security
 switchport port-security aging time 15
 switchport port-security violation protect
 switchport port-security aging type in
 << activity
 spanning-tree portfast
!
interface GigabitEthernet1/0/18
 switchport access vlan 236
 switchport mode access
 switchport port-security maximum 2
 switchport port-security
 switchport port-security aging time 15
 switchport port-security
 <<  violation protect
 switchport port-security aging type inactivity
 spanning-tree portfast
!
interface GigabitEthernet1/0/19
 switchport access vlan 236
 switchport mode access
 switchport port-security maximum 2
 switchport port-security
 switch
 << port port-security aging time 15
 switchport port-security violation protect
 switchport port-security aging type inactivity
 spanning-tree portfast
!
interface GigabitEthernet1/0/20
 switchport access vlan 236
 switchport mode access
 switchport 
 << port-security maximum 2
 switchport port-security
 switchport port-security aging time 15
 switchport port-security violation protect
 switchport port-security aging type inactivity
 spanning-tree portfast
!
interface GigabitEthernet1/0/21
 switch
 << port access vlan 236
 switchport mode access
 switchport port-security maximum 2
 switchport port-security
 switchport port-security aging time 15
 switchport port-security violation protect
 switchport port-security aging type inactivity
 spanning
 << -tree portfast
!
interface GigabitEthernet1/0/22
 switchport access vlan 236
 switchport mode access
 switchport port-security maximum 2
 switchport port-security
 switchport port-security aging time 15
 switchport port-security violation protect
 << 
 switchport port-security aging type inactivity
 spanning-tree portfast
!
interface GigabitEthernet1/0/23
 switchport access vlan 236
 switchport mode access
 switchport port-security maximum 2
 switchport port-security
 switchport port-security 
 << aging time 15
 switchport port-security violation protect
 switchport port-security aging type inactivity
 spanning-tree portfast
!
interface GigabitEthernet1/0/24
 switchport access vlan 236
 switchport mode access
 switchport port-security maxim
 << um 2
 switchport port-security
 switchport port-security aging time 15
 switchport port-security violation protect
 switchport port-security aging type inactivity
 spanning-tree portfast
!
interface GigabitEthernet1/0/25
 switchport access vlan 23
 << 6
 switchport mode access
 switchport port-security maximum 2
 switchport port-security
 switchport port-security aging time 15
 switchport port-security violation protect
 switchport port-security aging type inactivity
 spanning-tree portfast
!

 << interface GigabitEthernet1/0/26
 switchport access vlan 236
 switchport mode access
 switchport port-security maximum 2
 switchport port-security
 switchport port-security aging time 15
 switchport port-security violation protect
 switchport port-s
 << ecurity aging type inactivity
 spanning-tree portfast
!
interface GigabitEthernet1/0/27
 switchport access vlan 236
 switchport mode access
 switchport port-security maximum 2
 switchport port-security
 switchport port-security aging time 15
 swi
 << tchport port-security violation protect
 switchport port-security aging type inactivity
 spanning-tree portfast
!
interface GigabitEthernet1/0/28
 switchport access vlan 236
 switchport mode access
 switchport port-security maximum 2
 switchport p
 << ort-security
 switchport port-security aging time 15
 switchport port-security violation protect
 switchport port-security aging type inactivity
 spanning-tree portfast
!
interface GigabitEthernet1/0/29
 switchport access vlan 236
 switchport mode
 <<  access
 switchport port-security maximum 2
 switchport port-security
 switchport port-security aging time 15
 switchport port-security violation protect
 switchport port-security aging type inactivity
 spanning-tree portfast
!
interface GigabitEt
 << hernet1/0/30
 switchport access vlan 236
 switchport mode access
 switchport port-security maximum 2
 switchport port-security
 switchport port-security aging time 15
 switchport port-security violation protect
 switchport port-security aging type 
 << inactivity
 spanning-tree portfast
!
interface GigabitEthernet1/0/31
 switchport access vlan 236
 switchport mode access
 switchport port-security maximum 2
 switchport port-security
 switchport port-security aging time 15
 switchport port-securi
 << ty violation protect
 switchport port-security aging type inactivity
 spanning-tree portfast
!
interface GigabitEthernet1/0/32
 switchport access vlan 236
 switchport mode access
 switchport port-security maximum 2
 switchport port-security
 swit
 << chport port-security aging time 15
 switchport port-security violation protect
 switchport port-security aging type inactivity
 spanning-tree portfast
!
interface GigabitEthernet1/0/33
 switchport access vlan 236
 switchport mode access
 switchpor
 << t port-security maximum 2
 switchport port-security
 switchport port-security aging time 15
 switchport port-security violation protect
 switchport port-security aging type inactivity
 spanning-tree portfast
!
interface GigabitEthernet1/0/34
 swit
 << chport access vlan 236
 switchport mode access
 switchport port-security maximum 2
 switchport port-security
 switchport port-security aging time 15
 switchport port-security violation protect
 switchport port-security aging type inactivity
 spanni
 << ng-tree portfast
!
interface GigabitEthernet1/0/35
 switchport access vlan 236
 switchport mode access
 switchport port-security maximum 2
 switchport port-security
 switchport port-security aging time 15
 switchport port-security violation protec
 << t
 switchport port-security aging type inactivity
 spanning-tree portfast
!
interface GigabitEthernet1/0/36
 switchport access vlan 236
 switchport mode access
 switchport port-security maximum 2
 switchport port-security
 switchport port-securit
 << y aging time 15
 switchport port-security violation protect
 switchport port-security aging type inactivity
 spanning-tree portfast
!
interface GigabitEthernet1/0/37
 switchport access vlan 236
 switchport mode access
 switchport port-security max
 << imum 2
 switchport port-security
 switchport port-security aging time 15
 switchport port-security violation protect
 switchport port-security aging type inactivity
 spanning-tree portfast
!
interface GigabitEthernet1/0/38
 switchport access vlan 
 << 236
 switchport mode access
 switchport port-security maximum 2
 switchport port-security
 switchport port-security aging time 15
 switchport port-security violation protect
 switchport port-security aging type inactivity
 spanning-tree portfast
!
 << 
interface GigabitEthernet1/0/39
 switchport access vlan 236
 switchport mode access
 switchport port-security maximum 2
 switchport port-security
 switchport port-security aging time 15
 switchport port-security violation protect
 switchport port
 << -security aging type inactivity
 spanning-tree portfast
!
interface GigabitEthernet1/0/40
 switchport access vlan 236
 switchport mode access
 switchport port-security maximum 2
 switchport port-security
 switchport port-security aging time 15
 s
 << witchport port-security violation protect
 switchport port-security aging type inactivity
 spanning-tree portfast
!
interface GigabitEthernet1/0/41
 switchport access vlan 236
 switchport mode access
 switchport port-security maximum 2
 switchport
 <<  port-security
 switchport port-security aging time 15
 switchport port-security violation protect
 switchport port-security aging type inactivity
 spanning-tree portfast
!
interface GigabitEthernet1/0/42
 switchport access vlan 236
 switchport mo
 << de access
 switchport port-security maximum 2
 switchport port-security
 switchport port-security aging time 15
 switchport port-security violation protect
 switchport port-security aging type inactivity
 spanning-tree portfast
!
interface Gigabit
 << Ethernet1/0/43
 switchport access vlan 236
 switchport mode access
 switchport port-security maximum 2
 switchport port-security
 switchport port-security aging time 15
 switchport port-security violation protect
 switchport port-security aging typ
 << e inactivity
 spanning-tree portfast
!
interface GigabitEthernet1/0/44
 switchport access vlan 236
 switchport mode access
 switchport port-security maximum 2
 switchport port-security
 switchport port-security aging time 15
 switchport port-secu
 << rity violation protect
 switchport port-security aging type inactivity
 spanning-tree portfast
!
interface GigabitEthernet1/0/45
 switchport access vlan 236
 switchport mode access
 switchport port-security maximum 2
 switchport port-security
 sw
 << itchport port-security aging time 15
 switchport port-security violation protect
 switchport port-security aging type inactivity
 spanning-tree portfast
!
interface GigabitEthernet1/0/46
 switchport access vlan 236
 switchport mode access
 switchp
 << ort port-security maximum 2
 switchport port-security
 switchport port-security aging time 15
 switchport port-security violation protect
 switchport port-security aging type inactivity
 spanning-tree portfast
!
interface GigabitEthernet1/0/47
 sw
 << itchport access vlan 236
 switchport mode access
 switchport port-security maximum 2
 switchport port-security
 switchport port-security aging time 15
 switchport port-security violation protect
 switchport port-security aging type inactivity
 span
 << ning-tree portfast
!
interface GigabitEthernet1/0/48
 switchport trunk native vlan 92
 switchport mode trunk
 no keepalive
 ip dhcp snooping trust
!
interface GigabitEthernet1/0/49
 switchport trunk native vlan 92
 switchport mode trunk
 ip dhc
 << p snooping trust
!
interface GigabitEthernet1/0/50
 switchport trunk native vlan 92
 switchport mode trunk
 ip dhcp snooping trust
!
interface GigabitEthernet1/0/51
 switchport trunk native vlan 92
 switchport mode trunk
 ip dhcp snooping trust
 << 
!
interface GigabitEthernet1/0/52
 switchport trunk native vlan 92
 switchport mode trunk
 ip dhcp snooping trust
!
interface Vlan1
 no ip address
 no ip route-cache
 shutdown
!
interface Vlan92
 ip address 10.92.3.28 255.255.0.0
 ip broadca
 << st-address 10.92.255.255
!
ip default-gateway 10.92.0.1
ip http server
ip http secure-server
ip sla enable reaction-alerts
logging facility local1
logging 130.18.8.12
access-list 1 permit 10.92.0.0 0.0.255.255
snmp-server community sysnet RO 1
s
 << nmp-server community c2-b2=a2 RW 1
snmp-server contact 6F-1398
snmp-server enable traps snmp authentication linkdown linkup coldstart warmstart
snmp-server enable traps transceiver all
snmp-server enable traps tty
snmp-server enable traps cluster
sn
 << mp-server enable traps config-copy
snmp-server enable traps config
snmp-server enable traps config-ctid
snmp-server enable traps dot1x auth-fail-vlan guest-vlan no-auth-fail-vlan no-guest-vlan
snmp-server enable traps entity
snmp-server enable traps 
 << power-ethernet group 1
snmp-server enable traps power-ethernet police
snmp-server enable traps cpu threshold
snmp-server enable traps rep
snmp-server enable traps rtr
snmp-server enable traps bridge newroot topologychange
snmp-server enable traps st
 << px inconsistency root-inconsistency loop-inconsistency
snmp-server enable traps syslog
snmp-server enable traps vtp
snmp-server enable traps vlancreate
snmp-server enable traps vlandelete
snmp-server enable traps flash insertion removal
snmp-server 
 << enable traps port-security
snmp-server enable traps envmon fan shutdown supply temperature status
snmp-server enable traps errdisable
snmp-server enable traps mac-notification change move threshold
snmp-server enable traps vlan-membership
!
line con
 <<  0
line vty 0 4
 password 7 11280B00164F074613
 login
line vty 5 15
 password 7 08005E4B0844095D05
 login
!
ntp clock-period 22519226
ntp server 10.92.0.5
end

c29s2.r110.softball#
Expect: matched string 1: #
