trying to use serial port: /dev/ttyUSB0
 >> 
 >> 

Expect: searching for 4 strs:  :[yes/no] :Press RETURN to get started. :# :Switch>
 << 


         --- System Configuration Dialog ---

Enable secret warning
----------------------------------
In order to access the device manager, an enable secret is required
If you enter the initial configuration dialog, you will be prompted for t
 << he enable secret
If you choose not to enter the intial configuration dialog, or if you exit setup without setting the enable secret,
please set an enable secret using the following CLI in configuration mode-
enable secret 0 <cleartext password>
------
 << ----------------------------
Would you like to enter the initial configuration dialog? [yes/no]: 
% Please answer 'yes' or 'no'.
Would you like to enter the initial configuration dialog? [yes/no]: 
% Please answer 'yes' or 'no'.
Would you like to ent
Expect: matched string 1: [yes/no]
 >> 

 >> no

 >> term len 0

Expect: searching for 2 strs:  :# :>
 << er the initial configuration dialog? [yes/no]: 
% Please answer 'yes' or 'no'.
Would you like to enter the initial configuration dialog? [yes/no]: 
% Please answer 'yes' or 'no'.
Would you like to enter the initial configuration dialog? [yes/no]: 
% 
 << Please answer 'yes' or 'no'.
Would you like to enter the initial configuration dialog? [yes/no]: no
Switch>term len 0
Switch>
Expect: matched string 2: >
 >> show version

Expect: searching for 2 strs:  :# :>
 << 
*Mar  1 00:19:11.472: %LINK-5-CHANGED: Interface Vlan1, changed state to administratively down
*Mar  1 00:19:11.472: %LINK-5-CHANGED: Interface FastEthernet0, changed state to administratively downshow version
Cisco IOS Software, C2960S Software (C296
 << 0S-UNIVERSALK9-M), Version 12.2(55)SE8, RELEASE SOFTWARE (fc2)
Technical Support: http://www.cisco.com/techsupport
Copyright (c) 1986-2013 by Cisco Systems, Inc.
Compiled Wed 26-Jun-13 11:40 by prod_rel_team
Image text-base: 0x00003000, data-base: 0x0
 << 1B00000

ROM: Bootstrap program is Alpha board boot loader
BOOTLDR: C2960S Boot Loader (C2960S-HBOOT-M) Version 12.2(55r)SE1, RELEASE SOFTWARE (fc1)

Switch uptime is 19 minutes
System returned to ROM by power-on
System image file is "flash:/c2960s
 << -universalk9-mz.122-55.SE8/c2960s-universalk9-mz.122-55.SE8.bin"


This product contains cryptographic features and is subject to United
States and local country laws governing import, export, transfer and
use. Delivery of Cisco cryptographic product
 << s does not imply
third-party authority to import, export, distribute or use encryption.
Importers, exporters, distributors and users are responsible for
compliance with U.S. and local country laws. By using this product you
agree to comply with applic
 << able laws and regulations. If you are unable
to comply with U.S. and local laws, return this product immediately.

A summary of U.S. laws governing Cisco cryptographic products may be found at:
http://www.cisco.com/wwl/export/crypto/tool/stqrg.html

 << 
If you require further assistance please contact us by sending email to
export@cisco.com.

cisco WS-C2960S-48TS-L (PowerPC) processor (revision Q0) with 131072K bytes of memory.
Processor board ID FOC1843W7EN
Last reset from power-on
1 Virtual Ethe
 << rnet interface
1 FastEthernet interface
52 Gigabit Ethernet interfaces
The password-recovery mechanism is enabled.

512K bytes of flash-simulated non-volatile configuration memory.
Base ethernet MAC Address       : 5C:FC:66:FD:63:80
Motherboard ass
 << embly number     : 73-11909-10
Power supply part number        : 341-0327-06
Motherboard serial number       : FOC18434SBW
Power supply serial number      : LIT18410XKQ
Model revision number           : Q0
Motherboard revision number     : A0
Model 
 << number                    : WS-C2960S-48TS-L
Daughterboard assembly number   : 73-11933-04
Daughterboard serial number     : FOC1842893W
System serial number            : FOC1843W7EN
Top Assembly Part Number        : 800-30950-07
Top Assembly Revisio
 << n Number    : C0
Version ID                      : V07
CLEI Code Number                : CMML510ARA
Daughterboard revision number   : A0
Hardware Board Revision Number  : 0x01


Switch Ports Model              SW Version            SW Image        
 <<          
------ ----- -----              ----------            ----------               
*    1 52    WS-C2960S-48TS-L   12.2(55)SE8           C2960S-UNIVERSALK9-M     


Configuration register is 0xF

Switch>
Expect: matched string 2: >
 >> write mem

Expect: searching for 2 strs:  :# :>
 << write mem
        ^
% Invalid input detected at '^' marker.

Switch>
Expect: matched string 2: >
 >> enable

Expect: searching for 2 strs:  :Password: :#
 << enable
Switch#
Expect: matched string 2: #
 >> wr erase
 >> 

 >> reload

Expect: searching for 2 strs:  :# :>
 << wr erase
Erasing the nvram filesystem will remove all configuration files! Continue? [confirm]
[OK]
Erase of nvram: complete
Switch#reload
Proceed with reload? [confirm]
Expect: matched string 1: #
Expect: searching for 1 strs:  :Save?
 << 
*Mar  1 00:19:26.252: %SYS-7-NV_BLOCK_INIT: Initialized the geometry of nvram
 << 
 << 
 << 
 << 
Expect: did not match any strings!
...

*Mar  1 00:19:26.252: %SYS-7-NV_BLOCK_INIT: Initialized the geometry of nvram
...

 >> 

