trying to use serial port: /dev/ttyUSB1
 >> 
 >> 

Expect: searching for 4 strs:  :[yes/no] :Press RETURN to get started. :# :Switch>
 << 
c29s2.rl2418.wise#
c29s2.rl2418.wise#
c29s2.rl2418.wise#
c29s2.rl2418.wise#
Expect: matched string 3: #
 >> term len 0

Expect: searching for 2 strs:  :# :>
 << term len 0
c29s2.rl2418.wise#
Expect: matched string 1: #
 >> show version

Expect: searching for 2 strs:  :# :>
 << show version
Cisco IOS Software, C2960 Software (C2960-LANBASEK9-M), Version 12.2(46)SE, RELEASE SOFTWARE (fc2)
Copyright (c) 1986-2008 by Cisco Systems, Inc.
Compiled Thu 21-Aug-08 15:59 by nachen
Image text-base: 0x00003000, data-base: 0x01200000

 << 
ROM: Bootstrap program is C2960 boot loader
BOOTLDR: C2960 Boot Loader (C2960-HBOOT-M) Version 12.2(25r)SEE1, RELEASE SOFTWARE (fc1)

c29s2.rl2418.wise uptime is 33 minutes
System returned to ROM by power-on
System image file is "flash:c2960-lanbase
 << k9-mz.122-46.SE.bin"


This product contains cryptographic features and is subject to United
States and local country laws governing import, export, transfer and
use. Delivery of Cisco cryptographic products does not imply
third-party authority to i
 << mport, export, distribute or use encryption.
Importers, exporters, distributors and users are responsible for
compliance with U.S. and local country laws. By using this product you
agree to comply with applicable laws and regulations. If you are unable
 << 
to comply with U.S. and local laws, return this product immediately.

A summary of U.S. laws governing Cisco cryptographic products may be found at:
http://www.cisco.com/wwl/export/crypto/tool/stqrg.html

If you require further assistance please co
 << ntact us by sending email to
export@cisco.com.

cisco WS-C2960G-24TC-L (PowerPC405) processor (revision E0) with 61440K/4088K bytes of memory.
Processor board ID FOC1239Z0VR
Last reset from power-on
2 Virtual Ethernet interfaces
24 Gigabit Ethernet
 <<  interfaces
The password-recovery mechanism is enabled.

64K bytes of flash-simulated non-volatile configuration memory.
Base ethernet MAC Address       : 00:23:34:F6:B7:00
Motherboard assembly number     : 73-10015-06
Power supply part number      
 <<   : 341-0098-02
Motherboard serial number       : FOC12390DNE
Power supply serial number      : AZS123116TF
Model revision number           : E0
Motherboard revision number     : A0
Model number                    : WS-C2960G-24TC-L
System serial nu
 << mber            : FOC1239Z0VR
Top Assembly Part Number        : 800-26673-03
Top Assembly Revision Number    : B0
Version ID                      : V03
CLEI Code Number                : COM3G00BRB
Hardware Board Revision Number  : 0x01


Switch Po
 << rts Model              SW Version            SW Image                 
------ ----- -----              ----------            ----------               
*    1 24    WS-C2960G-24TC-L   12.2(46)SE            C2960-LANBASEK9-M        


Configuration reg
 << ister is 0xF

c29s2.rl2418.wise#
Expect: matched string 1: #
 >> 

Expect: searching for 4 strs:  :[yes/no] :Press RETURN to get started. :# :Switch>
 << 
c29s2.rl2418.wise#
c29s2.rl2418.wise#
Expect: matched string 3: #
 >> show version

Expect: searching for 2 strs:  :# :>
 << show version
Cisco IOS Software, C2960 Software (C2960-LANBASEK9-M), Version 12.2(46)SE, RELEASE SOFTWARE (fc2)
Copyright (c) 1986-2008 by Cisco Systems, Inc.
Compiled Thu 21-Aug-08 15:59 by nachen
Image text-base: 0x00003000, data-base: 0x01200000

 << 
ROM: Bootstrap program is C2960 boot loader
BOOTLDR: C2960 Boot Loader (C2960-HBOOT-M) Version 12.2(25r)SEE1, RELEASE SOFTWARE (fc1)

c29s2.rl2418.wise uptime is 36 minutes
System returned to ROM by power-on
System image file is "flash:c2960-lanbase
 << k9-mz.122-46.SE.bin"


This product contains cryptographic features and is subject to United
States and local country laws governing import, export, transfer and
use. Delivery of Cisco cryptographic products does not imply
third-party authority to i
 << mport, export, distribute or use encryption.
Importers, exporters, distributors and users are responsible for
compliance with U.S. and local country laws. By using this product you
agree to comply with applicable laws and regulations. If you are unable
 << 
to comply with U.S. and local laws, return this product immediately.

A summary of U.S. laws governing Cisco cryptographic products may be found at:
http://www.cisco.com/wwl/export/crypto/tool/stqrg.html

If you require further assistance please co
 << ntact us by sending email to
export@cisco.com.

cisco WS-C2960G-24TC-L (PowerPC405) processor (revision E0) with 61440K/4088K bytes of memory.
Processor board ID FOC1239Z0VR
Last reset from power-on
2 Virtual Ethernet interfaces
24 Gigabit Ethernet
 <<  interfaces
The password-recovery mechanism is enabled.

64K bytes of flash-simulated non-volatile configuration memory.
Base ethernet MAC Address       : 00:23:34:F6:B7:00
Motherboard assembly number     : 73-10015-06
Power supply part number      
 <<   : 341-0098-02
Motherboard serial number       : FOC12390DNE
Power supply serial number      : AZS123116TF
Model revision number           : E0
Motherboard revision number     : A0
Model number                    : WS-C2960G-24TC-L
System serial nu
 << mber            : FOC1239Z0VR
Top Assembly Part Number        : 800-26673-03
Top Assembly Revision Number    : B0
Version ID                      : V03
CLEI Code Number                : COM3G00BRB
Hardware Board Revision Number  : 0x01


Switch Po
 << rts Model              SW Version            SW Image                 
------ ----- -----              ----------            ----------               
*    1 24    WS-C2960G-24TC-L   12.2(46)SE            C2960-LANBASEK9-M        


Configuration reg
 << ister is 0xF

c29s2.rl2418.wise#
Expect: matched string 1: #
