trying to use serial port: /dev/ttyUSB0
 >> 
 >> 

Expect: searching for 4 strs:  :[yes/no] :Press RETURN to get started. :# :Switch>
 << 
Switch>
Switch>
Switch>
Switch>
Expect: matched string 4: Switch>
 >> term len 0

Expect: searching for 2 strs:  :# :>
 << term len 0
Switch>
Expect: matched string 2: >
 >> show version

Expect: searching for 2 strs:  :# :>
 << show version
Cisco Internetwork Operating System Software 
IOS (tm) C3500XL Software (C3500XL-C3H2S-M), Version 12.0(5)WC10, RELEASE SOFTWARE (fc1)
Copyright (c) 1986-2004 by cisco Systems, Inc.
Compiled Fri 28-May-04 09:19 by antonino
Image text-bas
 << e: 0x00003000, data-base: 0x00351754

ROM: Bootstrap program is C3500XL boot loader

Switch uptime is 0 minutes
System returned to ROM by power-on
System image file is "flash:c3500xl-c3h2s-mz.120-5.WC10.bin"


cisco WS-C3524-XL (PowerPC403) proce
 << ssor (revision 0x01) with 8192K/1024K bytes of memory.
Processor board ID FAB0607P05Y, with hardware revision 0x00
Last reset from power-on

Processor is running Enterprise Edition Software
Cluster command switch capable
Cluster member switch capabl
 << e
24 FastEthernet/IEEE 802.3 interface(s)
2 Gigabit Ethernet/IEEE 802.3 interface(s)

32K bytes of flash-simulated non-volatile configuration memory.
Base ethernet MAC Address: 00:08:E3:A0:33:40
Motherboard assembly number: 73-3904-13
Power supply 
 << part number: 34-0851-02
Motherboard serial number: FAB060712N0
Power supply serial number: PHI05490259
Model revision number: A0
Motherboard revision number: A1
Model number: WS-C3524-XL-EN
System serial number: FAB0607P05Y
Configuration register i
 << s 0xF

Switch>
Expect: matched string 2: >
 >> enable

Expect: searching for 2 strs:  :Password: :#
 << enable
Switch#
Expect: matched string 2: #
 >> sh license udi

Expect: searching for 2 strs:  :# :>
 << sh license udi
            ^
% Invalid input detected at '^' marker.

Switch#
Expect: matched string 1: #
