trying to use serial port: /dev/ttyUSB0
 >> 
 >> 

Expect: searching for 4 strs:  :[yes/no] :Press RETURN to get started. :# :Switch>
 << 
c29s1p.r100.daviswade#
c29s1p.r100.daviswade#
c29s1p.r100.daviswade#
c29s1p.r100.daviswade#
Expect: matched string 3: #
 >> term len 0

Expect: searching for 2 strs:  :# :>
 << term len 0
c29s1p.r100.daviswade#
Expect: matched string 1: #
 >> show version

Expect: searching for 2 strs:  :# :>
 << show version
Cisco IOS Software, C2960X Software (C2960X-UNIVERSALK9-M), Version 15.0(2a)EX5, RELEASE SOFTWARE (fc3)
Technical Support: http://www.cisco.com/techsupport
Copyright (c) 1986-2015 by Cisco Systems, Inc.
Compiled Mon 16-Feb-15 08:16 by pro
 << d_rel_team

ROM: Bootstrap program is C2960X boot loader
BOOTLDR: C2960X Boot Loader (C2960X-HBOOT-M) Version 15.2(2r)E2, RELEASE SOFTWARE (fc1)

c29s1p.r100.daviswade uptime is 38 minutes
System returned to ROM by power-on
System restarted at 09:2
 << 6:08 CDT Mon Apr 4 2016
System image file is "flash:/c2960x-universalk9-mz.150-2a.EX5/c2960x-universalk9-mz.150-2a.EX5.bin"


This product contains cryptographic features and is subject to United
States and local country laws governing import, export
 << , transfer and
use. Delivery of Cisco cryptographic products does not imply
third-party authority to import, export, distribute or use encryption.
Importers, exporters, distributors and users are responsible for
compliance with U.S. and local country 
 << laws. By using this product you
agree to comply with applicable laws and regulations. If you are unable
to comply with U.S. and local laws, return this product immediately.

A summary of U.S. laws governing Cisco cryptographic products may be found at
 << :
http://www.cisco.com/wwl/export/crypto/tool/stqrg.html

If you require further assistance please contact us by sending email to
export@cisco.com.

cisco WS-C2960X-48FPS-L (APM86XXX) processor (revision J0) with 524288K bytes of memory.
Processor 
 << board ID FCW1943B12J
Last reset from power-on
2 Virtual Ethernet interfaces
1 FastEthernet interface
52 Gigabit Ethernet interfaces
The password-recovery mechanism is enabled.

512K bytes of flash-simulated non-volatile configuration memory.
Base 
 << ethernet MAC Address       : 18:8B:45:97:4A:00
Motherboard assembly number     : 73-15969-02
Power supply part number        : 341-0527-01
Motherboard serial number       : FOC19427YS4
Power supply serial number      : DCB193968JB
Model revision numb
 << er           : J0
Motherboard revision number     : D0
Model number                    : WS-C2960X-48FPS-L
Daughterboard assembly number   : 73-14200-03
Daughterboard serial number     : FOC1943239L
System serial number            : FCW1943B12J
Top 
 << Assembly Part Number        : 800-41466-01
Top Assembly Revision Number    : F0
Version ID                      : V02
CLEI Code Number                : CMMLN00ARB
Daughterboard revision number   : A0
Hardware Board Revision Number  : 0x12


Switch
 <<  Ports Model              SW Version            SW Image                 
------ ----- -----              ----------            ----------               
*    1 52    WS-C2960X-48FPS-L  15.0(2a)EX5           C2960X-UNIVERSALK9-M     


Configuration 
 << register is 0xF

c29s1p.r100.daviswade#
Expect: matched string 1: #
 >> enable

Expect: searching for 2 strs:  :Password: :#
 << enable
c29s1p.r100.daviswade#
Expect: matched string 2: #
 >> sh run

Expect: searching for 2 strs:  :# :>
 << sh run
Building configuration...

Current configuration : 21975 bytes
!
! Last configuration change at 10:01:52 CDT Mon Apr 4 2016
! NVRAM config last updated at 10:01:54 CDT Mon Apr 4 2016
!
version 15.0
no service pad
service timestamps debug 
 << datetime localtime
service timestamps log datetime localtime
service password-encryption
!
hostname c29s1p.r100.daviswade
!
boot-start-marker
boot-end-marker
!
enable secret 5 $1$wh8B$aWv4frfRLru2.fiRCXXLB/
enable password 7 153319090577276E3F

 << !
no aaa new-model
clock timezone CST -6 0
clock summer-time CDT recurring
switch 1 provision ws-c2960x-48fps-l
authentication mac-move permit
!
!
ip dhcp snooping vlan 236
ip dhcp snooping
ip domain-name mgmt.msstate.edu
ip name-server 130.18.
 << 80.12
!
!
crypto pki trustpoint TP-self-signed-1167542784
 enrollment selfsigned
 subject-name cn=IOS-Self-Signed-Certificate-1167542784
 revocation-check none
 rsakeypair TP-self-signed-1167542784
!
!
crypto pki certificate chain TP-self-signed
 << -1167542784
 certificate self-signed 01
  3082022B 30820194 A0030201 02020101 300D0609 2A864886 F70D0101 05050030 
  31312F30 2D060355 04031326 494F532D 53656C66 2D536967 6E65642D 43657274 
  69666963 6174652D 31313637 35343237 3834301E 170D3136 30343
 << 034 31353030 
  34365A17 0D323030 31303130 30303030 305A3031 312F302D 06035504 03132649 
  4F532D53 656C662D 5369676E 65642D43 65727469 66696361 74652D31 31363735 
  34323738 3430819F 300D0609 2A864886 F70D0101 01050003 818D0030 81890281 
  8100AECC 1
 << 8331707 10AE4C5A BC9B0455 F504ED9B 44832F53 585A5BF5 7B8BC0FC 
  B65109C3 F1B9B96E 4D74A192 EB986A57 2BF614D8 F32BA7C3 9132B477 72BFB429 
  5E5F5AEB 4F4ED4B1 96685301 2269BF99 4D130AF4 1661AD2E 8A9662E5 9289726C 
  532BAB57 7DB6D565 BD04D94F B450C78C 3
 << 8AFEEC6 C831825D 016343C3 3E4D73A8 
  93E30203 010001A3 53305130 0F060355 1D130101 FF040530 030101FF 301F0603 
  551D2304 18301680 14673630 DF0A3809 AFAF2880 B795365E 413B2725 81301D06 
  03551D0E 04160414 673630DF 0A3809AF AF2880B7 95365E41 3B272581 3
 << 00D0609 
  2A864886 F70D0101 05050003 818100A5 6C58CA35 934ED4FE 329F89B1 34F91B48 
  438D1C5E E6A4B86F 7C6EF5BD 6A61EDEE 75D3ECD9 A524E823 B8BC7634 E9CBDDC9 
  58DA862D 73FFAB78 FF67E0BD 60036C89 ED667F26 74BBB538 2BAFBAED 6CBE9B51 
  9CFE8FCD 129D04
 << B5 7E7A5D25 7D26893F FF83268A 038475B1 C2D0CB66 446496A4 
  C55EBF71 6637439C 8A67D020 762038
  	quit
!
spanning-tree mode mst
spanning-tree portfast bpduguard default
spanning-tree extend system-id
!
spanning-tree mst configuration
 name msstate
 << 
 revision 1
 instance 1 vlan 2, 7, 11, 20, 22, 24, 31, 35, 37, 39-40, 50, 60, 63, 70
 instance 1 vlan 78, 80, 86, 91, 96, 104, 110, 126, 136, 140, 152, 160
 instance 1 vlan 162-163, 168, 189, 194, 202, 220, 222, 230, 232, 242, 246
 instance 1 vlan 2
 << 56, 611-612, 654, 741, 996, 999
 instance 2 vlan 2002, 2007, 2011, 2020, 2022, 2024, 2031, 2035, 2037, 2039-2040
 instance 2 vlan 2050, 2060, 2063, 2070, 2080, 2086, 2096, 2104, 2110, 2126
 instance 2 vlan 2136, 2140, 2152, 2160, 2162-2163, 2168, 2189,
 <<  2194, 2202
 instance 2 vlan 2220, 2222, 2232, 2242, 2246, 2611-2612, 2654, 2999
 instance 3 vlan 42, 51, 59, 64, 66, 69, 72, 108, 113, 128, 144, 176, 196
 instance 3 vlan 244, 248, 927
 instance 4 vlan 2042, 2051, 2059, 2064, 2066, 2069, 2072, 2108, 
 << 2113, 2128
 instance 4 vlan 2144, 2176, 2196, 2244, 2248, 2927
 instance 5 vlan 16, 48, 58, 88, 121, 131, 133-134, 216, 228
 instance 6 vlan 2016, 2048, 2058, 2088, 2121, 2131, 2133-2134, 2216, 2228
 instance 7 vlan 9, 33-34, 38, 54, 56, 71, 75, 82, 8
 << 4, 97, 114, 116, 124
 instance 7 vlan 172, 186, 192, 204-208, 210, 240-241, 251-252, 630, 928
 instance 8 vlan 2009, 2033-2034, 2038, 2054, 2056, 2071, 2075, 2082, 2084
 instance 8 vlan 2097, 2114, 2116, 2124, 2172, 2186, 2192, 2204-2208, 2210
 instan
 << ce 8 vlan 2240-2241, 2251-2252, 2630, 2928
 instance 9 vlan 4-5, 12, 18-19, 32, 44, 57, 62, 68, 76, 98-99, 102, 112
 instance 9 vlan 130, 132, 147-148, 158, 212, 226, 236, 500, 505, 510-511
 instance 9 vlan 522, 551-570, 603, 629, 633, 742, 802, 926, 9
 << 29
 instance 10 vlan 2004-2005, 2012, 2018-2019, 2032, 2044, 2057, 2062, 2068
 instance 10 vlan 2076, 2098-2099, 2102, 2112, 2130, 2132, 2147-2148, 2158
 instance 10 vlan 2212, 2236, 2500, 2505, 2510-2511, 2522, 2603, 2629, 2633
 instance 10 vlan 2802
 << , 2926, 2929
 instance 11 vlan 8, 43, 52, 146, 156-157, 180, 200, 218
 instance 12 vlan 2008, 2043, 2052, 2146, 2156-2157, 2180, 2200, 2218
!
!
!
!
!
!
errdisable recovery cause udld
errdisable recovery cause bpduguard
errdisable recovery cause
 <<  security-violation
errdisable recovery cause channel-misconfig (STP)
errdisable recovery cause pagp-flap
errdisable recovery cause dtp-flap
errdisable recovery cause link-flap
errdisable recovery cause sfp-config-mismatch
errdisable recovery cause 
 << gbic-invalid
errdisable recovery cause psecure-violation
errdisable recovery cause port-mode-failure
errdisable recovery cause dhcp-rate-limit
errdisable recovery cause pppoe-ia-rate-limit
errdisable recovery cause mac-limit
errdisable recovery caus
 << e vmps
errdisable recovery cause storm-control
errdisable recovery cause inline-power
errdisable recovery cause arp-inspection
errdisable recovery cause loopback
errdisable recovery cause small-frame
errdisable recovery cause psp
errdisable recover
 << y interval 1800
!
vlan internal allocation policy ascending
!
!
!
!
!
!
interface FastEthernet0
 no ip address
 shutdown
!
interface GigabitEthernet1/0/1
 switchport access vlan 236
 switchport mode access
 switchport port-security maximum
 <<  2
 switchport port-security
 switchport port-security aging time 15
 switchport port-security violation protect
 switchport port-security aging type inactivity
 spanning-tree portfast
!
interface GigabitEthernet1/0/2
 switchport access vlan 236

 <<  switchport mode access
 switchport port-security maximum 2
 switchport port-security
 switchport port-security aging time 15
 switchport port-security violation protect
 switchport port-security aging type inactivity
 spanning-tree portfast
!
int
 << erface GigabitEthernet1/0/3
 switchport access vlan 236
 switchport mode access
 switchport port-security maximum 2
 switchport port-security
 switchport port-security aging time 15
 switchport port-security violation protect
 switchport port-secur
 << ity aging type inactivity
 spanning-tree portfast
!
interface GigabitEthernet1/0/4
 switchport access vlan 236
 switchport mode access
 switchport port-security maximum 2
 switchport port-security
 switchport port-security aging time 15
 switchpo
 << rt port-security violation protect
 switchport port-security aging type inactivity
 spanning-tree portfast
!
interface GigabitEthernet1/0/5
 switchport access vlan 236
 switchport mode access
 switchport port-security maximum 2
 switchport port-se
 << curity
 switchport port-security aging time 15
 switchport port-security violation protect
 switchport port-security aging type inactivity
 spanning-tree portfast
!
interface GigabitEthernet1/0/6
 switchport access vlan 236
 switchport mode access
 << 
 switchport port-security maximum 2
 switchport port-security
 switchport port-security aging time 15
 switchport port-security violation protect
 switchport port-security aging type inactivity
 spanning-tree portfast
!
interface GigabitEthernet1
 << /0/7
 switchport access vlan 236
 switchport mode access
 switchport port-security maximum 2
 switchport port-security
 switchport port-security aging time 15
 switchport port-security violation protect
 switchport port-security aging type inactivi
 << ty
 spanning-tree portfast
!
interface GigabitEthernet1/0/8
 switchport access vlan 236
 switchport mode access
 switchport port-security maximum 2
 switchport port-security
 switchport port-security aging time 15
 switchport port-security violat
 << ion protect
 switchport port-security aging type inactivity
 spanning-tree portfast
!
interface GigabitEthernet1/0/9
 switchport access vlan 236
 switchport mode access
 switchport port-security maximum 2
 switchport port-security
 switchport por
 << t-security aging time 15
 switchport port-security violation protect
 switchport port-security aging type inactivity
 spanning-tree portfast
!
interface GigabitEthernet1/0/10
 switchport access vlan 236
 switchport mode access
 switchport port-sec
 << urity maximum 2
 switchport port-security
 switchport port-security aging time 15
 switchport port-security violation protect
 switchport port-security aging type inactivity
 spanning-tree portfast
!
interface GigabitEthernet1/0/11
 switchport acc
 << ess vlan 236
 switchport mode access
 switchport port-security maximum 2
 switchport port-security
 switchport port-security aging time 15
 switchport port-security violation protect
 switchport port-security aging type inactivity
 spanning-tree po
 << rtfast
!
interface GigabitEthernet1/0/12
 switchport access vlan 236
 switchport mode access
 switchport port-security maximum 2
 switchport port-security
 switchport port-security aging time 15
 switchport port-security violation protect
 switch
 << port port-security aging type inactivity
 spanning-tree portfast
!
interface GigabitEthernet1/0/13
 switchport access vlan 236
 switchport mode access
 switchport port-security maximum 2
 switchport port-security
 switchport port-security aging ti
 << me 15
 switchport port-security violation protect
 switchport port-security aging type inactivity
 spanning-tree portfast
!
interface GigabitEthernet1/0/14
 switchport access vlan 236
 switchport mode access
 switchport port-security maximum 2
 s
 << witchport port-security
 switchport port-security aging time 15
 switchport port-security violation protect
 switchport port-security aging type inactivity
 spanning-tree portfast
!
interface GigabitEthernet1/0/15
 switchport access vlan 236
 swit
 << chport mode access
 switchport port-security maximum 2
 switchport port-security
 switchport port-security aging time 15
 switchport port-security violation protect
 switchport port-security aging type inactivity
 spanning-tree portfast
!
interfac
 << e GigabitEthernet1/0/16
 switchport access vlan 236
 switchport mode access
 switchport port-security maximum 2
 switchport port-security
 switchport port-security aging time 15
 switchport port-security violation protect
 switchport port-security 
 << aging type inactivity
 spanning-tree portfast
!
interface GigabitEthernet1/0/17
 switchport access vlan 236
 switchport mode access
 switchport port-security maximum 2
 switchport port-security
 switchport port-security aging time 15
 switchport 
 << port-security violation protect
 switchport port-security aging type inactivity
 spanning-tree portfast
!
interface GigabitEthernet1/0/18
 switchport access vlan 236
 switchport mode access
 switchport port-security maximum 2
 switchport port-secu
 << rity
 switchport port-security aging time 15
 switchport port-security violation protect
 switchport port-security aging type inactivity
 spanning-tree portfast
!
interface GigabitEthernet1/0/19
 switchport access vlan 236
 switchport mode access
 << 
 switchport port-security maximum 2
 switchport port-security
 switchport port-security aging time 15
 switchport port-security violation protect
 switchport port-security aging type inactivity
 spanning-tree portfast
!
interface GigabitEthernet1/
 << 0/20
 switchport access vlan 236
 switchport mode access
 switchport port-security maximum 2
 switchport port-security
 switchport port-security aging time 15
 switchport port-security violation protect
 switchport port-security aging type inactivi
 << ty
 spanning-tree portfast
!
interface GigabitEthernet1/0/21
 switchport access vlan 236
 switchport mode access
 switchport port-security maximum 2
 switchport port-security
 switchport port-security aging time 15
 switchport port-security viola
 << tion protect
 switchport port-security aging type inactivity
 spanning-tree portfast
!
interface GigabitEthernet1/0/22
 switchport access vlan 236
 switchport mode access
 switchport port-security maximum 2
 switchport port-security
 switchport p
 << ort-security aging time 15
 switchport port-security violation protect
 switchport port-security aging type inactivity
 spanning-tree portfast
!
interface GigabitEthernet1/0/23
 switchport access vlan 236
 switchport mode access
 switchport port-s
 << ecurity maximum 2
 switchport port-security
 switchport port-security aging time 15
 switchport port-security violation protect
 switchport port-security aging type inactivity
 spanning-tree portfast
!
interface GigabitEthernet1/0/24
 switchport a
 << ccess vlan 236
 switchport mode access
 switchport port-security maximum 2
 switchport port-security
 switchport port-security aging time 15
 switchport port-security violation protect
 switchport port-security aging type inactivity
 spanning-tree 
 << portfast
!
interface GigabitEthernet1/0/25
 switchport access vlan 236
 switchport mode access
 switchport port-security maximum 2
 switchport port-security
 switchport port-security aging time 15
 switchport port-security violation protect
 swit
 << chport port-security aging type inactivity
 spanning-tree portfast
!
interface GigabitEthernet1/0/26
 switchport access vlan 236
 switchport mode access
 switchport port-security maximum 2
 switchport port-security
 switchport port-security aging 
 << time 15
 switchport port-security violation protect
 switchport port-security aging type inactivity
 spanning-tree portfast
!
interface GigabitEthernet1/0/27
 switchport access vlan 236
 switchport mode access
 switchport port-security maximum 2

 <<  switchport port-security
 switchport port-security aging time 15
 switchport port-security violation protect
 switchport port-security aging type inactivity
 spanning-tree portfast
!
interface GigabitEthernet1/0/28
 switchport access vlan 236
 sw
 << itchport mode access
 switchport port-security maximum 2
 switchport port-security
 switchport port-security aging time 15
 switchport port-security violation protect
 switchport port-security aging type inactivity
 spanning-tree portfast
!
interf
 << ace GigabitEthernet1/0/29
 switchport access vlan 236
 switchport mode access
 switchport port-security maximum 2
 switchport port-security
 switchport port-security aging time 15
 switchport port-security violation protect
 switchport port-securit
 << y aging type inactivity
 spanning-tree portfast
!
interface GigabitEthernet1/0/30
 switchport access vlan 236
 switchport mode access
 switchport port-security maximum 2
 switchport port-security
 switchport port-security aging time 15
 switchpor
 << t port-security violation protect
 switchport port-security aging type inactivity
 spanning-tree portfast
!
interface GigabitEthernet1/0/31
 switchport access vlan 236
 switchport mode access
 switchport port-security maximum 2
 switchport port-se
 << curity
 switchport port-security aging time 15
 switchport port-security violation protect
 switchport port-security aging type inactivity
 spanning-tree portfast
!
interface GigabitEthernet1/0/32
 switchport access vlan 236
 switchport mode acces
 << s
 switchport port-security maximum 2
 switchport port-security
 switchport port-security aging time 15
 switchport port-security violation protect
 switchport port-security aging type inactivity
 spanning-tree portfast
!
interface GigabitEthernet
 << 1/0/33
 switchport access vlan 236
 switchport mode access
 switchport port-security maximum 2
 switchport port-security
 switchport port-security aging time 15
 switchport port-security violation protect
 switchport port-security aging type inacti
 << vity
 spanning-tree portfast
!
interface GigabitEthernet1/0/34
 switchport access vlan 236
 switchport mode access
 switchport port-security maximum 2
 switchport port-security
 switchport port-security aging time 15
 switchport port-security vio
 << lation protect
 switchport port-security aging type inactivity
 spanning-tree portfast
!
interface GigabitEthernet1/0/35
 switchport access vlan 236
 switchport mode access
 switchport port-security maximum 2
 switchport port-security
 switchport
 <<  port-security aging time 15
 switchport port-security violation protect
 switchport port-security aging type inactivity
 spanning-tree portfast
!
interface GigabitEthernet1/0/36
 switchport access vlan 236
 switchport mode access
 switchport port
 << -security maximum 2
 switchport port-security
 switchport port-security aging time 15
 switchport port-security violation protect
 switchport port-security aging type inactivity
 spanning-tree portfast
!
interface GigabitEthernet1/0/37
 switchport
 <<  access vlan 236
 switchport mode access
 switchport port-security maximum 2
 switchport port-security
 switchport port-security aging time 15
 switchport port-security violation protect
 switchport port-security aging type inactivity
 spanning-tre
 << e portfast
!
interface GigabitEthernet1/0/38
 switchport access vlan 236
 switchport mode access
 switchport port-security maximum 2
 switchport port-security
 switchport port-security aging time 15
 switchport port-security violation protect
 sw
 << itchport port-security aging type inactivity
 spanning-tree portfast
!
interface GigabitEthernet1/0/39
 switchport access vlan 236
 switchport mode access
 switchport port-security maximum 2
 switchport port-security
 switchport port-security agin
 << g time 15
 switchport port-security violation protect
 switchport port-security aging type inactivity
 spanning-tree portfast
!
interface GigabitEthernet1/0/40
 switchport access vlan 236
 switchport mode access
 switchport port-security maximum 2
 << 
 switchport port-security
 switchport port-security aging time 15
 switchport port-security violation protect
 switchport port-security aging type inactivity
 spanning-tree portfast
!
interface GigabitEthernet1/0/41
 switchport access vlan 236
 
 << switchport mode access
 switchport port-security maximum 2
 switchport port-security
 switchport port-security aging time 15
 switchport port-security violation protect
 switchport port-security aging type inactivity
 spanning-tree portfast
!
inte
 << rface GigabitEthernet1/0/42
 switchport access vlan 236
 switchport mode access
 switchport port-security maximum 2
 switchport port-security
 switchport port-security aging time 15
 switchport port-security violation protect
 switchport port-secur
 << ity aging type inactivity
 spanning-tree portfast
!
interface GigabitEthernet1/0/43
 switchport access vlan 236
 switchport mode access
 switchport port-security maximum 2
 switchport port-security
 switchport port-security aging time 15
 switchp
 << ort port-security violation protect
 switchport port-security aging type inactivity
 spanning-tree portfast
!
interface GigabitEthernet1/0/44
 switchport access vlan 236
 switchport mode access
 switchport port-security maximum 2
 switchport port-
 << security
 switchport port-security aging time 15
 switchport port-security violation protect
 switchport port-security aging type inactivity
 spanning-tree portfast
!
interface GigabitEthernet1/0/45
 switchport access vlan 236
 switchport mode acc
 << ess
 switchport port-security maximum 2
 switchport port-security
 switchport port-security aging time 15
 switchport port-security violation protect
 switchport port-security aging type inactivity
 spanning-tree portfast
!
interface GigabitEthern
 << et1/0/46
 switchport access vlan 236
 switchport mode access
 switchport port-security maximum 2
 switchport port-security
 switchport port-security aging time 15
 switchport port-security violation protect
 switchport port-security aging type inac
 << tivity
 spanning-tree portfast
!
interface GigabitEthernet1/0/47
 switchport access vlan 236
 switchport mode access
 switchport port-security maximum 2
 switchport port-security
 switchport port-security aging time 15
 switchport port-security v
 << iolation protect
 switchport port-security aging type inactivity
 spanning-tree portfast
!
interface GigabitEthernet1/0/48
 switchport access vlan 236
 switchport mode access
 switchport port-security maximum 2
 switchport port-security
 switchpo
 << rt port-security aging time 15
 switchport port-security violation protect
 switchport port-security aging type inactivity
 spanning-tree portfast
!
interface GigabitEthernet1/0/49
 switchport trunk native vlan 92
 switchport mode trunk
 ip dhcp s
 << nooping trust
!
interface GigabitEthernet1/0/50
 switchport trunk native vlan 92
 switchport mode trunk
 ip dhcp snooping trust
!
interface GigabitEthernet1/0/51
 switchport trunk native vlan 92
 switchport mode trunk
 ip dhcp snooping trust
!
 << 
interface GigabitEthernet1/0/52
 switchport trunk native vlan 92
 switchport mode trunk
 ip dhcp snooping trust
!
interface Vlan1
 no ip address
 no ip route-cache
 shutdown
!
interface Vlan92
 ip address 10.92.3.70 255.255.0.0
 ip broadcast-
 << address 10.92.255.255
!
ip default-gateway 10.92.0.1
ip http server
ip http secure-server
!
logging facility local1
logging host 130.18.8.12
access-list 1 permit 10.92.0.0 0.0.255.255
!
snmp-server community sysnet RO 1
snmp-server community c2
 << -b2=a2 RW 1
snmp-server contact 6F-2087
snmp-server enable traps snmp authentication linkdown linkup coldstart warmstart
snmp-server enable traps transceiver all
snmp-server enable traps tty
snmp-server enable traps cluster
snmp-server enable traps 
 << config-copy
snmp-server enable traps config
snmp-server enable traps config-ctid
snmp-server enable traps dot1x auth-fail-vlan guest-vlan no-auth-fail-vlan no-guest-vlan
snmp-server enable traps entity
snmp-server enable traps power-ethernet police

 << snmp-server enable traps cpu threshold
snmp-server enable traps rep
snmp-server enable traps bridge newroot topologychange
snmp-server enable traps stpx inconsistency root-inconsistency loop-inconsistency
snmp-server enable traps syslog
snmp-server e
 << nable traps vtp
snmp-server enable traps vlancreate
snmp-server enable traps vlandelete
snmp-server enable traps flash insertion removal
snmp-server enable traps port-security
snmp-server enable traps envmon fan shutdown supply temperature status
sn
 << mp-server enable traps errdisable
snmp-server enable traps mac-notification change move threshold
snmp-server enable traps vlan-membership
!
!
line con 0
line vty 0 4
 password 7 002501030506074C18
 login
line vty 5 15
 password 7 0227165E0A5B03
 << 6B5B
 login
!
ntp server 10.92.0.5
end

c29s1p.r100.daviswade#
Expect: matched string 1: #
