trying to use serial port: /dev/ttyUSB0
 >> 
 >> 

Expect: searching for 4 strs:  :[yes/no] :Press RETURN to get started. :# :Switch>
 << 
c29s1p.r100.daviswade>
c29s1p.r100.daviswade>
c29s1p.r100.daviswade>
c29s1p.r100.daviswade>
 << 
 << 
 << 
 << 
 << 
 << 
 << 
 << 
 << 
 << 
Expect: did not match any strings!
...

c29s1p.r100.daviswade>
c29s1p.r100.daviswade>
c29s1p.r100.daviswade>
c29s1p.r100.daviswade>
...

 >> 

Expect: searching for 2 strs:  :# :>
 << 
c29s1p.r100.daviswade>
c29s1p.r100.daviswade>
Expect: matched string 2: >
 >> term len 0

Expect: searching for 2 strs:  :# :>
 << term len 0
c29s1p.r100.daviswade>
Expect: matched string 2: >
 >> show version

Expect: searching for 2 strs:  :# :>
 << show version
Cisco IOS Software, C2960X Software (C2960X-UNIVERSALK9-M), Version 15.0(2a)EX5, RELEASE SOFTWARE (fc3)
Technical Support: http://www.cisco.com/techsupport
Copyright (c) 1986-2015 by Cisco Systems, Inc.
Compiled Mon 16-Feb-15 08:16 by pro
 << d_rel_team

ROM: Bootstrap program is C2960X boot loader
BOOTLDR: C2960X Boot Loader (C2960X-HBOOT-M) Version 15.2(2r)E2, RELEASE SOFTWARE (fc1)

c29s1p.r100.daviswade uptime is 2 hours, 13 minutes
System returned to ROM by power-on
System restarte
 << d at 12:10:02 CDT Mon Apr 4 2016
System image file is "flash:/c2960x-universalk9-mz.150-2a.EX5/c2960x-universalk9-mz.150-2a.EX5.bin"


This product contains cryptographic features and is subject to United
States and local country laws governing impor
 << t, export, transfer and
use. Delivery of Cisco cryptographic products does not imply
third-party authority to import, export, distribute or use encryption.
Importers, exporters, distributors and users are responsible for
compliance with U.S. and local
 <<  country laws. By using this product you
agree to comply with applicable laws and regulations. If you are unable
to comply with U.S. and local laws, return this product immediately.

A summary of U.S. laws governing Cisco cryptographic products may be
 <<  found at:
http://www.cisco.com/wwl/export/crypto/tool/stqrg.html

If you require further assistance please contact us by sending email to
export@cisco.com.

cisco WS-C2960X-48FPS-L (APM86XXX) processor (revision J0) with 524288K bytes of memory.
P
 << rocessor board ID FCW1943B12J
Last reset from power-on
2 Virtual Ethernet interfaces
1 FastEthernet interface
52 Gigabit Ethernet interfaces
The password-recovery mechanism is enabled.

512K bytes of flash-simulated non-volatile configuration memor
 << y.
Base ethernet MAC Address       : 18:8B:45:97:4A:00
Motherboard assembly number     : 73-15969-02
Power supply part number        : 341-0527-01
Motherboard serial number       : FOC19427YS4
Power supply serial number      : DCB193968JB
Model revi
 << sion number           : J0
Motherboard revision number     : D0
Model number                    : WS-C2960X-48FPS-L
Daughterboard assembly number   : 73-14200-03
Daughterboard serial number     : FOC1943239L
System serial number            : FCW1943B
 << 12J
Top Assembly Part Number        : 800-41466-01
Top Assembly Revision Number    : F0
Version ID                      : V02
CLEI Code Number                : CMMLN00ARB
Daughterboard revision number   : A0
Hardware Board Revision Number  : 0x12

 << 

Switch Ports Model              SW Version            SW Image                 
------ ----- -----              ----------            ----------               
*    1 52    WS-C2960X-48FPS-L  15.0(2a)EX5           C2960X-UNIVERSALK9-M     


Confi
 << guration register is 0xF

c29s1p.r100.daviswade>
Expect: matched string 2: >
 >> write mem

Expect: searching for 2 strs:  :# :>
 << write mem
                       ^
% Invalid input detected at '^' marker.

c29s1p.r100.daviswade>
Expect: matched string 2: >
 >> enable

Expect: searching for 2 strs:  :Password: :#
 << enable
Password: 
Expect: matched string 1: Password:
 >> Area=l*w

Expect: searching for 1 strs:  :#
 << 
c29s1p.r100.daviswade#
Expect: matched string 1: #
 >> wr erase
 >> 

 >> reload

Expect: searching for 2 strs:  :# :>
 << wr erase
Erasing the nvram filesystem will remove all configuration files! Continue? [confirm]
[OK]
Erase of nvram: complete
c29s1p.r100.daviswade#reload
Proceed with reload? [confirm]
Expect: matched string 1: #
Expect: searching for 1 strs:  :Save?
 << 
Apr  4 14:23:23: %SYS-7-NV_BLOCK_INIT: Initialized the geometry of nvram
 << 
 << 
 << 
 << 
 << 
Expect: did not match any strings!
...

Apr  4 14:23:23: %SYS-7-NV_BLOCK_INIT: Initialized the geometry of nvram
...

 >> 

