trying to use serial port: /dev/ttyUSB0
 >> 
 >> 

Expect: searching for 4 strs:  :[yes/no] :Press RETURN to get started. :# :Switch>
 << 
c29s3.bsl.cvm.trailer>
c29s3.bsl.cvm.trailer>
c29s3.bsl.cvm.trailer>
c29s3.bsl.cvm.trailer>
 << 
 << 
 << 
 << 
 << 
 << 
 << 
 << 
 << 
 << 
Expect: did not match any strings!
...

c29s3.bsl.cvm.trailer>
c29s3.bsl.cvm.trailer>
c29s3.bsl.cvm.trailer>
c29s3.bsl.cvm.trailer>
...

 >> 

Expect: searching for 2 strs:  :# :>
 << 
c29s3.bsl.cvm.trailer>
c29s3.bsl.cvm.trailer>
Expect: matched string 2: >
 >> term len 0

Expect: searching for 2 strs:  :# :>
 << term len 0
c29s3.bsl.cvm.trailer>
Expect: matched string 2: >
 >> show version

Expect: searching for 2 strs:  :# :>
 << show version
Cisco IOS Software, C2960X Software (C2960X-UNIVERSALK9-M), Version 15.2(2)E3, RELEASE SOFTWARE (fc3)
Technical Support: http://www.cisco.com/techsupport
Copyright (c) 1986-2015 by Cisco Systems, Inc.
Compiled Wed 26-Aug-15 07:12 by prod_
 << rel_team

ROM: Bootstrap program is C2960X boot loader
BOOTLDR: C2960X Boot Loader (C2960X-HBOOT-M) Version 15.2(2r)E2, RELEASE SOFTWARE (fc1)

c29s3.bsl.cvm.trailer uptime is 1 hour, 16 minutes
System returned to ROM by power-on
System restarted a
 << t 08:49:24 CDT Fri May 6 2016
System image file is "flash:/c2960x-universalk9-mz.152-2.E3/c2960x-universalk9-mz.152-2.E3.bin"
Last reload reason: Unknown reason



This product contains cryptographic features and is subject to United
States and loc
 << al country laws governing import, export, transfer and
use. Delivery of Cisco cryptographic products does not imply
third-party authority to import, export, distribute or use encryption.
Importers, exporters, distributors and users are responsible for
 << 
compliance with U.S. and local country laws. By using this product you
agree to comply with applicable laws and regulations. If you are unable
to comply with U.S. and local laws, return this product immediately.

A summary of U.S. laws governing Cisc
 << o cryptographic products may be found at:
http://www.cisco.com/wwl/export/crypto/tool/stqrg.html

If you require further assistance please contact us by sending email to
export@cisco.com.

cisco WS-C2960X-48TS-L (APM86XXX) processor (revision K0) wi
 << th 524288K bytes of memory.
Processor board ID FOC1945S5KD
Last reset from power-on
2 Virtual Ethernet interfaces
1 FastEthernet interface
52 Gigabit Ethernet interfaces
The password-recovery mechanism is enabled.

512K bytes of flash-simulated no
 << n-volatile configuration memory.
Base ethernet MAC Address       : 00:57:D2:10:23:00
Motherboard assembly number     : 73-15971-02
Power supply part number        : 341-0537-02
Motherboard serial number       : FOC19448647
Power supply serial number 
 <<      : LIT194008Q0
Model revision number           : K0
Motherboard revision number     : C0
Model number                    : WS-C2960X-48TS-L
Daughterboard assembly number   : 73-14200-03
Daughterboard serial number     : FOC194577XL
System serial
 <<  number            : FOC1945S5KD
Top Assembly Part Number        : 800-41468-01
Top Assembly Revision Number    : F0
Version ID                      : V03
CLEI Code Number                : CMMNF00ARB
Daughterboard revision number   : A0
Hardware Boa
 << rd Revision Number  : 0x12


Switch Ports Model                     SW Version            SW Image                 
------ ----- -----                     ----------            ----------               
*    1 52    WS-C2960X-48TS-L          15.2(2)E
 << 3             C2960X-UNIVERSALK9-M     


Configuration register is 0xF

c29s3.bsl.cvm.trailer>
Expect: matched string 2: >
 >> enable

Expect: searching for 2 strs:  :Password: :#
 << enable
Password: 
Expect: matched string 1: Password:
 >> Area=l*w

Expect: searching for 1 strs:  :#
 << 
c29s3.bsl.cvm.trailer#
Expect: matched string 1: #
 >> configure terminal

Expect: searching for 1 strs:  :(config)#
 << configure terminal
Enter configuration commands, one per line.  End with CNTL/Z.
c29s3.bsl.cvm.traile(config)#
Expect: matched string 1: (config)#
 >> hostname c29s1.bsl.cvm.trailer3 

Expect: searching for 2 strs:  :# :>
 << hostname c29s1.bsl.cvm.trailer3 
c29s1.bsl.cvm.traile(config)#
Expect: matched string 1: #
 >> end

Expect: searching for 1 strs:  :Configured
 << end
c29s1.bsl.cvm.trailer3#
 << 
May  6 10:07:09: %SYS-5-CONFIG_I: Configured from console by console
Expect: matched string 1: Configured
 >> 

 >> write mem

Expect: searching for 2 strs:  :# :>
 << 
c29s1.bsl.cvm.trailer3#write mem
Building configuration...
[OK]
c29s1.bsl.cvm.trailer3#
Expect: matched string 1: #
