trying to use serial port: /dev/ttyUSB0
 >> 
 >> 

Expect: searching for 4 strs:  :[yes/no] :Press RETURN to get started. :# :Switch>
 << 


         --- System Configuration Dialog ---

Enable secret warning
----------------------------------
In order to access the device manager, an enable secret is required
If you enter the initial configuration dialog, you will be prompted for t
 << he enable secret
If you choose not to enter the intial configuration dialog, or if you exit setup without setting the enable secret,
please set an enable secret using the following CLI in configuration mode-
enable secret 0 <cleartext password>
------
 << ----------------------------
Would you like to enter the initial configuration dialog? [yes/no]: 
% Please answer 'yes' or 'no'.
Would you like to enter the initial configuration dialog? [yes/no]: 
% Please answer 'yes' or 'no'.
Would you like to ent
Expect: matched string 1: [yes/no]
 >> 

 >> no

 >> term len 0

Expect: searching for 2 strs:  :# :>
 << er the initial configuration dialog? [yes/no]: 
% Please answer 'yes' or 'no'.
Would you like to enter the initial configuration dialog? [yes/no]: 
% Please answer 'yes' or 'no'.
Would you like to enter the initial configuration dialog? [yes/no]: 
% 
 << Please answer 'yes' or 'no'.
Would you like to enter the initial configuration dialog? [yes/no]: no
Switch>term len 0

Expect: matched string 2: >
 >> show version

Expect: searching for 2 strs:  :# :>
 << Switch>show version
Cisco IOS Software, C2960C Software (C2960c405-UNIVERSALK9-M), Version 15.0(2)SE8, RELEASE SOFTWARE (fc1)
Technical Support: http://www.cisco.com/techsupport
Copyright (c) 1986-2015 by Cisco Systems, Inc.
Compiled Thu 14-May-15 03:
Expect: matched string 2: >
 >> enable

Expect: searching for 2 strs:  :Password: :#
 << 20 by prod_rel_team

ROM: Bootstrap program is C2960C boot loader
BOOTLDR: C2960C Boot Loader (C2960c405-HBOOT-M) Version 12.2(55r)EX9, RELEASE SOFTWARE (fc1)

Switch uptime is 4 minutes
System returned to ROM by power-on
System image file is "flas
 << h:/c2960c405-universalk9-mz.150-2.SE8/c2960c405-universalk9-mz.150-2.SE8.bin"


This product contains cryptographic features and is subject to United
States and local country laws governing import, export, transfer and
use. Delivery of Cisco cryptogr
 << aphic products does not imply
third-party authority to import, export, distribute or use encryption.
Importers, exporters, distributors and users are responsible for
compliance with U.S. and local country laws. By using this product you
agree to compl
 << y with applicable laws and regulations. If you are unable
to comply with U.S. and local laws, return this product immediately.

A summary of U.S. laws governing Cisco cryptographic products may be found at:
http://www.cisco.com/wwl/export/crypto/tool/
 << stqrg.html

If you require further assistance please contact us by sending email to
export@cisco.com.

License Level: lanlite
License Type: Permanent
Next reload license Level: lanlite

cisco WS-C2960C-8TC-S (PowerPC405) processor (revision M0) w
 << ith 131072K bytes of memory.
Processor board ID FOC2016Z3YE
Last reset from power-on
1 Virtual Ethernet interface
8 FastEthernet interfaces
2 Gigabit Ethernet interfaces
The password-recovery mechanism is enabled.

64K bytes of flash-simulated non
 << -volatile configuration memory.
Base ethernet MAC Address       : 00:5F:86:18:F3:80
Motherboard assembly number     : 73-13528-04
Power supply part number        : 341-0208-03
Motherboard serial number       : FOC20162V37
Power supply serial number  
 <<     : LIT200513RL
Model revision number           : M0
Motherboard revision number     : A0
Model number                    : WS-C2960C-8TC-S
System serial number            : FOC2016Z3YE
Top Assembly Part Number        : 800-35232-03
Top Assembly R
 << evision Number    : B0
Version ID                      : V03
CLEI Code Number                : CMMGA00ARC
Hardware Board Revision Number  : 0x01


Switch Ports Model              SW Version            SW Image                 
------ ----- -----   
 <<            ----------            ----------               
*    1 10    WS-C2960C-8TC-S    15.0(2)SE8            C2960c405-UNIVERSALK9-M  


Configuration register is 0xF

Switch>enable
Switch#
Expect: matched string 2: #
 >> sh license udi

Expect: searching for 2 strs:  :# :>
 << sh license udi
                  ^
% Invalid input detected at '^' marker.

Switch#
Expect: matched string 1: #
