trying to use serial port: /dev/ttyUSB0
 >> 
 >> 

Expect: searching for 4 strs:  :[yes/no] :Press RETURN to get started. :# :Switch>
 << 
test#
test#
test#
test#
Expect: matched string 3: #
 >> term len 0

Expect: searching for 2 strs:  :# :>
 << term len 0
test#
Expect: matched string 1: #
 >> show version

Expect: searching for 2 strs:  :# :>
 << show version
Cisco IOS Software, C2960X Software (C2960X-UNIVERSALK9-M), Version 15.2(2)E3, RELEASE SOFTWARE (fc3)
Technical Support: http://www.cisco.com/techsupport
Copyright (c) 1986-2015 by Cisco Systems, Inc.
Compiled Wed 26-Aug-15 07:12 by prod_
 << rel_team

ROM: Bootstrap program is C2960X boot loader
BOOTLDR: C2960X Boot Loader (C2960X-HBOOT-M) Version 15.2(2r)E2, RELEASE SOFTWARE (fc1)

test uptime is 31 minutes
System returned to ROM by power-on
System restarted at 09:24:00 CDT Tue Jul 12
 <<  2016
System image file is "flash:/c2960x-universalk9-mz.152-2.E3/c2960x-universalk9-mz.152-2.E3.bin"
Last reload reason: Unknown reason



This product contains cryptographic features and is subject to United
States and local country laws governin
 << g import, export, transfer and
use. Delivery of Cisco cryptographic products does not imply
third-party authority to import, export, distribute or use encryption.
Importers, exporters, distributors and users are responsible for
compliance with U.S. an
 << d local country laws. By using this product you
agree to comply with applicable laws and regulations. If you are unable
to comply with U.S. and local laws, return this product immediately.

A summary of U.S. laws governing Cisco cryptographic products
 <<  may be found at:
http://www.cisco.com/wwl/export/crypto/tool/stqrg.html

If you require further assistance please contact us by sending email to
export@cisco.com.

cisco WS-C2960X-24TS-L (APM86XXX) processor (revision K0) with 524288K bytes of memo
 << ry.
Processor board ID FCW2008B231
Last reset from power-on
2 Virtual Ethernet interfaces
1 FastEthernet interface
28 Gigabit Ethernet interfaces
The password-recovery mechanism is enabled.

512K bytes of flash-simulated non-volatile configuration
 <<  memory.
Base ethernet MAC Address       : 00:CA:E5:23:E8:80
Motherboard assembly number     : 73-15973-02
Power supply part number        : 341-0529-02
Motherboard serial number       : FOC20070HLC
Power supply serial number      : LIT19530FZN
Mode
 << l revision number           : K0
Motherboard revision number     : C0
Model number                    : WS-C2960X-24TS-L
Daughterboard assembly number   : 73-14200-03
Daughterboard serial number     : FOC20081THW
System serial number            : FCW
 << 2008B231
Top Assembly Part Number        : 800-41470-01
Top Assembly Revision Number    : F0
Version ID                      : V03
CLEI Code Number                : CMMMU00ARB
Daughterboard revision number   : A0
Hardware Board Revision Number  : 0x
 << 12


Switch Ports Model                     SW Version            SW Image                 
------ ----- -----                     ----------            ----------               
*    1 28    WS-C2960X-24TS-L          15.2(2)E3             C2960X-UNI
 << VERSALK9-M     


Configuration register is 0xF

test#
Expect: matched string 1: #
 >> write mem

Expect: searching for 2 strs:  :# :>
 << write mem
Building configuration...
[OK]
test#
Expect: matched string 1: #
 >> enable

Expect: searching for 2 strs:  :Password: :#
 << enable
test#
Expect: matched string 2: #
 >> wr erase
 >> 

 >> reload

Expect: searching for 2 strs:  :# :>
 << wr erase
Erasing the nvram filesystem will remove all configuration files! Continue? [confirm]
[OK]
Erase of nvram: complete
test#reload
Proceed with reload? [confirm]
Jul 12 09:55:22: %SYS-7-NV_BLOCK_INIT: Initialized the geometry of nvram
Expect: matched string 1: #
Expect: searching for 1 strs:  :Save?
 << 
 << 
 << 
 << 
 << 
 << 
Expect: did not match any strings!
...

...

 >> 

