trying to use serial port: /dev/ttyUSB1
 >> 
 >> 

Expect: searching for 4 strs:  :[yes/no] :Press RETURN to get started. :# :Switch>
 << 
c29s1p.f4.rice>
c29s1p.f4.rice>
c29s1p.f4.rice>
c29s1p.f4.rice>
 << 
 << 
 << 
 << 
 << 
 << 
 << 
 << 
 << 
 << 
Expect: did not match any strings!
...

c29s1p.f4.rice>
c29s1p.f4.rice>
c29s1p.f4.rice>
c29s1p.f4.rice>
...

 >> 

Expect: searching for 2 strs:  :# :>
 << 
c29s1p.f4.rice>
c29s1p.f4.rice>
Expect: matched string 2: >
 >> term len 0

Expect: searching for 2 strs:  :# :>
 << term len 0
c29s1p.f4.rice>
Expect: matched string 2: >
 >> show version

Expect: searching for 2 strs:  :# :>
 << show version
Cisco IOS Software, C2960S Software (C2960S-UNIVERSALK9-M), Version 12.2(55)SE7, RELEASE SOFTWARE (fc1)
Technical Support: http://www.cisco.com/techsupport
Copyright (c) 1986-2013 by Cisco Systems, Inc.
Compiled Mon 28-Jan-13 10:28 by pro
 << d_rel_team
Image text-base: 0x00003000, data-base: 0x01B00000

ROM: Bootstrap program is Alpha board boot loader
BOOTLDR: C2960S Boot Loader (C2960S-HBOOT-M) Version 12.2(55r)SE, RELEASE SOFTWARE (fc1)

c29s1p.f4.rice uptime is 31 minutes
System re
 << turned to ROM by power-on
System image file is "flash:/c2960s-universalk9-mz.122-55.SE7/c2960s-universalk9-mz.122-55.SE7.bin"


This product contains cryptographic features and is subject to United
States and local country laws governing import, expo
 << rt, transfer and
use. Delivery of Cisco cryptographic products does not imply
third-party authority to import, export, distribute or use encryption.
Importers, exporters, distributors and users are responsible for
compliance with U.S. and local countr
 << y laws. By using this product you
agree to comply with applicable laws and regulations. If you are unable
to comply with U.S. and local laws, return this product immediately.

A summary of U.S. laws governing Cisco cryptographic products may be found 
 << at:
http://www.cisco.com/wwl/export/crypto/tool/stqrg.html

If you require further assistance please contact us by sending email to
export@cisco.com.

cisco WS-C2960S-48LPD-L (PowerPC) processor (revision G0) with 131072K bytes of memory.
Processor
 <<  board ID FOC1719W3VD
Last reset from power-on
2 Virtual Ethernet interfaces
1 FastEthernet interface
50 Gigabit Ethernet interfaces
2 Ten Gigabit Ethernet interfaces
The password-recovery mechanism is enabled.

512K bytes of flash-simulated non-v
 << olatile configuration memory.
Base ethernet MAC Address       : D0:C7:89:59:DD:80
Motherboard assembly number     : 73-12426-10
Power supply part number        : 341-0393-02
Motherboard serial number       : FOC17190MPV
Power supply serial number    
 <<   : DCA1711U0CK
Model revision number           : G0
Motherboard revision number     : A0
Model number                    : WS-C2960S-48LPD-L
Daughterboard assembly number   : 73-11933-04
Daughterboard serial number     : FOC17190DYA
System serial n
 << umber            : FOC1719W3VD
Top Assembly Part Number        : 800-32460-04
Top Assembly Revision Number    : A0
Version ID                      : V04
CLEI Code Number                : COMGC00ARD
Daughterboard revision number   : A0
Hardware Board
 <<  Revision Number  : 0x01


Switch Ports Model              SW Version            SW Image                 
------ ----- -----              ----------            ----------               
*    1 52    WS-C2960S-48LPD-L  12.2(55)SE7           C2960S-UN
 << IVERSALK9-M     


Configuration register is 0xF

c29s1p.f4.rice>
Expect: matched string 2: >
 >> write mem

Expect: searching for 2 strs:  :# :>
 << write mem
                ^
% Invalid input detected at '^' marker.

c29s1p.f4.rice>
Expect: matched string 2: >
 >> enable

Expect: searching for 2 strs:  :Password: :#
 << enable
Password: 
Expect: matched string 1: Password:
 >> Area=l*w

Expect: searching for 1 strs:  :#
 << 
c29s1p.f4.rice#
Expect: matched string 1: #
 >> wr erase
 >> 

 >> reload

Expect: searching for 2 strs:  :# :>
 << wr erase
Erasing the nvram filesystem will remove all configuration files! Continue? [confirm]
[OK]
Erase of nvram: complete
c29s1p.f4.rice#reload
Proceed with reload? [confirm]
Expect: matched string 1: #
Expect: searching for 1 strs:  :Save?
 << 
*Feb 28 18:31:48: %SYS-7-NV_BLOCK_INIT: Initialized the geometry of nvram
 << 
 << 
 << 
 << 
Expect: did not match any strings!
...

*Feb 28 18:31:48: %SYS-7-NV_BLOCK_INIT: Initialized the geometry of nvram
...

 >> 

