trying to use serial port: /dev/ttyUSB0
 >> 
 >> 

Expect: searching for 4 strs:  :[yes/no] :Press RETURN to get started. :# :Switch>
 << 
Switch>
Switch>
Switch>
Switch>
Expect: matched string 4: Switch>
 >> term len 0

Expect: searching for 2 strs:  :# :>
 << term len 0
Switch>
Expect: matched string 2: >
 >> show version

Expect: searching for 2 strs:  :# :>
 << show version
Cisco IOS Software, C2960X Software (C2960X-UNIVERSALK9-M), Version 15.2(2)E3, RELEASE SOFTWARE (fc3)
Technical Support: http://www.cisco.com/techsupport
Copyright (c) 1986-2015 by Cisco Systems, Inc.
Compiled Wed 26-Aug-15 07:12 by prod_
 << rel_team

ROM: Bootstrap program is C2960X boot loader
BOOTLDR: C2960X Boot Loader (C2960X-HBOOT-M) Version 15.2(2r)E2, RELEASE SOFTWARE (fc1)

Switch uptime is 30 minutes
System returned to ROM by power-on
System restarted at 13:49:06 UTC Fri Jul 
 << 22 2016
System image file is "flash:/c2960x-universalk9-mz.152-2.E3/c2960x-universalk9-mz.152-2.E3.bin"
Last reload reason: Unknown reason



This product contains cryptographic features and is subject to United
States and local country laws govern
 << ing import, export, transfer and
use. Delivery of Cisco cryptographic products does not imply
third-party authority to import, export, distribute or use encryption.
Importers, exporters, distributors and users are responsible for
compliance with U.S. 
 << and local country laws. By using this product you
agree to comply with applicable laws and regulations. If you are unable
to comply with U.S. and local laws, return this product immediately.

A summary of U.S. laws governing Cisco cryptographic produc
 << ts may be found at:
http://www.cisco.com/wwl/export/crypto/tool/stqrg.html

If you require further assistance please contact us by sending email to
export@cisco.com.

cisco WS-C2960X-48TS-L (APM86XXX) processor (revision K0) with 524288K bytes of me
 << mory.
Processor board ID FOC1945S5L4
Last reset from power-on
1 Virtual Ethernet interface
1 FastEthernet interface
52 Gigabit Ethernet interfaces
The password-recovery mechanism is enabled.

512K bytes of flash-simulated non-volatile configuratio
 << n memory.
Base ethernet MAC Address       : 00:57:D2:10:36:00
Motherboard assembly number     : 73-15971-02
Power supply part number        : 341-0537-02
Motherboard serial number       : FOC1944862J
Power supply serial number      : LIT194102D4
Mod
 << el revision number           : K0
Motherboard revision number     : C0
Model number                    : WS-C2960X-48TS-L
Daughterboard assembly number   : 73-14200-03
Daughterboard serial number     : FOC19452CB0
System serial number            : FO
 << C1945S5L4
Top Assembly Part Number        : 800-41468-01
Top Assembly Revision Number    : F0
Version ID                      : V03
CLEI Code Number                : CMMNF00ARB
Daughterboard revision number   : A0
Hardware Board Revision Number  : 0
 << x12


Switch Ports Model                     SW Version            SW Image                 
------ ----- -----                     ----------            ----------               
*    1 52    WS-C2960X-48TS-L          15.2(2)E3             C2960X-UN
 << IVERSALK9-M     


Configuration register is 0xF

Switch>
Expect: matched string 2: >
 >> enable

Expect: searching for 2 strs:  :Password: :#
 << enable
Switch#
Expect: matched string 2: #
 >> sh run

Expect: searching for 2 strs:  :# :>
 << sh run
Building configuration...

Current configuration : 2340 bytes
!
! Last configuration change at 13:51:00 UTC Fri Jul 22 2016
!
version 15.2
no service pad
service timestamps debug datetime msec
service timestamps log datetime msec
no serv
 << ice password-encryption
!
hostname Switch
!
boot-start-marker
boot-end-marker
!
!
no aaa new-model
switch 1 provision ws-c2960x-48ts-l
!
!
!
!
!
!
!
!
!
!
spanning-tree mode pvst
spanning-tree extend system-id
!
!
!
!
vlan intern
 << al allocation policy ascending
!
!
! 
!
!
!
!
!
!
!
!
interface FastEthernet0
!
interface GigabitEthernet1/0/1
!
interface GigabitEthernet1/0/2
!
interface GigabitEthernet1/0/3
!
interface GigabitEthernet1/0/4
!
interface GigabitEthe
 << rnet1/0/5
!
interface GigabitEthernet1/0/6
!
interface GigabitEthernet1/0/7
!
interface GigabitEthernet1/0/8
!
interface GigabitEthernet1/0/9
!
interface GigabitEthernet1/0/10
!
interface GigabitEthernet1/0/11
!
interface GigabitEthernet1/0/
 << 12
!
interface GigabitEthernet1/0/13
!
interface GigabitEthernet1/0/14
!
interface GigabitEthernet1/0/15
!
interface GigabitEthernet1/0/16
!
interface GigabitEthernet1/0/17
!
interface GigabitEthernet1/0/18
!
interface GigabitEthernet1/0/19
 << 
!
interface GigabitEthernet1/0/20
!
interface GigabitEthernet1/0/21
!
interface GigabitEthernet1/0/22
!
interface GigabitEthernet1/0/23
!
interface GigabitEthernet1/0/24
!
interface GigabitEthernet1/0/25
!
interface GigabitEthernet1/0/26
!
 << 
interface GigabitEthernet1/0/27
!
interface GigabitEthernet1/0/28
!
interface GigabitEthernet1/0/29
!
interface GigabitEthernet1/0/30
!
interface GigabitEthernet1/0/31
!
interface GigabitEthernet1/0/32
!
interface GigabitEthernet1/0/33
!
in
 << terface GigabitEthernet1/0/34
!
interface GigabitEthernet1/0/35
!
interface GigabitEthernet1/0/36
!
interface GigabitEthernet1/0/37
!
interface GigabitEthernet1/0/38
!
interface GigabitEthernet1/0/39
!
interface GigabitEthernet1/0/40
!
inter
 << face GigabitEthernet1/0/41
!
interface GigabitEthernet1/0/42
!
interface GigabitEthernet1/0/43
!
interface GigabitEthernet1/0/44
!
interface GigabitEthernet1/0/45
!
interface GigabitEthernet1/0/46
!
interface GigabitEthernet1/0/47
!
interfac
 << e GigabitEthernet1/0/48
!
interface GigabitEthernet1/0/49
!
interface GigabitEthernet1/0/50
!
interface GigabitEthernet1/0/51
!
interface GigabitEthernet1/0/52
!
interface Vlan1
!
ip http server
ip http secure-server
!
!
!
!
!
line con 
 << 0
line vty 5 15
!
end

Switch#
Expect: matched string 1: #
