trying to use serial port: /dev/ttyUSB1
 >> 
 >> 

Expect: searching for 4 strs:  :[yes/no] :Press RETURN to get started. :# :Switch>
 << 
Switch>
Switch>
Switch>
Switch>
Expect: matched string 4: Switch>
 >> term len 0

Expect: searching for 2 strs:  :# :>
 << term len 0
Switch>
Expect: matched string 2: >
 >> show version

Expect: searching for 2 strs:  :# :>
 << show version
Cisco IOS Software, C2960X Software (C2960X-UNIVERSALK9-M), Version 15.2(2)E3, RELEASE SOFTWARE (fc3)
Technical Support: http://www.cisco.com/techsupport
Copyright (c) 1986-2015 by Cisco Systems, Inc.
Compiled Wed 26-Aug-15 07:12 by prod_
 << rel_team

ROM: Bootstrap program is C2960X boot loader
BOOTLDR: C2960X Boot Loader (C2960X-HBOOT-M) Version 15.2(2r)E2, RELEASE SOFTWARE (fc1)

Switch uptime is 1 hour, 2 minutes
System returned to ROM by power-on
System restarted at 14:03:41 UTC W
 << ed Aug 10 2016
System image file is "flash:/c2960x-universalk9-mz.152-2.E3/c2960x-universalk9-mz.152-2.E3.bin"
Last reload reason: Unknown reason



This product contains cryptographic features and is subject to United
States and local country laws
 <<  governing import, export, transfer and
use. Delivery of Cisco cryptographic products does not imply
third-party authority to import, export, distribute or use encryption.
Importers, exporters, distributors and users are responsible for
compliance wit
 << h U.S. and local country laws. By using this product you
agree to comply with applicable laws and regulations. If you are unable
to comply with U.S. and local laws, return this product immediately.

A summary of U.S. laws governing Cisco cryptographic
 <<  products may be found at:
http://www.cisco.com/wwl/export/crypto/tool/stqrg.html

If you require further assistance please contact us by sending email to
export@cisco.com.

cisco WS-C2960X-48TS-L (APM86XXX) processor (revision K0) with 524288K byte
 << s of memory.
Processor board ID FOC2008S5EW
Last reset from power-on
1 Virtual Ethernet interface
1 FastEthernet interface
52 Gigabit Ethernet interfaces
The password-recovery mechanism is enabled.

512K bytes of flash-simulated non-volatile confi
 << guration memory.
Base ethernet MAC Address       : 00:CA:E5:72:AD:80
Motherboard assembly number     : 73-15971-02
Power supply part number        : 341-0537-02
Motherboard serial number       : FOC200873CM
Power supply serial number      : DCB200680
 << Y7
Model revision number           : K0
Motherboard revision number     : C0
Model number                    : WS-C2960X-48TS-L
Daughterboard assembly number   : 73-14200-03
Daughterboard serial number     : FOC200844BU
System serial number         
 <<    : FOC2008S5EW
Top Assembly Part Number        : 800-41468-01
Top Assembly Revision Number    : F0
Version ID                      : V03
CLEI Code Number                : CMMNF00ARB
Daughterboard revision number   : A0
Hardware Board Revision Numb
 << er  : 0x12


Switch Ports Model                     SW Version            SW Image                 
------ ----- -----                     ----------            ----------               
*    1 52    WS-C2960X-48TS-L          15.2(2)E3             C2
 << 960X-UNIVERSALK9-M     


Configuration register is 0xF

Switch>
Expect: matched string 2: >
 >> write mem

Expect: searching for 2 strs:  :# :>
 << write mem
        ^
% Invalid input detected at '^' marker.

Switch>
Expect: matched string 2: >
 >> enable

Expect: searching for 2 strs:  :Password: :#
 << enable
Switch#
Expect: matched string 2: #
 >> wr erase
 >> 

 >> reload

Expect: searching for 2 strs:  :# :>
 << wr erase
Erasing the nvram filesystem will remove all configuration files! Continue? [confirm]
[OK]
Erase of nvram: complete
Switch#reload
Proceed with reload? [confirm]
Aug 10 15:06:45.100: %SYS-7-NV_BLOCK_INIT: Initialized the geometry of nvram
Expect: matched string 1: #
Expect: searching for 1 strs:  :Save?
 << 
 << 
 << 
 << 
 << 
 << 
Expect: did not match any strings!
...

...

 >> 

