trying to use serial port: /dev/ttyUSB1
 >> 
 >> 

Expect: searching for 4 strs:  :[yes/no] :Press RETURN to get started. :# :Switch>
 << 
c29s1c.r107.dorman>
c29s1c.r107.dorman>
c29s1c.r107.dorman>
c29s1c.r107.dorman>
 << 
 << 
 << 
 << 
 << 
 << 
 << 
 << 
 << 
 << 
Expect: did not match any strings!
...

c29s1c.r107.dorman>
c29s1c.r107.dorman>
c29s1c.r107.dorman>
c29s1c.r107.dorman>
...

 >> 

Expect: searching for 2 strs:  :# :>
 << 
c29s1c.r107.dorman>
c29s1c.r107.dorman>
Expect: matched string 2: >
 >> term len 0

Expect: searching for 2 strs:  :# :>
 << term len 0
c29s1c.r107.dorman>
Expect: matched string 2: >
 >> show version

Expect: searching for 2 strs:  :# :>
 << show version
Cisco IOS Software, C2960C Software (C2960c405-UNIVERSALK9-M), Version 15.0(2)SE8, RELEASE SOFTWARE (fc1)
Technical Support: http://www.cisco.com/techsupport
Copyright (c) 1986-2015 by Cisco Systems, Inc.
Compiled Thu 14-May-15 03:20 by p
 << rod_rel_team

ROM: Bootstrap program is C2960C boot loader
BOOTLDR: C2960C Boot Loader (C2960c405-HBOOT-M) Version 12.2(55r)EX9, RELEASE SOFTWARE (fc1)

c29s1c.r107.dorman uptime is 1 minute
System returned to ROM by power-on
System image file is "
 << flash:/c2960c405-universalk9-mz.150-2.SE8/c2960c405-universalk9-mz.150-2.SE8.bin"


This product contains cryptographic features and is subject to United
States and local country laws governing import, export, transfer and
use. Delivery of Cisco cryp
 << tographic products does not imply
third-party authority to import, export, distribute or use encryption.
Importers, exporters, distributors and users are responsible for
compliance with U.S. and local country laws. By using this product you
agree to c
 << omply with applicable laws and regulations. If you are unable
to comply with U.S. and local laws, return this product immediately.

A summary of U.S. laws governing Cisco cryptographic products may be found at:
http://www.cisco.com/wwl/export/crypto/t
 << ool/stqrg.html

If you require further assistance please contact us by sending email to
export@cisco.com.

License Level: lanlite
License Type: Permanent
Next reload license Level: lanlite

cisco WS-C2960C-8TC-S (PowerPC405) processor (revision M
 << 0) with 131072K bytes of memory.
Processor board ID FOC2016Z4HV
Last reset from power-on
2 Virtual Ethernet interfaces
8 FastEthernet interfaces
2 Gigabit Ethernet interfaces
The password-recovery mechanism is enabled.

64K bytes of flash-simulate
 << d non-volatile configuration memory.
Base ethernet MAC Address       : 00:6C:BC:B1:36:00
Motherboard assembly number     : 73-13528-04
Power supply part number        : 341-0208-03
Motherboard serial number       : FOC20154KXM
Power supply serial num
 << ber      : LIT2008053W
Model revision number           : M0
Motherboard revision number     : A0
Model number                    : WS-C2960C-8TC-S
System serial number            : FOC2016Z4HV
Top Assembly Part Number        : 800-35232-03
Top Assem
 << bly Revision Number    : B0
Version ID                      : V03
CLEI Code Number                : CMMGA00ARC
Hardware Board Revision Number  : 0x01


Switch Ports Model              SW Version            SW Image                 
------ ----- ---
 << --              ----------            ----------               
*    1 10    WS-C2960C-8TC-S    15.0(2)SE8            C2960c405-UNIVERSALK9-M  


Configuration register is 0xF

c29s1c.r107.dorman>
Expect: matched string 2: >
 >> enable

Expect: searching for 2 strs:  :Password: :#
 << enable
Password: 
Expect: matched string 1: Password:
 >> Area=l*w

Expect: searching for 1 strs:  :#
 << 
c29s1c.r107.dorman#
Expect: matched string 1: #
 >> configure terminal

Expect: searching for 1 strs:  :(config)#
 << configure terminal
Enter configuration commands, one per line.  End with CNTL/Z.
c29s1c.r107.dorman(config)#
Expect: matched string 1: (config)#
 >> default interface range fa0/1 - 4 

 >> end

Expect: searching for 1 strs:  :Configured
 << default interface range fa0/1 - 4 
c29s1c.r107.dorman(config)#end
c29s1c.r107.dorman#
 << 
*Jan  1 18:02:45: %SYS-5-CONFIG_I: Configured from console by console
Expect: matched string 1: Configured
 >> 

 >> configure terminal

Expect: searching for 1 strs:  :(config)#
 << 
c29s1c.r107.dorman#configure terminal
Enter configuration commands, one per line.  End with CNTL/Z.
c29s1c.r107.dorman(config)#
Expect: matched string 1: (config)#
 >> default interface range fa0/1 - 4 

 >> interface range fa0/1 - 4 

Expect: searching for 1 strs:  :(config-if-range)#
 << default interface range fa0/1 - 4 
c29s1c.r107.dorman(config)#interface range fa0/1 - 4 
c29s1c.r107.dorman(config-if-range)#
Expect: matched string 1: (config-if-range)#
 >> switchport access vlan 673

 >> switchport mode access

 >> spanning-tree portfast

 >> power inline never

 >> end

Expect: searching for 1 strs:  :Configured
 << switchport access vlan 673
% Access VLAN does not exist. Creating vlan 673
c29s1c.r107.dorman(config-if-range)#switchport mode access
c29s1c.r107.dorman(config-if-range)#spanning-tree portfast
%Warning: portfast should only be enabled on ports connect
 << ed to a single
 host. Connecting hubs, concentrators, switches, bridges, etc... to this
 interface  when portfast is enabled, can cause temporary bridging loops.
 Use with CAUTION

%Portfast will be configured in 4 interfaces due to the range command
 <<  
 but will only have effect when the interfaces are in a non-trunking mode.
c29s1c.r107.dorman(config-if-range)#power inline never
                                     ^
% Invalid input detected at '^' marker.

c29s1c.r107.dorman(config-if-range)#e
 << nd
c29s1c.r107.dorman#
 << 
*Jan  1 18:02:52: %SYS-5-CONFIG_I: Configured from console by console
Expect: matched string 1: Configured
 >> 

 >> configure terminal

Expect: searching for 1 strs:  :(config)#
 << 
c29s1c.r107.dorman#configure terminal
Enter configuration commands, one per line.  End with CNTL/Z.
c29s1c.r107.dorman(config)#
Expect: matched string 1: (config)#
 >> default interface fa0/5 

 >> end

Expect: searching for 1 strs:  :Configured
 << default interface fa0/5 
Interface FastEthernet0/5 set to default configuration
c29s1c.r107.dorman(config)#end
c29s1c.r107.dorman#
 << 
*Jan  1 18:02:56: %SYS-5-CONFIG_I: Configured from console by console
Expect: matched string 1: Configured
 >> 

 >> configure terminal

Expect: searching for 1 strs:  :(config)#
 << 
c29s1c.r107.dorman#configure terminal
Enter configuration commands, one per line.  End with CNTL/Z.
c29s1c.r107.dorman(config)#
Expect: matched string 1: (config)#
 >> default interface fa0/5 

 >> interface fa0/5 

Expect: searching for 1 strs:  :(config-if)#
 << default interface fa0/5 
Interface FastEthernet0/5 set to default configuration
c29s1c.r107.dorman(config)#interface fa0/5 
c29s1c.r107.dorman(config-if)#
Expect: matched string 1: (config-if)#
 >> switchport access vlan 28

 >> switchport mode access

 >> spanning-tree portfast

 >> power inline never

 >> end

Expect: searching for 1 strs:  :Configured
 << switchport access vlan 28
% Access VLAN does not exist. Creating vlan 28
c29s1c.r107.dorman(config-if)#switchport mode access
c29s1c.r107.dorman(config-if)#spanning-tree portfast
%Warning: portfast should only be enabled on ports connected to a single
 << 
 host. Connecting hubs, concentrators, switches, bridges, etc... to this
 interface  when portfast is enabled, can cause temporary bridging loops.
 Use with CAUTION

%Portfast has been configured on FastEthernet0/5 but will only
 have effect when t
 << he interface is in a non-trunking mode.
c29s1c.r107.dorman(config-if)#power inline never
                               ^
% Invalid input detected at '^' marker.

c29s1c.r107.dorman(config-if)#end
c29s1c.r107.dorman#
 << 
*Jan  1 18:03:02: %SYS-5-CONFIG_I: Configured from console by console
Expect: matched string 1: Configured
 >> 

 >> configure terminal

Expect: searching for 1 strs:  :(config)#
 << 
c29s1c.r107.dorman#configure terminal
Enter configuration commands, one per line.  End with CNTL/Z.
c29s1c.r107.dorman(config)#
Expect: matched string 1: (config)#
 >> default interface range fa0/6 - 7 

 >> end

Expect: searching for 1 strs:  :Configured
 << default interface range fa0/6 - 7 
c29s1c.r107.dorman(config)#end
c29s1c.r107.dorman#
 << 
*Jan  1 18:03:06: %SYS-5-CONFIG_I: Configured from console by console
Expect: matched string 1: Configured
 >> 

 >> configure terminal

Expect: searching for 1 strs:  :(config)#
 << 
c29s1c.r107.dorman#configure terminal
Enter configuration commands, one per line.  End with CNTL/Z.
c29s1c.r107.dorman(config)#
Expect: matched string 1: (config)#
 >> default interface range fa0/6 - 7 

 >> interface range fa0/6 - 7 

Expect: searching for 1 strs:  :(config-if-range)#
 << default interface range fa0/6 - 7 
c29s1c.r107.dorman(config)#interface range fa0/6 - 7 
c29s1c.r107.dorman(config-if-range)#
Expect: matched string 1: (config-if-range)#
 >> switchport access vlan 200

 >> switchport mode access

 >> spanning-tree portfast

 >> power inline never

 >> end

Expect: searching for 1 strs:  :Configured
 << switchport access vlan 200
c29s1c.r107.dorman(config-if-range)#switchport mode access
c29s1c.r107.dorman(config-if-range)#spanning-tree portfast
%Warning: portfast should only be enabled on ports connected to a single
 host. Connecting hubs, concentra
 << tors, switches, bridges, etc... to this
 interface  when portfast is enabled, can cause temporary bridging loops.
 Use with CAUTION

%Portfast will be configured in 2 interfaces due to the range command 
 but will only have effect when the interfaces
 <<  are in a non-trunking mode.
c29s1c.r107.dorman(config-if-range)#power inline never
                                     ^
% Invalid input detected at '^' marker.

c29s1c.r107.dorman(config-if-range)#end
c29s1c.r107.dorman#
 << 
*Jan  1 18:03:12: %SYS-5-CONFIG_I: Configured from console by console
Expect: matched string 1: Configured
 >> 

 >> configure terminal

Expect: searching for 1 strs:  :(config)#
 << 
c29s1c.r107.dorman#configure terminal
Enter configuration commands, one per line.  End with CNTL/Z.
c29s1c.r107.dorman(config)#
Expect: matched string 1: (config)#
 >> default interface fa0/8 

 >> end

Expect: searching for 1 strs:  :Configured
 << default interface fa0/8 
Interface FastEthernet0/8 set to default configuration
c29s1c.r107.dorman(config)#end
c29s1c.r107.dorman#
 << 
*Jan  1 18:03:16: %SYS-5-CONFIG_I: Configured from console by console
Expect: matched string 1: Configured
 >> 

 >> configure terminal

Expect: searching for 1 strs:  :(config)#
 << 
c29s1c.r107.dorman#configure terminal
Enter configuration commands, one per line.  End with CNTL/Z.
c29s1c.r107.dorman(config)#
Expect: matched string 1: (config)#
 >> default interface fa0/8 

 >> interface fa0/8 

Expect: searching for 1 strs:  :(config-if)#
 << default interface fa0/8 
Interface FastEthernet0/8 set to default configuration
c29s1c.r107.dorman(config)#interface fa0/8 
c29s1c.r107.dorman(config-if)#
Expect: matched string 1: (config-if)#
 >> switchport access vlan 91

 >> switchport mode access

 >> spanning-tree portfast

 >> power inline never

 >> end

Expect: searching for 1 strs:  :Configured
 << switchport access vlan 91
c29s1c.r107.dorman(config-if)#switchport mode access
c29s1c.r107.dorman(config-if)#spanning-tree portfast
%Warning: portfast should only be enabled on ports connected to a single
 host. Connecting hubs, concentrators, switche
 << s, bridges, etc... to this
 interface  when portfast is enabled, can cause temporary bridging loops.
 Use with CAUTION

%Portfast has been configured on FastEthernet0/8 but will only
 have effect when the interface is in a non-trunking mode.
c29s1c.
 << r107.dorman(config-if)#power inline never
                               ^
% Invalid input detected at '^' marker.

c29s1c.r107.dorman(config-if)#end
c29s1c.r107.dorman#
 << 
*Jan  1 18:03:22: %SYS-5-CONFIG_I: Configured from console by console
Expect: matched string 1: Configured
 >> 

 >> write mem

Expect: searching for 2 strs:  :# :>
 << 
c29s1c.r107.dorman#write mem
Building configuration...
[OK]
c29s1c.r107.dorman#
Expect: matched string 1: #
