trying to use serial port: /dev/ttyUSB0
 >> 
 >> 

Expect: searching for 4 strs:  :[yes/no] :Press RETURN to get started. :# :Switch>
 << 
Switch>
Switch>
Switch>
Switch>
Expect: matched string 4: Switch>
 >> term len 0

Expect: searching for 2 strs:  :# :>
 << term len 0
Switch>
Expect: matched string 2: >
 >> show version

Expect: searching for 2 strs:  :# :>
 << show version
Cisco IOS Software, C2960X Software (C2960X-UNIVERSALK9-M), Version 15.0(2)EX5, RELEASE SOFTWARE (fc1)
Technical Support: http://www.cisco.com/techsupport
Copyright (c) 1986-2014 by Cisco Systems, Inc.
Compiled Fri 21-Feb-14 05:54 by prod
 << _rel_team

ROM: Bootstrap program is C2960X boot loader
BOOTLDR: C2960X Boot Loader (C2960X-HBOOT-M) Version 15.2(2r)E1, RELEASE SOFTWARE (fc1)

Switch uptime is 1 hour, 5 minutes
System returned to ROM by power-on
System restarted at 15:25:18 UTC 
 << Mon Oct 3 2016
System image file is "flash:/c2960x-universalk9-mz.150-2.EX5/c2960x-universalk9-mz.150-2.EX5.bin"


This product contains cryptographic features and is subject to United
States and local country laws governing import, export, transfer 
 << and
use. Delivery of Cisco cryptographic products does not imply
third-party authority to import, export, distribute or use encryption.
Importers, exporters, distributors and users are responsible for
compliance with U.S. and local country laws. By us
 << ing this product you
agree to comply with applicable laws and regulations. If you are unable
to comply with U.S. and local laws, return this product immediately.

A summary of U.S. laws governing Cisco cryptographic products may be found at:
http://w
 << ww.cisco.com/wwl/export/crypto/tool/stqrg.html

If you require further assistance please contact us by sending email to
export@cisco.com.

cisco WS-C2960X-48FPD-L (APM86XXX) processor (revision F0) with 524288K bytes of memory.
Processor board ID FC
 << W1905A5TA
Last reset from power-on
1 Virtual Ethernet interface
1 FastEthernet interface
50 Gigabit Ethernet interfaces
2 Ten Gigabit Ethernet interfaces
The password-recovery mechanism is enabled.

512K bytes of flash-simulated non-volatile confi
 << guration memory.
Base ethernet MAC Address       : BC:F1:F2:A1:D4:80
Motherboard assembly number     : 73-15964-02
Power supply part number        : 341-0527-01
Motherboard serial number       : FOC19052XG0
Power supply serial number      : DCB190363
 << 58
Model revision number           : F0
Motherboard revision number     : C0
Model number                    : WS-C2960X-48FPD-L
Daughterboard assembly number   : 73-14200-03
Daughterboard serial number     : FOC19057588
System serial number        
 <<     : FCW1905A5TA
Top Assembly Part Number        : 800-41461-01
Top Assembly Revision Number    : C0
Version ID                      : V02
CLEI Code Number                : CMMLJ00ARB
Daughterboard revision number   : A0
Hardware Board Revision Num
 << ber  : 0x12


Switch Ports Model              SW Version            SW Image                 
------ ----- -----              ----------            ----------               
*    1 52    WS-C2960X-48FPD-L  15.0(2)EX5            C2960X-UNIVERSALK9-M  
 <<    


Configuration register is 0xF

Switch>
Expect: matched string 2: >
 >> enable

Expect: searching for 2 strs:  :Password: :#
 << enable
Switch#
Expect: matched string 2: #
 >> configure terminal

Expect: searching for 1 strs:  :(config)#
 << configure terminal
Enter configuration commands, one per line.  End with CNTL/Z.
Switch(config)#
Expect: matched string 1: (config)#
