trying to use serial port: /dev/ttyUSB0
 >> 
 >> 

Expect: searching for 4 strs:  :[yes/no] :Press RETURN to get started. :# :Switch>
 << 
c29s1p.r246b.allen>
c29s1p.r246b.allen>
c29s1p.r246b.allen>
c29s1p.r246b.allen>
 << 
 << 
 << 
 << 
 << 
 << 
 << 
 << 
 << 
 << 
Expect: did not match any strings!
...

c29s1p.r246b.allen>
c29s1p.r246b.allen>
c29s1p.r246b.allen>
c29s1p.r246b.allen>
...

 >> 

Expect: searching for 2 strs:  :# :>
 << 
c29s1p.r246b.allen>
c29s1p.r246b.allen>
Expect: matched string 2: >
 >> term len 0

Expect: searching for 2 strs:  :# :>
 << term len 0
c29s1p.r246b.allen>
Expect: matched string 2: >
 >> show version

Expect: searching for 2 strs:  :# :>
 << show version
Cisco IOS Software, C2960X Software (C2960X-UNIVERSALK9-M), Version 15.0(2)EX5, RELEASE SOFTWARE (fc1)
Technical Support: http://www.cisco.com/techsupport
Copyright (c) 1986-2014 by Cisco Systems, Inc.
Compiled Fri 21-Feb-14 05:54 by prod
 << _rel_team

ROM: Bootstrap program is C2960X boot loader
BOOTLDR: C2960X Boot Loader (C2960X-HBOOT-M) Version 15.2(2r)E1, RELEASE SOFTWARE (fc1)

c29s1p.r246b.allen uptime is 3 hours, 18 minutes
System returned to ROM by power-on
System restarted at
 <<  10:25:18 CDT Mon Oct 3 2016
System image file is "flash:/c2960x-universalk9-mz.150-2.EX5/c2960x-universalk9-mz.150-2.EX5.bin"


This product contains cryptographic features and is subject to United
States and local country laws governing import, exp
 << ort, transfer and
use. Delivery of Cisco cryptographic products does not imply
third-party authority to import, export, distribute or use encryption.
Importers, exporters, distributors and users are responsible for
compliance with U.S. and local count
 << ry laws. By using this product you
agree to comply with applicable laws and regulations. If you are unable
to comply with U.S. and local laws, return this product immediately.

A summary of U.S. laws governing Cisco cryptographic products may be found
 <<  at:
http://www.cisco.com/wwl/export/crypto/tool/stqrg.html

If you require further assistance please contact us by sending email to
export@cisco.com.

cisco WS-C2960X-48FPD-L (APM86XXX) processor (revision F0) with 524288K bytes of memory.
Process
 << or board ID FCW1905A5TA
Last reset from power-on
2 Virtual Ethernet interfaces
1 FastEthernet interface
50 Gigabit Ethernet interfaces
2 Ten Gigabit Ethernet interfaces
The password-recovery mechanism is enabled.

512K bytes of flash-simulated non
 << -volatile configuration memory.
Base ethernet MAC Address       : BC:F1:F2:A1:D4:80
Motherboard assembly number     : 73-15964-02
Power supply part number        : 341-0527-01
Motherboard serial number       : FOC19052XG0
Power supply serial number  
 <<     : DCB19036358
Model revision number           : F0
Motherboard revision number     : C0
Model number                    : WS-C2960X-48FPD-L
Daughterboard assembly number   : 73-14200-03
Daughterboard serial number     : FOC19057588
System serial
 <<  number            : FCW1905A5TA
Top Assembly Part Number        : 800-41461-01
Top Assembly Revision Number    : C0
Version ID                      : V02
CLEI Code Number                : CMMLJ00ARB
Daughterboard revision number   : A0
Hardware Boa
 << rd Revision Number  : 0x12


Switch Ports Model              SW Version            SW Image                 
------ ----- -----              ----------            ----------               
*    1 52    WS-C2960X-48FPD-L  15.0(2)EX5            C2960X-
 << UNIVERSALK9-M     


Configuration register is 0xF

c29s1p.r246b.allen>
Expect: matched string 2: >
 >> enable

Expect: searching for 2 strs:  :Password: :#
 << enable
Password: 
Expect: matched string 1: Password:
 >> Area=l*w

Expect: searching for 1 strs:  :#
 << 
c29s1p.r246b.allen#
Expect: matched string 1: #
 >> sh run

Expect: searching for 2 strs:  :# :>
 << sh run
Building configuration...

Current configuration : 22077 bytes
!
! Last configuration change at 12:40:29 CDT Mon Oct 3 2016
! NVRAM config last updated at 12:40:48 CDT Mon Oct 3 2016
!
version 15.0
no service pad
service timestamps debug 
 << datetime localtime
service timestamps log datetime localtime
service password-encryption
!
hostname c29s1p.r246b.allen
!
boot-start-marker
boot-end-marker
!
logging buffered informational
enable secret 5 $1$QEtp$Db.rljLovXT/46abar6hH/
enable pa
 << ssword 7 11280B00164F074613
!
username root privilege 15 secret 5 $1$zH.D$fXC54n9ABHnGo0q1QsgM./
no aaa new-model
clock timezone CST -6 0
clock summer-time CDT recurring
switch 1 provision ws-c2960x-48fpd-l
authentication mac-move permit
!
!
ip 
 << dhcp snooping vlan 24
ip dhcp snooping
ip domain-name mgmt.msstate.edu
ip name-server 130.18.80.12
!
mls qos map policed-dscp  24 26 46 to 0
mls qos map cos-dscp 0 8 16 24 32 46 48 56
mls qos srr-queue output cos-map queue 1 threshold 3 5
mls qos 
 << srr-queue output cos-map queue 2 threshold 3 3 6 7
mls qos srr-queue output cos-map queue 3 threshold 3 2 4
mls qos srr-queue output cos-map queue 4 threshold 2 1
mls qos srr-queue output cos-map queue 4 threshold 3 0
mls qos srr-queue output dscp-map
 <<  queue 1 threshold 3 40 41 42 43 44 45 46 47
mls qos srr-queue output dscp-map queue 2 threshold 3 24 25 26 27 28 29 30 31
mls qos srr-queue output dscp-map queue 2 threshold 3 48 49 50 51 52 53 54 55
mls qos srr-queue output dscp-map queue 2 threshold
 <<  3 56 57 58 59 60 61 62 63
mls qos srr-queue output dscp-map queue 3 threshold 3 16 17 18 19 20 21 22 23
mls qos srr-queue output dscp-map queue 3 threshold 3 32 33 34 35 36 37 38 39
mls qos srr-queue output dscp-map queue 4 threshold 1 8
mls qos srr-
 << queue output dscp-map queue 4 threshold 2 9 10 11 12 13 14 15
mls qos srr-queue output dscp-map queue 4 threshold 3 0 1 2 3 4 5 6 7
mls qos queue-set output 1 threshold 1 138 138 92 138
mls qos queue-set output 1 threshold 2 138 138 92 400
mls qos que
 << ue-set output 1 threshold 3 36 77 100 318
mls qos queue-set output 1 threshold 4 20 50 67 400
mls qos queue-set output 2 threshold 1 149 149 100 149
mls qos queue-set output 2 threshold 2 118 118 100 235
mls qos queue-set output 2 threshold 3 41 68 10
 << 0 272
mls qos queue-set output 2 threshold 4 42 72 100 242
mls qos queue-set output 1 buffers 10 10 26 54
mls qos queue-set output 2 buffers 16 6 17 61
mls qos
!
crypto pki trustpoint TP-self-signed-4070691968
 enrollment selfsigned
 subject-name 
 << cn=IOS-Self-Signed-Certificate-4070691968
 revocation-check none
 rsakeypair TP-self-signed-4070691968
!
!
crypto pki certificate chain TP-self-signed-4070691968
 certificate self-signed 01
  3082022B 30820194 A0030201 02020101 300D0609 2A864886 F7
 << 0D0101 05050030 
  31312F30 2D060355 04031326 494F532D 53656C66 2D536967 6E65642D 43657274 
  69666963 6174652D 34303730 36393139 3638301E 170D3136 31303033 31373430 
  32325A17 0D323030 31303130 30303030 305A3031 312F302D 06035504 03132649 
  4F532D5
 << 3 656C662D 5369676E 65642D43 65727469 66696361 74652D34 30373036 
  39313936 3830819F 300D0609 2A864886 F70D0101 01050003 818D0030 81890281 
  8100BF07 B2F4AC73 A15933BE 171E62D1 4469DF32 40E0DAA2 F006209E F6436430 
  C03A58EF 2CAAA0FA F13ED76C 7345448
 << 6 C2F8EEC2 A613AF2B F642D05E 10B04187 
  43B9CE66 4B0950BA C5922B3F 9C2FABE2 7030888A D7EC15EE EB3FD891 00858593 
  FB99B614 15B47E77 0993AE4F CF557304 88C69381 BB28A3B5 4174F271 95785B6C 
  CCF10203 010001A3 53305130 0F060355 1D130101 FF040530 030101F
 << F 301F0603 
  551D2304 18301680 14FD85AF C15EFD68 AE3178CE 8CADD8E3 2D669768 1C301D06 
  03551D0E 04160414 FD85AFC1 5EFD68AE 3178CE8C ADD8E32D 6697681C 300D0609 
  2A864886 F70D0101 05050003 81810048 011BFAF2 9EE668F8 181BF6BF 6E043836 
  63814DC3 6AE
 << F44CA 48E02798 B3F269D7 24846CE4 5A808086 5015389E D6075263 
  92EB481D EFA05003 D12A4EA8 239B7982 44A5D7C3 992B35EC 57174DF0 765C3D83 
  CDACF929 220BC176 065EAF2B D34A8A3D C1C642FD 4424146A 93174BDE C3E1BFBC 
  621A96D0 EEF55A7A 7957E35C D4F41F
  	q
 << uit
!
spanning-tree mode mst
spanning-tree portfast bpduguard default
spanning-tree extend system-id
!
spanning-tree mst configuration
 name msstate
 revision 1
 instance 1 vlan 2, 7, 11, 20, 22, 24, 31, 35, 37, 39-40, 50, 60, 63, 70
 instance 1
 <<  vlan 78, 80, 86, 91, 96, 104, 110, 126, 136, 140, 152, 160
 instance 1 vlan 162-163, 168, 189, 194, 202, 220, 222, 230, 232, 242, 246
 instance 1 vlan 256, 611-612, 654, 741, 996, 999
 instance 2 vlan 2002, 2007, 2011, 2020, 2022, 2024, 2031, 2035, 20
 << 37, 2039-2040
 instance 2 vlan 2050, 2060, 2063, 2070, 2080, 2086, 2096, 2104, 2110, 2126
 instance 2 vlan 2136, 2140, 2152, 2160, 2162-2163, 2168, 2189, 2194, 2202
 instance 2 vlan 2220, 2222, 2232, 2242, 2246, 2611-2612, 2654, 2999
 instance 3 vlan 
 << 42, 51, 59, 64, 66, 69, 72, 108, 113, 128, 144, 176, 196
 instance 3 vlan 244, 248, 927
 instance 4 vlan 2042, 2051, 2059, 2064, 2066, 2069, 2072, 2108, 2113, 2128
 instance 4 vlan 2144, 2176, 2196, 2244, 2248, 2927
 instance 5 vlan 16, 48, 58, 88, 12
 << 1, 131, 133-134, 216, 228
 instance 6 vlan 2016, 2048, 2058, 2088, 2121, 2131, 2133-2134, 2216, 2228
 instance 7 vlan 9, 33-34, 38, 54, 56, 71, 75, 82, 84, 97, 114, 116, 124
 instance 7 vlan 172, 186, 192, 204-208, 210, 240-241, 251-252, 630, 928
 ins
 << tance 8 vlan 2009, 2033-2034, 2038, 2054, 2056, 2071, 2075, 2082, 2084
 instance 8 vlan 2097, 2114, 2116, 2124, 2172, 2186, 2192, 2204-2208, 2210
 instance 8 vlan 2240-2241, 2251-2252, 2630, 2928
 instance 9 vlan 4-5, 12, 18-19, 32, 44, 57, 62, 68, 76,
 <<  98-99, 102, 112
 instance 9 vlan 130, 132, 147-148, 158, 212, 226, 236, 500, 505, 510-511
 instance 9 vlan 522, 551-570, 603, 629, 633, 742, 802, 926, 929
 instance 10 vlan 2004-2005, 2012, 2018-2019, 2032, 2044, 2057, 2062, 2068
 instance 10 vlan 20
 << 76, 2098-2099, 2102, 2112, 2130, 2132, 2147-2148, 2158
 instance 10 vlan 2212, 2236, 2500, 2505, 2510-2511, 2522, 2603, 2629, 2633
 instance 10 vlan 2802, 2926, 2929
 instance 11 vlan 8, 43, 52, 146, 156-157, 180, 200, 218
 instance 12 vlan 2008, 2043
 << , 2052, 2146, 2156-2157, 2180, 2200, 2218
!
!
!
!
!
!
errdisable recovery cause udld
errdisable recovery cause bpduguard
errdisable recovery cause security-violation
errdisable recovery cause channel-misconfig (STP)
errdisable recovery cause pa
 << gp-flap
errdisable recovery cause dtp-flap
errdisable recovery cause link-flap
errdisable recovery cause sfp-config-mismatch
errdisable recovery cause gbic-invalid
errdisable recovery cause psecure-violation
errdisable recovery cause port-mode-failu
 << re
errdisable recovery cause dhcp-rate-limit
errdisable recovery cause pppoe-ia-rate-limit
errdisable recovery cause mac-limit
errdisable recovery cause vmps
errdisable recovery cause storm-control
errdisable recovery cause inline-power
errdisable 
 << recovery cause arp-inspection
errdisable recovery cause loopback
errdisable recovery cause small-frame
errdisable recovery interval 1800
!
vlan internal allocation policy ascending
!
!
class-map match-all AutoQoS-VoIP-RTP-Trust
  match ip dscp ef
 <<  
class-map match-all AutoQoS-VoIP-Control-Trust
  match ip dscp cs3  af31 
!
policy-map AutoQoS-Police-CiscoPhone
 class AutoQoS-VoIP-RTP-Trust
   set dscp ef
  police 320000 8000 exceed-action policed-dscp-transmit
 class AutoQoS-VoIP-Control-Tr
 << ust
   set dscp cs3
  police 32000 8000 exceed-action policed-dscp-transmit
!
!
!
!
!
!
interface FastEthernet0
 no ip address
 shutdown
!
interface GigabitEthernet1/0/1
 description allen.ap1-1
 switchport access vlan 551
 switchport mode
 <<  access
!
interface GigabitEthernet1/0/2
 description allen.ap2-1
 switchport access vlan 551
 switchport mode access
!
interface GigabitEthernet1/0/3
 description allen.ap3-2
 switchport access vlan 551
 switchport mode access
!
interface Gig
 << abitEthernet1/0/4
 description allen.ap4-2
 switchport access vlan 551
 switchport mode access
!
interface GigabitEthernet1/0/5
 description allen.ap2-2
 switchport access vlan 551
 switchport mode access
!
interface GigabitEthernet1/0/6
 descr
 << iption allen.ap7-1
 switchport access vlan 551
 switchport mode access
!
interface GigabitEthernet1/0/7
 description allen.ap3-1
 switchport access vlan 551
 switchport mode access
!
interface GigabitEthernet1/0/8
 description allen.ap1-2
 swit
 << chport access vlan 551
 switchport mode access
 switchport port-security maximum 2
 switchport port-security
 switchport port-security aging time 15
 switchport port-security violation protect
 switchport port-security aging type inactivity
 spanni
 << ng-tree portfast
!
interface GigabitEthernet1/0/9
 description allen.ap5-2
 switchport access vlan 551
 switchport mode access
 switchport port-security maximum 2
 switchport port-security
 switchport port-security aging time 15
 switchport port-
 << security violation protect
 switchport port-security aging type inactivity
 spanning-tree portfast
!
interface GigabitEthernet1/0/10
 switchport access vlan 802
 switchport mode access
 switchport port-security maximum 2
 switchport port-security
 << 
 switchport port-security aging time 15
 switchport port-security violation protect
 switchport port-security aging type inactivity
 spanning-tree portfast
!
interface GigabitEthernet1/0/11
 switchport access vlan 802
 switchport mode access
 swi
 << tchport port-security maximum 2
 switchport port-security
 switchport port-security aging time 15
 switchport port-security violation protect
 switchport port-security aging type inactivity
 spanning-tree portfast
!
interface GigabitEthernet1/0/12
 << 
 description allen.ap14-1
 switchport access vlan 551
 switchport mode access
 switchport port-security maximum 2
 switchport port-security
 switchport port-security aging time 15
 switchport port-security violation protect
 switchport port-securi
 << ty aging type inactivity
 spanning-tree portfast
!
interface GigabitEthernet1/0/13
 description allen.ap10-1
 switchport access vlan 551
 switchport mode access
 spanning-tree portfast
!
interface GigabitEthernet1/0/14
 description allen.ap9-1

 <<  switchport access vlan 551
 switchport mode access
 switchport port-security maximum 2
 switchport port-security
 switchport port-security aging time 15
 switchport port-security violation protect
 switchport port-security aging type inactivity
 s
 << panning-tree portfast
!
interface GigabitEthernet1/0/15
 description allen.ap13-1
 switchport access vlan 551
 switchport mode access
 spanning-tree portfast
!
interface GigabitEthernet1/0/16
 switchport access vlan 91
 switchport mode access
 
 << spanning-tree portfast
!
interface GigabitEthernet1/0/17
 description allen.ap12-1
 switchport access vlan 551
 switchport mode access
 switchport port-security maximum 2
 switchport port-security
 switchport port-security aging time 15
 switchpo
 << rt port-security violation protect
 switchport port-security aging type inactivity
 spanning-tree portfast
!
interface GigabitEthernet1/0/18
 switchport access vlan 506
 switchport mode access
 switchport port-security maximum 2
 switchport port-s
 << ecurity
 switchport port-security aging time 15
 switchport port-security violation protect
 switchport port-security aging type inactivity
 power inline consumption 4000
 power inline police
 spanning-tree portfast
!
interface GigabitEthernet1/0/
 << 19
 switchport access vlan 506
 switchport mode access
 switchport port-security maximum 2
 switchport port-security
 switchport port-security aging time 15
 switchport port-security violation protect
 switchport port-security aging type inactivity
 << 
 power inline consumption 4000
 power inline police
 spanning-tree portfast
!
interface GigabitEthernet1/0/20
 switchport access vlan 506
 switchport mode access
 switchport port-security maximum 2
 switchport port-security
 switchport port-sec
 << urity aging time 15
 switchport port-security violation protect
 switchport port-security aging type inactivity
 power inline consumption 4000
 power inline police
 spanning-tree portfast
!
interface GigabitEthernet1/0/21
 switchport access vlan 5
 << 06
 switchport mode access
 switchport port-security maximum 2
 switchport port-security
 switchport port-security aging time 15
 switchport port-security violation protect
 switchport port-security aging type inactivity
 power inline consumption 4
 << 000
 power inline police
 spanning-tree portfast
!
interface GigabitEthernet1/0/22
 switchport access vlan 24
 switchport mode access
 switchport port-security maximum 2
 switchport port-security
 switchport port-security aging time 15
 switchpo
 << rt port-security violation protect
 switchport port-security aging type inactivity
 spanning-tree portfast
!
interface GigabitEthernet1/0/23
 switchport access vlan 514
 switchport mode access
 switchport port-security maximum 2
 switchport port-s
 << ecurity
 switchport port-security aging time 15
 switchport port-security violation protect
 switchport port-security aging type inactivity
 spanning-tree portfast
!
interface GigabitEthernet1/0/24
 switchport access vlan 506
 switchport mode acce
 << ss
 switchport port-security maximum 2
 switchport port-security
 switchport port-security aging time 15
 switchport port-security violation protect
 switchport port-security aging type inactivity
 spanning-tree portfast
!
interface GigabitEtherne
 << t1/0/25
 description allen.ap7-2
 switchport access vlan 551
 switchport mode access
 switchport port-security maximum 2
 switchport port-security
 switchport port-security aging time 15
 switchport port-security violation protect
 switchport port
 << -security aging type inactivity
 spanning-tree portfast
!
interface GigabitEthernet1/0/26
 switchport access vlan 24
 switchport mode access
 switchport port-security maximum 2
 switchport port-security
 switchport port-security aging time 15
 sw
 << itchport port-security violation protect
 switchport port-security aging type inactivity
 spanning-tree portfast
!
interface GigabitEthernet1/0/27
 switchport access vlan 506
 switchport mode access
 switchport port-security maximum 2
 switchport 
 << port-security
 switchport port-security aging time 15
 switchport port-security violation protect
 switchport port-security aging type inactivity
 power inline consumption 4000
 power inline police
 spanning-tree portfast
!
interface GigabitEthern
 << et1/0/28
 switchport access vlan 506
 switchport mode access
 switchport port-security maximum 2
 switchport port-security
 switchport port-security aging time 15
 switchport port-security violation protect
 switchport port-security aging type inac
 << tivity
 power inline consumption 4000
 power inline police
 spanning-tree portfast
!
interface GigabitEthernet1/0/29
 switchport access vlan 506
 switchport mode access
 switchport port-security maximum 2
 switchport port-security
 switchport po
 << rt-security aging time 15
 switchport port-security violation protect
 switchport port-security aging type inactivity
 power inline consumption 4000
 power inline police
 spanning-tree portfast
!
interface GigabitEthernet1/0/30
 switchport access 
 << vlan 506
 switchport mode access
 switchport port-security maximum 2
 switchport port-security
 switchport port-security aging time 15
 switchport port-security violation protect
 switchport port-security aging type inactivity
 power inline consump
 << tion 4000
 power inline police
 spanning-tree portfast
!
interface GigabitEthernet1/0/31
 switchport access vlan 24
 switchport mode access
 switchport port-security maximum 2
 switchport port-security
 switchport port-security aging time 15
 sw
 << itchport port-security violation protect
 switchport port-security aging type inactivity
 spanning-tree portfast
!
interface GigabitEthernet1/0/32
 switchport access vlan 24
 switchport mode access
 switchport port-security maximum 2
 switchport p
 << ort-security
 switchport port-security aging time 15
 switchport port-security violation protect
 switchport port-security aging type inactivity
 spanning-tree portfast
!
interface GigabitEthernet1/0/33
 switchport access vlan 24
 switchport mode 
 << access
 switchport port-security maximum 2
 switchport port-security
 switchport port-security aging time 15
 switchport port-security violation protect
 switchport port-security aging type inactivity
 spanning-tree portfast
!
interface GigabitEth
 << ernet1/0/34
 description allen.ap11-1
 switchport access vlan 551
 switchport mode access
 switchport port-security maximum 2
 switchport port-security
 switchport port-security aging time 15
 switchport port-security violation protect
 switchport
 <<  port-security aging type inactivity
 spanning-tree portfast
!
interface GigabitEthernet1/0/35
 description sep0004f28f906e
 switchport access vlan 60
 switchport mode access
 switchport voice vlan 614
 srr-queue bandwidth share 10 10 60 20
 queu
 << e-set 2
 priority-queue out 
 snmp trap mac-notification change added
 snmp trap mac-notification change removed
 mls qos trust device cisco-phone
 mls qos trust cos
 auto qos voip cisco-phone 
 spanning-tree portfast
 service-policy input AutoQoS
 << -Police-CiscoPhone
!
interface GigabitEthernet1/0/36
 switchport access vlan 24
 switchport mode access
 switchport port-security maximum 2
 switchport port-security
 switchport port-security aging time 15
 switchport port-security violation prote
 << ct
 switchport port-security aging type inactivity
 spanning-tree portfast
!
interface GigabitEthernet1/0/37
 switchport access vlan 24
 switchport mode access
 switchport port-security maximum 2
 switchport port-security
 switchport port-securit
 << y aging time 15
 switchport port-security violation protect
 switchport port-security aging type inactivity
 spanning-tree portfast
!
interface GigabitEthernet1/0/38
 switchport access vlan 24
 switchport mode access
 switchport port-security maxi
 << mum 2
 switchport port-security
 switchport port-security aging time 15
 switchport port-security violation protect
 switchport port-security aging type inactivity
 spanning-tree portfast
!
interface GigabitEthernet1/0/39
 switchport access vlan 2
 << 4
 switchport mode access
 switchport port-security maximum 2
 switchport port-security
 switchport port-security aging time 15
 switchport port-security violation protect
 switchport port-security aging type inactivity
 spanning-tree portfast
!

 << interface GigabitEthernet1/0/40
 description allen.ap6-2
 switchport access vlan 551
 switchport trunk native vlan 92
 switchport mode access
 switchport port-security maximum 2
 switchport port-security
 switchport port-security aging time 15
 sw
 << itchport port-security violation protect
 switchport port-security aging type inactivity
 spanning-tree portfast
 ip dhcp snooping trust
!
interface GigabitEthernet1/0/41
 description c29s9.r246b.allen
 switchport trunk native vlan 92
 switchport 
 << mode trunk
 no keepalive
 ip dhcp snooping trust
!
interface GigabitEthernet1/0/42
 description c29s2.r246b.allen
 switchport trunk native vlan 92
 switchport mode trunk
 no keepalive
 ip dhcp snooping trust
!
interface GigabitEthernet1/0/43
 
 << description c29s3.r246b.allen
 switchport trunk native vlan 92
 switchport mode trunk
 no keepalive
 ip dhcp snooping trust
!
interface GigabitEthernet1/0/44
 description c29s4.r246b.allen
 switchport trunk native vlan 92
 switchport mode trunk

 <<  no keepalive
 ip dhcp snooping trust
!
interface GigabitEthernet1/0/45
 description c29s5.r246b.allen
 switchport trunk native vlan 92
 switchport mode trunk
 no keepalive
 ip dhcp snooping trust
!
interface GigabitEthernet1/0/46
 description 
 << c29s6.r246b.allen
 switchport trunk native vlan 92
 switchport mode trunk
 no keepalive
 ip dhcp snooping trust
!
interface GigabitEthernet1/0/47
 description c29s7.r246b.allen
 switchport trunk native vlan 92
 switchport mode trunk
 no keepaliv
 << e
 ip dhcp snooping trust
!
interface GigabitEthernet1/0/48
 description c29s8.r246b.allen
 switchport trunk native vlan 92
 switchport mode trunk
 no keepalive
 ip dhcp snooping trust
!
interface GigabitEthernet1/0/49
 switchport trunk native 
 << vlan 92
 switchport mode trunk
 ip dhcp snooping trust
!
interface GigabitEthernet1/0/50
 switchport trunk native vlan 92
 switchport mode trunk
 ip dhcp snooping trust
!
interface TenGigabitEthernet1/0/1
 description c29s1p.r111e.allen
 switch
 << port trunk native vlan 92
 switchport mode trunk
 ip dhcp snooping trust
!
interface TenGigabitEthernet1/0/2
 description c29s1p.r319c.allen
 switchport trunk native vlan 92
 switchport mode trunk
 ip dhcp snooping trust
!
interface Vlan1
 no i
 << p address
 shutdown
!
interface Vlan92
 ip address 10.92.1.241 255.255.0.0
 ip broadcast-address 10.92.255.255
!
ip default-gateway 10.92.0.1
no ip http server
ip http secure-server
!
logging facility local1
logging host 130.18.8.12
access-li
 << st 1 permit 130.18.92.0 0.0.3.255
access-list 1 permit 10.92.0.0 0.0.255.255
access-list 1 permit 130.18.8.0 0.0.0.255
!
snmp-server community sysnet RO 1
snmp-server community c2-b2=a2 RW 1
snmp-server community spongebob RO
snmp-server contact 6f
 << -1244
snmp-server enable traps snmp authentication linkdown linkup coldstart warmstart
snmp-server enable traps transceiver all
snmp-server enable traps tty
snmp-server enable traps cluster
snmp-server enable traps config-copy
snmp-server enable tra
 << ps config
snmp-server enable traps config-ctid
snmp-server enable traps dot1x auth-fail-vlan guest-vlan no-auth-fail-vlan no-guest-vlan
snmp-server enable traps entity
snmp-server enable traps power-ethernet group 1
snmp-server enable traps power-eth
 << ernet police
snmp-server enable traps cpu threshold
snmp-server enable traps rep
snmp-server enable traps bridge newroot topologychange
snmp-server enable traps stpx inconsistency root-inconsistency loop-inconsistency
snmp-server enable traps vtp
sn
 << mp-server enable traps vlancreate
snmp-server enable traps vlandelete
snmp-server enable traps flash insertion removal
snmp-server enable traps port-security
snmp-server enable traps envmon fan shutdown supply temperature status
snmp-server enable tr
 << aps errdisable
snmp-server enable traps mac-notification change move threshold
snmp-server enable traps vlan-membership
snmp-server host 130.18.8.12 sysnet 
!
!
line con 0
line vty 0 4
 access-class 1 in
 password 7 106F1B1C044A1E411B
 login
 l
 << ength 0
 transport input all
line vty 5 15
 access-class 1 in
 password 7 123817121356004E3D
 login
 transport input all
!
ntp server 10.92.0.5
end

c29s1p.r246b.allen#
Expect: matched string 1: #
