trying to use serial port: /dev/ttyUSB0
 >> 
 >> 

Expect: searching for 4 strs:  :[yes/no] :Press RETURN to get started. :# :Switch>
 << 
test#
test#
test#
test#
Expect: matched string 3: #
 >> term len 0

Expect: searching for 2 strs:  :# :>
 << term len 0
test#
Expect: matched string 1: #
 >> show version

Expect: searching for 2 strs:  :# :>
 << show version
Cisco IOS Software, C2960CX Software (C2960CX-UNIVERSALK9-M), Version 15.2(4)E1, RELEASE SOFTWARE (fc2)
Technical Support: http://www.cisco.com/techsupport
Copyright (c) 1986-2016 by Cisco Systems, Inc.
Compiled Thu 28-Jan-16 16:23 by pro
 << d_rel_team

ROM: Bootstrap program is C2960CX boot loader
BOOTLDR: C2960CX Boot Loader (C2960CX-HBOOT-M) Version 15.2(3r)E, RELEASE SOFTWARE (fc1)

test uptime is 35 minutes
System returned to ROM by power-on
System restarted at 13:26:23 CDT Tue Oc
 << t 11 2016
System image file is "flash:/c2960cx-universalk9-mz.152-4.E1/c2960cx-universalk9-mz.152-4.E1.bin"
Last reload reason: Unknown reason



This product contains cryptographic features and is subject to United
States and local country laws go
 << verning import, export, transfer and
use. Delivery of Cisco cryptographic products does not imply
third-party authority to import, export, distribute or use encryption.
Importers, exporters, distributors and users are responsible for
compliance with U
 << .S. and local country laws. By using this product you
agree to comply with applicable laws and regulations. If you are unable
to comply with U.S. and local laws, return this product immediately.

A summary of U.S. laws governing Cisco cryptographic pr
 << oducts may be found at:
http://www.cisco.com/wwl/export/crypto/tool/stqrg.html

If you require further assistance please contact us by sending email to
export@cisco.com.

cisco WS-C2960CX-8PC-L (APM86XXX) processor (revision G0) with 524288K bytes o
 << f memory.
Processor board ID FOC2023W67R
Last reset from power-on
2 Virtual Ethernet interfaces
12 Gigabit Ethernet interfaces
The password-recovery mechanism is enabled.

512K bytes of flash-simulated non-volatile configuration memory.
Base ether
 << net MAC Address       : 00:56:2B:C8:DE:00
Motherboard assembly number     : 73-17484-02
Power supply part number        : 341-0675-02
Motherboard serial number       : FOC20213CQZ
Power supply serial number      : DCC201650ET
Model revision number   
 <<         : G0
Motherboard revision number     : A0
Model number                    : WS-C2960CX-8PC-L
System serial number            : FOC2023W67R
Top Assembly Part Number        : 68-100386-02
Top Assembly Revision Number    : E0
Version ID        
 <<               : V02
CLEI Code Number                : CMMT410BRA
Hardware Board Revision Number  : 0x02


Switch Ports Model                     SW Version            SW Image                 
------ ----- -----                     ----------       
 <<      ----------               
*    1 12    WS-C2960CX-8PC-L          15.2(4)E1             C2960CX-UNIVERSALK9-M    


Configuration register is 0xF

test#
Expect: matched string 1: #
 >> write mem

Expect: searching for 2 strs:  :# :>
 << write mem
Building configuration...
[OK]
test#
Expect: matched string 1: #
 >> enable

Expect: searching for 2 strs:  :Password: :#
 << enable
test#
Expect: matched string 2: #
 >> wr erase
 >> 

 >> reload

Expect: searching for 2 strs:  :# :>
 << wr erase
Erasing the nvram filesystem will remove all configuration files! Continue? [confirm]
[OK]
Erase of nvram: complete
test#reload
Proceed with reload? [confirm]
Expect: matched string 1: #
Expect: searching for 1 strs:  :Save?
 << 
Oct 11 14:01:36: %SYS-7-NV_BLOCK_INIT: Initialized the geometry of nvram
 << 
 << 
 << 
 << 
 << 
Expect: did not match any strings!
...

Oct 11 14:01:36: %SYS-7-NV_BLOCK_INIT: Initialized the geometry of nvram
...

 >> 

