trying to use serial port: /dev/ttyUSB0
 >> 
 >> 

Expect: searching for 4 strs:  :[yes/no] :Press RETURN to get started. :# :Switch>
 << 
c29s1p.r216.newclassroom>
c29s1p.r216.newclassroom>
c29s1p.r216.newclassroom>
c29s1p.r216.newclassroom>
 << 
 << 
 << 
 << 
 << 
 << 
 << 
 << 
 << 
 << 
Expect: did not match any strings!
...

c29s1p.r216.newclassroom>
c29s1p.r216.newclassroom>
c29s1p.r216.newclassroom>
c29s1p.r216.newclassroom>
...

 >> 

Expect: searching for 2 strs:  :# :>
 << 
c29s1p.r216.newclassroom>
c29s1p.r216.newclassroom>
Expect: matched string 2: >
 >> term len 0

Expect: searching for 2 strs:  :# :>
 << term len 0
c29s1p.r216.newclassroom>
Expect: matched string 2: >
 >> show version

Expect: searching for 2 strs:  :# :>
 << show version
Cisco IOS Software, C2960X Software (C2960X-UNIVERSALK9-M), Version 15.2(2)E4, RELEASE SOFTWARE (fc2)
Technical Support: http://www.cisco.com/techsupport
Copyright (c) 1986-2016 by Cisco Systems, Inc.
Compiled Fri 12-Feb-16 22:57 by prod_
 << rel_team

ROM: Bootstrap program is C2960X boot loader
BOOTLDR: C2960X Boot Loader (C2960X-HBOOT-M) Version 15.2(3r)E1, RELEASE SOFTWARE (fc1)

c29s1p.r216.newclassroom uptime is 21 minutes
System returned to ROM by power-on
System restarted at 16:
 << 24:42 CST Mon Dec 5 2016
System image file is "flash:/c2960x-universalk9-mz.152-2.E4/c2960x-universalk9-mz.152-2.E4.bin"
Last reload reason: Unknown reason



This product contains cryptographic features and is subject to United
States and local co
 << untry laws governing import, export, transfer and
use. Delivery of Cisco cryptographic products does not imply
third-party authority to import, export, distribute or use encryption.
Importers, exporters, distributors and users are responsible for
comp
 << liance with U.S. and local country laws. By using this product you
agree to comply with applicable laws and regulations. If you are unable
to comply with U.S. and local laws, return this product immediately.

A summary of U.S. laws governing Cisco cry
 << ptographic products may be found at:
http://www.cisco.com/wwl/export/crypto/tool/stqrg.html

If you require further assistance please contact us by sending email to
export@cisco.com.

cisco WS-C2960X-48FPD-L (APM86XXX) processor (revision M0) with 5
 << 24288K bytes of memory.
Processor board ID FCW2027B1KX
Last reset from power-on
2 Virtual Ethernet interfaces
1 FastEthernet interface
50 Gigabit Ethernet interfaces
2 Ten Gigabit Ethernet interfaces
The password-recovery mechanism is enabled.

5
 << 12K bytes of flash-simulated non-volatile configuration memory.
Base ethernet MAC Address       : 00:A2:89:B4:40:00
Motherboard assembly number     : 73-16686-05
Power supply part number        : 341-0527-02
Motherboard serial number       : FOC20267T
 << 5C
Power supply serial number      : DCB202361QA
Model revision number           : M0
Motherboard revision number     : A0
Model number                    : WS-C2960X-48FPD-L
Daughterboard assembly number   : 73-14200-03
Daughterboard serial number 
 <<     : FOC20271QQ4
System serial number            : FCW2027B1KX
Top Assembly Part Number        : 68-100463-01
Top Assembly Revision Number    : C0
Version ID                      : V05
CLEI Code Number                : CMMLJ00ARD
Daughterboard revi
 << sion number   : A0
Hardware Board Revision Number  : 0x18


Switch Ports Model                     SW Version            SW Image                 
------ ----- -----                     ----------            ----------               
*    1 52    WS
 << -C2960X-48FPD-L         15.2(2)E4             C2960X-UNIVERSALK9-M     


Configuration register is 0xF

c29s1p.r216.newclassroom>
Expect: matched string 2: >
 >> enable

Expect: searching for 2 strs:  :Password: :#
 << enable
Password: 
Expect: matched string 1: Password:
 >> Area=l*w

Expect: searching for 1 strs:  :#
 << 
c29s1p.r216.newclassroom#
Expect: matched string 1: #
 >> sh run

Expect: searching for 2 strs:  :# :>
 << sh run
Building configuration...

Current configuration : 14534 bytes
!
! Last configuration change at 16:33:22 CST Mon Dec 5 2016
! NVRAM config last updated at 16:33:25 CST Mon Dec 5 2016
!
version 15.2
no service pad
service timestamps debug 
 << datetime localtime
service timestamps log datetime localtime
service password-encryption
!
hostname c29s1p.r216.newclassroom
!
boot-start-marker
boot-end-marker
!
enable secret 5 $1$xkxl$ZUmExf6Vo.IJq5XM9v5dX/
enable password 7 06271D244D1305531
 << 2
!
no aaa new-model
clock timezone CST -6 0
clock summer-time CDT recurring
switch 1 provision ws-c2960x-48fpd-l
!
!
ip dhcp snooping vlan 177
ip dhcp snooping
ip domain-name mgmt.msstate.edu
ip name-server 130.18.80.12
!
!
!
!
!
authent
 << ication mac-move permit
!
!
crypto pki trustpoint TP-self-signed-2494998912
 enrollment selfsigned
 subject-name cn=IOS-Self-Signed-Certificate-2494998912
 revocation-check none
 rsakeypair TP-self-signed-2494998912
!
!
crypto pki certificate ch
 << ain TP-self-signed-2494998912
 certificate self-signed 01
  	quit
!
spanning-tree mode mst
spanning-tree portfast bpduguard default
spanning-tree extend system-id
!
spanning-tree mst configuration
 name msstate
 revision 1
 instance 1 vlan 2, 7
 << , 11, 20, 22, 24, 31, 35, 37, 39-40, 50, 60, 63, 70
 instance 1 vlan 78, 80, 86, 91, 96, 104, 110, 126, 136, 140, 152, 160
 instance 1 vlan 162-163, 168, 189, 194, 202, 220, 222, 230, 232, 242, 246
 instance 1 vlan 256, 611-612, 654, 741, 996, 999
 in
 << stance 2 vlan 2002, 2007, 2011, 2020, 2022, 2024, 2031, 2035, 2037, 2039-2040
 instance 2 vlan 2050, 2060, 2063, 2070, 2080, 2086, 2096, 2104, 2110, 2126
 instance 2 vlan 2136, 2140, 2152, 2160, 2162-2163, 2168, 2189, 2194, 2202
 instance 2 vlan 2220, 
 << 2222, 2232, 2242, 2246, 2611-2612, 2654, 2999
 instance 3 vlan 42, 51, 59, 64, 66, 69, 72, 108, 113, 128, 144, 176, 196
 instance 3 vlan 244, 248, 927
 instance 4 vlan 2042, 2051, 2059, 2064, 2066, 2069, 2072, 2108, 2113, 2128
 instance 4 vlan 2144, 2
 << 176, 2196, 2244, 2248, 2927
 instance 5 vlan 16, 48, 58, 88, 121, 131, 133-134, 216, 228
 instance 6 vlan 2016, 2048, 2058, 2088, 2121, 2131, 2133-2134, 2216, 2228
 instance 7 vlan 9, 33-34, 38, 54, 56, 71, 75, 82, 84, 97, 114, 116, 124
 instance 7 vl
 << an 172, 186, 192, 204-208, 210, 240-241, 251-252, 630, 928
 instance 8 vlan 2009, 2033-2034, 2038, 2054, 2056, 2071, 2075, 2082, 2084
 instance 8 vlan 2097, 2114, 2116, 2124, 2172, 2186, 2192, 2204-2208, 2210
 instance 8 vlan 2240-2241, 2251-2252, 2630
 << , 2928
 instance 9 vlan 4-5, 12, 18-19, 32, 44, 57, 62, 68, 76, 98-99, 102, 112
 instance 9 vlan 130, 132, 147-148, 158, 212, 226, 236, 500, 505, 510-511
 instance 9 vlan 522, 551-570, 603, 629, 633, 742, 802, 926, 929
 instance 10 vlan 2004-2005, 201
 << 2, 2018-2019, 2032, 2044, 2057, 2062, 2068
 instance 10 vlan 2076, 2098-2099, 2102, 2112, 2130, 2132, 2147-2148, 2158
 instance 10 vlan 2212, 2236, 2500, 2505, 2510-2511, 2522, 2603, 2629, 2633
 instance 10 vlan 2802, 2926, 2929
 instance 11 vlan 8, 4
 << 3, 52, 146, 156-157, 180, 200, 218
 instance 12 vlan 2008, 2043, 2052, 2146, 2156-2157, 2180, 2200, 2218
!
errdisable recovery cause udld
errdisable recovery cause bpduguard
errdisable recovery cause security-violation
errdisable recovery cause chan
 << nel-misconfig
errdisable recovery cause pagp-flap
errdisable recovery cause dtp-flap
errdisable recovery cause link-flap
errdisable recovery cause sfp-config-mismatch
errdisable recovery cause gbic-invalid
errdisable recovery cause psecure-violation
 << 
errdisable recovery cause port-mode-failure
errdisable recovery cause dhcp-rate-limit
errdisable recovery cause pppoe-ia-rate-limit
errdisable recovery cause mac-limit
errdisable recovery cause vmps
errdisable recovery cause storm-control
errdisab
 << le recovery cause inline-power
errdisable recovery cause arp-inspection
errdisable recovery cause loopback
errdisable recovery cause small-frame
errdisable recovery cause psp
errdisable recovery interval 1800
!
!
!
!
vlan internal allocation pol
 << icy ascending
!
!
! 
!
!
!
!
!
!
!
!
interface FastEthernet0
 no ip address
 shutdown
!
interface GigabitEthernet1/0/1
 switchport access vlan 552
 switchport mode access
 power inline consumption 15400
 spanning-tree portfast
!
inte
 << rface GigabitEthernet1/0/2
 switchport access vlan 552
 switchport mode access
 power inline consumption 15400
 spanning-tree portfast
!
interface GigabitEthernet1/0/3
 switchport access vlan 552
 switchport mode access
 power inline consumption 
 << 15400
 spanning-tree portfast
!
interface GigabitEthernet1/0/4
 switchport access vlan 552
 switchport mode access
 power inline consumption 15400
 spanning-tree portfast
!
interface GigabitEthernet1/0/5
 switchport access vlan 552
 switchport 
 << mode access
 power inline consumption 15400
 spanning-tree portfast
!
interface GigabitEthernet1/0/6
 switchport access vlan 552
 switchport mode access
 power inline consumption 15400
 spanning-tree portfast
!
interface GigabitEthernet1/0/7
 s
 << witchport access vlan 552
 switchport mode access
 power inline consumption 15400
 spanning-tree portfast
!
interface GigabitEthernet1/0/8
 switchport access vlan 552
 switchport mode access
 power inline consumption 15400
 spanning-tree portfast
 << 
!
interface GigabitEthernet1/0/9
 switchport access vlan 552
 switchport mode access
 power inline consumption 15400
 spanning-tree portfast
!
interface GigabitEthernet1/0/10
 switchport access vlan 552
 switchport mode access
 power inline co
 << nsumption 15400
 spanning-tree portfast
!
interface GigabitEthernet1/0/11
 switchport access vlan 552
 switchport mode access
 power inline consumption 15400
 spanning-tree portfast
!
interface GigabitEthernet1/0/12
 switchport access vlan 552

 <<  switchport mode access
 power inline consumption 15400
 spanning-tree portfast
!
interface GigabitEthernet1/0/13
 switchport access vlan 552
 switchport mode access
 power inline consumption 15400
 spanning-tree portfast
!
interface GigabitEthe
 << rnet1/0/14
 switchport access vlan 552
 switchport mode access
 power inline consumption 15400
 spanning-tree portfast
!
interface GigabitEthernet1/0/15
 switchport access vlan 552
 switchport mode access
 power inline consumption 15400
 spannin
 << g-tree portfast
!
interface GigabitEthernet1/0/16
 switchport access vlan 552
 switchport mode access
 power inline consumption 15400
 spanning-tree portfast
!
interface GigabitEthernet1/0/17
 switchport access vlan 552
 switchport mode access

 <<  power inline consumption 15400
 spanning-tree portfast
!
interface GigabitEthernet1/0/18
 switchport access vlan 552
 switchport mode access
 power inline consumption 15400
 spanning-tree portfast
!
interface GigabitEthernet1/0/19
 switchport a
 << ccess vlan 552
 switchport mode access
 power inline consumption 15400
 spanning-tree portfast
!
interface GigabitEthernet1/0/20
 switchport access vlan 552
 switchport mode access
 power inline consumption 15400
 spanning-tree portfast
!
inter
 << face GigabitEthernet1/0/21
 switchport access vlan 552
 switchport mode access
 power inline consumption 15400
 spanning-tree portfast
!
interface GigabitEthernet1/0/22
 switchport access vlan 552
 switchport mode access
 power inline consumption
 <<  15400
 spanning-tree portfast
!
interface GigabitEthernet1/0/23
 switchport access vlan 552
 switchport mode access
 power inline consumption 15400
 spanning-tree portfast
!
interface GigabitEthernet1/0/24
 switchport access vlan 552
 switchpo
 << rt mode access
 power inline consumption 15400
 spanning-tree portfast
!
interface GigabitEthernet1/0/25
 switchport access vlan 552
 switchport mode access
 power inline consumption 15400
 spanning-tree portfast
!
interface GigabitEthernet1/0/2
 << 6
 switchport access vlan 552
 switchport mode access
 power inline consumption 15400
 spanning-tree portfast
!
interface GigabitEthernet1/0/27
 switchport access vlan 552
 switchport mode access
 power inline consumption 15400
 spanning-tree po
 << rtfast
!
interface GigabitEthernet1/0/28
 switchport access vlan 552
 switchport mode access
 power inline consumption 15400
 spanning-tree portfast
!
interface GigabitEthernet1/0/29
 switchport access vlan 552
 switchport mode access
 power in
 << line consumption 15400
 spanning-tree portfast
!
interface GigabitEthernet1/0/30
 switchport access vlan 552
 switchport mode access
 power inline consumption 15400
 spanning-tree portfast
!
interface GigabitEthernet1/0/31
 switchport access vla
 << n 552
 switchport mode access
 power inline consumption 15400
 spanning-tree portfast
!
interface GigabitEthernet1/0/32
 switchport access vlan 552
 switchport mode access
 power inline consumption 15400
 spanning-tree portfast
!
interface Giga
 << bitEthernet1/0/33
 switchport access vlan 552
 switchport mode access
 power inline consumption 15400
 spanning-tree portfast
!
interface GigabitEthernet1/0/34
 switchport access vlan 552
 switchport mode access
 power inline consumption 15400
 
 << spanning-tree portfast
!
interface GigabitEthernet1/0/35
 switchport access vlan 177
 switchport mode access
 switchport port-security maximum 2
 switchport port-security violation  protect
 switchport port-security aging time 15
 switchport port-
 << security aging type inactivity
 switchport port-security
 power inline never
 spanning-tree portfast
!
interface GigabitEthernet1/0/36
 switchport access vlan 177
 switchport mode access
 switchport port-security maximum 2
 switchport port-securi
 << ty violation  protect
 switchport port-security aging time 15
 switchport port-security aging type inactivity
 switchport port-security
 power inline never
 spanning-tree portfast
!
interface GigabitEthernet1/0/37
 switchport access vlan 177
 swi
 << tchport mode access
 switchport port-security maximum 2
 switchport port-security violation  protect
 switchport port-security aging time 15
 switchport port-security aging type inactivity
 switchport port-security
 power inline never
 spanning-tre
 << e portfast
!
interface GigabitEthernet1/0/38
 switchport access vlan 177
 switchport mode access
 switchport port-security maximum 2
 switchport port-security violation  protect
 switchport port-security aging time 15
 switchport port-security agi
 << ng type inactivity
 switchport port-security
 power inline never
 spanning-tree portfast
!
interface GigabitEthernet1/0/39
 switchport access vlan 177
 switchport mode access
 switchport port-security maximum 2
 switchport port-security violation
 <<   protect
 switchport port-security aging time 15
 switchport port-security aging type inactivity
 switchport port-security
 power inline never
 spanning-tree portfast
!
interface GigabitEthernet1/0/40
 switchport access vlan 177
 switchport mode
 <<  access
 switchport port-security maximum 2
 switchport port-security violation  protect
 switchport port-security aging time 15
 switchport port-security aging type inactivity
 switchport port-security
 power inline never
 spanning-tree portfast

 << !
interface GigabitEthernet1/0/41
 switchport access vlan 177
 switchport mode access
 switchport port-security maximum 2
 switchport port-security violation  protect
 switchport port-security aging time 15
 switchport port-security aging type inac
 << tivity
 switchport port-security
 power inline never
 spanning-tree portfast
!
interface GigabitEthernet1/0/42
 switchport access vlan 177
 switchport mode access
 switchport port-security maximum 2
 switchport port-security violation  protect
 
 << switchport port-security aging time 15
 switchport port-security aging type inactivity
 switchport port-security
 power inline never
 spanning-tree portfast
!
interface GigabitEthernet1/0/43
 switchport access vlan 177
 switchport mode access
 sw
 << itchport port-security maximum 2
 switchport port-security violation  protect
 switchport port-security aging time 15
 switchport port-security aging type inactivity
 switchport port-security
 power inline never
 spanning-tree portfast
!
interface
 <<  GigabitEthernet1/0/44
 switchport access vlan 177
 switchport mode access
 switchport port-security maximum 2
 switchport port-security violation  protect
 switchport port-security aging time 15
 switchport port-security aging type inactivity
 swi
 << tchport port-security
 power inline never
 spanning-tree portfast
!
interface GigabitEthernet1/0/45
 switchport access vlan 177
 switchport mode access
 switchport port-security maximum 2
 switchport port-security violation  protect
 switchport p
 << ort-security aging time 15
 switchport port-security aging type inactivity
 switchport port-security
 power inline never
 spanning-tree portfast
!
interface GigabitEthernet1/0/46
 switchport trunk native vlan 92
 switchport mode trunk
 no keepali
 << ve
 ip dhcp snooping trust
!
interface GigabitEthernet1/0/47
 switchport trunk native vlan 92
 switchport mode trunk
 no keepalive
 ip dhcp snooping trust
!
interface GigabitEthernet1/0/48
 switchport trunk native vlan 92
 switchport mode trunk
 << 
 no keepalive
 ip dhcp snooping trust
!
interface GigabitEthernet1/0/49
 switchport trunk native vlan 92
 switchport mode trunk
 ip dhcp snooping trust
!
interface GigabitEthernet1/0/50
 switchport trunk native vlan 92
 switchport mode trunk

 <<  ip dhcp snooping trust
!
interface TenGigabitEthernet1/0/1
 switchport trunk native vlan 92
 switchport mode trunk
 ip dhcp snooping trust
!
interface TenGigabitEthernet1/0/2
 switchport trunk native vlan 92
 switchport mode trunk
 ip dhcp snoo
 << ping trust
!
interface Vlan1
 no ip address
 no ip route-cache
 shutdown
!
interface Vlan92
 ip address 10.92.5.154 255.255.0.0
 ip broadcast-address 10.92.255.255
!
ip default-gateway 10.92.0.1
no ip http server
no ip http secure-server
!

 << !
logging facility local1
logging host 130.18.8.12
access-list 1 permit 10.92.0.0 0.0.255.255
access-list 1 permit 130.18.8.0 0.0.0.255
access-list 1 permit 10.93.0.0 0.0.255.255
access-list 1 permit 130.18.1.0 0.0.0.255
!
snmp-server community sy
 << snet RO 1
snmp-server community c2-b2=a2 RW 1
snmp-server contact 6F-2141
snmp-server enable traps snmp authentication linkdown linkup coldstart warmstart
snmp-server enable traps transceiver all
snmp-server enable traps tty
snmp-server enable traps
 <<  cluster
snmp-server enable traps config-copy
snmp-server enable traps config
snmp-server enable traps config-ctid
snmp-server enable traps entity
snmp-server enable traps power-ethernet police
snmp-server enable traps cpu threshold
snmp-server ena
 << ble traps bridge newroot topologychange
snmp-server enable traps stpx inconsistency root-inconsistency loop-inconsistency
snmp-server enable traps syslog
snmp-server enable traps vtp
snmp-server enable traps vlancreate
snmp-server enable traps vlande
 << lete
snmp-server enable traps flash insertion removal
!
!
line con 0
line vty 5 15
!
end

c29s1p.r216.newclassroom#
Expect: matched string 1: #
