trying to use serial port: /dev/ttyUSB0
 >> 
 >> 

Expect: searching for 4 strs:  :[yes/no] :Press RETURN to get started. :# :Switch>
 << 


         --- System Configuration Dialog ---

Enable secret warning
----------------------------------
In order to access the device manager, an enable secret is required
If you enter the initial configuration dialog, you will be prompted for t
 << he enable secret
If you choose not to enter the intial configuration dialog, or if you exit setup without setting the enable secret,
please set an enable secret using the following CLI in configuration mode-
enable secret 0 <cleartext password>
------
 << ----------------------------
Would you like to enter the initial configuration dialog? [yes/no]: 
% Please answer 'yes' or 'no'.
Would you like to enter the initial configuration dialog? [yes/no]: 
% Please answer 'yes' or 'no'.
Would you like to ent
Expect: matched string 1: [yes/no]
 >> 

 >> no

 >> term len 0

Expect: searching for 2 strs:  :# :>
 << er the initial configuration dialog? [yes/no]: 
% Please answer 'yes' or 'no'.
Would you like to enter the initial configuration dialog? [yes/no]: 
% Please answer 'yes' or 'no'.
Would you like to enter the initial configuration dialog? [yes/no]: 
% 
 << Please answer 'yes' or 'no'.
Would you like to enter the initial configuration dialog? [yes/no]: no
Switch>term len 0
Switch>
Expect: matched string 2: >
 >> show version

Expect: searching for 2 strs:  :# :>
 << 
Dec  2 14:58:18.013: %LINK-5-CHANGED: Interface Vlan1, changed state to administratively downshow version
Cisco IOS Software, C3560CX Software (C3560CX-UNIVERSALK9-M), Version 15.2(3)E1, RELEASE SOFTWARE (fc3)
Technical Support: http://www.cisco.com/t
 << echsupport
Copyright (c) 1986-2015 by Cisco Systems, Inc.
Compiled Tue 28-Apr-15 01:46 by prod_rel_team

ROM: Bootstrap program is C3560CX boot loader
BOOTLDR: C3560CX Boot Loader (C3560CX-HBOOT-M) Version 15.2(3r)E, RELEASE SOFTWARE (fc1)

Switch 
 << uptime is 12 minutes
System returned to ROM by power-on
System restarted at 14:45:47 UTC Fri Dec 2 2016
System image file is "flash:/c3560cx-universalk9-mz.152-3.E1/c3560cx-universalk9-mz.152-3.E1.bin"
Last reload reason: Unknown reason



This pr
 << oduct contains cryptographic features and is subject to United
States and local country laws governing import, export, transfer and
use. Delivery of Cisco cryptographic products does not imply
third-party authority to import, export, distribute or use 
 << encryption.
Importers, exporters, distributors and users are responsible for
compliance with U.S. and local country laws. By using this product you
agree to comply with applicable laws and regulations. If you are unable
to comply with U.S. and local l
 << aws, return this product immediately.

A summary of U.S. laws governing Cisco cryptographic products may be found at:
http://www.cisco.com/wwl/export/crypto/tool/stqrg.html

If you require further assistance please contact us by sending email to
exp
 << ort@cisco.com.

License Level: ipbase
License Type: Default. No valid license found.
Next reload license Level: ipbase

cisco WS-C3560CX-12PC-S (APM86XXX) processor (revision C0) with 524288K bytes of memory.
Processor board ID FOC1936W1V3
Last re
 << set from power-on
1 Virtual Ethernet interface
16 Gigabit Ethernet interfaces
The password-recovery mechanism is enabled.

512K bytes of flash-simulated non-volatile configuration memory.
Base ethernet MAC Address       : 04:6C:9D:8A:3C:80
Motherbo
 << ard assembly number     : 73-16468-04
Power supply part number        : 341-0675-02
Motherboard serial number       : FOC19357DMV
Power supply serial number      : DCC1920034Z
Model revision number           : C0
Motherboard revision number     : A0
 << 
Model number                    : WS-C3560CX-12PC-S
System serial number            : FOC1936W1V3
Top Assembly Part Number        : 68-5361-01
Top Assembly Revision Number    : C0
Version ID                      : V01
CLEI Code Number               
 <<  : CMM1300DRA
Hardware Board Revision Number  : 0x02


Switch Ports Model                     SW Version            SW Image                 
------ ----- -----                     ----------            ----------               
*    1 16    WS-C356
 << 0CX-12PC-S         15.2(3)E1             C3560CX-UNIVERSALK9-M    


Configuration register is 0xF

Switch>
Expect: matched string 2: >
 >> 

Expect: searching for 4 strs:  :[yes/no] :Press RETURN to get started. :# :Switch>
 << 
Switch>
Switch>
Expect: matched string 4: Switch>
 >> show version

Expect: searching for 2 strs:  :# :>
 << show version
Cisco IOS Software, C3560CX Software (C3560CX-UNIVERSALK9-M), Version 15.2(3)E1, RELEASE SOFTWARE (fc3)
Technical Support: http://www.cisco.com/techsupport
Copyright (c) 1986-2015 by Cisco Systems, Inc.
Compiled Tue 28-Apr-15 01:46 by pro
 << d_rel_team

ROM: Bootstrap program is C3560CX boot loader
BOOTLDR: C3560CX Boot Loader (C3560CX-HBOOT-M) Version 15.2(3r)E, RELEASE SOFTWARE (fc1)

Switch uptime is 13 minutes
System returned to ROM by power-on
System restarted at 14:45:47 UTC Fri 
 << Dec 2 2016
System image file is "flash:/c3560cx-universalk9-mz.152-3.E1/c3560cx-universalk9-mz.152-3.E1.bin"
Last reload reason: Unknown reason



This product contains cryptographic features and is subject to United
States and local country laws g
 << overning import, export, transfer and
use. Delivery of Cisco cryptographic products does not imply
third-party authority to import, export, distribute or use encryption.
Importers, exporters, distributors and users are responsible for
compliance with 
 << U.S. and local country laws. By using this product you
agree to comply with applicable laws and regulations. If you are unable
to comply with U.S. and local laws, return this product immediately.

A summary of U.S. laws governing Cisco cryptographic p
 << roducts may be found at:
http://www.cisco.com/wwl/export/crypto/tool/stqrg.html

If you require further assistance please contact us by sending email to
export@cisco.com.

License Level: ipbase
License Type: Default. No valid license found.
Next r
 << eload license Level: ipbase

cisco WS-C3560CX-12PC-S (APM86XXX) processor (revision C0) with 524288K bytes of memory.
Processor board ID FOC1936W1V3
Last reset from power-on
1 Virtual Ethernet interface
16 Gigabit Ethernet interfaces
The password-r
 << ecovery mechanism is enabled.

512K bytes of flash-simulated non-volatile configuration memory.
Base ethernet MAC Address       : 04:6C:9D:8A:3C:80
Motherboard assembly number     : 73-16468-04
Power supply part number        : 341-0675-02
Motherboa
 << rd serial number       : FOC19357DMV
Power supply serial number      : DCC1920034Z
Model revision number           : C0
Motherboard revision number     : A0
Model number                    : WS-C3560CX-12PC-S
System serial number            : FOC1936
 << W1V3
Top Assembly Part Number        : 68-5361-01
Top Assembly Revision Number    : C0
Version ID                      : V01
CLEI Code Number                : CMM1300DRA
Hardware Board Revision Number  : 0x02


Switch Ports Model                  
 <<    SW Version            SW Image                 
------ ----- -----                     ----------            ----------               
*    1 16    WS-C3560CX-12PC-S         15.2(3)E1             C3560CX-UNIVERSALK9-M    


Configuration register 
 << is 0xF

Switch>
Expect: matched string 2: >
