trying to use serial port: /dev/ttyUSB0
 >> 
 >> 

Expect: searching for 4 strs:  :[yes/no] :Press RETURN to get started. :# :Switch>
 << 
c29s1p.r216.newclassroom>
c29s1p.r216.newclassroom>
c29s1p.r216.newclassroom>
c29s1p.r216.newclassroom>
 << 
 << 
 << 
 << 
 << 
 << 
 << 
 << 
 << 
 << 
Expect: did not match any strings!
...

c29s1p.r216.newclassroom>
c29s1p.r216.newclassroom>
c29s1p.r216.newclassroom>
c29s1p.r216.newclassroom>
...

 >> 

Expect: searching for 2 strs:  :# :>
 << 
c29s1p.r216.newclassroom>
c29s1p.r216.newclassroom>
Expect: matched string 2: >
 >> term len 0

Expect: searching for 2 strs:  :# :>
 << term len 0
c29s1p.r216.newclassroom>
Expect: matched string 2: >
 >> show version

Expect: searching for 2 strs:  :# :>
 << show version
Cisco IOS Software, C2960X Software (C2960X-UNIVERSALK9-M), Version 15.2(2)E4, RELEASE SOFTWARE (fc2)
Technical Support: http://www.cisco.com/techsupport
Copyright (c) 1986-2016 by Cisco Systems, Inc.
Compiled Fri 12-Feb-16 22:57 by prod_
 << rel_team

ROM: Bootstrap program is C2960X boot loader
BOOTLDR: C2960X Boot Loader (C2960X-HBOOT-M) Version 15.2(3r)E1, RELEASE SOFTWARE (fc1)

c29s1p.r216.newclassroom uptime is 16 hours, 5 minutes
System returned to ROM by power-on
System restart
 << ed at 16:24:42 CST Mon Dec 5 2016
System image file is "flash:/c2960x-universalk9-mz.152-2.E4/c2960x-universalk9-mz.152-2.E4.bin"
Last reload reason: Unknown reason



This product contains cryptographic features and is subject to United
States and
 <<  local country laws governing import, export, transfer and
use. Delivery of Cisco cryptographic products does not imply
third-party authority to import, export, distribute or use encryption.
Importers, exporters, distributors and users are responsible 
 << for
compliance with U.S. and local country laws. By using this product you
agree to comply with applicable laws and regulations. If you are unable
to comply with U.S. and local laws, return this product immediately.

A summary of U.S. laws governing 
 << Cisco cryptographic products may be found at:
http://www.cisco.com/wwl/export/crypto/tool/stqrg.html

If you require further assistance please contact us by sending email to
export@cisco.com.

cisco WS-C2960X-48FPD-L (APM86XXX) processor (revision M
 << 0) with 524288K bytes of memory.
Processor board ID FCW2027B1KX
Last reset from power-on
2 Virtual Ethernet interfaces
1 FastEthernet interface
50 Gigabit Ethernet interfaces
2 Ten Gigabit Ethernet interfaces
The password-recovery mechanism is enab
 << led.

512K bytes of flash-simulated non-volatile configuration memory.
Base ethernet MAC Address       : 00:A2:89:B4:40:00
Motherboard assembly number     : 73-16686-05
Power supply part number        : 341-0527-02
Motherboard serial number       : 
 << FOC20267T5C
Power supply serial number      : DCB202361QA
Model revision number           : M0
Motherboard revision number     : A0
Model number                    : WS-C2960X-48FPD-L
Daughterboard assembly number   : 73-14200-03
Daughterboard seria
 << l number     : FOC20271QQ4
System serial number            : FCW2027B1KX
Top Assembly Part Number        : 68-100463-01
Top Assembly Revision Number    : C0
Version ID                      : V05
CLEI Code Number                : CMMLJ00ARD
Daughterb
 << oard revision number   : A0
Hardware Board Revision Number  : 0x18


Switch Ports Model                     SW Version            SW Image                 
------ ----- -----                     ----------            ----------               
*    1
 <<  52    WS-C2960X-48FPD-L         15.2(2)E4             C2960X-UNIVERSALK9-M     


Configuration register is 0xF

c29s1p.r216.newclassroom>
Expect: matched string 2: >
 >> write mem

Expect: searching for 2 strs:  :# :>
 << write mem
                          ^
% Invalid input detected at '^' marker.

c29s1p.r216.newclassroom>
Expect: matched string 2: >
 >> enable

Expect: searching for 2 strs:  :Password: :#
 << enable
Password: 
Expect: matched string 1: Password:
 >> Area=l*w

Expect: searching for 1 strs:  :#
 << 
c29s1p.r216.newclassroom#
Expect: matched string 1: #
 >> wr erase
 >> 

 >> reload

Expect: searching for 2 strs:  :# :>
 << wr erase
Erasing the nvram filesystem will remove all configuration files! Continue? [confirm]
[OK]
Erase of nvram: complete
c29s1p.r216.newclassroom#reload
Proceed with reload? [confirm]
Expect: matched string 1: #
Expect: searching for 1 strs:  :Save?
 << 
Dec  6 08:30:05: %SYS-7-NV_BLOCK_INIT: Initialized the geometry of nvram
 << 
 << 
 << 
 << 
Expect: did not match any strings!
...

Dec  6 08:30:05: %SYS-7-NV_BLOCK_INIT: Initialized the geometry of nvram
...

 >> 

