trying to use serial port: /dev/ttyUSB0
 >> 
 >> 

Expect: searching for 4 strs:  :[yes/no] :Press RETURN to get started. :# :Switch>
 << 
c29s1c.r008.meridian#
c29s1c.r008.meridian#
c29s1c.r008.meridian#
c29s1c.r008.meridian#
Expect: matched string 3: #
 >> term len 0

Expect: searching for 2 strs:  :# :>
 << term len 0
c29s1c.r008.meridian#
Expect: matched string 1: #
 >> show version

Expect: searching for 2 strs:  :# :>
 << show version
Cisco IOS Software, C2960CX Software (C2960CX-UNIVERSALK9-M), Version 15.2(4)E1, RELEASE SOFTWARE (fc2)
Technical Support: http://www.cisco.com/techsupport
Copyright (c) 1986-2016 by Cisco Systems, Inc.
Compiled Thu 28-Jan-16 16:23 by pro
 << d_rel_team

ROM: Bootstrap program is C2960CX boot loader
BOOTLDR: C2960CX Boot Loader (C2960CX-HBOOT-M) Version 15.2(3r)E, RELEASE SOFTWARE (fc1)

c29s1c.r008.meridian uptime is 51 minutes
System returned to ROM by power-on
System restarted at 16:
 << 21:53 UTC Mon Dec 19 2016
System image file is "flash:/c2960cx-universalk9-mz.152-4.E1/c2960cx-universalk9-mz.152-4.E1.bin"
Last reload reason: power-on



This product contains cryptographic features and is subject to United
States and local count
 << ry laws governing import, export, transfer and
use. Delivery of Cisco cryptographic products does not imply
third-party authority to import, export, distribute or use encryption.
Importers, exporters, distributors and users are responsible for
complia
 << nce with U.S. and local country laws. By using this product you
agree to comply with applicable laws and regulations. If you are unable
to comply with U.S. and local laws, return this product immediately.

A summary of U.S. laws governing Cisco crypto
 << graphic products may be found at:
http://www.cisco.com/wwl/export/crypto/tool/stqrg.html

If you require further assistance please contact us by sending email to
export@cisco.com.

cisco WS-C2960CX-8PC-L (APM86XXX) processor (revision G0) with 52428
 << 8K bytes of memory.
Processor board ID FOC2026Z3TT
Last reset from power-on
2 Virtual Ethernet interfaces
12 Gigabit Ethernet interfaces
The password-recovery mechanism is enabled.

512K bytes of flash-simulated non-volatile configuration memory.

 << Base ethernet MAC Address       : 00:A2:89:25:42:80
Motherboard assembly number     : 73-17484-02
Power supply part number        : 341-0675-02
Motherboard serial number       : FOC202640UF
Power supply serial number      : DCC201651QB
Model revision
 <<  number           : G0
Motherboard revision number     : A0
Model number                    : WS-C2960CX-8PC-L
System serial number            : FOC2026Z3TT
Top Assembly Part Number        : 68-100386-02
Top Assembly Revision Number    : E0
Version 
 << ID                      : V02
CLEI Code Number                : CMMT410BRA
Hardware Board Revision Number  : 0x02


Switch Ports Model                     SW Version            SW Image                 
------ ----- -----                     -------
 << ---            ----------               
*    1 12    WS-C2960CX-8PC-L          15.2(4)E1             C2960CX-UNIVERSALK9-M    


Configuration register is 0xF

c29s1c.r008.meridian#
Expect: matched string 1: #
 >> enable

Expect: searching for 2 strs:  :Password: :#
 << enable
c29s1c.r008.meridian#
Expect: matched string 2: #
 >> sh run

Expect: searching for 2 strs:  :# :>
 << sh run
Building configuration...

Current configuration : 2515 bytes
!
! Last configuration change at 17:07:35 UTC Mon Dec 19 2016
! NVRAM config last updated at 17:07:38 UTC Mon Dec 19 2016
!
version 15.2
no service pad
service timestamps debug
 <<  datetime msec
service timestamps log datetime msec
no service password-encryption
!
hostname c29s1c.r008.meridian
!
boot-start-marker
boot-end-marker
!
!
no aaa new-model
system mtu routing 1500
!
!
!
!
!
!
ip dhcp snooping vlan 649
ip
 <<  dhcp snooping
!
!
!
!
!
!
!
!
!
spanning-tree mode rapid-pvst
spanning-tree extend system-id
!
!
!
!
vlan internal allocation policy ascending
!
!
! 
!
!
!
!
!
!
!
!
!
interface GigabitEthernet0/1
 switchport access vlan 673
 << 
 switchport mode access
 power inline consumption 15400
 spanning-tree portfast edge
!
interface GigabitEthernet0/2
 switchport access vlan 673
 switchport mode access
 power inline consumption 15400
 spanning-tree portfast edge
!
interface Gi
 << gabitEthernet0/3
 switchport access vlan 673
 switchport mode access
 power inline consumption 15400
 spanning-tree portfast edge
!
interface GigabitEthernet0/4
 switchport access vlan 673
 switchport mode access
 power inline consumption 15400

 <<  spanning-tree portfast edge
!
interface GigabitEthernet0/5
 switchport access vlan 28
 switchport mode access
 power inline consumption 15400
 spanning-tree portfast edge
!
interface GigabitEthernet0/6
 switchport access vlan 649
 switchport mo
 << de access
 switchport port-security maximum 2
 switchport port-security violation protect
 switchport port-security aging time 15
 switchport port-security aging type inactivity
 switchport port-security
 power inline never
 spanning-tree portfast 
 << edge
!
interface GigabitEthernet0/7
 switchport access vlan 649
 switchport mode access
 switchport port-security maximum 2
 switchport port-security violation protect
 switchport port-security aging time 15
 switchport port-security aging type in
 << activity
 switchport port-security
 power inline never
 spanning-tree portfast edge
!
interface GigabitEthernet0/8
 switchport access vlan 91
 switchport mode access
 power inline consumption 15400
 spanning-tree portfast edge
!
interface Gigab
 << itEthernet0/9
 no keepalive
!
interface GigabitEthernet0/10
 no keepalive
!
interface GigabitEthernet0/11
!
interface GigabitEthernet0/12
!
interface Vlan1
 no ip address
 shutdown
!
interface Vlan92
 ip address 10.92.5.169 255.255.0.0
 ip
 <<  broadcast-address 10.92.255.255
!
ip default-gateway 10.92.0.1
ip forward-protocol nd
ip http server
ip http secure-server
!
!
!
!
!
line con 0
line vty 5 15
!
end

c29s1c.r008.meridian#
Expect: matched string 1: #
