trying to use serial port: /dev/ttyUSB0
 >> 
 >> 

Expect: searching for 4 strs:  :[yes/no] :Press RETURN to get started. :# :Switch>
 << 
c29s1c.r008.meridian#
c29s1c.r008.meridian#
c29s1c.r008.meridian#
c29s1c.r008.meridian#
Expect: matched string 3: #
 >> term len 0

Expect: searching for 2 strs:  :# :>
 << term len 0
c29s1c.r008.meridian#
Expect: matched string 1: #
 >> show version

Expect: searching for 2 strs:  :# :>
 << show version
Cisco IOS Software, C2960CX Software (C2960CX-UNIVERSALK9-M), Version 15.2(4)E1, RELEASE SOFTWARE (fc2)
Technical Support: http://www.cisco.com/techsupport
Copyright (c) 1986-2016 by Cisco Systems, Inc.
Compiled Thu 28-Jan-16 16:23 by pro
 << d_rel_team

ROM: Bootstrap program is C2960CX boot loader
BOOTLDR: C2960CX Boot Loader (C2960CX-HBOOT-M) Version 15.2(3r)E, RELEASE SOFTWARE (fc1)

c29s1c.r008.meridian uptime is 17 minutes
System returned to ROM by power-on
System restarted at 14:
 << 08:57 CST Mon Dec 19 2016
System image file is "flash:/c2960cx-universalk9-mz.152-4.E1/c2960cx-universalk9-mz.152-4.E1.bin"
Last reload reason: Reload command



This product contains cryptographic features and is subject to United
States and local
 <<  country laws governing import, export, transfer and
use. Delivery of Cisco cryptographic products does not imply
third-party authority to import, export, distribute or use encryption.
Importers, exporters, distributors and users are responsible for
c
 << ompliance with U.S. and local country laws. By using this product you
agree to comply with applicable laws and regulations. If you are unable
to comply with U.S. and local laws, return this product immediately.

A summary of U.S. laws governing Cisco 
 << cryptographic products may be found at:
http://www.cisco.com/wwl/export/crypto/tool/stqrg.html

If you require further assistance please contact us by sending email to
export@cisco.com.

cisco WS-C2960CX-8PC-L (APM86XXX) processor (revision G0) with
 <<  524288K bytes of memory.
Processor board ID FOC2026Z3TT
Last reset from reload command
2 Virtual Ethernet interfaces
12 Gigabit Ethernet interfaces
The password-recovery mechanism is enabled.

512K bytes of flash-simulated non-volatile configurati
 << on memory.
Base ethernet MAC Address       : 00:A2:89:25:42:80
Motherboard assembly number     : 73-17484-02
Power supply part number        : 341-0675-02
Motherboard serial number       : FOC202640UF
Power supply serial number      : DCC201651QB
Mo
 << del revision number           : G0
Motherboard revision number     : A0
Model number                    : WS-C2960CX-8PC-L
System serial number            : FOC2026Z3TT
Top Assembly Part Number        : 68-100386-02
Top Assembly Revision Number    : 
 << E0
Version ID                      : V02
CLEI Code Number                : CMMT410BRA
Hardware Board Revision Number  : 0x02


Switch Ports Model                     SW Version            SW Image                 
------ ----- -----                
 <<      ----------            ----------               
*    1 12    WS-C2960CX-8PC-L          15.2(4)E1             C2960CX-UNIVERSALK9-M    


Configuration register is 0xF

c29s1c.r008.meridian#
Expect: matched string 1: #
 >> enable

Expect: searching for 2 strs:  :Password: :#
 << enable
c29s1c.r008.meridian#
Expect: matched string 2: #
 >> sh run

Expect: searching for 2 strs:  :# :>
 << sh run
Building configuration...

Current configuration : 6169 bytes
!
! Last configuration change at 14:16:30 CST Mon Dec 19 2016
! NVRAM config last updated at 14:16:33 CST Mon Dec 19 2016
!
version 15.2
no service pad
service timestamps debug
 <<  datetime localtime
service timestamps log datetime localtime
service password-encryption
!
hostname c29s1c.r008.meridian
!
boot-start-marker
boot-end-marker
!
enable secret 5 $1$09J6$oJc0p4vLCiEREgADTIQj6.
enable password 7 11280B00164F074613

 << !
username root privilege 15 secret 5 $1$7.Fq$utQ./fAL.3rDHn6wq9iXH1
no aaa new-model
clock timezone CST -6 0
clock summer-time CDT recurring
system mtu routing 1500
!
!
!
!
!
!
ip dhcp snooping vlan 649
ip dhcp snooping
ip domain-name mgmt.
 << msstate.edu
ip name-server 130.18.80.12
!
!
!
!
!
authentication mac-move permit
!
!
crypto pki trustpoint TP-self-signed-2494998912
 enrollment selfsigned
 subject-name cn=IOS-Self-Signed-Certificate-2494998912
 revocation-check none
 rsake
 << ypair TP-self-signed-2494998912
!
!
crypto pki certificate chain TP-self-signed-2494998912
 certificate self-signed 01
  	quit
!
spanning-tree mode pvst
spanning-tree portfast edge bpduguard default
spanning-tree extend system-id
no spanning-tre
 << e vlan 2-91,93-237,240-242,244,246,248,251-252,256,359,500,502
no spanning-tree vlan 505,509,511-515,520,522,551-560,562-570,601-603,605-606
no spanning-tree vlan 610,629-630,632-633,635-637,654,674-676,701,741-742,800
no spanning-tree vlan 801-805,807
 << ,880,901-904,908,910-913,915-916,926-930,970
no spanning-tree vlan 995-1000
spanning-tree vlan 1-1000 priority 57344
errdisable recovery cause udld
errdisable recovery cause bpduguard
errdisable recovery cause security-violation
errdisable recovery 
 << cause channel-misconfig
errdisable recovery cause pagp-flap
errdisable recovery cause dtp-flap
errdisable recovery cause link-flap
errdisable recovery cause sfp-config-mismatch
errdisable recovery cause gbic-invalid
errdisable recovery cause psecure
 << -violation
errdisable recovery cause port-mode-failure
errdisable recovery cause dhcp-rate-limit
errdisable recovery cause pppoe-ia-rate-limit
errdisable recovery cause mac-limit
errdisable recovery cause vmps
errdisable recovery cause storm-control
 << 
errdisable recovery cause inline-power
errdisable recovery cause arp-inspection
errdisable recovery cause loopback
errdisable recovery cause small-frame
errdisable recovery cause psp
errdisable recovery interval 1800
!
!
!
!
vlan internal allo
 << cation policy ascending
!
!
! 
!
!
!
!
!
!
!
!
!
interface GigabitEthernet0/1
 switchport access vlan 673
 switchport mode access
 power inline consumption 15400
 spanning-tree portfast edge
!
interface GigabitEthernet0/2
 switchport a
 << ccess vlan 673
 switchport mode access
 power inline consumption 15400
 spanning-tree portfast edge
!
interface GigabitEthernet0/3
 switchport access vlan 673
 switchport mode access
 power inline consumption 15400
 spanning-tree portfast edge
!
 << 
interface GigabitEthernet0/4
 switchport access vlan 673
 switchport mode access
 power inline consumption 15400
 spanning-tree portfast edge
!
interface GigabitEthernet0/5
 switchport access vlan 28
 switchport mode access
 power inline consum
 << ption 15400
 spanning-tree portfast edge
!
interface GigabitEthernet0/6
 switchport access vlan 649
 switchport mode access
 switchport port-security maximum 2
 switchport port-security violation protect
 switchport port-security aging time 15
 s
 << witchport port-security aging type inactivity
 switchport port-security
 power inline never
 spanning-tree portfast edge
!
interface GigabitEthernet0/7
 switchport access vlan 649
 switchport mode access
 switchport port-security maximum 2
 switc
 << hport port-security violation protect
 switchport port-security aging time 15
 switchport port-security aging type inactivity
 switchport port-security
 power inline never
 spanning-tree portfast edge
!
interface GigabitEthernet0/8
 switchport acc
 << ess vlan 91
 switchport mode access
 power inline consumption 15400
 spanning-tree portfast edge
!
interface GigabitEthernet0/9
 switchport trunk native vlan 92
 switchport mode trunk
 no keepalive
 ip dhcp snooping trust
!
interface GigabitEth
 << ernet0/10
 switchport trunk native vlan 92
 switchport mode trunk
 no keepalive
 ip dhcp snooping trust
!
interface GigabitEthernet0/11
 switchport trunk native vlan 92
 switchport mode trunk
 ip dhcp snooping trust
!
interface GigabitEthernet0
 << /12
 switchport trunk native vlan 92
 switchport mode trunk
 ip dhcp snooping trust
!
interface Vlan1
 no ip address
 no ip route-cache
 shutdown
!
interface Vlan92
 ip address 10.92.5.169 255.255.0.0
 ip broadcast-address 10.92.255.255
!
ip
 <<  default-gateway 10.92.0.1
ip forward-protocol nd
ip http server
ip http secure-server
!
!
!
logging facility local1
logging host 130.18.8.12
access-list 1 permit 10.92.0.0 0.0.255.255
access-list 1 permit 130.18.8.0 0.0.0.255
access-list 1 per
 << mit 10.93.0.0 0.0.255.255
access-list 1 permit 130.18.1.0 0.0.0.255
!
snmp-server community sysnet RO 1
snmp-server community c2-b2=a2 RW 1
snmp-server enable traps snmp authentication linkdown linkup coldstart warmstart
snmp-server enable traps tra
 << nsceiver all
snmp-server enable traps tty
snmp-server enable traps cluster
snmp-server enable traps config-copy
snmp-server enable traps config
snmp-server enable traps config-ctid
snmp-server enable traps entity
snmp-server enable traps power-ethe
 << rnet police
snmp-server enable traps cpu threshold
snmp-server enable traps bridge newroot topologychange
snmp-server enable traps stpx inconsistency root-inconsistency loop-inconsistency
snmp-server enable traps syslog
snmp-server enable traps vtp

 << snmp-server enable traps vlancreate
snmp-server enable traps vlandelete
snmp-server enable traps flash insertion removal
snmp-server enable traps port-security
snmp-server enable traps envmon fan shutdown supply temperature status
snmp-server enable 
 << traps errdisable
snmp-server enable traps mac-notification change move threshold
snmp-server enable traps vlan-membership
!
line con 0
line vty 0 4
 access-class 1 in
 password 7 013214015A560A4536
 login
 transport input all
line vty 5 15
 acc
 << ess-class 1 in
 password 7 013214015A560A4536
 login
 transport input all
!
ntp server 10.92.0.5
end

c29s1c.r008.meridian#
Expect: matched string 1: #
