trying to use serial port: /dev/ttyUSB0
 >> 
 >> 

Expect: searching for 4 strs:  :[yes/no] :Press RETURN to get started. :# :Switch>
 << 
c29s1.cab6.r127.allen>
c29s1.cab6.r127.allen>
c29s1.cab6.r127.allen>
c29s1.cab6.r127.allen>
 << 
 << 
 << 
 << 
 << 
 << 
 << 
 << 
 << 
 << 
Expect: did not match any strings!
...

c29s1.cab6.r127.allen>
c29s1.cab6.r127.allen>
c29s1.cab6.r127.allen>
c29s1.cab6.r127.allen>
...

 >> 

Expect: searching for 2 strs:  :# :>
 << 
c29s1.cab6.r127.allen>
c29s1.cab6.r127.allen>
Expect: matched string 2: >
 >> term len 0

Expect: searching for 2 strs:  :# :>
 << term len 0
c29s1.cab6.r127.allen>
Expect: matched string 2: >
 >> show version

Expect: searching for 2 strs:  :# :>
 << show version
Cisco IOS Software, C2960S Software (C2960S-UNIVERSALK9-M), Version 12.2(53)SE2, RELEASE SOFTWARE (fc3)
Technical Support: http://www.cisco.com/techsupport
Copyright (c) 1986-2010 by Cisco Systems, Inc.
Compiled Wed 21-Apr-10 06:08 by pro
 << d_rel_team
Image text-base: 0x00003000, data-base: 0x01B00000

ROM: Bootstrap program is Alpha board boot loader
BOOTLDR: C2960S Boot Loader (C2960S-HBOOT-M) Version 12.2(53r)SE, RELEASE SOFTWARE (fc3)

c29s1.cab6.r127.allen uptime is 26 minutes
Sy
 << stem returned to ROM by power-on
System image file is "flash:/c2960s-universalk9-mz.122-53.SE2/c2960s-universalk9-mz.122-53.SE2.bin"


This product contains cryptographic features and is subject to United
States and local country laws governing impor
 << t, export, transfer and
use. Delivery of Cisco cryptographic products does not imply
third-party authority to import, export, distribute or use encryption.
Importers, exporters, distributors and users are responsible for
compliance with U.S. and local
 <<  country laws. By using this product you
agree to comply with applicable laws and regulations. If you are unable
to comply with U.S. and local laws, return this product immediately.

A summary of U.S. laws governing Cisco cryptographic products may be
 <<  found at:
http://www.cisco.com/wwl/export/crypto/tool/stqrg.html

If you require further assistance please contact us by sending email to
export@cisco.com.

cisco WS-C2960S-24TS-L (PowerPC) processor (revision B0) with 131072K bytes of memory.
Pro
 << cessor board ID FOC1451X0P6
Last reset from power-on
2 Virtual Ethernet interfaces
1 FastEthernet interface
28 Gigabit Ethernet interfaces
The password-recovery mechanism is enabled.

512K bytes of flash-simulated non-volatile configuration memory.
 << 
Base ethernet MAC Address       : 8C:B6:4F:A8:CA:80
Motherboard assembly number     : 73-11910-06
Power supply part number        : 341-0328-02
Motherboard serial number       : FOC145123V2
Power supply serial number      : DCA1429M5ZD
Model revisi
 << on number           : B0
Motherboard revision number     : A0
Model number                    : WS-C2960S-24TS-L
Daughterboard assembly number   : 73-11933-04
Daughterboard serial number     : FOC14511631
System serial number            : FOC1451X0P6
 << 
Top Assembly Part Number        : 800-30954-02
Top Assembly Revision Number    : A0
Version ID                      : V02
CLEI Code Number                : COMGG00ARB
Daughterboard revision number   : A0
Hardware Board Revision Number  : 0x01



 << Switch Ports Model              SW Version            SW Image                 
------ ----- -----              ----------            ----------               
*    1 28    WS-C2960S-24TS-L   12.2(53)SE2           C2960S-UNIVERSALK9-M     


Configur
 << ation register is 0xF

c29s1.cab6.r127.allen>
Expect: matched string 2: >
 >> enable

Expect: searching for 2 strs:  :Password: :#
 << enable
Password: 
Expect: matched string 1: Password:
 >> Area=l*w

Expect: searching for 1 strs:  :#
 << 
c29s1.cab6.r127.allen#
Expect: matched string 1: #
 >> sh run

Expect: searching for 2 strs:  :# :>
 << sh run

 << 
 << Building configuration...

Current configuration : 10408 bytes
!
version 12.2
no service pad
service timestamps debug datetime localtime
service timestamps log datetime localtime
service password-encryption
!
hostname c29s1.cab6.r127.allen
!
b
 << oot-start-marker
boot-end-marker
!
enable secret 5 $1$3efJ$4PWLENrYEHBqLZsa7F5i./
enable password 7 132405170A5108603C
!
!
!
no aaa new-model
clock timezone CST -6
clock summer-time CDT recurring
switch 1 provision ws-c2960s-24ts-l
authenticat
 << ion mac-move permit
ip subnet-zero
!
!
ip domain-name mgmt.msstate.edu
ip name-server 130.18.2.210
!
!
crypto pki trustpoint TP-self-signed-1336461952
 enrollment selfsigned
 subject-name cn=IOS-Self-Signed-Certificate-1336461952
 revocation-ch
 << eck none
 rsakeypair TP-self-signed-1336461952
!
!
crypto pki certificate chain TP-self-signed-1336461952
 certificate self-signed 01
  30820260 308201C9 A0030201 02020101 300D0609 2A864886 F70D0101 04050030 
  31312F30 2D060355 04031326 494F532D 5
 << 3656C66 2D536967 6E65642D 43657274 
  69666963 6174652D 31333336 34363139 3532301E 170D3131 30353138 31383439 
  31375A17 0D323030 31303130 30303030 305A3031 312F302D 06035504 03132649 
  4F532D53 656C662D 5369676E 65642D43 65727469 66696361 74652D31 3
 << 3333634 
  36313935 3230819F 300D0609 2A864886 F70D0101 01050003 818D0030 81890281 
  8100E2E5 53A4E357 6F47D087 B5E1483C 217DAE96 B4E0CDE0 7A5293FD 6293E05A 
  16CCA8C7 0D81E576 424279DE 1ADDEAF6 6B35B88B 7B92183A 6F8ED5E2 93F463B8 
  11C9F879 BA1E74
 << 64 80947E5B 86A7DC9A 8E645398 F6F3F7EC 6316E16B F21E390D 
  38A33535 DAC66F4C FBCFD350 747FB456 E68DB73D CAC37BBD B2A42D87 4DB80EDE 
  556B0203 010001A3 81873081 84300F06 03551D13 0101FF04 05300301 01FF3031 
  0603551D 11042A30 28822663 32397331 2E6361
 << 62 362E7231 32372E61 6C6C656E 
  2E6D676D 742E6D73 73746174 652E6564 75301F06 03551D23 04183016 8014E76D 
  1369A026 3AD964FB AF5E7FF2 2B0FDD83 8E47301D 0603551D 0E041604 14E76D13 
  69A0263A D964FBAF 5E7FF22B 0FDD838E 47300D06 092A8648 86F70D01 010405
 << 00 
  03818100 44F6FAC0 ABEFFE60 497E6930 D15E6EC7 9FBE5B9B 5F417FC4 16DA3257 
  0B741B12 7B8983EE 3CDE50F0 527E05DB FB5FC0CE B92D36C1 46E20BA6 24BBE69F 
  4B9D20D3 A98CFF9E F3B37B6B 7AD84E00 A52D91AC 9E7EB884 4AFBCBF4 E6530FBC 
  404FDB9B DF96D482 69
 << B8E86A 97B3996A 76F3FD11 6118B9B5 91321904 24A899A6 CB1DC636
  quit
!
spanning-tree mode mst
spanning-tree portfast bpduguard default
spanning-tree etherchannel guard misconfig
spanning-tree extend system-id
!
spanning-tree mst configuration
 nam
 << e msstate
 revision 1
 instance 1 vlan 2, 7, 11, 20, 22, 24, 31, 35, 37, 39-40, 50, 60, 63, 70
 instance 1 vlan 78, 80, 86, 91, 96, 104, 110, 126, 136, 140, 152, 160
 instance 1 vlan 162-163, 168, 189, 194, 202, 220, 222, 230, 232, 242, 246
 instance
 <<  1 vlan 256, 611-612, 654, 741, 996, 999
 instance 2 vlan 2002, 2007, 2011, 2020, 2022, 2024, 2031, 2035, 2037, 2039-2040
 instance 2 vlan 2050, 2060, 2063, 2070, 2080, 2086, 2096, 2104, 2110, 2126
 instance 2 vlan 2136, 2140, 2152, 2160, 2162-2163, 21
 << 68, 2189, 2194, 2202
 instance 2 vlan 2220, 2222, 2232, 2242, 2246, 2611-2612, 2654, 2999
 instance 3 vlan 42, 51, 59, 64, 66, 69, 72, 108, 113, 128, 144, 176, 196
 instance 3 vlan 244, 248, 927
 instance 4 vlan 2042, 2051, 2059, 2064, 2066, 2069, 207
 << 2, 2108, 2113, 2128
 instance 4 vlan 2144, 2176, 2196, 2244, 2248, 2927
 instance 5 vlan 16, 48, 58, 88, 121, 131, 133-134, 216, 228
 instance 6 vlan 2016, 2048, 2058, 2088, 2121, 2131, 2133-2134, 2216, 2228
 instance 7 vlan 9, 33-34, 38, 54, 56, 71, 
 << 75, 82, 84, 97, 114, 116, 124
 instance 7 vlan 172, 186, 192, 204-208, 210, 240-241, 251-252, 630, 928
 instance 8 vlan 2009, 2033-2034, 2038, 2054, 2056, 2071, 2075, 2082, 2084
 instance 8 vlan 2097, 2114, 2116, 2124, 2172, 2186, 2192, 2204-2208, 2210
 << 
 instance 8 vlan 2240-2241, 2251-2252, 2630, 2928
 instance 9 vlan 4-5, 12, 18-19, 32, 44, 57, 62, 68, 76, 98-99, 102, 112
 instance 9 vlan 130, 132, 147-148, 158, 212, 226, 236, 500, 505, 510-511
 instance 9 vlan 522, 551-570, 603, 629, 633, 742, 80
 << 2, 926, 929
 instance 10 vlan 2004-2005, 2012, 2018-2019, 2032, 2044, 2057, 2062, 2068
 instance 10 vlan 2076, 2098-2099, 2102, 2112, 2130, 2132, 2147-2148, 2158
 instance 10 vlan 2212, 2236, 2500, 2505, 2510-2511, 2522, 2603, 2629, 2633
 instance 10 
 << vlan 2802, 2926, 2929
 instance 11 vlan 8, 43, 52, 146, 156-157, 180, 200, 218
 instance 12 vlan 2008, 2043, 2052, 2146, 2156-2157, 2180, 2200, 2218
!
!
!
!
errdisable recovery cause udld
errdisable recovery cause bpduguard
errdisable recovery ca
 << use security-violation
errdisable recovery cause channel-misconfig (STP)
errdisable recovery cause pagp-flap
errdisable recovery cause dtp-flap
errdisable recovery cause link-flap
errdisable recovery cause sfp-config-mismatch
errdisable recovery cau
 << se gbic-invalid
errdisable recovery cause psecure-violation
errdisable recovery cause port-mode-failure
errdisable recovery cause dhcp-rate-limit
errdisable recovery cause pppoe-ia-rate-limit
errdisable recovery cause mac-limit
errdisable recovery c
 << ause vmps
errdisable recovery cause storm-control
errdisable recovery cause inline-power
errdisable recovery cause arp-inspection
errdisable recovery cause loopback
errdisable recovery cause small-frame
errdisable recovery interval 1800
!
vlan int
 << ernal allocation policy ascending
!
!
!
interface FastEthernet0
 no ip address
 shutdown
!
interface GigabitEthernet1/0/1
 switchport access vlan 50
 switchport mode access
 spanning-tree portfast
!
interface GigabitEthernet1/0/2
 switchport
 <<  access vlan 50
 switchport mode access
 spanning-tree portfast
!
interface GigabitEthernet1/0/3
 switchport access vlan 50
 switchport mode access
 spanning-tree portfast
!
interface GigabitEthernet1/0/4
 switchport access vlan 50
 switchport 
 << mode access
 spanning-tree portfast
!
interface GigabitEthernet1/0/5
 switchport access vlan 2
 switchport mode access
 spanning-tree portfast
!
interface GigabitEthernet1/0/6
 description endeavor.its
 switchport access vlan 2
 switchport mode
 <<  access
 spanning-tree portfast
!
interface GigabitEthernet1/0/7
 switchport access vlan 2
 switchport mode access
 spanning-tree portfast
!
interface GigabitEthernet1/0/8
 switchport access vlan 2
 switchport mode access
 spanning-tree portfas
 << t
!
interface GigabitEthernet1/0/9
 switchport access vlan 2
 switchport mode access
 spanning-tree portfast
!
interface GigabitEthernet1/0/10
 switchport access vlan 50
 switchport mode access
 spanning-tree portfast
!
interface GigabitEthern
 << et1/0/11
 description ra
 switchport access vlan 80
 switchport mode access
 spanning-tree portfast
!
interface GigabitEthernet1/0/12
 switchport access vlan 80
 switchport mode access
 spanning-tree portfast
!
interface GigabitEthernet1/0/13

 <<  description spruce07.its
 switchport access vlan 50
 switchport mode access
 spanning-tree portfast
!
interface GigabitEthernet1/0/14
 description birch.its
 switchport access vlan 2
 switchport mode access
 spanning-tree portfast
!
interface 
 << GigabitEthernet1/0/15
 description hemlock.its
 switchport access vlan 50
 switchport mode access
 spanning-tree portfast
!
interface GigabitEthernet1/0/16
 switchport access vlan 2
 switchport mode access
 spanning-tree portfast
!
interface Gi
 << gabitEthernet1/0/17
 switchport access vlan 2
 switchport mode access
 spanning-tree portfast
!
interface GigabitEthernet1/0/18
 switchport access vlan 2
 switchport mode access
 spanning-tree portfast
!
interface GigabitEthernet1/0/19
 switchp
 << ort access vlan 2
 switchport mode access
 spanning-tree portfast
!
interface GigabitEthernet1/0/20
 switchport access vlan 2
 switchport mode access
 spanning-tree portfast
!
interface GigabitEthernet1/0/21
 switchport access vlan 2
 switchpor
 << t mode access
 spanning-tree portfast
!
interface GigabitEthernet1/0/22
 description aquarius.its
 switchport access vlan 2
 switchport mode access
 spanning-tree portfast
!
interface GigabitEthernet1/0/23
 description nexus.its
 switchport acc
 << ess vlan 62
 switchport mode access
 spanning-tree portfast
!
interface GigabitEthernet1/0/24
 description c29s2.r127.allen
 switchport trunk native vlan 92
 switchport mode trunk
 no keepalive
 ip dhcp snooping trust
!
interface GigabitEtherne
 << t1/0/25
 description mirror.its
 switchport access vlan 80
 switchport mode access
 switchport nonegotiate
!
interface GigabitEthernet1/0/26
 switchport trunk native vlan 92
 switchport mode trunk
 ip dhcp snooping trust
!
interface GigabitEthe
 << rnet1/0/27
 switchport trunk native vlan 92
 switchport mode trunk
 ip dhcp snooping trust
!
interface GigabitEthernet1/0/28
 switchport trunk native vlan 92
 switchport mode trunk
 ip dhcp snooping trust
!
interface Vlan1
 no ip address
 shut
 << down
!
interface Vlan92
 ip address 10.92.2.141 255.255.0.0
 ip broadcast-address 10.92.255.255
!
ip default-gateway 10.92.0.1
ip http server
ip http secure-server
ip sla enable reaction-alerts
logging facility local1
logging 130.18.2.208
acce
 << ss-list 1 permit 130.18.92.0 0.0.3.255
access-list 1 permit 10.92.0.0 0.0.255.255
snmp-server community sysnet RO 1
snmp-server community c2-b2=a2 RW 1
snmp-server contact 6f-1287
snmp-server enable traps snmp authentication linkdown linkup coldstart
 <<  warmstart
snmp-server enable traps transceiver all
snmp-server enable traps tty
snmp-server enable traps cluster
snmp-server enable traps config-copy
snmp-server enable traps config
snmp-server enable traps config-ctid
snmp-server enable traps dot
 << 1x auth-fail-vlan guest-vlan no-auth-fail-vlan no-guest-vlan
snmp-server enable traps entity
snmp-server enable traps power-ethernet group 1
snmp-server enable traps power-ethernet police
snmp-server enable traps cpu threshold
snmp-server enable trap
 << s rep
snmp-server enable traps rtr
snmp-server enable traps bridge newroot topologychange
snmp-server enable traps stpx inconsistency root-inconsistency loop-inconsistency
snmp-server enable traps syslog
snmp-server enable traps vtp
snmp-server enab
 << le traps vlancreate
snmp-server enable traps vlandelete
snmp-server enable traps flash insertion removal
snmp-server enable traps port-security
snmp-server enable traps envmon fan shutdown supply temperature status
snmp-server enable traps errdisable
 << 
snmp-server enable traps mac-notification change move threshold
snmp-server enable traps vlan-membership
snmp-server host 130.18.2.208 sysnet 
!
!
line con 0
line vty 0 4
 password 7 123817121356004E3D
 login
line vty 5 15
 password 7 08005E4B
 << 0844095D05
 login
!
ntp clock-period 22518466
ntp server 10.92.0.4
ntp server 130.18.92.22
end

c29s1.cab6.r127.allen#
Expect: matched string 1: #
