trying to use serial port: /dev/ttyUSB0
 >> 
 >> 

Expect: searching for 4 strs:  :[yes/no] :Press RETURN to get started. :# :Switch>
 << 
c29s1c.r202.mccool>
c29s1c.r202.mccool>
c29s1c.r202.mccool>
c29s1c.r202.mccool>
 << 
 << 
 << 
 << 
 << 
 << 
 << 
 << 
 << 
 << 
Expect: did not match any strings!
...

c29s1c.r202.mccool>
c29s1c.r202.mccool>
c29s1c.r202.mccool>
c29s1c.r202.mccool>
...

 >> 

Expect: searching for 2 strs:  :# :>
 << 
c29s1c.r202.mccool>
c29s1c.r202.mccool>
Expect: matched string 2: >
 >> term len 0

Expect: searching for 2 strs:  :# :>
 << term len 0
c29s1c.r202.mccool>
Expect: matched string 2: >
 >> show version

Expect: searching for 2 strs:  :# :>
 << show version
Cisco IOS Software, C2960C Software (C2960c405-UNIVERSALK9-M), Version 15.0(2)SE8, RELEASE SOFTWARE (fc1)
Technical Support: http://www.cisco.com/techsupport
Copyright (c) 1986-2015 by Cisco Systems, Inc.
Compiled Thu 14-May-15 03:20 by p
 << rod_rel_team

ROM: Bootstrap program is C2960C boot loader
BOOTLDR: C2960C Boot Loader (C2960c405-HBOOT-M) Version 12.2(55r)EX9, RELEASE SOFTWARE (fc1)

c29s1c.r202.mccool uptime is 8 minutes
System returned to ROM by power-on
System image file is 
 << "flash:/c2960c405-universalk9-mz.150-2.SE8/c2960c405-universalk9-mz.150-2.SE8.bin"


This product contains cryptographic features and is subject to United
States and local country laws governing import, export, transfer and
use. Delivery of Cisco cry
 << ptographic products does not imply
third-party authority to import, export, distribute or use encryption.
Importers, exporters, distributors and users are responsible for
compliance with U.S. and local country laws. By using this product you
agree to 
 << comply with applicable laws and regulations. If you are unable
to comply with U.S. and local laws, return this product immediately.

A summary of U.S. laws governing Cisco cryptographic products may be found at:
http://www.cisco.com/wwl/export/crypto/
 << tool/stqrg.html

If you require further assistance please contact us by sending email to
export@cisco.com.

License Level: lanlite
License Type: Permanent
Next reload license Level: lanlite

cisco WS-C2960C-8TC-S (PowerPC405) processor (revision 
 << N0) with 131072K bytes of memory.
Processor board ID FOC2051Z4MR
Last reset from power-on
2 Virtual Ethernet interfaces
8 FastEthernet interfaces
2 Gigabit Ethernet interfaces
The password-recovery mechanism is enabled.

64K bytes of flash-simulat
 << ed non-volatile configuration memory.
Base ethernet MAC Address       : 2C:86:D2:09:22:00
Motherboard assembly number     : 73-13528-04
Power supply part number        : 341-0208-03
Motherboard serial number       : FOC20505V9P
Power supply serial nu
 << mber      : LIT20432W4A
Model revision number           : N0
Motherboard revision number     : A0
Model number                    : WS-C2960C-8TC-S
System serial number            : FOC2051Z4MR
Top Assembly Part Number        : 800-35232-03
Top Asse
 << mbly Revision Number    : C0
Version ID                      : V03
CLEI Code Number                : CMMGA00ARC
Hardware Board Revision Number  : 0x01


Switch Ports Model              SW Version            SW Image                 
------ ----- --
 << ---              ----------            ----------               
*    1 10    WS-C2960C-8TC-S    15.0(2)SE8            C2960c405-UNIVERSALK9-M  


Configuration register is 0xF

c29s1c.r202.mccool>
Expect: matched string 2: >
 >> enable

Expect: searching for 2 strs:  :Password: :#
 << enable
Password: 
Expect: matched string 1: Password:
 >> Area=l*w

Expect: searching for 1 strs:  :#
 << 
c29s1c.r202.mccool#
Expect: matched string 1: #
 >> sh run

Expect: searching for 2 strs:  :# :>
 << sh run
Building configuration...

Current configuration : 7034 bytes
!
! Last configuration change at 18:07:52 CST Sun Jan 1 2006
!
version 15.0
no service pad
service timestamps debug datetime localtime
service timestamps log datetime localtime
 << 
service password-encryption
!
hostname c29s1c.r202.mccool
!
boot-start-marker
boot-end-marker
!
!
enable secret 5 $1$QPjo$0GyqFqOm.JLzeXHUiiTHK0
enable password 7 013214015A560A4536
!
username root privilege 15 secret 5 $1$qtgZ$Ey2MwbNrZMM2r1
 << sLnb7kP1
no aaa new-model
clock timezone CST -6 0
clock summer-time CDT recurring
system mtu routing 1500
authentication mac-move permit
!
!
ip dhcp snooping vlan 86
ip dhcp snooping
!
ip domain-name mgmt.msstate.edu
ip name-server 130.18.80.1
 << 2
vtp domain vtp01.mgmt.msstate.edu
vtp mode transparent
!
!
crypto pki trustpoint TP-self-signed-2494998912
 enrollment selfsigned
 subject-name cn=IOS-Self-Signed-Certificate-2494998912
 revocation-check none
 rsakeypair TP-self-signed-24949989
 << 12
!
!
crypto pki certificate chain TP-self-signed-2494998912
 certificate self-signed 01
  	quit
!
spanning-tree mode mst
spanning-tree portfast bpduguard default
spanning-tree extend system-id
!
spanning-tree mst configuration
 name msstate
 << 
 revision 1
 instance 1 vlan 2, 7, 11, 20, 22, 24, 31, 35, 37, 39-40, 50, 60, 63, 70
 instance 1 vlan 78, 80, 86, 91, 96, 104, 110, 126, 136, 140, 152, 160
 instance 1 vlan 162-163, 168, 189, 194, 202, 220, 222, 230, 232, 242, 246
 instance 1 vlan 25
 << 6, 611-612, 654, 741, 996, 999
 instance 2 vlan 2002, 2007, 2011, 2020, 2022, 2024, 2031, 2035, 2037, 2039-2040
 instance 2 vlan 2050, 2060, 2063, 2070, 2080, 2086, 2096, 2104, 2110, 2126
 instance 2 vlan 2136, 2140, 2152, 2160, 2162-2163, 2168, 2189, 
 << 2194, 2202
 instance 2 vlan 2220, 2222, 2232, 2242, 2246, 2611-2612, 2654, 2999
 instance 3 vlan 42, 51, 59, 64, 66, 69, 72, 108, 113, 128, 144, 176, 196
 instance 3 vlan 244, 248, 927
 instance 4 vlan 2042, 2051, 2059, 2064, 2066, 2069, 2072, 2108, 2
 << 113, 2128
 instance 4 vlan 2144, 2176, 2196, 2244, 2248, 2927
 instance 5 vlan 16, 48, 58, 88, 121, 131, 133-134, 216, 228
 instance 6 vlan 2016, 2048, 2058, 2088, 2121, 2131, 2133-2134, 2216, 2228
 instance 7 vlan 9, 33-34, 38, 54, 56, 71, 75, 82, 84
 << , 97, 114, 116, 124
 instance 7 vlan 172, 186, 192, 204-208, 210, 240-241, 251-252, 630, 928
 instance 8 vlan 2009, 2033-2034, 2038, 2054, 2056, 2071, 2075, 2082, 2084
 instance 8 vlan 2097, 2114, 2116, 2124, 2172, 2186, 2192, 2204-2208, 2210
 instanc
 << e 8 vlan 2240-2241, 2251-2252, 2630, 2928
 instance 9 vlan 4-5, 12, 18-19, 32, 44, 57, 62, 68, 76, 98-99, 102, 112
 instance 9 vlan 130, 132, 147-148, 158, 212, 226, 236, 500, 505, 510-511
 instance 9 vlan 522, 551-570, 603, 629, 633, 742, 802, 926, 92
 << 9
 instance 10 vlan 2004-2005, 2012, 2018-2019, 2032, 2044, 2057, 2062, 2068
 instance 10 vlan 2076, 2098-2099, 2102, 2112, 2130, 2132, 2147-2148, 2158
 instance 10 vlan 2212, 2236, 2500, 2505, 2510-2511, 2522, 2603, 2629, 2633
 instance 10 vlan 2802,
 <<  2926, 2929
 instance 11 vlan 8, 43, 52, 146, 156-157, 180, 200, 218
 instance 12 vlan 2008, 2043, 2052, 2146, 2156-2157, 2180, 2200, 2218
!
!
!
!
!
!
errdisable recovery cause udld
errdisable recovery cause bpduguard
errdisable recovery cause 
 << security-violation
errdisable recovery cause channel-misconfig (STP)
errdisable recovery cause pagp-flap
errdisable recovery cause dtp-flap
errdisable recovery cause link-flap
errdisable recovery cause sfp-config-mismatch
errdisable recovery cause g
 << bic-invalid
errdisable recovery cause psecure-violation
errdisable recovery cause port-mode-failure
errdisable recovery cause dhcp-rate-limit
errdisable recovery cause pppoe-ia-rate-limit
errdisable recovery cause mac-limit
errdisable recovery cause
 <<  vmps
errdisable recovery cause storm-control
errdisable recovery cause inline-power
errdisable recovery cause loopback
errdisable recovery cause small-frame
errdisable recovery cause psp
errdisable recovery interval 1800
!
!
!
!
vlan internal 
 << allocation policy ascending
!
vlan 28
 name ClassTech01
!
vlan 86
 name McCool01
!
vlan 91
 name Video01
!
vlan 92
 name MGMT
!
vlan 673
 name AVControl
!
!
! 
!
!
!
!
!
!
!
!
interface FastEthernet0/1
 switchport access vlan 6
 << 73
 switchport mode access
 spanning-tree portfast
!
interface FastEthernet0/2
 switchport access vlan 673
 switchport mode access
 spanning-tree portfast
!
interface FastEthernet0/3
 switchport access vlan 673
 switchport mode access
 spannin
 << g-tree portfast
!
interface FastEthernet0/4
 switchport access vlan 673
 switchport mode access
 spanning-tree portfast
!
interface FastEthernet0/5
 switchport access vlan 28
 switchport mode access
 spanning-tree portfast
!
interface FastEthe
 << rnet0/6
 switchport access vlan 86
 switchport mode access
 switchport port-security maximum 2
 switchport port-security violation protect
 switchport port-security aging time 15
 switchport port-security aging type inactivity
 switchport port-secu
 << rity
 spanning-tree portfast
!
interface FastEthernet0/7
 switchport access vlan 86
 switchport mode access
 switchport port-security maximum 2
 switchport port-security violation protect
 switchport port-security aging time 15
 switchport port-s
 << ecurity aging type inactivity
 switchport port-security
 spanning-tree portfast
!
interface FastEthernet0/8
 switchport access vlan 91
 switchport mode access
 spanning-tree portfast
!
interface GigabitEthernet0/1
 switchport trunk native vlan 9
 << 2
 switchport mode trunk
 ip dhcp snooping trust
!
interface GigabitEthernet0/2
 switchport trunk native vlan 92
 switchport mode trunk
 ip dhcp snooping trust
!
interface Vlan1
 no ip address
 no ip route-cache
 shutdown
!
interface Vlan92
 << 
 ip address 10.92.5.172 255.255.0.0
 ip broadcast-address 10.92.255.255
!
ip default-gateway 10.92.0.1
ip http server
ip http secure-server
!
logging facility local1
snmp-server community sysnet RO 1
snmp-server community c2-b2=a2 RW 1
snmp-ser
 << ver enable traps snmp authentication linkdown linkup coldstart warmstart
snmp-server enable traps transceiver all
snmp-server enable traps tty
snmp-server enable traps cluster
snmp-server enable traps config-copy
snmp-server enable traps config
snmp
 << -server enable traps config-ctid
snmp-server enable traps dot1x auth-fail-vlan guest-vlan no-auth-fail-vlan no-guest-vlan
snmp-server enable traps entity
snmp-server enable traps power-ethernet police
snmp-server enable traps cpu threshold
snmp-serve
 << r enable traps rep
snmp-server enable traps bridge newroot topologychange
snmp-server enable traps stpx inconsistency root-inconsistency loop-inconsistency
snmp-server enable traps vtp
snmp-server enable traps vlancreate
snmp-server enable traps vlan
 << delete
snmp-server enable traps flash insertion removal
snmp-server enable traps port-security
snmp-server enable traps envmon fan shutdown supply temperature status
snmp-server enable traps errdisable
snmp-server enable traps mac-notification change
 <<  move threshold
snmp-server enable traps vlan-membership
!
!
line con 0
line vty 0 4
 password 7 047A19030E7C40041E
 login
line vty 5 15
 password 7 153319090577276E3F
 login
!
ntp server 10.92.0.5
end

c29s1c.r202.mccool#
Expect: matched string 1: #
