trying to use serial port: /dev/ttyUSB1
 >> 
 >> 

Expect: searching for 4 strs:  :[yes/no] :Press RETURN to get started. :# :Switch>
 << 
c35s1c.r3130.newclassroom#
c35s1c.r3130.newclassroom#
c35s1c.r3130.newclassroom#
c35s1c.r3130.newclassroom#
Expect: matched string 3: #
 >> term len 0

Expect: searching for 2 strs:  :# :>
 << term len 0
c35s1c.r3130.newclassroom#
Expect: matched string 1: #
 >> show version

Expect: searching for 2 strs:  :# :>
 << show version
Cisco IOS Software, C3560CX Software (C3560CX-UNIVERSALK9-M), Version 15.2(4)E1, RELEASE SOFTWARE (fc2)
Technical Support: http://www.cisco.com/techsupport
Copyright (c) 1986-2016 by Cisco Systems, Inc.
Compiled Thu 28-Jan-16 16:14 by pro
 << d_rel_team

ROM: Bootstrap program is C3560CX boot loader
BOOTLDR: C3560CX Boot Loader (C3560CX-HBOOT-M) Version 15.2(3r)E2, RELEASE SOFTWARE (fc2)

c35s1c.r3130.newclassroom uptime is 2 days, 46 minutes
System returned to ROM by power-on
System re
 << started at 21:12:19 CDT Mon Apr 17 2017
System image file is "flash:/c3560cx-universalk9-mz.152-4.E1/c3560cx-universalk9-mz.152-4.E1.bin"
Last reload reason: power-on



This product contains cryptographic features and is subject to United
States a
 << nd local country laws governing import, export, transfer and
use. Delivery of Cisco cryptographic products does not imply
third-party authority to import, export, distribute or use encryption.
Importers, exporters, distributors and users are responsibl
 << e for
compliance with U.S. and local country laws. By using this product you
agree to comply with applicable laws and regulations. If you are unable
to comply with U.S. and local laws, return this product immediately.

A summary of U.S. laws governin
 << g Cisco cryptographic products may be found at:
http://www.cisco.com/wwl/export/crypto/tool/stqrg.html

If you require further assistance please contact us by sending email to
export@cisco.com.

License Level: ipbase
License Type: Default. No valid
 <<  license found.
Next reload license Level: ipbase

cisco WS-C3560CX-8PC-S (APM86XXX) processor (revision G0) with 524288K bytes of memory.
Processor board ID FOC2025Z7E0
Last reset from power-on
2 Virtual Ethernet interfaces
12 Gigabit Ethernet int
 << erfaces
The password-recovery mechanism is enabled.

512K bytes of flash-simulated non-volatile configuration memory.
Base ethernet MAC Address       : 94:D4:69:C1:6B:80
Motherboard assembly number     : 73-16471-05
Power supply part number        :
 <<  341-0675-02
Motherboard serial number       : FOC202549LB
Power supply serial number      : DCC201850MQ
Model revision number           : G0
Motherboard revision number     : A0
Model number                    : WS-C3560CX-8PC-S
System serial numbe
 << r            : FOC2025Z7E0
Top Assembly Part Number        : 68-5359-02
Top Assembly Revision Number    : E0
Version ID                      : V02
CLEI Code Number                : CMM1S10DRA
Hardware Board Revision Number  : 0x02


Switch Ports M
 << odel                     SW Version            SW Image                 
------ ----- -----                     ----------            ----------               
*    1 12    WS-C3560CX-8PC-S          15.2(4)E1             C3560CX-UNIVERSALK9-M    


C
 << onfiguration register is 0xF

c35s1c.r3130.newclassroom#
Expect: matched string 1: #
 >> enable

Expect: searching for 2 strs:  :Password: :#
 << enable
c35s1c.r3130.newclassroom#
Expect: matched string 2: #
 >> configure terminal

Expect: searching for 1 strs:  :(config)#
 << configure terminal
Enter configuration commands, one per line.  End with CNTL/Z.
c35s1c.r3130.newclas(config)#
Expect: matched string 1: (config)#
 >> crypto key generate rsa

 >> no

 >> 2048

Expect: searching for 2 strs:  :OK :(config)#
 << crypto key generate rsa
% You already have RSA keys defined named c35s1c.r3130.newclassroom.mgmt.msstate.edu.
% Do you really want to replace them? [yes/no]: no
c35s1c.r3130.newclas(config)#2048
                             ^
% Invalid input detected
Expect: matched string 2: (config)#
 >> end

Expect: searching for 1 strs:  :Configured
 <<  at '^' marker.

c35s1c.r3130.newclas(config)#end
c35s1c.r3130.newclassroom#
 << 
Apr 19 21:58:37: %SYS-5-CONFIG_I: Configured from console by console
Expect: matched string 1: Configured
 >> 

 >> write mem

Expect: searching for 2 strs:  :# :>
 << 
c35s1c.r3130.newclassroom#write mem
Building configuration...
[OK]
c35s1c.r3130.newclassroom#
Expect: matched string 1: #
