trying to use serial port: /dev/ttyUSB1
 >> 
 >> 

Expect: searching for 4 strs:  :[yes/no] :Press RETURN to get started. :# :Switch>
 << 
c29s2.f2.kappatau#
c29s2.f2.kappatau#
c29s2.f2.kappatau#
c29s2.f2.kappatau#
Expect: matched string 3: #
 >> term len 0

Expect: searching for 2 strs:  :# :>
 << term len 0
c29s2.f2.kappatau#
Expect: matched string 1: #
 >> show version

Expect: searching for 2 strs:  :# :>
 << show version
Cisco IOS Software, C2960S Software (C2960S-UNIVERSALK9-M), Version 12.2(55)SE10, RELEASE SOFTWARE (fc2)
Technical Support: http://www.cisco.com/techsupport
Copyright (c) 1986-2015 by Cisco Systems, Inc.
Compiled Wed 11-Feb-15 11:59 by pr
 << od_rel_team
Image text-base: 0x00003000, data-base: 0x01B00000

ROM: Bootstrap program is Alpha board boot loader
BOOTLDR: C2960S Boot Loader (C2960S-HBOOT-M) Version 12.2(55r)SE, RELEASE SOFTWARE (fc1)

c29s2.f2.kappatau uptime is 32 minutes
Syste
 << m returned to ROM by power-on
System image file is "flash:/c2960s-universalk9-mz.122-55.SE10/c2960s-universalk9-mz.122-55.SE10.bin"


This product contains cryptographic features and is subject to United
States and local country laws governing import
 << , export, transfer and
use. Delivery of Cisco cryptographic products does not imply
third-party authority to import, export, distribute or use encryption.
Importers, exporters, distributors and users are responsible for
compliance with U.S. and local 
 << country laws. By using this product you
agree to comply with applicable laws and regulations. If you are unable
to comply with U.S. and local laws, return this product immediately.

A summary of U.S. laws governing Cisco cryptographic products may be 
 << found at:
http://www.cisco.com/wwl/export/crypto/tool/stqrg.html

If you require further assistance please contact us by sending email to
export@cisco.com.

cisco WS-C2960S-48TS-L (PowerPC) processor (revision G0) with 131072K bytes of memory.
Proc
 << essor board ID FOC1610Y0YB
Last reset from power-on
2 Virtual Ethernet interfaces
1 FastEthernet interface
52 Gigabit Ethernet interfaces
The password-recovery mechanism is enabled.

512K bytes of flash-simulated non-volatile configuration memory.
 << 
Base ethernet MAC Address       : C8:F9:F9:B7:E5:00
Motherboard assembly number     : 73-11909-10
Power supply part number        : 341-0327-06
Motherboard serial number       : FOC16084NZ3
Power supply serial number      : LIT19151F5W
Model revisio
 << n number           : G0
Motherboard revision number     : A0
Model number                    : WS-C2960S-48TS-L
Daughterboard assembly number   : 73-11933-04
Daughterboard serial number     : FOC1608294H
System serial number            : FOC1610Y0YB
 << 
Top Assembly Part Number        : 800-30950-07
Top Assembly Revision Number    : C0
Version ID                      : V07
CLEI Code Number                : CMML510ARA
Daughterboard revision number   : A0
Hardware Board Revision Number  : 0x01


S
 << witch Ports Model              SW Version            SW Image                 
------ ----- -----              ----------            ----------               
*    1 52    WS-C2960S-48TS-L   12.2(55)SE10          C2960S-UNIVERSALK9-M     


Configura
 << tion register is 0xF

c29s2.f2.kappatau#
Expect: matched string 1: #
 >> enable

Expect: searching for 2 strs:  :Password: :#
 << enable
c29s2.f2.kappatau#
Expect: matched string 2: #
 >> sh run

Expect: searching for 2 strs:  :# :>
 << sh run
Building configuration...

Current configuration : 20587 bytes
!
version 12.2
no service pad
service timestamps debug datetime localtime
service timestamps log datetime localtime
service password-encryption
!
hostname c29s2.f2.kappatau

 << !
boot-start-marker
boot-end-marker
!
enable secret 5 $1$zBJM$ErRobv/5oJ0da7deEGJz4/
enable password 7 0227165E0A5B036B5B
!
!
!
no aaa new-model
clock timezone CST -6
clock summer-time CDT recurring
switch 1 provision ws-c2960s-48ts-l
authent
 << ication mac-move permit
!
!
ip dhcp snooping vlan 102
ip dhcp snooping
ip domain-name mgmt.msstate.edu
ip name-server 130.18.80.12
!
!
crypto pki trustpoint TP-self-signed-2494998912
 enrollment selfsigned
 subject-name cn=IOS-Self-Signed-Certi
 << ficate-2494998912
 revocation-check none
 rsakeypair TP-self-signed-2494998912
!
!
crypto pki certificate chain TP-self-signed-2494998912
 certificate self-signed 01
  quit
!
spanning-tree mode mst
spanning-tree portfast bpduguard default
spann
 << ing-tree extend system-id
!
spanning-tree mst configuration
 name msstate
 revision 1
 instance 1 vlan 2, 7, 11, 20, 22, 24, 31, 35, 37, 39-40, 50, 60, 63, 70
 instance 1 vlan 78, 80, 86, 91, 96, 104, 110, 126, 136, 140, 152, 160
 instance 1 vlan 1
 << 62-163, 168, 189, 194, 202, 220, 222, 230, 232, 242, 246
 instance 1 vlan 256, 611-612, 654, 741, 996, 999
 instance 2 vlan 2002, 2007, 2011, 2020, 2022, 2024, 2031, 2035, 2037, 2039-2040
 instance 2 vlan 2050, 2060, 2063, 2070, 2080, 2086, 2096, 2104,
 <<  2110, 2126
 instance 2 vlan 2136, 2140, 2152, 2160, 2162-2163, 2168, 2189, 2194, 2202
 instance 2 vlan 2220, 2222, 2232, 2242, 2246, 2611-2612, 2654, 2999
 instance 3 vlan 42, 51, 59, 64, 66, 69, 72, 108, 113, 128, 144, 176, 196
 instance 3 vlan 244,
 <<  248, 927
 instance 4 vlan 2042, 2051, 2059, 2064, 2066, 2069, 2072, 2108, 2113, 2128
 instance 4 vlan 2144, 2176, 2196, 2244, 2248, 2927
 instance 5 vlan 16, 48, 58, 88, 121, 131, 133-134, 216, 228
 instance 6 vlan 2016, 2048, 2058, 2088, 2121, 2131,
 <<  2133-2134, 2216, 2228
 instance 7 vlan 9, 33-34, 38, 54, 56, 71, 75, 82, 84, 97, 114, 116, 124
 instance 7 vlan 172, 186, 192, 204-208, 210, 240-241, 251-252, 630, 928
 instance 8 vlan 2009, 2033-2034, 2038, 2054, 2056, 2071, 2075, 2082, 2084
 instan
 << ce 8 vlan 2097, 2114, 2116, 2124, 2172, 2186, 2192, 2204-2208, 2210
 instance 8 vlan 2240-2241, 2251-2252, 2630, 2928
 instance 9 vlan 4-5, 12, 18-19, 32, 44, 57, 62, 68, 76, 98-99, 102, 112
 instance 9 vlan 130, 132, 147-148, 158, 212, 226, 236, 500, 
 << 505, 510-511
 instance 9 vlan 522, 551-570, 603, 629, 633, 742, 802, 926, 929
 instance 10 vlan 2004-2005, 2012, 2018-2019, 2032, 2044, 2057, 2062, 2068
 instance 10 vlan 2076, 2098-2099, 2102, 2112, 2130, 2132, 2147-2148, 2158
 instance 10 vlan 2212,
 <<  2236, 2500, 2505, 2510-2511, 2522, 2603, 2629, 2633
 instance 10 vlan 2802, 2926, 2929
 instance 11 vlan 8, 43, 52, 146, 156-157, 180, 200, 218
 instance 12 vlan 2008, 2043, 2052, 2146, 2156-2157, 2180, 2200, 2218
!
!
!
!
errdisable recovery caus
 << e udld
errdisable recovery cause bpduguard
errdisable recovery cause security-violation
errdisable recovery cause channel-misconfig (STP)
errdisable recovery cause pagp-flap
errdisable recovery cause dtp-flap
errdisable recovery cause link-flap
err
 << disable recovery cause sfp-config-mismatch
errdisable recovery cause gbic-invalid
errdisable recovery cause psecure-violation
errdisable recovery cause port-mode-failure
errdisable recovery cause dhcp-rate-limit
errdisable recovery cause pppoe-ia-rat
 << e-limit
errdisable recovery cause mac-limit
errdisable recovery cause vmps
errdisable recovery cause storm-control
errdisable recovery cause inline-power
errdisable recovery cause arp-inspection
errdisable recovery cause loopback
errdisable recover
 << y cause small-frame
errdisable recovery interval 1800
!
vlan internal allocation policy ascending
!
!
!
interface FastEthernet0
 no ip address
 shutdown
!
interface GigabitEthernet1/0/1
 switchport access vlan 102
 switchport mode access
 sw
 << itchport port-security maximum 2
 switchport port-security
 switchport port-security aging time 15
 switchport port-security violation protect
 switchport port-security aging type inactivity
 spanning-tree portfast
!
interface GigabitEthernet1/0/2
 << 
 switchport access vlan 102
 switchport mode access
 switchport port-security maximum 2
 switchport port-security
 switchport port-security aging time 15
 switchport port-security violation protect
 switchport port-security aging type inactivity
 
 << spanning-tree portfast
!
interface GigabitEthernet1/0/3
 switchport access vlan 102
 switchport mode access
 switchport port-security maximum 2
 switchport port-security
 switchport port-security aging time 15
 switchport port-security violation p
 << rotect
 switchport port-security aging type inactivity
 spanning-tree portfast
!
interface GigabitEthernet1/0/4
 switchport access vlan 102
 switchport mode access
 switchport port-security maximum 2
 switchport port-security
 switchport port-sec
 << urity aging time 15
 switchport port-security violation protect
 switchport port-security aging type inactivity
 spanning-tree portfast
!
interface GigabitEthernet1/0/5
 switchport access vlan 102
 switchport mode access
 switchport port-security 
 << maximum 2
 switchport port-security
 switchport port-security aging time 15
 switchport port-security violation protect
 switchport port-security aging type inactivity
 spanning-tree portfast
!
interface GigabitEthernet1/0/6
 switchport access vla
 << n 102
 switchport mode access
 switchport port-security maximum 2
 switchport port-security
 switchport port-security aging time 15
 switchport port-security violation protect
 switchport port-security aging type inactivity
 spanning-tree portfast
 << 
!
interface GigabitEthernet1/0/7
 switchport access vlan 102
 switchport mode access
 switchport port-security maximum 2
 switchport port-security
 switchport port-security aging time 15
 switchport port-security violation protect
 switchport por
 << t-security aging type inactivity
 spanning-tree portfast
!
interface GigabitEthernet1/0/8
 switchport access vlan 102
 switchport mode access
 switchport port-security maximum 2
 switchport port-security
 switchport port-security aging time 15
 s
 << witchport port-security violation protect
 switchport port-security aging type inactivity
 spanning-tree portfast
!
interface GigabitEthernet1/0/9
 switchport access vlan 102
 switchport mode access
 switchport port-security maximum 2
 switchport 
 << port-security
 switchport port-security aging time 15
 switchport port-security violation protect
 switchport port-security aging type inactivity
 spanning-tree portfast
!
interface GigabitEthernet1/0/10
 switchport access vlan 102
 switchport mod
 << e access
 switchport port-security maximum 2
 switchport port-security
 switchport port-security aging time 15
 switchport port-security violation protect
 switchport port-security aging type inactivity
 spanning-tree portfast
!
interface GigabitE
 << thernet1/0/11
 switchport access vlan 102
 switchport mode access
 switchport port-security maximum 2
 switchport port-security
 switchport port-security aging time 15
 switchport port-security violation protect
 switchport port-security aging type
 <<  inactivity
 spanning-tree portfast
!
interface GigabitEthernet1/0/12
 switchport access vlan 102
 switchport mode access
 switchport port-security maximum 2
 switchport port-security
 switchport port-security aging time 15
 switchport port-secur
 << ity violation protect
 switchport port-security aging type inactivity
 spanning-tree portfast
!
interface GigabitEthernet1/0/13
 switchport access vlan 102
 switchport mode access
 switchport port-security maximum 2
 switchport port-security
 swi
 << tchport port-security aging time 15
 switchport port-security violation protect
 switchport port-security aging type inactivity
 spanning-tree portfast
!
interface GigabitEthernet1/0/14
 switchport access vlan 102
 switchport mode access
 switchpo
 << rt port-security maximum 2
 switchport port-security
 switchport port-security aging time 15
 switchport port-security violation protect
 switchport port-security aging type inactivity
 spanning-tree portfast
!
interface GigabitEthernet1/0/15
 swi
 << tchport access vlan 102
 switchport mode access
 switchport port-security maximum 2
 switchport port-security
 switchport port-security aging time 15
 switchport port-security violation protect
 switchport port-security aging type inactivity
 spann
 << ing-tree portfast
!
interface GigabitEthernet1/0/16
 switchport access vlan 102
 switchport mode access
 switchport port-security maximum 2
 switchport port-security
 switchport port-security aging time 15
 switchport port-security violation prote
 << ct
 switchport port-security aging type inactivity
 spanning-tree portfast
!
interface GigabitEthernet1/0/17
 switchport access vlan 102
 switchport mode access
 switchport port-security maximum 2
 switchport port-security
 switchport port-securi
 << ty aging time 15
 switchport port-security violation protect
 switchport port-security aging type inactivity
 spanning-tree portfast
!
interface GigabitEthernet1/0/18
 switchport access vlan 102
 switchport mode access
 switchport port-security ma
 << ximum 2
 switchport port-security
 switchport port-security aging time 15
 switchport port-security violation protect
 switchport port-security aging type inactivity
 spanning-tree portfast
!
interface GigabitEthernet1/0/19
 switchport access vlan
 <<  102
 switchport mode access
 switchport port-security maximum 2
 switchport port-security
 switchport port-security aging time 15
 switchport port-security violation protect
 switchport port-security aging type inactivity
 spanning-tree portfast

 << !
interface GigabitEthernet1/0/20
 switchport access vlan 102
 switchport mode access
 switchport port-security maximum 2
 switchport port-security
 switchport port-security aging time 15
 switchport port-security violation protect
 switchport por
 << t-security aging type inactivity
 spanning-tree portfast
!
interface GigabitEthernet1/0/21
 switchport access vlan 102
 switchport mode access
 switchport port-security maximum 2
 switchport port-security
 switchport port-security aging time 15
 
 << switchport port-security violation protect
 switchport port-security aging type inactivity
 spanning-tree portfast
!
interface GigabitEthernet1/0/22
 switchport access vlan 102
 switchport mode access
 switchport port-security maximum 2
 switchpor
 << t port-security
 switchport port-security aging time 15
 switchport port-security violation protect
 switchport port-security aging type inactivity
 spanning-tree portfast
!
interface GigabitEthernet1/0/23
 switchport access vlan 102
 switchport m
 << ode access
 switchport port-security maximum 2
 switchport port-security
 switchport port-security aging time 15
 switchport port-security violation protect
 switchport port-security aging type inactivity
 spanning-tree portfast
!
interface Gigabi
 << tEthernet1/0/24
 switchport access vlan 102
 switchport mode access
 switchport port-security maximum 2
 switchport port-security
 switchport port-security aging time 15
 switchport port-security violation protect
 switchport port-security aging ty
 << pe inactivity
 spanning-tree portfast
!
interface GigabitEthernet1/0/25
 switchport access vlan 102
 switchport mode access
 switchport port-security maximum 2
 switchport port-security
 switchport port-security aging time 15
 switchport port-sec
 << urity violation protect
 switchport port-security aging type inactivity
 spanning-tree portfast
!
interface GigabitEthernet1/0/26
 switchport access vlan 102
 switchport mode access
 switchport port-security maximum 2
 switchport port-security
 s
 << witchport port-security aging time 15
 switchport port-security violation protect
 switchport port-security aging type inactivity
 spanning-tree portfast
!
interface GigabitEthernet1/0/27
 switchport access vlan 102
 switchport mode access
 switch
 << port port-security maximum 2
 switchport port-security
 switchport port-security aging time 15
 switchport port-security violation protect
 switchport port-security aging type inactivity
 spanning-tree portfast
!
interface GigabitEthernet1/0/28
 s
 << witchport access vlan 102
 switchport mode access
 switchport port-security maximum 2
 switchport port-security
 switchport port-security aging time 15
 switchport port-security violation protect
 switchport port-security aging type inactivity
 spa
 << nning-tree portfast
!
interface GigabitEthernet1/0/29
 switchport access vlan 102
 switchport mode access
 switchport port-security maximum 2
 switchport port-security
 switchport port-security aging time 15
 switchport port-security violation pro
 << tect
 switchport port-security aging type inactivity
 spanning-tree portfast
!
interface GigabitEthernet1/0/30
 switchport access vlan 102
 switchport mode access
 switchport port-security maximum 2
 switchport port-security
 switchport port-secu
 << rity aging time 15
 switchport port-security violation protect
 switchport port-security aging type inactivity
 spanning-tree portfast
!
interface GigabitEthernet1/0/31
 switchport access vlan 102
 switchport mode access
 switchport port-security 
 << maximum 2
 switchport port-security
 switchport port-security aging time 15
 switchport port-security violation protect
 switchport port-security aging type inactivity
 spanning-tree portfast
!
interface GigabitEthernet1/0/32
 switchport access vl
 << an 102
 switchport mode access
 switchport port-security maximum 2
 switchport port-security
 switchport port-security aging time 15
 switchport port-security violation protect
 switchport port-security aging type inactivity
 spanning-tree portfast
 << 
!
interface GigabitEthernet1/0/33
 switchport access vlan 102
 switchport mode access
 switchport port-security maximum 2
 switchport port-security
 switchport port-security aging time 15
 switchport port-security violation protect
 switchport p
 << ort-security aging type inactivity
 spanning-tree portfast
!
interface GigabitEthernet1/0/34
 switchport access vlan 102
 switchport mode access
 switchport port-security maximum 2
 switchport port-security
 switchport port-security aging time 15
 << 
 switchport port-security violation protect
 switchport port-security aging type inactivity
 spanning-tree portfast
!
interface GigabitEthernet1/0/35
 switchport access vlan 102
 switchport mode access
 switchport port-security maximum 2
 switchp
 << ort port-security
 switchport port-security aging time 15
 switchport port-security violation protect
 switchport port-security aging type inactivity
 spanning-tree portfast
!
interface GigabitEthernet1/0/36
 switchport access vlan 102
 switchport
 <<  mode access
 switchport port-security maximum 2
 switchport port-security
 switchport port-security aging time 15
 switchport port-security violation protect
 switchport port-security aging type inactivity
 spanning-tree portfast
!
interface Giga
 << bitEthernet1/0/37
 switchport access vlan 102
 switchport mode access
 switchport port-security maximum 2
 switchport port-security
 switchport port-security aging time 15
 switchport port-security violation protect
 switchport port-security aging 
 << type inactivity
 spanning-tree portfast
!
interface GigabitEthernet1/0/38
 switchport access vlan 102
 switchport mode access
 switchport port-security maximum 2
 switchport port-security
 switchport port-security aging time 15
 switchport port-s
 << ecurity violation protect
 switchport port-security aging type inactivity
 spanning-tree portfast
!
interface GigabitEthernet1/0/39
 switchport access vlan 102
 switchport mode access
 switchport port-security maximum 2
 switchport port-security

 <<  switchport port-security aging time 15
 switchport port-security violation protect
 switchport port-security aging type inactivity
 spanning-tree portfast
!
interface GigabitEthernet1/0/40
 switchport access vlan 102
 switchport mode access
 swit
 << chport port-security maximum 2
 switchport port-security
 switchport port-security aging time 15
 switchport port-security violation protect
 switchport port-security aging type inactivity
 spanning-tree portfast
!
interface GigabitEthernet1/0/41

 <<  switchport access vlan 102
 switchport mode access
 switchport port-security maximum 2
 switchport port-security
 switchport port-security aging time 15
 switchport port-security violation protect
 switchport port-security aging type inactivity
 s
 << panning-tree portfast
!
interface GigabitEthernet1/0/42
 switchport access vlan 102
 switchport mode access
 switchport port-security maximum 2
 switchport port-security
 switchport port-security aging time 15
 switchport port-security violation p
 << rotect
 switchport port-security aging type inactivity
 spanning-tree portfast
!
interface GigabitEthernet1/0/43
 switchport access vlan 102
 switchport mode access
 switchport port-security maximum 2
 switchport port-security
 switchport port-se
 << curity aging time 15
 switchport port-security violation protect
 switchport port-security aging type inactivity
 spanning-tree portfast
!
interface GigabitEthernet1/0/44
 switchport access vlan 102
 switchport mode access
 switchport port-securit
 << y maximum 2
 switchport port-security
 switchport port-security aging time 15
 switchport port-security violation protect
 switchport port-security aging type inactivity
 spanning-tree portfast
!
interface GigabitEthernet1/0/45
 switchport access 
 << vlan 102
 switchport mode access
 switchport port-security maximum 2
 switchport port-security
 switchport port-security aging time 15
 switchport port-security violation protect
 switchport port-security aging type inactivity
 spanning-tree portfa
 << st
!
interface GigabitEthernet1/0/46
 switchport access vlan 102
 switchport mode access
 switchport port-security maximum 2
 switchport port-security
 switchport port-security aging time 15
 switchport port-security violation protect
 switchport
 <<  port-security aging type inactivity
 spanning-tree portfast
!
interface GigabitEthernet1/0/47
 switchport access vlan 102
 switchport mode access
 switchport port-security maximum 2
 switchport port-security
 switchport port-security aging time 1
 << 5
 switchport port-security violation protect
 switchport port-security aging type inactivity
 spanning-tree portfast
!
interface GigabitEthernet1/0/48
 switchport trunk native vlan 92
 switchport mode trunk
 no keepalive
 ip dhcp snooping trust
 << 
!
interface GigabitEthernet1/0/49
 switchport trunk native vlan 92
 switchport mode trunk
 ip dhcp snooping trust
!
interface GigabitEthernet1/0/50
 switchport trunk native vlan 92
 switchport mode trunk
 ip dhcp snooping trust
!
interface Gig
 << abitEthernet1/0/51
 switchport trunk native vlan 92
 switchport mode trunk
 ip dhcp snooping trust
!
interface GigabitEthernet1/0/52
 switchport trunk native vlan 92
 switchport mode trunk
 ip dhcp snooping trust
!
interface Vlan1
 no ip addres
 << s
 no ip route-cache
 shutdown
!
interface Vlan92
 ip address 10.92.5.209 255.255.0.0
 ip broadcast-address 10.92.255.255
!
ip default-gateway 10.92.0.1
no ip http server
no ip http secure-server
ip sla enable reaction-alerts
logging facility 
 << local1
logging 130.18.8.12
access-list 1 permit 130.18.92.0 0.0.3.255
access-list 1 permit 10.92.0.0 0.0.255.255
access-list 1 permit 130.18.8.0 0.0.0.255
snmp-server community sysnet RO 1
snmp-server community c2-b2=a2 RW 1
snmp-server contact 6F-
 << 1717
snmp-server enable traps snmp authentication linkdown linkup coldstart warmstart
snmp-server enable traps transceiver all
snmp-server enable traps tty
snmp-server enable traps cluster
snmp-server enable traps config-copy
snmp-server enable trap
 << s config
snmp-server enable traps config-ctid
snmp-server enable traps dot1x auth-fail-vlan guest-vlan no-auth-fail-vlan no-guest-vlan
snmp-server enable traps entity
snmp-server enable traps power-ethernet group 1
snmp-server enable traps power-ethe
 << rnet police
snmp-server enable traps cpu threshold
snmp-server enable traps rep
snmp-server enable traps rtr
snmp-server enable traps bridge newroot topologychange
snmp-server enable traps stpx inconsistency root-inconsistency loop-inconsistency
snm
 << p-server enable traps syslog
snmp-server enable traps vtp
snmp-server enable traps vlancreate
snmp-server enable traps vlandelete
snmp-server enable traps flash insertion removal
snmp-server enable traps port-security
snmp-server enable traps envmon
 <<  fan shutdown supply temperature status
snmp-server enable traps errdisable
snmp-server enable traps mac-notification change move threshold
snmp-server enable traps vlan-membership
snmp-server host 130.18.8.12 sysnet 
!
line con 0
line vty 0 4
 pa
 << ssword 7 0325490E07522D0659
 login local
line vty 5 15
 password 7 072E33494F54154F00
 login local
!
ntp clock-period 22519226
ntp server 10.92.0.5
end

c29s2.f2.kappatau#
Expect: matched string 1: #
