trying to use serial port: /dev/ttyUSB1
 >> 
 >> 

Expect: searching for 4 strs:  :[yes/no] :Press RETURN to get started. :# :Switch>
 << 
c29s2.f2.kappatau#
c29s2.f2.kappatau#
c29s2.f2.kappatau#
c29s2.f2.kappatau#
Expect: matched string 3: #
 >> term len 0

Expect: searching for 2 strs:  :# :>
 << term len 0
c29s2.f2.kappatau#
Expect: matched string 1: #
 >> show version

Expect: searching for 2 strs:  :# :>
 << show version
Cisco IOS Software, C2960S Software (C2960S-UNIVERSALK9-M), Version 12.2(55)SE10, RELEASE SOFTWARE (fc2)
Technical Support: http://www.cisco.com/techsupport
Copyright (c) 1986-2015 by Cisco Systems, Inc.
Compiled Wed 11-Feb-15 11:59 by pr
 << od_rel_team
Image text-base: 0x00003000, data-base: 0x01B00000

ROM: Bootstrap program is Alpha board boot loader
BOOTLDR: C2960S Boot Loader (C2960S-HBOOT-M) Version 12.2(55r)SE, RELEASE SOFTWARE (fc1)

c29s2.f2.kappatau uptime is 39 minutes
Syste
 << m returned to ROM by power-on
System image file is "flash:/c2960s-universalk9-mz.122-55.SE10/c2960s-universalk9-mz.122-55.SE10.bin"


This product contains cryptographic features and is subject to United
States and local country laws governing import
 << , export, transfer and
use. Delivery of Cisco cryptographic products does not imply
third-party authority to import, export, distribute or use encryption.
Importers, exporters, distributors and users are responsible for
compliance with U.S. and local 
 << country laws. By using this product you
agree to comply with applicable laws and regulations. If you are unable
to comply with U.S. and local laws, return this product immediately.

A summary of U.S. laws governing Cisco cryptographic products may be 
 << found at:
http://www.cisco.com/wwl/export/crypto/tool/stqrg.html

If you require further assistance please contact us by sending email to
export@cisco.com.

cisco WS-C2960S-48TS-L (PowerPC) processor (revision G0) with 131072K bytes of memory.
Proc
 << essor board ID FOC1610Y0YB
Last reset from power-on
2 Virtual Ethernet interfaces
1 FastEthernet interface
52 Gigabit Ethernet interfaces
The password-recovery mechanism is enabled.

512K bytes of flash-simulated non-volatile configuration memory.
 << 
Base ethernet MAC Address       : C8:F9:F9:B7:E5:00
Motherboard assembly number     : 73-11909-10
Power supply part number        : 341-0327-06
Motherboard serial number       : FOC16084NZ3
Power supply serial number      : LIT19151F5W
Model revisio
 << n number           : G0
Motherboard revision number     : A0
Model number                    : WS-C2960S-48TS-L
Daughterboard assembly number   : 73-11933-04
Daughterboard serial number     : FOC1608294H
System serial number            : FOC1610Y0YB
 << 
Top Assembly Part Number        : 800-30950-07
Top Assembly Revision Number    : C0
Version ID                      : V07
CLEI Code Number                : CMML510ARA
Daughterboard revision number   : A0
Hardware Board Revision Number  : 0x01


S
 << witch Ports Model              SW Version            SW Image                 
------ ----- -----              ----------            ----------               
*    1 52    WS-C2960S-48TS-L   12.2(55)SE10          C2960S-UNIVERSALK9-M     


Configura
 << tion register is 0xF

c29s2.f2.kappatau#
Expect: matched string 1: #
 >> write mem

Expect: searching for 2 strs:  :# :>
 << write mem
Building configuration...
[OK]
c29s2.f2.kappatau#
Expect: matched string 1: #
 >> enable

Expect: searching for 2 strs:  :Password: :#
 << enable
c29s2.f2.kappatau#
Expect: matched string 2: #
 >> wr erase
 >> 

 >> reload

Expect: searching for 2 strs:  :# :>
 << wr erase
Erasing the nvram filesystem will remove all configuration files! Continue? [confirm]
[OK]
Erase of nvram: complete
c29s2.f2.kappatau#reload
Proceed with reload? [confirm]
Expect: matched string 1: #
Expect: searching for 1 strs:  :Save?
 << 
*Feb 28 18:39:32: %SYS-7-NV_BLOCK_INIT: Initialized the geometry of nvram
 << 
 << 
 << 
 << 
 << 
Expect: did not match any strings!
...

*Feb 28 18:39:32: %SYS-7-NV_BLOCK_INIT: Initialized the geometry of nvram
...

 >> 

