trying to use serial port: /dev/ttyUSB0
 >> 
 >> 

Expect: searching for 4 strs:  :[yes/no] :Press RETURN to get started. :# :Switch>
 << 
test#
test#
test#
test#
Expect: matched string 3: #
 >> term len 0

Expect: searching for 2 strs:  :# :>
 << term len 0
test#
Expect: matched string 1: #
 >> show version

Expect: searching for 2 strs:  :# :>
 << show version
Cisco IOS Software, C2960CX Software (C2960CX-UNIVERSALK9-M), Version 15.2(4)E2, RELEASE SOFTWARE (fc2)
Technical Support: http://www.cisco.com/techsupport
Copyright (c) 1986-2016 by Cisco Systems, Inc.
Compiled Mon 27-Jun-16 09:16 by pro
 << d_rel_team

ROM: Bootstrap program is C2960CX boot loader
BOOTLDR: C2960CX Boot Loader (C2960CX-HBOOT-M) Version 15.2(3r)E, RELEASE SOFTWARE (fc1)

test uptime is 18 minutes
System returned to ROM by power-on
System restarted at 15:51:14 CDT Fri Ma
 << y 5 2017
System image file is "flash:/c2960cx-universalk9-mz.152-4.E2/c2960cx-universalk9-mz.152-4.E2.bin"
Last reload reason: Reload command



This product contains cryptographic features and is subject to United
States and local country laws gov
 << erning import, export, transfer and
use. Delivery of Cisco cryptographic products does not imply
third-party authority to import, export, distribute or use encryption.
Importers, exporters, distributors and users are responsible for
compliance with U.
 << S. and local country laws. By using this product you
agree to comply with applicable laws and regulations. If you are unable
to comply with U.S. and local laws, return this product immediately.

A summary of U.S. laws governing Cisco cryptographic pro
 << ducts may be found at:
http://www.cisco.com/wwl/export/crypto/tool/stqrg.html

If you require further assistance please contact us by sending email to
export@cisco.com.

cisco WS-C2960CX-8PC-L (APM86XXX) processor (revision G0) with 524288K bytes of
 <<  memory.
Processor board ID FOC2043Y42V
Last reset from reload command
2 Virtual Ethernet interfaces
12 Gigabit Ethernet interfaces
The password-recovery mechanism is enabled.

512K bytes of flash-simulated non-volatile configuration memory.
Base 
 << ethernet MAC Address       : 00:42:5A:29:73:00
Motherboard assembly number     : 73-17484-02
Power supply part number        : 341-0675-02
Motherboard serial number       : FOC20362WRX
Power supply serial number      : DCC203653SU
Model revision numb
 << er           : G0
Motherboard revision number     : A0
Model number                    : WS-C2960CX-8PC-L
System serial number            : FOC2043Y42V
Top Assembly Part Number        : 68-100386-02
Top Assembly Revision Number    : E0
Version ID   
 <<                    : V02
CLEI Code Number                : CMMT410BRA
Hardware Board Revision Number  : 0x02


Switch Ports Model                     SW Version            SW Image                 
------ ----- -----                     ----------  
 <<           ----------               
*    1 12    WS-C2960CX-8PC-L          15.2(4)E2             C2960CX-UNIVERSALK9-M    


Configuration register is 0xF

test#
Expect: matched string 1: #
 >> enable

Expect: searching for 2 strs:  :Password: :#
 << enable
test#
Expect: matched string 2: #
 >> sh run

Expect: searching for 2 strs:  :# :>
 << sh run
Building configuration...

Current configuration : 7085 bytes
!
! Last configuration change at 16:00:08 CDT Fri May 5 2017
! NVRAM config last updated at 16:00:10 CDT Fri May 5 2017
!
version 15.2
no service pad
service timestamps debug d
 << atetime localtime
service timestamps log datetime localtime
service password-encryption
!
hostname test
!
boot-start-marker
boot-end-marker
!
enable secret 5 $1$V1wk$34GwyHK1A6PPXcEvJUcIg.
enable password 7 002501030506074C18
!
username root p
 << rivilege 15 secret 5 $1$Nmra$kJC/5diJVKb7ohx96avAy.
no aaa new-model
clock timezone CST -6 0
clock summer-time CDT recurring
system mtu routing 1500
!
!
!
!
!
!
ip domain-name mgmt.msstate.edu
ip name-server 130.18.80.12
!
!
!
!
!
authen
 << tication mac-move permit
!
!
crypto pki trustpoint TP-self-signed-2494998912
 enrollment selfsigned
 subject-name cn=IOS-Self-Signed-Certificate-2494998912
 revocation-check none
 rsakeypair TP-self-signed-2494998912
!
!
crypto pki certificate c
 << hain TP-self-signed-2494998912
 certificate self-signed 01
  	quit
!
spanning-tree mode mst
spanning-tree portfast edge bpduguard default
spanning-tree extend system-id
!
spanning-tree mst configuration
 name msstate
 revision 1
 instance 1 vla
 << n 2, 7, 11, 20, 22, 24, 31, 35, 37, 39-40, 50, 60, 63, 70
 instance 1 vlan 78, 80, 86, 91, 96, 104, 110, 126, 136, 140, 152, 160
 instance 1 vlan 162-163, 168, 189, 194, 202, 220, 222, 230, 232, 242, 246
 instance 1 vlan 256, 611-612, 654, 741, 996, 99
 << 9
 instance 2 vlan 2002, 2007, 2011, 2020, 2022, 2024, 2031, 2035, 2037, 2039-2040
 instance 2 vlan 2050, 2060, 2063, 2070, 2080, 2086, 2096, 2104, 2110, 2126
 instance 2 vlan 2136, 2140, 2152, 2160, 2162-2163, 2168, 2189, 2194, 2202
 instance 2 vlan 
 << 2220, 2222, 2232, 2242, 2246, 2611-2612, 2654, 2999
 instance 3 vlan 42, 51, 59, 64, 66, 69, 72, 108, 113, 128, 144, 176, 196
 instance 3 vlan 244, 248, 927
 instance 4 vlan 2042, 2051, 2059, 2064, 2066, 2069, 2072, 2108, 2113, 2128
 instance 4 vlan 2
 << 144, 2176, 2196, 2244, 2248, 2927
 instance 5 vlan 16, 48, 58, 88, 121, 131, 133-134, 216, 228
 instance 6 vlan 2016, 2048, 2058, 2088, 2121, 2131, 2133-2134, 2216, 2228
 instance 7 vlan 9, 33-34, 38, 54, 56, 71, 75, 82, 84, 97, 114, 116, 124
 instanc
 << e 7 vlan 172, 186, 192, 204-208, 210, 240-241, 251-252, 630, 928
 instance 8 vlan 2009, 2033-2034, 2038, 2054, 2056, 2071, 2075, 2082, 2084
 instance 8 vlan 2097, 2114, 2116, 2124, 2172, 2186, 2192, 2204-2208, 2210
 instance 8 vlan 2240-2241, 2251-2252
 << , 2630, 2928
 instance 9 vlan 4-5, 12, 18-19, 32, 44, 57, 62, 68, 76, 98-99, 102, 112
 instance 9 vlan 130, 132, 147-148, 158, 212, 226, 236, 500, 505, 510-511
 instance 9 vlan 522, 551-570, 603, 629, 633, 742, 802, 926, 929
 instance 10 vlan 2004-200
 << 5, 2012, 2018-2019, 2032, 2044, 2057, 2062, 2068
 instance 10 vlan 2076, 2098-2099, 2102, 2112, 2130, 2132, 2147-2148, 2158
 instance 10 vlan 2212, 2236, 2500, 2505, 2510-2511, 2522, 2603, 2629, 2633
 instance 10 vlan 2802, 2926, 2929
 instance 11 vla
 << n 8, 43, 52, 146, 156-157, 180, 200, 218
 instance 12 vlan 2008, 2043, 2052, 2146, 2156-2157, 2180, 2200, 2218
!
errdisable recovery cause udld
errdisable recovery cause bpduguard
errdisable recovery cause security-violation
errdisable recovery caus
 << e channel-misconfig
errdisable recovery cause pagp-flap
errdisable recovery cause dtp-flap
errdisable recovery cause link-flap
errdisable recovery cause sfp-config-mismatch
errdisable recovery cause gbic-invalid
errdisable recovery cause psecure-vio
 << lation
errdisable recovery cause port-mode-failure
errdisable recovery cause dhcp-rate-limit
errdisable recovery cause pppoe-ia-rate-limit
errdisable recovery cause mac-limit
errdisable recovery cause vmps
errdisable recovery cause storm-control
er
 << rdisable recovery cause inline-power
errdisable recovery cause arp-inspection
errdisable recovery cause loopback
errdisable recovery cause small-frame
errdisable recovery cause psp
errdisable recovery interval 1800
!
!
!
!
vlan internal allocati
 << on policy ascending
!
!
! 
!
!
!
!
!
!
!
!
!
interface GigabitEthernet0/1
 switchport access vlan 4
 switchport mode access
 power inline consumption 15400
 spanning-tree portfast edge
!
interface GigabitEthernet0/2
 switchport access 
 << vlan 5
 switchport mode access
 spanning-tree portfast edge
!
interface GigabitEthernet0/3
 switchport mode access
 power inline never
 spanning-tree portfast edge
!
interface GigabitEthernet0/4
 switchport access vlan 123
 switchport mode acce
 << ss
 power inline never
 spanning-tree portfast edge
!
interface GigabitEthernet0/5
 switchport access vlan 123
 switchport mode access
 power inline never
 spanning-tree portfast edge
!
interface GigabitEthernet0/6
 switchport access vlan 123

 <<  switchport mode access
 power inline never
 spanning-tree portfast edge
!
interface GigabitEthernet0/7
 switchport access vlan 123
 switchport mode access
 power inline never
 spanning-tree portfast edge
!
interface GigabitEthernet0/8
 switchp
 << ort access vlan 123
 switchport mode access
 power inline never
 spanning-tree portfast edge
!
interface GigabitEthernet0/9
 switchport trunk native vlan 92
 switchport mode trunk
!
interface GigabitEthernet0/10
 switchport trunk native vlan 92
 << 
 switchport mode trunk
!
interface GigabitEthernet0/11
 switchport trunk native vlan 92
 switchport mode trunk
!
interface GigabitEthernet0/12
 switchport trunk native vlan 92
 switchport mode trunk
!
interface Vlan1
 no ip address
 no ip rou
 << te-cache
 shutdown
!
interface Vlan92
 ip address 10.92.5.211 255.255.0.0
 ip broadcast-address 10.92.255.255
!
ip default-gateway 10.92.0.1
ip forward-protocol nd
ip http server
ip http secure-server
!
!
!
logging facility local1
logging h
 << ost 130.18.8.12
access-list 1 permit 10.92.0.0 0.0.255.255
access-list 1 permit 130.18.8.0 0.0.0.255
access-list 1 permit 10.93.0.0 0.0.255.255
access-list 1 permit 130.18.1.0 0.0.0.255
!
snmp-server community sysnet RO 1
snmp-server community c2-b
 << 2=a2 RW 1
snmp-server contact test
snmp-server enable traps snmp authentication linkdown linkup coldstart warmstart
snmp-server enable traps transceiver all
snmp-server enable traps tty
snmp-server enable traps cluster
snmp-server enable traps confi
 << g-copy
snmp-server enable traps config
snmp-server enable traps config-ctid
snmp-server enable traps entity
snmp-server enable traps power-ethernet police
snmp-server enable traps cpu threshold
snmp-server enable traps bridge newroot topologychange
 << 
snmp-server enable traps stpx inconsistency root-inconsistency loop-inconsistency
snmp-server enable traps syslog
snmp-server enable traps vtp
snmp-server enable traps vlancreate
snmp-server enable traps vlandelete
snmp-server enable traps flash ins
 << ertion removal
snmp-server enable traps port-security
snmp-server enable traps envmon fan shutdown supply temperature status
snmp-server enable traps errdisable
snmp-server enable traps mac-notification change move threshold
snmp-server enable traps 
 << vlan-membership
!
line con 0
line vty 0 4
 access-class 1 in
 password 7 153319090577276E3F
 login local
 transport input ssh
line vty 5 15
 access-class 1 in
 password 7 153319090577276E3F
 login local
 transport input ssh
!
ntp server 10.9
 << 2.0.5
end

test#
Expect: matched string 1: #
