trying to use serial port: /dev/ttyUSB0
 >> 
 >> 

Expect: searching for 4 strs:  :[yes/no] :Press RETURN to get started. :# :Switch>
 << 
c29s1p.r208.ymca>
c29s1p.r208.ymca>
c29s1p.r208.ymca>
c29s1p.r208.ymca>
 << 
 << 
 << 
 << 
 << 
 << 
 << 
 << 
 << 
 << 
Expect: did not match any strings!
...

c29s1p.r208.ymca>
c29s1p.r208.ymca>
c29s1p.r208.ymca>
c29s1p.r208.ymca>
...

 >> 

Expect: searching for 2 strs:  :# :>
 << 
c29s1p.r208.ymca>
c29s1p.r208.ymca>
Expect: matched string 2: >
 >> term len 0

Expect: searching for 2 strs:  :# :>
 << term len 0
c29s1p.r208.ymca>
Expect: matched string 2: >
 >> show version

Expect: searching for 2 strs:  :# :>
 << show version
Cisco IOS Software, C2960S Software (C2960S-UNIVERSALK9-M), Version 15.0(2)SE8, RELEASE SOFTWARE (fc1)
Technical Support: http://www.cisco.com/techsupport
Copyright (c) 1986-2015 by Cisco Systems, Inc.
Compiled Wed 13-May-15 23:10 by prod
 << _rel_team

ROM: Bootstrap program is C2960S board boot loader
BOOTLDR: C2960S Boot Loader (C2960S-HBOOT-M) Version 12.2(53r)SE, RELEASE SOFTWARE (fc3)

c29s1p.r208.ymca uptime is 6 minutes
System returned to ROM by power-on
System image file is "fl
 << ash:/c2960s-universalk9-mz.150-2.SE8.bin"


This product contains cryptographic features and is subject to United
States and local country laws governing import, export, transfer and
use. Delivery of Cisco cryptographic products does not imply
third
 << -party authority to import, export, distribute or use encryption.
Importers, exporters, distributors and users are responsible for
compliance with U.S. and local country laws. By using this product you
agree to comply with applicable laws and regulatio
 << ns. If you are unable
to comply with U.S. and local laws, return this product immediately.

A summary of U.S. laws governing Cisco cryptographic products may be found at:
http://www.cisco.com/wwl/export/crypto/tool/stqrg.html

If you require further
 <<  assistance please contact us by sending email to
export@cisco.com.

cisco WS-C2960S-48LPD-L (PowerPC) processor (revision D0) with 131072K bytes of memory.
Processor board ID FOC1537Y1MU
Last reset from power-on
2 Virtual Ethernet interfaces
1 Fas
 << tEthernet interface
50 Gigabit Ethernet interfaces
2 Ten Gigabit Ethernet interfaces
The password-recovery mechanism is enabled.

512K bytes of flash-simulated non-volatile configuration memory.
Base ethernet MAC Address       : 00:08:30:C8:29:00
M
 << otherboard assembly number     : 73-12426-07
Power supply part number        : 341-0393-02
Motherboard serial number       : FOC15365TY9
Power supply serial number      : LIT153119V0
Model revision number           : D0
Motherboard revision number   
 <<   : A0
Model number                    : WS-C2960S-48LPD-L
Daughterboard assembly number   : 73-11933-04
Daughterboard serial number     : FOC15362QQN
System serial number            : FOC1537Y1MU
Top Assembly Part Number        : 800-32460-02
Top A
 << ssembly Revision Number    : C0
Version ID                      : V02
CLEI Code Number                : COMGC00ARB
Daughterboard revision number   : A0
Hardware Board Revision Number  : 0x01


Switch Ports Model              SW Version            S
 << W Image                 
------ ----- -----              ----------            ----------               
*    1 52    WS-C2960S-48LPD-L  15.0(2)SE8            C2960S-UNIVERSALK9-M     


Configuration register is 0xF

c29s1p.r208.ymca>
Expect: matched string 2: >
 >> write mem

Expect: searching for 2 strs:  :# :>
 << write mem
                  ^
% Invalid input detected at '^' marker.

c29s1p.r208.ymca>
Expect: matched string 2: >
 >> enable

Expect: searching for 2 strs:  :Password: :#
 << enable
Password: 
Expect: matched string 1: Password:
 >> Area=l*w

Expect: searching for 1 strs:  :#
 << 
c29s1p.r208.ymca#
Expect: matched string 1: #
 >> wr erase
 >> 

 >> reload

Expect: searching for 2 strs:  :# :>
 << wr erase
Erasing the nvram filesystem will remove all configuration files! Continue? [confirm]
[OK]
Erase of nvram: complete
c29s1p.r208.ymca#reload
Proceed with reload? [confirm]
Expect: matched string 1: #
Expect: searching for 1 strs:  :Save?
 << 
*Jan  1 18:06:02: %SYS-7-NV_BLOCK_INIT: Initialized the geometry of nvram
 << 
 << 
 << 
 << 
 << 
Expect: did not match any strings!
...

*Jan  1 18:06:02: %SYS-7-NV_BLOCK_INIT: Initialized the geometry of nvram
...

 >> 

