trying to use serial port: /dev/ttyUSB0
 >> 
 >> 

Expect: searching for 4 strs:  :[yes/no] :Press RETURN to get started. :# :Switch>
 << 


         --- System Configuration Dialog ---

Enable secret warning
----------------------------------
In order to access the device manager, an enable secret is required
If you enter the initial configuration dialog, you will be prompted for t
 << he enable secret
If you choose not to enter the intial configuration dialog, or if you exit setup without setting the enable secret,
please set an enable secret using the following CLI in configuration mode-
enable secret 0 <cleartext password>
------
 << ----------------------------
Would you like to enter the initial configuration dialog? [yes/no]: 
% Please answer 'yes' or 'no'.
Would you like to enter the initial configuration dialog? [yes/no]: 
% Please answer 'yes' or 'no'.
Would you like to ent
Expect: matched string 1: [yes/no]
 >> 

 >> no

 >> term len 0

Expect: searching for 2 strs:  :# :>
 << er the initial configuration dialog? [yes/no]: 
% Please answer 'yes' or 'no'.
Would you like to enter the initial configuration dialog? [yes/no]: 
% Please answer 'yes' or 'no'.
Would you like to enter the initial configuration dialog? [yes/no]: 
% 
 << Please answer 'yes' or 'no'.
Would you like to enter the initial configuration dialog? [yes/no]: no
Switch>term len 0
Switch>
Expect: matched string 2: >
 >> show version

Expect: searching for 2 strs:  :# :>
 << 
*Mar  1 00:02:59.566: %LINK-5-CHANGED: Interface Vlan1, changed state to administratively downshow version
Cisco IOS Software, C2960 Software (C2960-LANBASEK9-M), Version 12.2(55)SE10, RELEASE SOFTWARE (fc2)
Technical Support: http://www.cisco.com/tec
 << hsupport
Copyright (c) 1986-2015 by Cisco Systems, Inc.
Compiled Wed 11-Feb-15 11:46 by prod_rel_team
Image text-base: 0x00003000, data-base: 0x01900000

ROM: Bootstrap program is C2960 boot loader
BOOTLDR: C2960 Boot Loader (C2960-HBOOT-M) Version 
 << 12.2(44)SE5, RELEASE SOFTWARE (fc1)

Switch uptime is 3 minutes
System returned to ROM by power-on
System image file is "flash:c2960-lanbasek9-mz.122-55.SE10/c2960-lanbasek9-mz.122-55.SE10.bin"


This product contains cryptographic features and is 
 << subject to United
States and local country laws governing import, export, transfer and
use. Delivery of Cisco cryptographic products does not imply
third-party authority to import, export, distribute or use encryption.
Importers, exporters, distributo
 << rs and users are responsible for
compliance with U.S. and local country laws. By using this product you
agree to comply with applicable laws and regulations. If you are unable
to comply with U.S. and local laws, return this product immediately.

A su
 << mmary of U.S. laws governing Cisco cryptographic products may be found at:
http://www.cisco.com/wwl/export/crypto/tool/stqrg.html

If you require further assistance please contact us by sending email to
export@cisco.com.

cisco WS-C2960-48TC-L (Powe
 << rPC405) processor (revision B0) with 65536K bytes of memory.
Processor board ID FOC1017X5UZ
Last reset from power-on
1 Virtual Ethernet interface
48 FastEthernet interfaces
2 Gigabit Ethernet interfaces
The password-recovery mechanism is enabled.

 << 
64K bytes of flash-simulated non-volatile configuration memory.
Base ethernet MAC Address       : 00:17:95:06:90:80
Motherboard assembly number     : 73-9835-14
Power supply part number        : 341-0097-02
Motherboard serial number       : FOC10173B
 << M6
Power supply serial number      : DCA10202T2J
Model revision number           : B0
Motherboard revision number     : C0
Model number                    : WS-C2960-48TC-L
System serial number            : FOC1017X5UZ
Top Assembly Part Number      
 <<   : 800-26672-08
Top Assembly Revision Number    : F0
Version ID                      : V09
CLEI Code Number                : COMP200ARB
Hardware Board Revision Number  : 0x02


Switch Ports Model              SW Version            SW Image        
 <<          
------ ----- -----              ----------            ----------               
*    1 50    WS-C2960-48TC-L    12.2(55)SE10          C2960-LANBASEK9-M        


Configuration register is 0xF

Switch>
Expect: matched string 2: >
 >> write mem

Expect: searching for 2 strs:  :# :>
 << write mem
        ^
% Invalid input detected at '^' marker.

Switch>
Expect: matched string 2: >
 >> enable

Expect: searching for 2 strs:  :Password: :#
 << enable
Switch#
Expect: matched string 2: #
 >> wr erase
 >> 

 >> reload

Expect: searching for 2 strs:  :# :>
 << wr erase
Erasing the nvram filesystem will remove all configuration files! Continue? [confirm]
[OK]
Erase of nvram: complete
Switch#reload
Proceed with reload? [confirm]
Expect: matched string 1: #
Expect: searching for 1 strs:  :Save?
 << 
*Mar  1 00:03:11.721: %SYS-7-NV_BLOCK_INIT: Initialized the geometry of nvram
 << 
 << 
 << 
 << 
Expect: did not match any strings!
...

*Mar  1 00:03:11.721: %SYS-7-NV_BLOCK_INIT: Initialized the geometry of nvram
...

 >> 

