trying to use serial port: /dev/ttyUSB0
 >> 
 >> 

Expect: searching for 4 strs:  :[yes/no] :Press RETURN to get started. :# :Switch>
 << 
c29s4.ballroom.union#
c29s4.ballroom.union#
c29s4.ballroom.union#
c29s4.ballroom.union#
Expect: matched string 3: #
 >> term len 0

Expect: searching for 2 strs:  :# :>
 << term len 0
c29s4.ballroom.union#
Expect: matched string 1: #
 >> show version

Expect: searching for 2 strs:  :# :>
 << show version
Cisco IOS Software, C2960 Software (C2960-LANBASEK9-M), Version 12.2(55)SE10, RELEASE SOFTWARE (fc2)
Technical Support: http://www.cisco.com/techsupport
Copyright (c) 1986-2015 by Cisco Systems, Inc.
Compiled Wed 11-Feb-15 11:46 by prod_r
 << el_team
Image text-base: 0x00003000, data-base: 0x01900000

ROM: Bootstrap program is C2960 boot loader
BOOTLDR: C2960 Boot Loader (C2960-HBOOT-M) Version 12.2(44)SE5, RELEASE SOFTWARE (fc1)

c29s4.ballroom.union uptime is 9 minutes
System returned
 <<  to ROM by power-on
System image file is "flash:c2960-lanbasek9-mz.122-55.SE10/c2960-lanbasek9-mz.122-55.SE10.bin"


This product contains cryptographic features and is subject to United
States and local country laws governing import, export, transfe
 << r and
use. Delivery of Cisco cryptographic products does not imply
third-party authority to import, export, distribute or use encryption.
Importers, exporters, distributors and users are responsible for
compliance with U.S. and local country laws. By 
 << using this product you
agree to comply with applicable laws and regulations. If you are unable
to comply with U.S. and local laws, return this product immediately.

A summary of U.S. laws governing Cisco cryptographic products may be found at:
http:/
 << /www.cisco.com/wwl/export/crypto/tool/stqrg.html

If you require further assistance please contact us by sending email to
export@cisco.com.

cisco WS-C2960-48TC-L (PowerPC405) processor (revision B0) with 65536K bytes of memory.
Processor board ID F
 << OC1017X5UZ
Last reset from power-on
2 Virtual Ethernet interfaces
48 FastEthernet interfaces
2 Gigabit Ethernet interfaces
The password-recovery mechanism is enabled.

64K bytes of flash-simulated non-volatile configuration memory.
Base ethernet M
 << AC Address       : 00:17:95:06:90:80
Motherboard assembly number     : 73-9835-14
Power supply part number        : 341-0097-02
Motherboard serial number       : FOC10173BM6
Power supply serial number      : DCA10202T2J
Model revision number         
 <<   : B0
Motherboard revision number     : C0
Model number                    : WS-C2960-48TC-L
System serial number            : FOC1017X5UZ
Top Assembly Part Number        : 800-26672-08
Top Assembly Revision Number    : F0
Version ID               
 <<        : V09
CLEI Code Number                : COMP200ARB
Hardware Board Revision Number  : 0x02


Switch Ports Model              SW Version            SW Image                 
------ ----- -----              ----------            ----------      
 <<          
*    1 50    WS-C2960-48TC-L    12.2(55)SE10          C2960-LANBASEK9-M        


Configuration register is 0xF

c29s4.ballroom.union#
Expect: matched string 1: #
 >> enable

Expect: searching for 2 strs:  :Password: :#
 << enable
c29s4.ballroom.union#
Expect: matched string 2: #
 >> sh run

Expect: searching for 2 strs:  :# :>
 << sh run
Building configuration...

 << 
Current configuration : 20216 bytes
!
version 12.2
no service pad
service timestamps debug datetime localtime
service timestamps log datetime localtime
service password-encryption
!
hostname c29s4.ballroom.union
!
boot-start-marker
boot-end-m
 << arker
!
enable secret 5 $1$z37E$97ehE/aXWM8inFOIzL6FG1
enable password 7 002501030506074C18
!
username root privilege 15 secret 5 $1$GoP8$2Osg1VC42owMVrfVLI69E0
!
!
no aaa new-model
clock timezone CST -6
clock summer-time CDT recurring
system m
 << tu routing 1500
authentication mac-move permit
!
!
ip dhcp snooping vlan 220
ip dhcp snooping
ip domain-name mgmt.msstate.edu
ip name-server 130.18.80.12
!
!
crypto pki trustpoint TP-self-signed-2494998912
 enrollment selfsigned
 subject-name 
 << cn=IOS-Self-Signed-Certificate-2494998912
 revocation-check none
 rsakeypair TP-self-signed-2494998912
!
!
crypto pki certificate chain TP-self-signed-2494998912
 certificate self-signed 01
  quit
!
!
!
errdisable recovery cause udld
errdisabl
 << e recovery cause bpduguard
errdisable recovery cause security-violation
errdisable recovery cause channel-misconfig (STP)
errdisable recovery cause pagp-flap
errdisable recovery cause dtp-flap
errdisable recovery cause link-flap
errdisable recovery 
 << cause sfp-config-mismatch
errdisable recovery cause gbic-invalid
errdisable recovery cause psecure-violation
errdisable recovery cause port-mode-failure
errdisable recovery cause dhcp-rate-limit
errdisable recovery cause pppoe-ia-rate-limit
errdisab
 << le recovery cause mac-limit
errdisable recovery cause vmps
errdisable recovery cause storm-control
errdisable recovery cause inline-power
errdisable recovery cause arp-inspection
errdisable recovery cause loopback
errdisable recovery cause small-fra
 << me
errdisable recovery interval 1800
!
spanning-tree mode mst
spanning-tree portfast bpduguard default
spanning-tree extend system-id
!
spanning-tree mst configuration
 name msstate
 revision 1
 instance 1 vlan 2, 7, 11, 20, 22, 24, 31, 35, 37, 
 << 39-40, 50, 60, 63, 70
 instance 1 vlan 78, 80, 86, 91, 96, 104, 110, 126, 136, 140, 152, 160
 instance 1 vlan 162-163, 168, 189, 194, 202, 220, 222, 230, 232, 242, 246
 instance 1 vlan 256, 611-612, 654, 741, 996, 999
 instance 2 vlan 2002, 2007, 2011
 << , 2020, 2022, 2024, 2031, 2035, 2037, 2039-2040
 instance 2 vlan 2050, 2060, 2063, 2070, 2080, 2086, 2096, 2104, 2110, 2126
 instance 2 vlan 2136, 2140, 2152, 2160, 2162-2163, 2168, 2189, 2194, 2202
 instance 2 vlan 2220, 2222, 2232, 2242, 2246, 2611-2
 << 612, 2654, 2999
 instance 3 vlan 42, 51, 59, 64, 66, 69, 72, 108, 113, 128, 144, 176, 196
 instance 3 vlan 244, 248, 927
 instance 4 vlan 2042, 2051, 2059, 2064, 2066, 2069, 2072, 2108, 2113, 2128
 instance 4 vlan 2144, 2176, 2196, 2244, 2248, 2927
 
 << instance 5 vlan 16, 48, 58, 88, 121, 131, 133-134, 216, 228
 instance 6 vlan 2016, 2048, 2058, 2088, 2121, 2131, 2133-2134, 2216, 2228
 instance 7 vlan 9, 33-34, 38, 54, 56, 71, 75, 82, 84, 97, 114, 116, 124
 instance 7 vlan 172, 186, 192, 204-208, 210
 << , 240-241, 251-252, 630, 928
 instance 8 vlan 2009, 2033-2034, 2038, 2054, 2056, 2071, 2075, 2082, 2084
 instance 8 vlan 2097, 2114, 2116, 2124, 2172, 2186, 2192, 2204-2208, 2210
 instance 8 vlan 2240-2241, 2251-2252, 2630, 2928
 instance 9 vlan 4-5, 
 << 12, 18-19, 32, 44, 57, 62, 68, 76, 98-99, 102, 112
 instance 9 vlan 130, 132, 147-148, 158, 212, 226, 236, 500, 505, 510-511
 instance 9 vlan 522, 551-570, 603, 629, 633, 742, 802, 926, 929
 instance 10 vlan 2004-2005, 2012, 2018-2019, 2032, 2044, 2057
 << , 2062, 2068
 instance 10 vlan 2076, 2098-2099, 2102, 2112, 2130, 2132, 2147-2148, 2158
 instance 10 vlan 2212, 2236, 2500, 2505, 2510-2511, 2522, 2603, 2629, 2633
 instance 10 vlan 2802, 2926, 2929
 instance 11 vlan 8, 43, 52, 146, 156-157, 180, 200,
 <<  218
 instance 12 vlan 2008, 2043, 2052, 2146, 2156-2157, 2180, 2200, 2218
!
!
vlan internal allocation policy ascending
!
!
!
interface FastEthernet0/1
 switchport access vlan 220
 switchport mode access
 switchport port-security maximum 2
 s
 << witchport port-security
 switchport port-security aging time 15
 switchport port-security violation protect
 switchport port-security aging type inactivity
 spanning-tree portfast
!
interface FastEthernet0/2
 switchport access vlan 220
 switchport
 <<  mode access
 switchport port-security maximum 2
 switchport port-security
 switchport port-security aging time 15
 switchport port-security violation protect
 switchport port-security aging type inactivity
 spanning-tree portfast
!
interface Fast
 << Ethernet0/3
 switchport access vlan 220
 switchport mode access
 switchport port-security maximum 2
 switchport port-security
 switchport port-security aging time 15
 switchport port-security violation protect
 switchport port-security aging type i
 << nactivity
 spanning-tree portfast
!
interface FastEthernet0/4
 switchport access vlan 220
 switchport mode access
 switchport port-security maximum 2
 switchport port-security
 switchport port-security aging time 15
 switchport port-security viol
 << ation protect
 switchport port-security aging type inactivity
 spanning-tree portfast
!
interface FastEthernet0/5
 switchport access vlan 220
 switchport mode access
 switchport port-security maximum 2
 switchport port-security
 switchport port-s
 << ecurity aging time 15
 switchport port-security violation protect
 switchport port-security aging type inactivity
 spanning-tree portfast
!
interface FastEthernet0/6
 switchport access vlan 220
 switchport mode access
 switchport port-security max
 << imum 2
 switchport port-security
 switchport port-security aging time 15
 switchport port-security violation protect
 switchport port-security aging type inactivity
 spanning-tree portfast
!
interface FastEthernet0/7
 switchport access vlan 220
 
 << switchport mode access
 switchport port-security maximum 2
 switchport port-security
 switchport port-security aging time 15
 switchport port-security violation protect
 switchport port-security aging type inactivity
 spanning-tree portfast
!
inte
 << rface FastEthernet0/8
 switchport access vlan 220
 switchport mode access
 switchport port-security maximum 2
 switchport port-security
 switchport port-security aging time 15
 switchport port-security violation protect
 switchport port-security ag
 << ing type inactivity
 spanning-tree portfast
!
interface FastEthernet0/9
 switchport access vlan 220
 switchport mode access
 switchport port-security maximum 2
 switchport port-security
 switchport port-security aging time 15
 switchport port-sec
 << urity violation protect
 switchport port-security aging type inactivity
 spanning-tree portfast
!
interface FastEthernet0/10
 switchport access vlan 220
 switchport mode access
 switchport port-security maximum 2
 switchport port-security
 switch
 << port port-security aging time 15
 switchport port-security violation protect
 switchport port-security aging type inactivity
 spanning-tree portfast
!
interface FastEthernet0/11
 switchport access vlan 220
 switchport mode access
 switchport port-
 << security maximum 2
 switchport port-security
 switchport port-security aging time 15
 switchport port-security violation protect
 switchport port-security aging type inactivity
 spanning-tree portfast
!
interface FastEthernet0/12
 switchport acces
 << s vlan 220
 switchport mode access
 switchport port-security maximum 2
 switchport port-security
 switchport port-security aging time 15
 switchport port-security violation protect
 switchport port-security aging type inactivity
 spanning-tree port
 << fast
!
interface FastEthernet0/13
 switchport access vlan 220
 switchport mode access
 switchport port-security maximum 2
 switchport port-security
 switchport port-security aging time 15
 switchport port-security violation protect
 switchport po
 << rt-security aging type inactivity
 spanning-tree portfast
!
interface FastEthernet0/14
 switchport access vlan 220
 switchport mode access
 switchport port-security maximum 2
 switchport port-security
 switchport port-security aging time 15
 swit
 << chport port-security violation protect
 switchport port-security aging type inactivity
 spanning-tree portfast
!
interface FastEthernet0/15
 switchport access vlan 220
 switchport mode access
 switchport port-security maximum 2
 switchport port-se
 << curity
 switchport port-security aging time 15
 switchport port-security violation protect
 switchport port-security aging type inactivity
 spanning-tree portfast
!
interface FastEthernet0/16
 switchport access vlan 220
 switchport mode access
 s
 << witchport port-security maximum 2
 switchport port-security
 switchport port-security aging time 15
 switchport port-security violation protect
 switchport port-security aging type inactivity
 spanning-tree portfast
!
interface FastEthernet0/17
 s
 << witchport access vlan 220
 switchport mode access
 switchport port-security maximum 2
 switchport port-security
 switchport port-security aging time 15
 switchport port-security violation protect
 switchport port-security aging type inactivity
 spa
 << nning-tree portfast
!
interface FastEthernet0/18
 switchport access vlan 220
 switchport mode access
 switchport port-security maximum 2
 switchport port-security
 switchport port-security aging time 15
 switchport port-security violation protect
 << 
 switchport port-security aging type inactivity
 spanning-tree portfast
!
interface FastEthernet0/19
 switchport access vlan 220
 switchport mode access
 switchport port-security maximum 2
 switchport port-security
 switchport port-security aging
 <<  time 15
 switchport port-security violation protect
 switchport port-security aging type inactivity
 spanning-tree portfast
!
interface FastEthernet0/20
 switchport access vlan 220
 switchport mode access
 switchport port-security maximum 2
 swi
 << tchport port-security
 switchport port-security aging time 15
 switchport port-security violation protect
 switchport port-security aging type inactivity
 spanning-tree portfast
!
interface FastEthernet0/21
 switchport access vlan 220
 switchport 
 << mode access
 switchport port-security maximum 2
 switchport port-security
 switchport port-security aging time 15
 switchport port-security violation protect
 switchport port-security aging type inactivity
 spanning-tree portfast
!
interface FastE
 << thernet0/22
 switchport access vlan 220
 switchport mode access
 switchport port-security maximum 2
 switchport port-security
 switchport port-security aging time 15
 switchport port-security violation protect
 switchport port-security aging type i
 << nactivity
 spanning-tree portfast
!
interface FastEthernet0/23
 switchport access vlan 220
 switchport mode access
 switchport port-security maximum 2
 switchport port-security
 switchport port-security aging time 15
 switchport port-security vio
 << lation protect
 switchport port-security aging type inactivity
 spanning-tree portfast
!
interface FastEthernet0/24
 switchport access vlan 220
 switchport mode access
 switchport port-security maximum 2
 switchport port-security
 switchport port
 << -security aging time 15
 switchport port-security violation protect
 switchport port-security aging type inactivity
 spanning-tree portfast
!
interface FastEthernet0/25
 switchport access vlan 220
 switchport mode access
 switchport port-security 
 << maximum 2
 switchport port-security
 switchport port-security aging time 15
 switchport port-security violation protect
 switchport port-security aging type inactivity
 spanning-tree portfast
!
interface FastEthernet0/26
 switchport access vlan 22
 << 0
 switchport mode access
 switchport port-security maximum 2
 switchport port-security
 switchport port-security aging time 15
 switchport port-security violation protect
 switchport port-security aging type inactivity
 spanning-tree portfast
!

 << interface FastEthernet0/27
 switchport access vlan 220
 switchport mode access
 switchport port-security maximum 2
 switchport port-security
 switchport port-security aging time 15
 switchport port-security violation protect
 switchport port-securi
 << ty aging type inactivity
 spanning-tree portfast
!
interface FastEthernet0/28
 switchport access vlan 220
 switchport mode access
 switchport port-security maximum 2
 switchport port-security
 switchport port-security aging time 15
 switchport po
 << rt-security violation protect
 switchport port-security aging type inactivity
 spanning-tree portfast
!
interface FastEthernet0/29
 switchport access vlan 220
 switchport mode access
 switchport port-security maximum 2
 switchport port-security
 
 << switchport port-security aging time 15
 switchport port-security violation protect
 switchport port-security aging type inactivity
 spanning-tree portfast
!
interface FastEthernet0/30
 switchport access vlan 220
 switchport mode access
 switchport
 <<  port-security maximum 2
 switchport port-security
 switchport port-security aging time 15
 switchport port-security violation protect
 switchport port-security aging type inactivity
 spanning-tree portfast
!
interface FastEthernet0/31
 switchport
 <<  access vlan 220
 switchport mode access
 switchport port-security maximum 2
 switchport port-security
 switchport port-security aging time 15
 switchport port-security violation protect
 switchport port-security aging type inactivity
 spanning-tre
 << e portfast
!
interface FastEthernet0/32
 switchport access vlan 220
 switchport mode access
 switchport port-security maximum 2
 switchport port-security
 switchport port-security aging time 15
 switchport port-security violation protect
 switchp
 << ort port-security aging type inactivity
 spanning-tree portfast
!
interface FastEthernet0/33
 switchport access vlan 220
 switchport mode access
 switchport port-security maximum 2
 switchport port-security
 switchport port-security aging time 15
 << 
 switchport port-security violation protect
 switchport port-security aging type inactivity
 spanning-tree portfast
!
interface FastEthernet0/34
 switchport access vlan 220
 switchport mode access
 switchport port-security maximum 2
 switchport p
 << ort-security
 switchport port-security aging time 15
 switchport port-security violation protect
 switchport port-security aging type inactivity
 spanning-tree portfast
!
interface FastEthernet0/35
 switchport access vlan 220
 switchport mode acce
 << ss
 switchport port-security maximum 2
 switchport port-security
 switchport port-security aging time 15
 switchport port-security violation protect
 switchport port-security aging type inactivity
 spanning-tree portfast
!
interface FastEthernet0/
 << 36
 switchport access vlan 220
 switchport mode access
 switchport port-security maximum 2
 switchport port-security
 switchport port-security aging time 15
 switchport port-security violation protect
 switchport port-security aging type inactivity
 << 
 spanning-tree portfast
!
interface FastEthernet0/37
 switchport access vlan 220
 switchport mode access
 switchport port-security maximum 2
 switchport port-security
 switchport port-security aging time 15
 switchport port-security violation pr
 << otect
 switchport port-security aging type inactivity
 spanning-tree portfast
!
interface FastEthernet0/38
 switchport access vlan 220
 switchport mode access
 switchport port-security maximum 2
 switchport port-security
 switchport port-security
 <<  aging time 15
 switchport port-security violation protect
 switchport port-security aging type inactivity
 spanning-tree portfast
!
interface FastEthernet0/39
 switchport access vlan 220
 switchport mode access
 switchport port-security maximum 2
 << 
 switchport port-security
 switchport port-security aging time 15
 switchport port-security violation protect
 switchport port-security aging type inactivity
 spanning-tree portfast
!
interface FastEthernet0/40
 switchport access vlan 220
 switc
 << hport mode access
 switchport port-security maximum 2
 switchport port-security
 switchport port-security aging time 15
 switchport port-security violation protect
 switchport port-security aging type inactivity
 spanning-tree portfast
!
interface
 <<  FastEthernet0/41
 switchport access vlan 220
 switchport mode access
 switchport port-security maximum 2
 switchport port-security
 switchport port-security aging time 15
 switchport port-security violation protect
 switchport port-security aging 
 << type inactivity
 spanning-tree portfast
!
interface FastEthernet0/42
 switchport access vlan 220
 switchport mode access
 switchport port-security maximum 2
 switchport port-security
 switchport port-security aging time 15
 switchport port-securi
 << ty violation protect
 switchport port-security aging type inactivity
 spanning-tree portfast
!
interface FastEthernet0/43
 switchport access vlan 220
 switchport mode access
 switchport port-security maximum 2
 switchport port-security
 switchpor
 << t port-security aging time 15
 switchport port-security violation protect
 switchport port-security aging type inactivity
 spanning-tree portfast
!
interface FastEthernet0/44
 switchport access vlan 220
 switchport mode access
 switchport port-sec
 << urity maximum 2
 switchport port-security
 switchport port-security aging time 15
 switchport port-security violation protect
 switchport port-security aging type inactivity
 spanning-tree portfast
!
interface FastEthernet0/45
 switchport access v
 << lan 220
 switchport mode access
 switchport port-security maximum 2
 switchport port-security
 switchport port-security aging time 15
 switchport port-security violation protect
 switchport port-security aging type inactivity
 spanning-tree portfas
 << t
!
interface FastEthernet0/46
 switchport access vlan 220
 switchport mode access
 switchport port-security maximum 2
 switchport port-security
 switchport port-security aging time 15
 switchport port-security violation protect
 switchport port-
 << security aging type inactivity
 spanning-tree portfast
!
interface FastEthernet0/47
 switchport access vlan 220
 switchport mode access
 switchport port-security maximum 2
 switchport port-security
 switchport port-security aging time 15
 switchp
 << ort port-security violation protect
 switchport port-security aging type inactivity
 spanning-tree portfast
!
interface FastEthernet0/48
 switchport trunk native vlan 92
 switchport mode trunk
 no keepalive
 ip dhcp snooping trust
!
interface Gi
 << gabitEthernet0/1
 switchport trunk native vlan 92
 switchport mode trunk
 ip dhcp snooping trust
!
interface GigabitEthernet0/2
 switchport trunk native vlan 92
 switchport mode trunk
 ip dhcp snooping trust
!
interface Vlan1
 no ip address
 n
 << o ip route-cache
 shutdown
!
interface Vlan92
 ip address 10.92.5.229 255.255.0.0
 ip broadcast-address 10.92.255.255
!
ip default-gateway 10.92.0.1
no ip http server
no ip http secure-server
ip sla enable reaction-alerts
logging facility local
 << 1
logging 130.18.8.12
access-list 1 permit 10.92.0.0 0.0.255.255
access-list 1 permit 130.18.8.0 0.0.0.255
access-list 1 permit 10.93.0.0 0.0.255.255
access-list 1 permit 130.18.1.0 0.0.0.255
snmp-server community sysnet RO 1
snmp-server community 
 << c2-b2=a2 RW 1
snmp-server contact 6F-1016
snmp-server enable traps snmp authentication linkdown linkup coldstart warmstart
snmp-server enable traps transceiver all
snmp-server enable traps tty
snmp-server enable traps cluster
snmp-server enable trap
 << s entity
snmp-server enable traps cpu threshold
snmp-server enable traps rep
snmp-server enable traps vtp
snmp-server enable traps vlancreate
snmp-server enable traps vlandelete
snmp-server enable traps flash insertion removal
snmp-server enable tr
 << aps port-security
snmp-server enable traps dot1x auth-fail-vlan guest-vlan no-auth-fail-vlan no-guest-vlan
snmp-server enable traps envmon fan shutdown supply temperature status
snmp-server enable traps power-ethernet group 1
snmp-server enable traps 
 << power-ethernet police
snmp-server enable traps config-copy
snmp-server enable traps config
snmp-server enable traps config-ctid
snmp-server enable traps rtr
snmp-server enable traps bridge newroot topologychange
snmp-server enable traps stpx inconsi
 << stency root-inconsistency loop-inconsistency
snmp-server enable traps syslog
snmp-server enable traps mac-notification change move threshold
snmp-server enable traps vlan-membership
snmp-server enable traps errdisable
snmp-server host 130.18.8.12 sys
 << net 
!
line con 0
line vty 0 4
 access-class 1 in
 password 7 052A140A201142430E
 login local
 transport input ssh
line vty 5 15
 access-class 1 in
 password 7 052A140A201142430E
 login local
 transport input ssh
!
ntp server 10.92.0.5
end
 << 

c29s4.ballroom.union#
Expect: matched string 1: #
