trying to use serial port: /dev/ttyUSB0
 >> 
 >> 

Expect: searching for 4 strs:  :[yes/no] :Press RETURN to get started. :# :Switch>
 << 
c29s1p.f2.cresswell>
c29s1p.f2.cresswell>
c29s1p.f2.cresswell>
c29s1p.f2.cresswell>
 << 
 << 
 << 
 << 
 << 
 << 
 << 
 << 
 << 
 << 
Expect: did not match any strings!
...

c29s1p.f2.cresswell>
c29s1p.f2.cresswell>
c29s1p.f2.cresswell>
c29s1p.f2.cresswell>
...

 >> 

Expect: searching for 2 strs:  :# :>
 << 
c29s1p.f2.cresswell>
c29s1p.f2.cresswell>
Expect: matched string 2: >
 >> term len 0

Expect: searching for 2 strs:  :# :>
 << term len 0
c29s1p.f2.cresswell>
Expect: matched string 2: >
 >> show version

Expect: searching for 2 strs:  :# :>
 << show version
Cisco IOS Software, C2960S Software (C2960S-UNIVERSALK9-M), Version 15.0(2)SE8, RELEASE SOFTWARE (fc1)
Technical Support: http://www.cisco.com/techsupport
Copyright (c) 1986-2015 by Cisco Systems, Inc.
Compiled Wed 13-May-15 23:10 by prod
 << _rel_team

ROM: Bootstrap program is C2960S board boot loader
BOOTLDR: C2960S Boot Loader (C2960S-HBOOT-M) Version 12.2(55r)SE, RELEASE SOFTWARE (fc1)

c29s1p.f2.cresswell uptime is 14 minutes
System returned to ROM by power-on
System image file is
 <<  "flash:/c2960s-universalk9-mz.150-2.SE8.bin"


This product contains cryptographic features and is subject to United
States and local country laws governing import, export, transfer and
use. Delivery of Cisco cryptographic products does not imply
t
 << hird-party authority to import, export, distribute or use encryption.
Importers, exporters, distributors and users are responsible for
compliance with U.S. and local country laws. By using this product you
agree to comply with applicable laws and regul
 << ations. If you are unable
to comply with U.S. and local laws, return this product immediately.

A summary of U.S. laws governing Cisco cryptographic products may be found at:
http://www.cisco.com/wwl/export/crypto/tool/stqrg.html

If you require fur
 << ther assistance please contact us by sending email to
export@cisco.com.

cisco WS-C2960S-48LPD-L (PowerPC) processor (revision G0) with 131072K bytes of memory.
Processor board ID FOC1719W3VH
Last reset from power-on
2 Virtual Ethernet interfaces
1
 <<  FastEthernet interface
50 Gigabit Ethernet interfaces
2 Ten Gigabit Ethernet interfaces
The password-recovery mechanism is enabled.

512K bytes of flash-simulated non-volatile configuration memory.
Base ethernet MAC Address       : D0:C7:89:59:D8:8
 << 0
Motherboard assembly number     : 73-12426-10
Power supply part number        : 341-0393-02
Motherboard serial number       : FOC17190MUJ
Power supply serial number      : DCA1711U0A7
Model revision number           : G0
Motherboard revision numbe
 << r     : A0
Model number                    : WS-C2960S-48LPD-L
Daughterboard assembly number   : 73-11933-04
Daughterboard serial number     : FOC17190DL0
System serial number            : FOC1719W3VH
Top Assembly Part Number        : 800-32460-04
T
 << op Assembly Revision Number    : A0
Version ID                      : V04
CLEI Code Number                : COMGC00ARD
Daughterboard revision number   : A0
Hardware Board Revision Number  : 0x01


Switch Ports Model              SW Version         
 <<    SW Image                 
------ ----- -----              ----------            ----------               
*    1 52    WS-C2960S-48LPD-L  15.0(2)SE8            C2960S-UNIVERSALK9-M     


Configuration register is 0xF

c29s1p.f2.cresswell>
Expect: matched string 2: >
 >> enable

Expect: searching for 2 strs:  :Password: :#
 << enable
Password: 
Expect: matched string 1: Password:
 >> Area=l*w

Expect: searching for 1 strs:  :#
 << 
c29s1p.f2.cresswell#
Expect: matched string 1: #
 >> sh run

Expect: searching for 2 strs:  :# :>
 << sh run
Building configuration...

 << 
Current configuration : 15810 bytes
!
version 15.0
no service pad
service timestamps debug datetime localtime
service timestamps log datetime localtime
service password-encryption
!
hostname c29s1p.f2.cresswell
!
boot-start-marker
boot-end-ma
 << rker
!
enable secret 5 $1$nrh4$fIvNlunWAb4HANttLgkP9.
enable password 7 0227165E0A5B036B5B
!
username root privilege 15 secret 5 $1$gY1i$Q0O676Sj2B2jpBdr1yVM7/
no aaa new-model
clock timezone CST -6 0
clock summer-time CDT recurring
switch 1 prov
 << ision ws-c2960s-48lpd-l
authentication mac-move permit
!
!
ip dhcp snooping vlan 31
ip dhcp snooping
ip domain-name mgmt.msstate.edu
ip name-server 130.18.80.12
!
!
crypto pki trustpoint TP-self-signed-2304366720
 enrollment selfsigned
 subjec
 << t-name cn=IOS-Self-Signed-Certificate-2304366720
 revocation-check none
 rsakeypair TP-self-signed-2304366720
!
!
crypto pki certificate chain TP-self-signed-2304366720
 certificate self-signed 01
  3082025E 308201C7 A0030201 02020101 300D0609 2A86
 << 4886 F70D0101 04050030 
  31312F30 2D060355 04031326 494F532D 53656C66 2D536967 6E65642D 43657274 
  69666963 6174652D 32333034 33363637 3230301E 170D3933 30333031 30303033 
  30355A17 0D323030 31303130 30303030 305A3031 312F302D 06035504 03132649 
  
 << 4F532D53 656C662D 5369676E 65642D43 65727469 66696361 74652D32 33303433 
  36363732 3030819F 300D0609 2A864886 F70D0101 01050003 818D0030 81890281 
  8100AD0B 36BF9215 D4470B2F E84AD598 3E3188F9 8A2E13B3 059B1285 69D81C75 
  A1D5F779 188DB58D 093AEA39 
 << C671D422 4CCC6434 5EFBD50C 6C2DC88D DD5DBBA6 
  2BCAA3F7 78E7E908 C2D86FC5 84BDD76D 1131CB35 420FF8A7 B1613710 EC85C2CC 
  95E469D2 E6291C77 13AC7601 3E48768B 0C14D0CB 8D9BB1AD B52DB3E1 25F1AA64 
  AB050203 010001A3 81853081 82300F06 03551D13 0101FF04 
 << 05300301 01FF302F 
  0603551D 11042830 26822463 32397331 702E6632 2E637265 73737765 6C6C2E6D 
  676D742E 6D737374 6174652E 65647530 1F060355 1D230418 30168014 ABB2B840 
  27D88E7A 9777FE01 101E6825 063325FE 301D0603 551D0E04 160414AB B2B84027 
  D88E7
 << A97 77FE0110 1E682506 3325FE30 0D06092A 864886F7 0D010104 05000381 
  81007783 11EB415D 76A4128D D6288EEF CE9351B7 BDE05C3A BDA1964F 3A13476C 
  904DEA96 641AD437 653AFB2D CEE84308 52E9CE7F A753E19A 0C7335DF F665C837 
  F6DBCC7B 341B951C 9F619CFE 9F1DE
 << 612 893DCE40 41012F0A 2C138829 620092AD 
  EFC0F54F 03D897D2 75EA68DF 6892B609 B94F2A9C EDF462AE ADF6308A F4F1490C 931E
  	quit
!
spanning-tree mode mst
spanning-tree portfast bpduguard default
spanning-tree extend system-id
!
spanning-tree mst co
 << nfiguration
 name msstate
 revision 1
 instance 1 vlan 2, 7, 11, 20, 22, 24, 31, 35, 37, 39-40, 50, 60, 63, 70
 instance 1 vlan 78, 80, 86, 91, 96, 104, 110, 126, 136, 140, 152, 160
 instance 1 vlan 162-163, 168, 189, 194, 202, 220, 222, 230, 232, 24
 << 2, 246
 instance 1 vlan 256, 611-612, 654, 741, 996, 999
 instance 2 vlan 2002, 2007, 2011, 2020, 2022, 2024, 2031, 2035, 2037, 2039-2040
 instance 2 vlan 2050, 2060, 2063, 2070, 2080, 2086, 2096, 2104, 2110, 2126
 instance 2 vlan 2136, 2140, 2152, 21
 << 60, 2162-2163, 2168, 2189, 2194, 2202
 instance 2 vlan 2220, 2222, 2232, 2242, 2246, 2611-2612, 2654, 2999
 instance 3 vlan 42, 51, 59, 64, 66, 69, 72, 108, 113, 128, 144, 176, 196
 instance 3 vlan 244, 248, 927
 instance 4 vlan 2042, 2051, 2059, 2064
 << , 2066, 2069, 2072, 2108, 2113, 2128
 instance 4 vlan 2144, 2176, 2196, 2244, 2248, 2927
 instance 5 vlan 16, 48, 58, 88, 121, 131, 133-134, 216, 228
 instance 6 vlan 2016, 2048, 2058, 2088, 2121, 2131, 2133-2134, 2216, 2228
 instance 7 vlan 9, 33-34,
 <<  38, 54, 56, 71, 75, 82, 84, 97, 114, 116, 124
 instance 7 vlan 172, 186, 192, 204-208, 210, 240-241, 251-252, 630, 928
 instance 8 vlan 2009, 2033-2034, 2038, 2054, 2056, 2071, 2075, 2082, 2084
 instance 8 vlan 2097, 2114, 2116, 2124, 2172, 2186, 2192
 << , 2204-2208, 2210
 instance 8 vlan 2240-2241, 2251-2252, 2630, 2928
 instance 9 vlan 4-5, 12, 18-19, 32, 44, 57, 62, 68, 76, 98-99, 102, 112
 instance 9 vlan 130, 132, 147-148, 158, 212, 226, 236, 500, 505, 510-511
 instance 9 vlan 522, 551-570, 603, 
 << 629, 633, 742, 802, 926, 929
 instance 10 vlan 2004-2005, 2012, 2018-2019, 2032, 2044, 2057, 2062, 2068
 instance 10 vlan 2076, 2098-2099, 2102, 2112, 2130, 2132, 2147-2148, 2158
 instance 10 vlan 2212, 2236, 2500, 2505, 2510-2511, 2522, 2603, 2629, 26
 << 33
 instance 10 vlan 2802, 2926, 2929
 instance 11 vlan 8, 43, 52, 146, 156-157, 180, 200, 218
 instance 12 vlan 2008, 2043, 2052, 2146, 2156-2157, 2180, 2200, 2218
!
!
!
!
!
!
errdisable recovery cause udld
errdisable recovery cause bpduguard
 << 
errdisable recovery cause security-violation
errdisable recovery cause channel-misconfig (STP)
errdisable recovery cause pagp-flap
errdisable recovery cause dtp-flap
errdisable recovery cause link-flap
errdisable recovery cause sfp-config-mismatch

 << errdisable recovery cause gbic-invalid
errdisable recovery cause psecure-violation
errdisable recovery cause port-mode-failure
errdisable recovery cause dhcp-rate-limit
errdisable recovery cause pppoe-ia-rate-limit
errdisable recovery cause mac-limit
 << 
errdisable recovery cause vmps
errdisable recovery cause storm-control
errdisable recovery cause inline-power
errdisable recovery cause arp-inspection
errdisable recovery cause loopback
errdisable recovery cause small-frame
errdisable recovery int
 << erval 1800
!
!
!
!
vlan internal allocation policy ascending
!
!
! 
!
!
!
!
!
!
!
!
interface FastEthernet0
 no ip address
 shutdown
!
interface GigabitEthernet1/0/1
 description cresswell.ap2-1
 switchport access vlan 552
 switchp
 << ort mode access
 spanning-tree portfast
!
interface GigabitEthernet1/0/2
 description cresswell.ap4-1
 switchport access vlan 552
 switchport mode access
 spanning-tree portfast
!
interface GigabitEthernet1/0/3
 description cresswell.ap3-1
 swi
 << tchport access vlan 552
 switchport mode access
 spanning-tree portfast
!
interface GigabitEthernet1/0/4
 description cresswell.ap1-2
 switchport access vlan 552
 switchport mode access
 spanning-tree portfast
!
interface GigabitEthernet1/0/5
 
 << description cresswell.ap2-2
 switchport access vlan 552
 switchport mode access
 spanning-tree portfast
!
interface GigabitEthernet1/0/6
 description cresswell.ap3-2
 switchport access vlan 552
 switchport mode access
 spanning-tree portfast
!

 << interface GigabitEthernet1/0/7
 description cresswell.ap4-2
 switchport access vlan 552
 switchport mode access
 spanning-tree portfast
!
interface GigabitEthernet1/0/8
 description cresswell.ap5-2
 switchport access vlan 552
 switchport mode acc
 << ess
 spanning-tree portfast
!
interface GigabitEthernet1/0/9
 description cresswell.ap2-3
 switchport access vlan 552
 switchport mode access
 spanning-tree portfast
!
interface GigabitEthernet1/0/10
 description cresswell.ap1-3
 switchport acc
 << ess vlan 552
 switchport mode access
 spanning-tree portfast
!
interface GigabitEthernet1/0/11
 description cresswell.ap3-3
 switchport access vlan 552
 switchport mode access
 spanning-tree portfast
!
interface GigabitEthernet1/0/12
 descripti
 << on cresswell.ap4-3
 switchport access vlan 552
 switchport mode access
 spanning-tree portfast
!
interface GigabitEthernet1/0/13
 description cresswell.ap5-3
 switchport access vlan 552
 switchport mode access
 spanning-tree portfast
!
interfac
 << e GigabitEthernet1/0/14
 description cresswell.ap1-4
 switchport access vlan 552
 switchport mode access
 spanning-tree portfast
!
interface GigabitEthernet1/0/15
 description cresswell.ap2-4
 switchport access vlan 552
 switchport mode access
 
 << spanning-tree portfast
!
interface GigabitEthernet1/0/16
 description cresswell.ap3-4
 switchport access vlan 552
 switchport mode access
 spanning-tree portfast
!
interface GigabitEthernet1/0/17
 description cresswell.ap4-4
 switchport access v
 << lan 552
 switchport mode access
 spanning-tree portfast
!
interface GigabitEthernet1/0/18
 description cresswell.ap5-4
 switchport access vlan 552
 switchport mode access
 spanning-tree portfast
!
interface GigabitEthernet1/0/19
 description cr
 << esswell.ap2-5
 switchport access vlan 552
 switchport mode access
 spanning-tree portfast
!
interface GigabitEthernet1/0/20
 description cresswell.ap1-5
 switchport access vlan 552
 switchport mode access
 spanning-tree portfast
!
interface Gig
 << abitEthernet1/0/21
 description cresswell.ap3-5
 switchport access vlan 552
 switchport mode access
 spanning-tree portfast
!
interface GigabitEthernet1/0/22
 description cresswell.ap4-5
 switchport access vlan 552
 switchport mode access
 spann
 << ing-tree portfast
!
interface GigabitEthernet1/0/23
 description cresswell.ap5-5
 switchport access vlan 552
 switchport mode access
 spanning-tree portfast
!
interface GigabitEthernet1/0/24
 description cresswell.ap1-1
 switchport access vlan 5
 << 52
 switchport mode access
 spanning-tree portfast
!
interface GigabitEthernet1/0/25
 switchport access vlan 802
 switchport mode access
 spanning-tree portfast
!
interface GigabitEthernet1/0/26
 switchport access vlan 96
 switchport mode acces
 << s
 spanning-tree portfast
!
interface GigabitEthernet1/0/27
 switchport access vlan 96
 switchport mode access
 spanning-tree portfast
!
interface GigabitEthernet1/0/28
 switchport access vlan 507
 switchport mode access
 spanning-tree portfast
 << 
!
interface GigabitEthernet1/0/29
 switchport access vlan 97
 switchport mode access
 spanning-tree portfast
!
interface GigabitEthernet1/0/30
 switchport access vlan 176
 switchport mode access
 switchport port-security maximum 2
 switchport 
 << port-security violation protect
 switchport port-security aging time 15
 switchport port-security aging type inactivity
 switchport port-security
 spanning-tree portfast
!
interface GigabitEthernet1/0/31
 switchport access vlan 96
 switchport mode
 <<  access
 switchport port-security maximum 2
 switchport port-security violation protect
 switchport port-security aging time 15
 switchport port-security aging type inactivity
 switchport port-security
 spanning-tree portfast
!
interface GigabitEt
 << hernet1/0/32
 switchport access vlan 31
 switchport mode access
 switchport port-security maximum 2
 switchport port-security violation protect
 switchport port-security aging time 15
 switchport port-security aging type inactivity
 switchport port
 << -security
 spanning-tree portfast
!
interface GigabitEthernet1/0/33
 switchport access vlan 31
 switchport mode access
 switchport port-security maximum 2
 switchport port-security violation protect
 switchport port-security aging time 15
 switch
 << port port-security aging type inactivity
 switchport port-security
 spanning-tree portfast
!
interface GigabitEthernet1/0/34
 switchport access vlan 31
 switchport mode access
 switchport port-security maximum 2
 switchport port-security violation
 <<  protect
 switchport port-security aging time 15
 switchport port-security aging type inactivity
 switchport port-security
 spanning-tree portfast
!
interface GigabitEthernet1/0/35
 switchport access vlan 31
 switchport mode access
 switchport po
 << rt-security maximum 2
 switchport port-security violation protect
 switchport port-security aging time 15
 switchport port-security aging type inactivity
 switchport port-security
 spanning-tree portfast
!
interface GigabitEthernet1/0/36
 switchpo
 << rt access vlan 31
 switchport mode access
 switchport port-security maximum 2
 switchport port-security violation protect
 switchport port-security aging time 15
 switchport port-security aging type inactivity
 switchport port-security
 spanning-tr
 << ee portfast
!
interface GigabitEthernet1/0/37
 switchport access vlan 31
 switchport mode access
 switchport port-security maximum 2
 switchport port-security violation protect
 switchport port-security aging time 15
 switchport port-security agin
 << g type inactivity
 switchport port-security
 spanning-tree portfast
!
interface GigabitEthernet1/0/38
 switchport access vlan 31
 switchport mode access
 switchport port-security maximum 2
 switchport port-security violation protect
 switchport p
 << ort-security aging time 15
 switchport port-security aging type inactivity
 switchport port-security
 spanning-tree portfast
!
interface GigabitEthernet1/0/39
 description c29s2.f2.cresswell
 switchport trunk native vlan 92
 switchport mode trunk
 << 
 no keepalive
 ip dhcp snooping trust
!
interface GigabitEthernet1/0/40
 description c29s3.f2.cresswell
 switchport trunk native vlan 92
 switchport mode trunk
 no keepalive
 ip dhcp snooping trust
!
interface GigabitEthernet1/0/41
 descriptio
 << n c29s4.f2.cresswell
 switchport trunk native vlan 92
 switchport mode trunk
 no keepalive
 ip dhcp snooping trust
!
interface GigabitEthernet1/0/42
 description c29s5.f2.cresswell
 switchport trunk native vlan 92
 switchport mode trunk
 no keep
 << alive
 ip dhcp snooping trust
!
interface GigabitEthernet1/0/43
 description c29s6.f2.cresswell
 switchport trunk native vlan 92
 switchport mode trunk
 no keepalive
 ip dhcp snooping trust
!
interface GigabitEthernet1/0/44
 description c29s7.f
 << 2.cresswell
 switchport trunk native vlan 92
 switchport mode trunk
 no keepalive
 ip dhcp snooping trust
!
interface GigabitEthernet1/0/45
 description c29s8.f2.cresswell
 switchport trunk native vlan 92
 switchport mode trunk
 no keepalive
 i
 << p dhcp snooping trust
!
interface GigabitEthernet1/0/46
 description c29s9.f2.cresswell
 switchport trunk native vlan 92
 switchport mode trunk
 no keepalive
 ip dhcp snooping trust
!
interface GigabitEthernet1/0/47
 switchport trunk native vlan
 <<  92
 switchport mode trunk
 ip dhcp snooping trust
!
interface GigabitEthernet1/0/48
 switchport trunk native vlan 92
 switchport mode trunk
 ip dhcp snooping trust
!
interface GigabitEthernet1/0/49
 switchport trunk native vlan 92
 switchport 
 << mode trunk
 ip dhcp snooping trust
!
interface GigabitEthernet1/0/50
 switchport trunk native vlan 92
 switchport mode trunk
 ip dhcp snooping trust
!
interface TenGigabitEthernet1/0/1
 description cisco1.allen
 switchport trunk native vlan 92

 <<  switchport mode trunk
 ip dhcp snooping trust
!
interface TenGigabitEthernet1/0/2
 switchport trunk native vlan 92
 switchport mode trunk
 ip dhcp snooping trust
!
interface Vlan1
 no ip address
 no ip route-cache
 shutdown
!
interface Vlan9
 << 2
 ip address 10.92.3.103 255.255.0.0
 ip broadcast-address 10.92.255.255
!
ip default-gateway 10.92.0.1
no ip http server
no ip http secure-server
!
logging facility local1
logging host 130.18.8.12
access-list 1 permit 10.92.0.0 0.0.255.255
ac
 << cess-list 1 permit 130.18.8.0 0.0.0.255
!
snmp-server community sysnet RO 1
snmp-server community c2-b2=a2 RW 1
snmp-server community spongebob RO
snmp-server contact 6F-1771
snmp-server enable traps snmp authentication linkdown linkup coldstart war
 << mstart
snmp-server enable traps transceiver all
snmp-server enable traps tty
snmp-server enable traps cluster
snmp-server enable traps config-copy
snmp-server enable traps config
snmp-server enable traps config-ctid
snmp-server enable traps dot1x a
 << uth-fail-vlan guest-vlan no-auth-fail-vlan no-guest-vlan
snmp-server enable traps entity
snmp-server enable traps power-ethernet group 1
snmp-server enable traps power-ethernet police
snmp-server enable traps cpu threshold
snmp-server enable traps re
 << p
snmp-server enable traps bridge newroot topologychange
snmp-server enable traps stpx inconsistency root-inconsistency loop-inconsistency
snmp-server enable traps vtp
snmp-server enable traps vlancreate
snmp-server enable traps vlandelete
snmp-serv
 << er enable traps flash insertion removal
snmp-server enable traps port-security
snmp-server enable traps envmon fan shutdown supply temperature status
snmp-server enable traps errdisable
snmp-server enable traps mac-notification change move threshold

 << snmp-server enable traps vlan-membership
snmp-server host 130.18.8.12 sysnet 
!
!
line con 0
line vty 0 4
 access-class 1 in
 password 7 08005E4B0844095D05
 login local
 transport input all
line vty 5 15
 access-class 1 in
 password 7 13240517
 << 0A5108603C
 login local
 transport input all
!
ntp server 10.92.0.5
end

c29s1p.f2.cresswell#
Expect: matched string 1: #
