trying to use serial port: /dev/ttyUSB0
 >> 
 >> 

Expect: searching for 4 strs:  :[yes/no] :Press RETURN to get started. :# :Switch>
 << 
c29s1p.f1nw.critz#
c29s1p.f1nw.critz#
c29s1p.f1nw.critz#
c29s1p.f1nw.critz#
Expect: matched string 3: #
 >> term len 0

Expect: searching for 2 strs:  :# :>
 << term len 0
c29s1p.f1nw.critz#
Expect: matched string 1: #
 >> show version

Expect: searching for 2 strs:  :# :>
 << show version
Cisco IOS Software, C2960S Software (C2960S-UNIVERSALK9-M), Version 15.0(2)SE8, RELEASE SOFTWARE (fc1)
Technical Support: http://www.cisco.com/techsupport
Copyright (c) 1986-2015 by Cisco Systems, Inc.
Compiled Wed 13-May-15 23:10 by prod
 << _rel_team

ROM: Bootstrap program is C2960S board boot loader
BOOTLDR: C2960S Boot Loader (C2960S-HBOOT-M) Version 12.2(55r)SE, RELEASE SOFTWARE (fc1)

c29s1p.f1nw.critz uptime is 6 hours, 7 minutes
System returned to ROM by power-on
System image f
 << ile is "flash:/c2960s-universalk9-mz.150-2.SE8.bin"


This product contains cryptographic features and is subject to United
States and local country laws governing import, export, transfer and
use. Delivery of Cisco cryptographic products does not im
 << ply
third-party authority to import, export, distribute or use encryption.
Importers, exporters, distributors and users are responsible for
compliance with U.S. and local country laws. By using this product you
agree to comply with applicable laws and
 <<  regulations. If you are unable
to comply with U.S. and local laws, return this product immediately.

A summary of U.S. laws governing Cisco cryptographic products may be found at:
http://www.cisco.com/wwl/export/crypto/tool/stqrg.html

If you requi
 << re further assistance please contact us by sending email to
export@cisco.com.

cisco WS-C2960S-24PD-L (PowerPC) processor (revision G0) with 131072K bytes of memory.
Processor board ID FOC1718W0JU
Last reset from power-on
2 Virtual Ethernet interfac
 << es
1 FastEthernet interface
26 Gigabit Ethernet interfaces
2 Ten Gigabit Ethernet interfaces
The password-recovery mechanism is enabled.

512K bytes of flash-simulated non-volatile configuration memory.
Base ethernet MAC Address       : 0C:27:24:AD
 << :2D:80
Motherboard assembly number     : 73-12427-10
Power supply part number        : 341-0393-02
Motherboard serial number       : FOC17177TZ3
Power supply serial number      : DCA1709U1UB
Model revision number           : G0
Motherboard revision 
 << number     : A0
Model number                    : WS-C2960S-24PD-L
Daughterboard assembly number   : 73-11933-04
Daughterboard serial number     : FOC17176TEY
System serial number            : FOC1718W0JU
Top Assembly Part Number        : 800-32456-0
 << 4
Top Assembly Revision Number    : A0
Version ID                      : V04
CLEI Code Number                : COMFF10BRD
Daughterboard revision number   : A0
Hardware Board Revision Number  : 0x01


Switch Ports Model              SW Version     
 <<        SW Image                 
------ ----- -----              ----------            ----------               
*    1 28    WS-C2960S-24PD-L   15.0(2)SE8            C2960S-UNIVERSALK9-M     


Configuration register is 0xF

c29s1p.f1nw.critz#
Expect: matched string 1: #
 >> write mem

Expect: searching for 2 strs:  :# :>
 << write mem
Building configuration...

 << [OK]
c29s1p.f1nw.critz#
Expect: matched string 1: #
 >> enable

Expect: searching for 2 strs:  :Password: :#
 << enable
c29s1p.f1nw.critz#
Expect: matched string 2: #
 >> wr erase
 >> 

 >> reload

Expect: searching for 2 strs:  :# :>
 << wr erase
Erasing the nvram filesystem will remove all configuration files! Continue? [confirm]
[OK]
Erase of nvram: complete
c29s1p.f1nw.critz#reload
Proceed with reload? [confirm]
Expect: matched string 1: #
Expect: searching for 1 strs:  :Save?
 << 
*Jan  2 00:07:23: %SYS-7-NV_BLOCK_INIT: Initialized the geometry of nvram
 << 
 << 
 << 
 << 
Expect: did not match any strings!
...

*Jan  2 00:07:23: %SYS-7-NV_BLOCK_INIT: Initialized the geometry of nvram
...

 >> 

