trying to use serial port: /dev/ttyUSB0
 >> 
 >> 

Expect: searching for 4 strs:  :[yes/no] :Press RETURN to get started. :# :Switch>
 << 
c29s5p.ra232a.ruby#
c29s5p.ra232a.ruby#
c29s5p.ra232a.ruby#
c29s5p.ra232a.ruby#
Expect: matched string 3: #
 >> term len 0

Expect: searching for 2 strs:  :# :>
 << term len 0
c29s5p.ra232a.ruby#
Expect: matched string 1: #
 >> show version

Expect: searching for 2 strs:  :# :>
 << show version
Cisco IOS Software, C2960S Software (C2960S-UNIVERSALK9-M), Version 15.0(2)SE8, RELEASE SOFTWARE (fc1)
Technical Support: http://www.cisco.com/techsupport
Copyright (c) 1986-2015 by Cisco Systems, Inc.
Compiled Wed 13-May-15 23:10 by prod
 << _rel_team

ROM: Bootstrap program is C2960S board boot loader
BOOTLDR: C2960S Boot Loader (C2960S-HBOOT-M) Version 12.2(53r)SE, RELEASE SOFTWARE (fc3)

c29s5p.ra232a.ruby uptime is 9 minutes
System returned to ROM by power-on
System image file is "
 << flash:/c2960s-universalk9-mz.150-2.SE8.bin"


This product contains cryptographic features and is subject to United
States and local country laws governing import, export, transfer and
use. Delivery of Cisco cryptographic products does not imply
thi
 << rd-party authority to import, export, distribute or use encryption.
Importers, exporters, distributors and users are responsible for
compliance with U.S. and local country laws. By using this product you
agree to comply with applicable laws and regulat
 << ions. If you are unable
to comply with U.S. and local laws, return this product immediately.

A summary of U.S. laws governing Cisco cryptographic products may be found at:
http://www.cisco.com/wwl/export/crypto/tool/stqrg.html

If you require furth
 << er assistance please contact us by sending email to
export@cisco.com.

cisco WS-C2960S-24PD-L (PowerPC) processor (revision B0) with 131072K bytes of memory.
Processor board ID FOC1439Z480
Last reset from power-on
2 Virtual Ethernet interfaces
1 Fa
 << stEthernet interface
26 Gigabit Ethernet interfaces
2 Ten Gigabit Ethernet interfaces
The password-recovery mechanism is enabled.

512K bytes of flash-simulated non-volatile configuration memory.
Base ethernet MAC Address       : 6C:50:4D:6C:40:80

 << Motherboard assembly number     : 73-12427-07
Power supply part number        : 341-0393-02
Motherboard serial number       : FOC14374W8Q
Power supply serial number      : DCA1435U1SZ
Model revision number           : B0
Motherboard revision number  
 <<    : A0
Model number                    : WS-C2960S-24PD-L
Daughterboard assembly number   : 73-11933-04
Daughterboard serial number     : FOC14395QX4
System serial number            : FOC1439Z480
Top Assembly Part Number        : 800-32456-02
Top A
 << ssembly Revision Number    : A0
Version ID                      : V02
CLEI Code Number                : COMFF10BRB
Daughterboard revision number   : A0
Hardware Board Revision Number  : 0x01


Switch Ports Model              SW Version            S
 << W Image                 
------ ----- -----              ----------            ----------               
*    1 28    WS-C2960S-24PD-L   15.0(2)SE8            C2960S-UNIVERSALK9-M     


Configuration register is 0xF

c29s5p.ra232a.ruby#
Expect: matched string 1: #
 >> enable

Expect: searching for 2 strs:  :Password: :#
 << enable
c29s5p.ra232a.ruby#
Expect: matched string 2: #
 >> sh run

Expect: searching for 2 strs:  :# :>
 << sh run
Building configuration...

Current configuration : 15351 bytes
!
! Last configuration change at 18:08:18 CST Sun Jan 1 2006
!
version 15.0
no service pad
service timestamps debug datetime localtime
service timestamps log datetime localtim
 << e
service password-encryption
!
hostname c29s5p.ra232a.ruby
!
boot-start-marker
boot-end-marker
!
enable secret 5 $1$C4nY$784GYAXr.MprYGPxAFe.t1
enable password 7 096D5C0C18581B581C
!
username root privilege 15 secret 5 $1$6BZi$OupcuAJWjXzGIQXr
 << Xs0JS1
no aaa new-model
clock timezone CST -6 0
clock summer-time CDT recurring
switch 1 provision ws-c2960s-24pd-l
authentication mac-move permit
!
!
ip dhcp snooping vlan 114
ip dhcp snooping
ip domain-name mgmt.msstate.edu
ip name-server 130
 << .18.80.12
!
!
crypto pki trustpoint TP-self-signed-2494998912
 enrollment selfsigned
 subject-name cn=IOS-Self-Signed-Certificate-2494998912
 revocation-check none
 rsakeypair TP-self-signed-2494998912
!
!
crypto pki certificate chain TP-self-si
 << gned-2494998912
 certificate self-signed 01
  3082024F 308201B8 A0030201 02020101 300D0609 2A864886 F70D0101 04050030 
  31312F30 2D060355 04031326 494F532D 53656C66 2D536967 6E65642D 43657274 
  69666963 6174652D 31323938 39343030 3332301E 170D3933 3
 << 0333031 30303033 
  34385A17 0D323030 31303130 30303030 305A3031 312F302D 06035504 03132649 
  4F532D53 656C662D 5369676E 65642D43 65727469 66696361 74652D31 32393839 
  34303033 3230819F 300D0609 2A864886 F70D0101 01050003 818D0030 81890281 
  8100A3
 << 08 5B991D35 16B8443A EE3D0F9E A14ED831 0C6E9F53 CC5F49FF C6FB53ED 
  C792A398 7E1B7B6E 0D69A272 1AF401B8 42EE3428 6E69B06E DCA9DBDC 2E4FB8F8 
  39D19FB3 0E20F612 60C31065 CFF44438 BE91C865 8441E3A0 48AD1BFE 76700879 
  5354C565 3E3DFAAC 4471C306 36CC79
 << 12 BB2772F8 CF7D9CB3 DEE85ADC D60A76F4 
  88BD0203 010001A3 77307530 0F060355 1D130101 FF040530 030101FF 30220603 
  551D1104 1B301982 17537769 7463682E 6D676D74 2E6D7373 74617465 2E656475 
  301F0603 551D2304 18301680 14CB6184 ADD68302 FB96CF49 B72AAC
 << 32 240BAD09 
  A1301D06 03551D0E 04160414 CB6184AD D68302FB 96CF49B7 2AAC3224 0BAD09A1 
  300D0609 2A864886 F70D0101 04050003 81810050 BF0E9454 AD458B48 BDAD75CA 
  DD4C5421 D165CFE8 86AB5D1F BCC6A3D3 49AF962F 8C2D193B 272CC8D8 48A25781 
  6109A37E 79
 << 7CB064 8DD8BE39 58CC0635 FB74441A AC75D352 19DC2E3F 63D6A354 
  88B8546C 06F22F0C 10D9C690 C7A0BABC DF6F01A7 FB3513C0 7B3C820F E549D2B5 
  869D2702 3CAB6978 5A12BD73 FB0495A5 673DB5
  	quit
!
spanning-tree mode mst
spanning-tree portfast bpduguard d
 << efault
spanning-tree extend system-id
!
spanning-tree mst configuration
 name msstate
 revision 1
 instance 1 vlan 2, 7, 11, 20, 22, 24, 31, 35, 37, 39-40, 50, 60, 63, 70
 instance 1 vlan 78, 80, 86, 91, 96, 104, 110, 126, 136, 140, 152, 160
 inst
 << ance 1 vlan 162-163, 168, 189, 194, 202, 220, 222, 230, 232, 242, 246
 instance 1 vlan 256, 611-612, 654, 741, 996, 999
 instance 2 vlan 2002, 2007, 2011, 2020, 2022, 2024, 2031, 2035, 2037, 2039-2040
 instance 2 vlan 2050, 2060, 2063, 2070, 2080, 2086
 << , 2096, 2104, 2110, 2126
 instance 2 vlan 2136, 2140, 2152, 2160, 2162-2163, 2168, 2189, 2194, 2202
 instance 2 vlan 2220, 2222, 2232, 2242, 2246, 2611-2612, 2654, 2999
 instance 3 vlan 42, 51, 59, 64, 66, 69, 72, 108, 113, 128, 144, 176, 196
 instanc
 << e 3 vlan 244, 248, 927
 instance 4 vlan 2042, 2051, 2059, 2064, 2066, 2069, 2072, 2108, 2113, 2128
 instance 4 vlan 2144, 2176, 2196, 2244, 2248, 2927
 instance 5 vlan 16, 48, 58, 88, 121, 131, 133-134, 216, 228
 instance 6 vlan 2016, 2048, 2058, 2088
 << , 2121, 2131, 2133-2134, 2216, 2228
 instance 7 vlan 9, 33-34, 38, 54, 56, 71, 75, 82, 84, 97, 114, 116, 124
 instance 7 vlan 172, 186, 192, 204-208, 210, 240-241, 251-252, 630, 928
 instance 8 vlan 2009, 2033-2034, 2038, 2054, 2056, 2071, 2075, 2082, 
 << 2084
 instance 8 vlan 2097, 2114, 2116, 2124, 2172, 2186, 2192, 2204-2208, 2210
 instance 8 vlan 2240-2241, 2251-2252, 2630, 2928
 instance 9 vlan 4-5, 12, 18-19, 32, 44, 57, 62, 68, 76, 98-99, 102, 112
 instance 9 vlan 130, 132, 147-148, 158, 212, 22
 << 6, 236, 500, 505, 510-511
 instance 9 vlan 522, 551-570, 603, 629, 633, 742, 802, 926, 929
 instance 10 vlan 2004-2005, 2012, 2018-2019, 2032, 2044, 2057, 2062, 2068
 instance 10 vlan 2076, 2098-2099, 2102, 2112, 2130, 2132, 2147-2148, 2158
 instance 
 << 10 vlan 2212, 2236, 2500, 2505, 2510-2511, 2522, 2603, 2629, 2633
 instance 10 vlan 2802, 2926, 2929
 instance 11 vlan 8, 43, 52, 146, 156-157, 180, 200, 218
 instance 12 vlan 2008, 2043, 2052, 2146, 2156-2157, 2180, 2200, 2218
!
!
!
!
!
!
errdi
 << sable recovery cause udld
errdisable recovery cause bpduguard
errdisable recovery cause security-violation
errdisable recovery cause channel-misconfig (STP)
errdisable recovery cause pagp-flap
errdisable recovery cause dtp-flap
errdisable recovery c
 << ause link-flap
errdisable recovery cause sfp-config-mismatch
errdisable recovery cause gbic-invalid
errdisable recovery cause psecure-violation
errdisable recovery cause port-mode-failure
errdisable recovery cause dhcp-rate-limit
errdisable recovery
 <<  cause pppoe-ia-rate-limit
errdisable recovery cause mac-limit
errdisable recovery cause vmps
errdisable recovery cause storm-control
errdisable recovery cause inline-power
errdisable recovery cause arp-inspection
errdisable recovery cause loopback
 << 
errdisable recovery cause small-frame
errdisable recovery cause psp
errdisable recovery interval 1800
!
!
!
!
vlan internal allocation policy ascending
!
!
! 
!
!
!
!
!
!
!
!
interface FastEthernet0
 no ip address
 shutdown
!
inter
 << face GigabitEthernet1/0/1
 switchport access vlan 114
 switchport mode access
 switchport port-security maximum 2
 switchport port-security violation protect
 switchport port-security aging time 15
 switchport port-security aging type inactivity
 s
 << witchport port-security
 power inline never
 spanning-tree portfast
!
interface GigabitEthernet1/0/2
 switchport access vlan 114
 switchport mode access
 switchport port-security maximum 2
 switchport port-security violation protect
 switchport p
 << ort-security aging time 15
 switchport port-security aging type inactivity
 switchport port-security
 power inline never
 spanning-tree portfast
!
interface GigabitEthernet1/0/3
 switchport access vlan 114
 switchport mode access
 switchport port
 << -security maximum 2
 switchport port-security violation protect
 switchport port-security aging time 15
 switchport port-security aging type inactivity
 switchport port-security
 power inline never
 spanning-tree portfast
!
interface GigabitEthern
 << et1/0/4
 switchport access vlan 114
 switchport mode access
 switchport port-security maximum 2
 switchport port-security violation protect
 switchport port-security aging time 15
 switchport port-security aging type inactivity
 switchport port-sec
 << urity
 power inline never
 spanning-tree portfast
!
interface GigabitEthernet1/0/5
 switchport access vlan 114
 switchport mode access
 switchport port-security maximum 2
 switchport port-security violation protect
 switchport port-security aging
 <<  time 15
 switchport port-security aging type inactivity
 switchport port-security
 power inline never
 spanning-tree portfast
!
interface GigabitEthernet1/0/6
 switchport access vlan 114
 switchport mode access
 switchport port-security maximum 
 << 2
 switchport port-security violation protect
 switchport port-security aging time 15
 switchport port-security aging type inactivity
 switchport port-security
 power inline never
 spanning-tree portfast
!
interface GigabitEthernet1/0/7
 switchpo
 << rt access vlan 114
 switchport mode access
 switchport port-security maximum 2
 switchport port-security violation protect
 switchport port-security aging time 15
 switchport port-security aging type inactivity
 switchport port-security
 power inli
 << ne never
 spanning-tree portfast
!
interface GigabitEthernet1/0/8
 switchport access vlan 114
 switchport mode access
 switchport port-security maximum 2
 switchport port-security violation protect
 switchport port-security aging time 15
 switchp
 << ort port-security aging type inactivity
 switchport port-security
 power inline never
 spanning-tree portfast
!
interface GigabitEthernet1/0/9
 switchport access vlan 114
 switchport mode access
 switchport port-security maximum 2
 switchport por
 << t-security violation protect
 switchport port-security aging time 15
 switchport port-security aging type inactivity
 switchport port-security
 power inline never
 spanning-tree portfast
!
interface GigabitEthernet1/0/10
 switchport access vlan 11
 << 4
 switchport mode access
 switchport port-security maximum 2
 switchport port-security violation protect
 switchport port-security aging time 15
 switchport port-security aging type inactivity
 switchport port-security
 power inline never
 spanni
 << ng-tree portfast
!
interface GigabitEthernet1/0/11
 switchport access vlan 114
 switchport mode access
 switchport port-security maximum 2
 switchport port-security violation protect
 switchport port-security aging time 15
 switchport port-securit
 << y aging type inactivity
 switchport port-security
 power inline never
 spanning-tree portfast
!
interface GigabitEthernet1/0/12
 switchport access vlan 114
 switchport mode access
 switchport port-security maximum 2
 switchport port-security viol
 << ation protect
 switchport port-security aging time 15
 switchport port-security aging type inactivity
 switchport port-security
 power inline never
 spanning-tree portfast
!
interface GigabitEthernet1/0/13
 switchport access vlan 114
 switchport 
 << mode access
 switchport port-security maximum 2
 switchport port-security violation protect
 switchport port-security aging time 15
 switchport port-security aging type inactivity
 switchport port-security
 power inline never
 spanning-tree portfas
 << t
!
interface GigabitEthernet1/0/14
 switchport access vlan 114
 switchport mode access
 switchport port-security maximum 2
 switchport port-security violation protect
 switchport port-security aging time 15
 switchport port-security aging type in
 << activity
 switchport port-security
 power inline never
 spanning-tree portfast
!
interface GigabitEthernet1/0/15
 switchport access vlan 114
 switchport mode access
 switchport port-security maximum 2
 switchport port-security violation protect

 <<  switchport port-security aging time 15
 switchport port-security aging type inactivity
 switchport port-security
 power inline never
 spanning-tree portfast
!
interface GigabitEthernet1/0/16
 switchport access vlan 114
 switchport mode access
 s
 << witchport port-security maximum 2
 switchport port-security violation protect
 switchport port-security aging time 15
 switchport port-security aging type inactivity
 switchport port-security
 power inline never
 spanning-tree portfast
!
interface
 <<  GigabitEthernet1/0/17
 switchport access vlan 114
 switchport mode access
 switchport port-security maximum 2
 switchport port-security violation protect
 switchport port-security aging time 15
 switchport port-security aging type inactivity
 swit
 << chport port-security
 power inline never
 spanning-tree portfast
!
interface GigabitEthernet1/0/18
 switchport access vlan 114
 switchport mode access
 switchport port-security maximum 2
 switchport port-security violation protect
 switchport por
 << t-security aging time 15
 switchport port-security aging type inactivity
 switchport port-security
 power inline never
 spanning-tree portfast
!
interface GigabitEthernet1/0/19
 switchport access vlan 114
 switchport mode access
 switchport port-
 << security maximum 2
 switchport port-security violation protect
 switchport port-security aging time 15
 switchport port-security aging type inactivity
 switchport port-security
 power inline never
 spanning-tree portfast
!
interface GigabitEtherne
 << t1/0/20
 switchport access vlan 114
 switchport mode access
 switchport port-security maximum 2
 switchport port-security violation protect
 switchport port-security aging time 15
 switchport port-security aging type inactivity
 switchport port-sec
 << urity
 power inline never
 spanning-tree portfast
!
interface GigabitEthernet1/0/21
 switchport access vlan 114
 switchport mode access
 switchport port-security maximum 2
 switchport port-security violation protect
 switchport port-security agin
 << g time 15
 switchport port-security aging type inactivity
 switchport port-security
 power inline never
 spanning-tree portfast
!
interface GigabitEthernet1/0/22
 switchport access vlan 114
 switchport mode access
 switchport port-security maximu
 << m 2
 switchport port-security violation protect
 switchport port-security aging time 15
 switchport port-security aging type inactivity
 switchport port-security
 power inline never
 spanning-tree portfast
!
interface GigabitEthernet1/0/23
 switc
 << hport access vlan 114
 switchport mode access
 switchport port-security maximum 2
 switchport port-security violation protect
 switchport port-security aging time 15
 switchport port-security aging type inactivity
 switchport port-security
 power i
 << nline never
 spanning-tree portfast
!
interface GigabitEthernet1/0/24
 switchport trunk native vlan 92
 switchport mode trunk
 no keepalive
 ip dhcp snooping trust
!
interface GigabitEthernet1/0/25
 switchport trunk native vlan 92
 switchport m
 << ode trunk
 ip dhcp snooping trust
!
interface GigabitEthernet1/0/26
 switchport trunk native vlan 92
 switchport mode trunk
 ip dhcp snooping trust
!
interface TenGigabitEthernet1/0/1
 switchport trunk native vlan 92
 switchport mode trunk
 ip 
 << dhcp snooping trust
!
interface TenGigabitEthernet1/0/2
 switchport trunk native vlan 92
 switchport mode trunk
 ip dhcp snooping trust
!
interface Vlan1
 no ip address
 no ip route-cache
 shutdown
!
interface Vlan92
 ip address 10.92.4.226 2
 << 55.255.0.0
 ip broadcast-address 10.92.255.255
!
ip default-gateway 10.92.0.1
no ip http server
no ip http secure-server
!
logging facility local1
logging host 130.18.8.12
access-list 1 permit 10.92.0.0 0.0.255.255
access-list 1 permit 130.18.8.
 << 0 0.0.0.255
access-list 1 permit 10.93.0.0 0.0.255.255
access-list 1 permit 130.18.1.0 0.0.0.255
!
snmp-server community sysnet RO 1
snmp-server community c2-b2=a2 RW 1
snmp-server contact 6F-1311
snmp-server enable traps snmp authentication linkdo
 << wn linkup coldstart warmstart
snmp-server enable traps transceiver all
snmp-server enable traps tty
snmp-server enable traps cluster
snmp-server enable traps config-copy
snmp-server enable traps config
snmp-server enable traps config-ctid
snmp-serv
 << er enable traps dot1x auth-fail-vlan guest-vlan no-auth-fail-vlan no-guest-vlan
snmp-server enable traps entity
snmp-server enable traps power-ethernet group 1
snmp-server enable traps power-ethernet police
snmp-server enable traps cpu threshold
snmp
 << -server enable traps rep
snmp-server enable traps bridge newroot topologychange
snmp-server enable traps stpx inconsistency root-inconsistency loop-inconsistency
snmp-server enable traps vtp
snmp-server enable traps vlancreate
snmp-server enable trap
 << s vlandelete
snmp-server enable traps flash insertion removal
snmp-server enable traps port-security
snmp-server enable traps envmon fan shutdown supply temperature status
snmp-server enable traps errdisable
snmp-server enable traps mac-notification 
 << change move threshold
snmp-server enable traps vlan-membership
snmp-server host 130.18.8.12 sysnet 
!
!
line con 0
line vty 0 4
 access-class 1 in
 password 7 123817121356004E3D
 login local
 transport input ssh
line vty 5 15
 access-class 1 i
 << n
 password 7 123817121356004E3D
 login local
 transport input ssh
!
ntp server 10.92.0.5
end

c29s5p.ra232a.ruby#
Expect: matched string 1: #
