trying to use serial port: /dev/ttyUSB0
 >> 
 >> 

Expect: searching for 4 strs:  :[yes/no] :Press RETURN to get started. :# :Switch>
 << 
c29s1.baseball.construction#
c29s1.baseball.construction#
c29s1.baseball.construction#
c29s1.baseball.construction#
Expect: matched string 3: #
 >> term len 0

Expect: searching for 2 strs:  :# :>
 << term len 0
c29s1.baseball.construction#
Expect: matched string 1: #
 >> show version

Expect: searching for 2 strs:  :# :>
 << show version
Cisco IOS Software, C2960 Software (C2960-LANBASEK9-M), Version 12.2(55)SE10, RELEASE SOFTWARE (fc2)
Technical Support: http://www.cisco.com/techsupport
Copyright (c) 1986-2015 by Cisco Systems, Inc.
Compiled Wed 11-Feb-15 11:46 by prod_r
 << el_team
Image text-base: 0x00003000, data-base: 0x01900000

ROM: Bootstrap program is C2960 boot loader
BOOTLDR: C2960 Boot Loader (C2960-HBOOT-M) Version 12.2(53r)SEY3, RELEASE SOFTWARE (fc1)

c29s1.baseball.construction uptime is 12 minutes
Syste
 << m returned to ROM by power-on
System image file is "flash:/c2960-lanbasek9-mz.122-55.SE10.bin"


This product contains cryptographic features and is subject to United
States and local country laws governing import, export, transfer and
use. Delivery
 <<  of Cisco cryptographic products does not imply
third-party authority to import, export, distribute or use encryption.
Importers, exporters, distributors and users are responsible for
compliance with U.S. and local country laws. By using this product y
 << ou
agree to comply with applicable laws and regulations. If you are unable
to comply with U.S. and local laws, return this product immediately.

A summary of U.S. laws governing Cisco cryptographic products may be found at:
http://www.cisco.com/wwl/e
 << xport/crypto/tool/stqrg.html

If you require further assistance please contact us by sending email to
export@cisco.com.

cisco WS-C2960-24TC-L (PowerPC405) processor (revision Y0) with 65536K bytes of memory.
Processor board ID FOC1841S2DS
Last res
 << et from power-on
2 Virtual Ethernet interfaces
24 FastEthernet interfaces
2 Gigabit Ethernet interfaces
The password-recovery mechanism is enabled.

64K bytes of flash-simulated non-volatile configuration memory.
Base ethernet MAC Address       : E
 << 0:D1:73:08:B6:80
Motherboard assembly number     : 73-12599-06
Power supply part number        : 341-0097-03
Motherboard serial number       : FOC1841397A
Power supply serial number      : DCA183781PX
Model revision number           : Y0
Motherboard
 <<  revision number     : B0
Model number                    : WS-C2960-24TC-L
System serial number            : FOC1841S2DS
Top Assembly Part Number        : 800-32796-02
Top Assembly Revision Number    : B0
Version ID                      : V11
CLEI 
 << Code Number                : COM3K00BRF
Hardware Board Revision Number  : 0x0A


Switch Ports Model              SW Version            SW Image                 
------ ----- -----              ----------            ----------               
*    1 2
 << 6    WS-C2960-24TC-L    12.2(55)SE10          C2960-LANBASEK9-M        


Configuration register is 0xF

c29s1.baseball.construction#
Expect: matched string 1: #
 >> enable

Expect: searching for 2 strs:  :Password: :#
 << enable
c29s1.baseball.construction#
Expect: matched string 2: #
 >> sh run

Expect: searching for 2 strs:  :# :>
 << sh run
Building configuration...

Current configuration : 7877 bytes
!
version 12.2
no service pad
service timestamps debug datetime localtime
service timestamps log datetime localtime
service password-encryption
!
hostname c29s1.baseball.const
 << ruction
!
boot-start-marker
boot-end-marker
!
enable secret 5 $1$hQuG$PLh56oUXQm8b9ldofOX6//
enable password 7 0033411155582F56020840472E58
!
username root privilege 15 secret 5 $1$8qJD$TkezcHtZNbEznEHz.BEaE/
!
!
no aaa new-model
clock timezon
 << e CST -6
clock summer-time CDT recurring
system mtu routing 1500
authentication mac-move permit
!
!
ip domain-name mgmt.msstate.edu
ip name-server 130.18.80.12
!
!
crypto pki trustpoint TP-self-signed-1929950848
 enrollment selfsigned
 subject
 << -name cn=IOS-Self-Signed-Certificate-1929950848
 revocation-check none
 rsakeypair TP-self-signed-1929950848
!
!
crypto pki certificate chain TP-self-signed-1929950848
 certificate self-signed 01
  3082024F 308201B8 A0030201 02020101 300D0609 2A864
 << 886 F70D0101 04050030 
  31312F30 2D060355 04031326 494F532D 53656C66 2D536967 6E65642D 43657274 
  69666963 6174652D 31393239 39353038 3438301E 170D3933 30333031 30303034 
  34315A17 0D323030 31303130 30303030 305A3031 312F302D 06035504 03132649 
  4
 << F532D53 656C662D 5369676E 65642D43 65727469 66696361 74652D31 39323939 
  35303834 3830819F 300D0609 2A864886 F70D0101 01050003 818D0030 81890281 
  8100DD96 139EF39C 2651CBCE 5BCFD1EF B7C70EA2 BF2F640B E2610B87 F25E8996 
  A5CF0F91 80D34CA5 39361EC6 0
 << 7853328 906DE84F 7AB1BC0A 9FD25741 88B5BAA1 
  FEC34755 20C4EBD5 CD000258 EBEFA96C C3BF9B63 8D29E70B CDB970B3 409D1701 
  E7853C1E 7395CAAE B0B1317A 2F89E233 FFA7A621 FEE0E932 5092CE1C 23C89101 
  A74B0203 010001A3 77307530 0F060355 1D130101 FF040530 0
 << 30101FF 30220603 
  551D1104 1B301982 17537769 7463682E 6D676D74 2E6D7373 74617465 2E656475 
  301F0603 551D2304 18301680 14295D30 A3A18722 A23F284E 4A185F13 2423D2AD 
  A2301D06 03551D0E 04160414 295D30A3 A18722A2 3F284E4A 185F1324 23D2ADA2 
  300D06
 << 09 2A864886 F70D0101 04050003 8181008C 70724B01 301AD12C FD2DC0A3 
  0946897E 96F4BCC3 95D71FE5 31825B26 AC2123D5 983DCB1E 47F24A97 4E96F177 
  943DA0E4 BB09B1B6 AA768E2C 1EB7C656 73DEF775 BB2E2D9E 68F7FDE1 3F609ADC 
  30B07FFF BECF75E5 653FD3E8 02996A
 << 3A E81179EF 3D36B1E5 1294D1CA 7AF73E71 
  143BBF6E 68483BEC 9ADCF0EC 8EDEF028 B7A028
  quit
!
!
!
errdisable recovery cause udld
errdisable recovery cause bpduguard
errdisable recovery cause security-violation
errdisable recovery cause channel-mi
 << sconfig (STP)
errdisable recovery cause pagp-flap
errdisable recovery cause dtp-flap
errdisable recovery cause link-flap
errdisable recovery cause sfp-config-mismatch
errdisable recovery cause gbic-invalid
errdisable recovery cause psecure-violation
 << 
errdisable recovery cause port-mode-failure
errdisable recovery cause dhcp-rate-limit
errdisable recovery cause pppoe-ia-rate-limit
errdisable recovery cause mac-limit
errdisable recovery cause vmps
errdisable recovery cause storm-control
errdisab
 << le recovery cause inline-power
errdisable recovery cause arp-inspection
errdisable recovery cause loopback
errdisable recovery cause small-frame
errdisable recovery interval 1800
!
spanning-tree mode pvst
spanning-tree portfast bpduguard default
s
 << panning-tree extend system-id
no spanning-tree vlan 2-91,93-523,525-927,929-1000
spanning-tree vlan 1-1000 priority 57344
!
vlan internal allocation policy ascending
!
!
!
interface FastEthernet0/1
 switchport access vlan 564
 switchport mode ac
 << cess
 spanning-tree portfast
!
interface FastEthernet0/2
 switchport access vlan 928
 switchport mode access
 spanning-tree portfast
!
interface FastEthernet0/3
 switchport access vlan 928
 switchport mode access
 spanning-tree portfast
!
int
 << erface FastEthernet0/4
 switchport access vlan 928
 switchport mode access
 spanning-tree portfast
!
interface FastEthernet0/5
 switchport access vlan 928
 switchport mode access
 spanning-tree portfast
!
interface FastEthernet0/6
 switchport a
 << ccess vlan 928
 switchport mode access
 spanning-tree portfast
!
interface FastEthernet0/7
 switchport access vlan 928
 switchport mode access
 spanning-tree portfast
!
interface FastEthernet0/8
 switchport access vlan 928
 switchport mode acce
 << ss
 spanning-tree portfast
!
interface FastEthernet0/9
 switchport access vlan 928
 switchport mode access
 spanning-tree portfast
!
interface FastEthernet0/10
 switchport access vlan 928
 switchport mode access
 spanning-tree portfast
!
inte
 << rface FastEthernet0/11
 switchport access vlan 928
 switchport mode access
 spanning-tree portfast
!
interface FastEthernet0/12
 switchport access vlan 928
 switchport mode access
 spanning-tree portfast
!
interface FastEthernet0/13
 switchport
 <<  access vlan 928
 switchport mode access
 spanning-tree portfast
!
interface FastEthernet0/14
 switchport access vlan 928
 switchport mode access
 spanning-tree portfast
!
interface FastEthernet0/15
 switchport access vlan 928
 switchport mode 
 << access
 spanning-tree portfast
!
interface FastEthernet0/16
 switchport access vlan 928
 switchport mode access
 spanning-tree portfast
!
interface FastEthernet0/17
 switchport access vlan 928
 switchport mode access
 spanning-tree portfast
!
 << 
interface FastEthernet0/18
 switchport access vlan 928
 switchport mode access
 spanning-tree portfast
!
interface FastEthernet0/19
 switchport access vlan 928
 switchport mode access
 spanning-tree portfast
!
interface FastEthernet0/20
 switc
 << hport access vlan 928
 switchport mode access
 spanning-tree portfast
!
interface FastEthernet0/21
 switchport access vlan 928
 switchport mode access
 spanning-tree portfast
!
interface FastEthernet0/22
 switchport access vlan 928
 switchport 
 << mode access
 spanning-tree portfast
!
interface FastEthernet0/23
 switchport access vlan 928
 switchport mode access
 spanning-tree portfast
!
interface FastEthernet0/24
 switchport trunk native vlan 92
 switchport mode trunk
!
interface Gigab
 << itEthernet0/1
 switchport trunk native vlan 92
 switchport mode trunk
!
interface GigabitEthernet0/2
 switchport trunk native vlan 92
 switchport mode trunk
!
interface Vlan1
 no ip address
 no ip route-cache
 shutdown
!
interface Vlan92
 ip
 <<  address 10.92.4.159 255.255.0.0
 ip broadcast-address 10.92.255.255
!
ip default-gateway 10.92.0.1
ip http server
ip http secure-server
logging facility local1
logging 130.18.8.12
access-list 1 permit 10.92.0.0 0.0.255.255
access-list 1 permit 1
 << 30.18.8.0 0.0.0.255
access-list 1 permit 10.93.0.0 0.0.255.255
access-list 1 permit 130.18.1.0 0.0.0.255
snmp-server community sysnet RO 1
snmp-server community c2-b2=a2 RW 1
snmp-server contact 6F-0925
snmp-server enable traps snmp authentication l
 << inkdown linkup coldstart warmstart
snmp-server enable traps transceiver all
snmp-server enable traps tty
snmp-server enable traps cluster
snmp-server enable traps entity
snmp-server enable traps cpu threshold
snmp-server enable traps rep
snmp-serve
 << r enable traps vtp
snmp-server enable traps vlancreate
snmp-server enable traps vlandelete
snmp-server enable traps flash insertion removal
snmp-server enable traps port-security
snmp-server enable traps dot1x auth-fail-vlan guest-vlan no-auth-fail-v
 << lan no-guest-vlan
snmp-server enable traps envmon fan shutdown supply temperature status
snmp-server enable traps power-ethernet police
snmp-server enable traps config-copy
snmp-server enable traps config
snmp-server enable traps config-ctid
snmp-se
 << rver enable traps bridge newroot topologychange
snmp-server enable traps stpx inconsistency root-inconsistency loop-inconsistency
snmp-server enable traps syslog
snmp-server enable traps mac-notification change move threshold
snmp-server enable traps 
 << vlan-membership
snmp-server enable traps errdisable
!
line con 0
line vty 0 4
 access-class 1 in
 password 7 097B1C1E48063342062508230C65
 login local
 transport input ssh
line vty 5 15
 access-class 1 in
 password 7 097B1C1E48063342062508230C6
 << 5
 login local
 transport input ssh
!
ntp server 10.92.0.5
end

c29s1.baseball.construction#
Expect: matched string 1: #
