trying to use serial port: /dev/ttyUSB0
 >> 
 >> 

Expect: searching for 4 strs:  :[yes/no] :Press RETURN to get started. :# :Switch>
 << 
c29s1.housing.newell.temp>
c29s1.housing.newell.temp>
c29s1.housing.newell.temp>
c29s1.housing.newell.temp>
 << 
 << 
 << 
 << 
 << 
 << 
 << 
 << 
 << 
 << 
Expect: did not match any strings!
...

c29s1.housing.newell.temp>
c29s1.housing.newell.temp>
c29s1.housing.newell.temp>
c29s1.housing.newell.temp>
...

 >> 

Expect: searching for 2 strs:  :# :>
 << 
c29s1.housing.newell.temp>
c29s1.housing.newell.temp>
Expect: matched string 2: >
 >> term len 0

Expect: searching for 2 strs:  :# :>
 << term len 0
c29s1.housing.newell.temp>
Expect: matched string 2: >
 >> show version

Expect: searching for 2 strs:  :# :>
 << show version
Cisco IOS Software, C2960 Software (C2960-LANBASEK9-M), Version 12.2(55)SE10, RELEASE SOFTWARE (fc2)
Technical Support: http://www.cisco.com/techsupport
Copyright (c) 1986-2015 by Cisco Systems, Inc.
Compiled Wed 11-Feb-15 11:46 by prod_r
 << el_team
Image text-base: 0x00003000, data-base: 0x01900000

ROM: Bootstrap program is C2960 boot loader
BOOTLDR: C2960 Boot Loader (C2960-HBOOT-M) Version 12.2(53r)SEY3, RELEASE SOFTWARE (fc1)

c29s1.housing.newell.temp uptime is 13 minutes
System 
 << returned to ROM by power-on
System image file is "flash:/c2960-lanbasek9-mz.122-55.SE10.bin"


This product contains cryptographic features and is subject to United
States and local country laws governing import, export, transfer and
use. Delivery o
 << f Cisco cryptographic products does not imply
third-party authority to import, export, distribute or use encryption.
Importers, exporters, distributors and users are responsible for
compliance with U.S. and local country laws. By using this product you
 << 
agree to comply with applicable laws and regulations. If you are unable
to comply with U.S. and local laws, return this product immediately.

A summary of U.S. laws governing Cisco cryptographic products may be found at:
http://www.cisco.com/wwl/exp
 << ort/crypto/tool/stqrg.html

If you require further assistance please contact us by sending email to
export@cisco.com.

cisco WS-C2960-24TC-L (PowerPC405) processor (revision Y0) with 65536K bytes of memory.
Processor board ID FOC1841S2DS
Last reset
 <<  from power-on
2 Virtual Ethernet interfaces
24 FastEthernet interfaces
2 Gigabit Ethernet interfaces
The password-recovery mechanism is enabled.

64K bytes of flash-simulated non-volatile configuration memory.
Base ethernet MAC Address       : E0:
 << D1:73:08:B6:80
Motherboard assembly number     : 73-12599-06
Power supply part number        : 341-0097-03
Motherboard serial number       : FOC1841397A
Power supply serial number      : DCA183781PX
Model revision number           : Y0
Motherboard r
 << evision number     : B0
Model number                    : WS-C2960-24TC-L
System serial number            : FOC1841S2DS
Top Assembly Part Number        : 800-32796-02
Top Assembly Revision Number    : B0
Version ID                      : V11
CLEI Co
 << de Number                : COM3K00BRF
Hardware Board Revision Number  : 0x0A


Switch Ports Model              SW Version            SW Image                 
------ ----- -----              ----------            ----------               
*    1 26 
 <<    WS-C2960-24TC-L    12.2(55)SE10          C2960-LANBASEK9-M        


Configuration register is 0xF

c29s1.housing.newell.temp>
Expect: matched string 2: >
 >> write mem

Expect: searching for 2 strs:  :# :>
 << write mem
                           ^
% Invalid input detected at '^' marker.

c29s1.housing.newell.temp>
Expect: matched string 2: >
 >> enable

Expect: searching for 2 strs:  :Password: :#
 << enable
Password: 
Expect: matched string 1: Password:
 >> Area=l*w

Expect: searching for 1 strs:  :#
 << 
c29s1.housing.newell.temp#
Expect: matched string 1: #
 >> wr erase
 >> 

 >> reload

Expect: searching for 2 strs:  :# :>
 << wr erase
Erasing the nvram filesystem will remove all configuration files! Continue? [confirm]
[OK]
Erase of nvram: complete
c29s1.housing.newell.temp#reload
Proceed with reload? [confirm]
Expect: matched string 1: #
Expect: searching for 1 strs:  :Save?
 << 
*Feb 28 18:13:17: %SYS-7-NV_BLOCK_INIT: Initialized the geometry of nvram
 << 
 << 
 << 
 << 
Expect: did not match any strings!
...

*Feb 28 18:13:17: %SYS-7-NV_BLOCK_INIT: Initialized the geometry of nvram
...

 >> 

