trying to use serial port: /dev/ttyUSB0
 >> 
 >> 

Expect: searching for 4 strs:  :[yes/no] :Press RETURN to get started. :# :Switch>
 << 
c29s1.baseball.construction>
c29s1.baseball.construction>
c29s1.baseball.construction>
c29s1.baseball.construction>
 << 
 << 
 << 
 << 
 << 
 << 
 << 
 << 
 << 
 << 
Expect: did not match any strings!
...

c29s1.baseball.construction>
c29s1.baseball.construction>
c29s1.baseball.construction>
c29s1.baseball.construction>
...

 >> 

Expect: searching for 2 strs:  :# :>
 << 
c29s1.baseball.construction>
c29s1.baseball.construction>
Expect: matched string 2: >
 >> term len 0

Expect: searching for 2 strs:  :# :>
 << term len 0
c29s1.baseball.construction>
Expect: matched string 2: >
 >> show version

Expect: searching for 2 strs:  :# :>
 << show version
Cisco IOS Software, C2960 Software (C2960-LANBASEK9-M), Version 12.2(55)SE10, RELEASE SOFTWARE (fc2)
Technical Support: http://www.cisco.com/techsupport
Copyright (c) 1986-2015 by Cisco Systems, Inc.
Compiled Wed 11-Feb-15 11:46 by prod_r
 << el_team
Image text-base: 0x00003000, data-base: 0x01900000

ROM: Bootstrap program is C2960 boot loader
BOOTLDR: C2960 Boot Loader (C2960-HBOOT-M) Version 12.2(53r)SEY3, RELEASE SOFTWARE (fc1)

c29s1.baseball.construction uptime is 59 minutes
Syste
 << m returned to ROM by power-on
System image file is "flash:/c2960-lanbasek9-mz.122-55.SE10.bin"


This product contains cryptographic features and is subject to United
States and local country laws governing import, export, transfer and
use. Delivery
 <<  of Cisco cryptographic products does not imply
third-party authority to import, export, distribute or use encryption.
Importers, exporters, distributors and users are responsible for
compliance with U.S. and local country laws. By using this product y
 << ou
agree to comply with applicable laws and regulations. If you are unable
to comply with U.S. and local laws, return this product immediately.

A summary of U.S. laws governing Cisco cryptographic products may be found at:
http://www.cisco.com/wwl/e
 << xport/crypto/tool/stqrg.html

If you require further assistance please contact us by sending email to
export@cisco.com.

cisco WS-C2960-24TC-L (PowerPC405) processor (revision Y0) with 65536K bytes of memory.
Processor board ID FOC1841S2DS
Last res
 << et from power-on
2 Virtual Ethernet interfaces
24 FastEthernet interfaces
2 Gigabit Ethernet interfaces
The password-recovery mechanism is enabled.

64K bytes of flash-simulated non-volatile configuration memory.
Base ethernet MAC Address       : E
 << 0:D1:73:08:B6:80
Motherboard assembly number     : 73-12599-06
Power supply part number        : 341-0097-03
Motherboard serial number       : FOC1841397A
Power supply serial number      : DCA183781PX
Model revision number           : Y0
Motherboard
 <<  revision number     : B0
Model number                    : WS-C2960-24TC-L
System serial number            : FOC1841S2DS
Top Assembly Part Number        : 800-32796-02
Top Assembly Revision Number    : B0
Version ID                      : V11
CLEI 
 << Code Number                : COM3K00BRF
Hardware Board Revision Number  : 0x0A


Switch Ports Model              SW Version            SW Image                 
------ ----- -----              ----------            ----------               
*    1 2
 << 6    WS-C2960-24TC-L    12.2(55)SE10          C2960-LANBASEK9-M        


Configuration register is 0xF

c29s1.baseball.construction>
Expect: matched string 2: >
 >> enable

Expect: searching for 2 strs:  :Password: :#
 << enable
Password: 
Expect: matched string 1: Password:
 >> W2w1cD0mIliG!

Expect: searching for 1 strs:  :#
 << 
c29s1.baseball.construction#
Expect: matched string 1: #
 >> sh run

Expect: searching for 2 strs:  :# :>
 << sh run
Building configuration...

Current configuration : 9751 bytes
!
version 12.2
no service pad
service timestamps debug datetime localtime
service timestamps log datetime localtime
service password-encryption
!
hostname c29s1.baseball.const
 << ruction
!
boot-start-marker
boot-end-marker
!
enable secret 5 $1$Qbg4$p/rHB5/eIVsB5qpDi24lR0
enable password 7 012454130A08225F2C6542003E44
!
username root privilege 15 secret 5 $1$WOv.$S0.toA8ErZikjyHFhplhs/
!
!
no aaa new-model
clock timezon
 << e CST -6
clock summer-time CDT recurring
system mtu routing 1500
authentication mac-move permit
!
!
ip domain-name mgmt.msstate.edu
ip name-server 130.18.80.12
!
!
crypto pki trustpoint TP-self-signed-1929950848
 enrollment selfsigned
 subject
 << -name cn=IOS-Self-Signed-Certificate-1929950848
 revocation-check none
 rsakeypair TP-self-signed-1929950848
!
!
crypto pki certificate chain TP-self-signed-1929950848
 certificate self-signed 01
  3082024F 308201B8 A0030201 02020101 300D0609 2A864
 << 886 F70D0101 04050030 
  31312F30 2D060355 04031326 494F532D 53656C66 2D536967 6E65642D 43657274 
  69666963 6174652D 31393239 39353038 3438301E 170D3933 30333031 30303230 
  32315A17 0D323030 31303130 30303030 305A3031 312F302D 06035504 03132649 
  4
 << F532D53 656C662D 5369676E 65642D43 65727469 66696361 74652D31 39323939 
  35303834 3830819F 300D0609 2A864886 F70D0101 01050003 818D0030 81890281 
  8100A983 88D1856E DCCE3307 BF731330 58761215 7CB9E0EF 67C7FA58 15FD54E8 
  2F6ACA06 F1326586 5D47D422 2
 << 1B2A66B 0EC97060 AC76A15F 903F35F6 1E240827 
  781C2D4C 11BD25B0 539F2A14 B98EACE4 7F73D548 28667B2E 7738B2ED 6D7F9412 
  94230595 2B336224 7050FD04 BC2D894E 02481606 E5F52D50 695EA4F6 355AEF92 
  7A1F0203 010001A3 77307530 0F060355 1D130101 FF040530 0
 << 30101FF 30220603 
  551D1104 1B301982 17537769 7463682E 6D676D74 2E6D7373 74617465 2E656475 
  301F0603 551D2304 18301680 147A68F8 F73CEC29 9A5ADE7B 4A91391F 67159F63 
  AA301D06 03551D0E 04160414 7A68F8F7 3CEC299A 5ADE7B4A 91391F67 159F63AA 
  300D06
 << 09 2A864886 F70D0101 04050003 8181000F 8C18DD28 EDA9F3B7 11B079A9 
  36FE7AF3 AB6B35CF B3A6FEE1 B2328915 B56EB97E EBFBA173 05171ACC 660631C9 
  03DFC0AA 0ACD1DB4 1FF06AB4 21CED46D 497D795E 683A24D8 B0CC649F 1B5BC2F8 
  D3363CAC 01CF419F 900DCA5F 44F48A
 << 90 F184C130 621D87F0 7700EBEE 015FFCD8 
  46610EB9 F737ECDF 62C48BA4 AC3EA8C6 C6CE6B
  quit
!
!
!
errdisable recovery cause udld
errdisable recovery cause bpduguard
errdisable recovery cause security-violation
errdisable recovery cause channel-mi
 << sconfig (STP)
errdisable recovery cause pagp-flap
errdisable recovery cause dtp-flap
errdisable recovery cause link-flap
errdisable recovery cause sfp-config-mismatch
errdisable recovery cause gbic-invalid
errdisable recovery cause psecure-violation
 << 
errdisable recovery cause port-mode-failure
errdisable recovery cause dhcp-rate-limit
errdisable recovery cause pppoe-ia-rate-limit
errdisable recovery cause mac-limit
errdisable recovery cause vmps
errdisable recovery cause storm-control
errdisab
 << le recovery cause inline-power
errdisable recovery cause arp-inspection
errdisable recovery cause loopback
errdisable recovery cause small-frame
errdisable recovery interval 1800
!
spanning-tree mode mst
spanning-tree portfast bpduguard default
sp
 << anning-tree extend system-id
!
spanning-tree mst configuration
 name msstate
 revision 1
 instance 1 vlan 2, 7, 11, 20, 22, 24, 31, 35, 37, 39-40, 50, 60, 63, 70
 instance 1 vlan 78, 80, 86, 91, 96, 104, 110, 126, 136, 140, 152, 160
 instance 1 vla
 << n 162-163, 168, 189, 194, 202, 220, 222, 230, 232, 242, 246
 instance 1 vlan 256, 611-612, 654, 741, 996, 999
 instance 2 vlan 2002, 2007, 2011, 2020, 2022, 2024, 2031, 2035, 2037, 2039-2040
 instance 2 vlan 2050, 2060, 2063, 2070, 2080, 2086, 2096, 21
 << 04, 2110, 2126
 instance 2 vlan 2136, 2140, 2152, 2160, 2162-2163, 2168, 2189, 2194, 2202
 instance 2 vlan 2220, 2222, 2232, 2242, 2246, 2611-2612, 2654, 2999
 instance 3 vlan 42, 51, 59, 64, 66, 69, 72, 108, 113, 128, 144, 176, 196
 instance 3 vlan 2
 << 44, 248, 927
 instance 4 vlan 2042, 2051, 2059, 2064, 2066, 2069, 2072, 2108, 2113, 2128
 instance 4 vlan 2144, 2176, 2196, 2244, 2248, 2927
 instance 5 vlan 16, 48, 58, 88, 121, 131, 133-134, 216, 228
 instance 6 vlan 2016, 2048, 2058, 2088, 2121, 21
 << 31, 2133-2134, 2216, 2228
 instance 7 vlan 9, 33-34, 38, 54, 56, 71, 75, 82, 84, 97, 114, 116, 124
 instance 7 vlan 172, 186, 192, 204-208, 210, 240-241, 251-252, 630, 928
 instance 8 vlan 2009, 2033-2034, 2038, 2054, 2056, 2071, 2075, 2082, 2084
 ins
 << tance 8 vlan 2097, 2114, 2116, 2124, 2172, 2186, 2192, 2204-2208, 2210
 instance 8 vlan 2240-2241, 2251-2252, 2630, 2928
 instance 9 vlan 4-5, 12, 18-19, 32, 44, 57, 62, 68, 76, 98-99, 102, 112
 instance 9 vlan 130, 132, 147-148, 158, 212, 226, 236, 50
 << 0, 505, 510-511
 instance 9 vlan 522, 551-570, 603, 629, 633, 742, 802, 926, 929
 instance 10 vlan 2004-2005, 2012, 2018-2019, 2032, 2044, 2057, 2062, 2068
 instance 10 vlan 2076, 2098-2099, 2102, 2112, 2130, 2132, 2147-2148, 2158
 instance 10 vlan 22
 << 12, 2236, 2500, 2505, 2510-2511, 2522, 2603, 2629, 2633
 instance 10 vlan 2802, 2926, 2929
 instance 11 vlan 8, 43, 52, 146, 156-157, 180, 200, 218
 instance 12 vlan 2008, 2043, 2052, 2146, 2156-2157, 2180, 2200, 2218
!
!
vlan internal allocation po
 << licy ascending
!
!
!
interface FastEthernet0/1
 switchport access vlan 564
 switchport mode access
 spanning-tree portfast
!
interface FastEthernet0/2
 switchport access vlan 928
 switchport mode access
 spanning-tree portfast
!
interface Fa
 << stEthernet0/3
 switchport access vlan 928
 switchport mode access
 spanning-tree portfast
!
interface FastEthernet0/4
 switchport access vlan 928
 switchport mode access
 spanning-tree portfast
!
interface FastEthernet0/5
 switchport access vla
 << n 928
 switchport mode access
 spanning-tree portfast
!
interface FastEthernet0/6
 switchport access vlan 928
 switchport mode access
 spanning-tree portfast
!
interface FastEthernet0/7
 switchport access vlan 928
 switchport mode access
 span
 << ning-tree portfast
!
interface FastEthernet0/8
 switchport access vlan 928
 switchport mode access
 spanning-tree portfast
!
interface FastEthernet0/9
 switchport access vlan 928
 switchport mode access
 spanning-tree portfast
!
interface Fast
 << Ethernet0/10
 switchport access vlan 928
 switchport mode access
 spanning-tree portfast
!
interface FastEthernet0/11
 switchport access vlan 928
 switchport mode access
 spanning-tree portfast
!
interface FastEthernet0/12
 switchport access vl
 << an 928
 switchport mode access
 spanning-tree portfast
!
interface FastEthernet0/13
 switchport access vlan 928
 switchport mode access
 spanning-tree portfast
!
interface FastEthernet0/14
 switchport access vlan 928
 switchport mode access
 s
 << panning-tree portfast
!
interface FastEthernet0/15
 switchport access vlan 928
 switchport mode access
 spanning-tree portfast
!
interface FastEthernet0/16
 switchport access vlan 928
 switchport mode access
 spanning-tree portfast
!
interface
 <<  FastEthernet0/17
 switchport access vlan 928
 switchport mode access
 spanning-tree portfast
!
interface FastEthernet0/18
 switchport access vlan 928
 switchport mode access
 spanning-tree portfast
!
interface FastEthernet0/19
 switchport acce
 << ss vlan 928
 switchport mode access
 spanning-tree portfast
!
interface FastEthernet0/20
 switchport access vlan 928
 switchport mode access
 spanning-tree portfast
!
interface FastEthernet0/21
 switchport access vlan 928
 switchport mode acces
 << s
 spanning-tree portfast
!
interface FastEthernet0/22
 switchport access vlan 928
 switchport mode access
 spanning-tree portfast
!
interface FastEthernet0/23
 switchport access vlan 928
 switchport mode access
 spanning-tree portfast
!
inte
 << rface FastEthernet0/24
 switchport access vlan 928
 switchport mode access
 spanning-tree portfast
!
interface GigabitEthernet0/1
 switchport trunk native vlan 92
 switchport mode trunk
!
interface GigabitEthernet0/2
 switchport trunk native vla
 << n 92
 switchport mode trunk
!
interface Vlan1
 no ip address
 no ip route-cache
 shutdown
!
interface Vlan92
 ip address 10.92.4.159 255.255.0.0
 ip broadcast-address 10.92.255.255
!
ip default-gateway 10.92.0.1
ip http server
ip http secure
 << -server
logging facility local1
logging 130.18.8.12
access-list 1 permit 10.92.0.0 0.0.255.255
access-list 1 permit 130.18.8.0 0.0.0.255
access-list 1 permit 10.93.0.0 0.0.255.255
access-list 1 permit 130.18.1.0 0.0.0.255
snmp-server community sysn
 << et RO 1
snmp-server community c2-b2=a2 RW 1
snmp-server contact 6F-0925
snmp-server enable traps snmp authentication linkdown linkup coldstart warmstart
snmp-server enable traps transceiver all
snmp-server enable traps tty
snmp-server enable traps c
 << luster
snmp-server enable traps entity
snmp-server enable traps cpu threshold
snmp-server enable traps rep
snmp-server enable traps vtp
snmp-server enable traps vlancreate
snmp-server enable traps vlandelete
snmp-server enable traps flash insertion
 <<  removal
snmp-server enable traps port-security
snmp-server enable traps dot1x auth-fail-vlan guest-vlan no-auth-fail-vlan no-guest-vlan
snmp-server enable traps envmon fan shutdown supply temperature status
snmp-server enable traps power-ethernet pol
 << ice
snmp-server enable traps config-copy
snmp-server enable traps config
snmp-server enable traps config-ctid
snmp-server enable traps bridge newroot topologychange
snmp-server enable traps stpx inconsistency root-inconsistency loop-inconsistency
sn
 << mp-server enable traps syslog
snmp-server enable traps mac-notification change move threshold
snmp-server enable traps vlan-membership
snmp-server enable traps errdisable
!
line con 0
line vty 0 4
 access-class 1 in
 password 7 097B1C1E48063342062
 << 508230C65
 login local
 transport input ssh
line vty 5 15
 access-class 1 in
 password 7 097B1C1E48063342062508230C65
 login local
 transport input ssh
!
ntp server 10.92.0.5
end

c29s1.baseball.construction#
Expect: matched string 1: #
