trying to use serial port: /dev/ttyUSB0
 >> 
 >> 

Expect: searching for 4 strs:  :[yes/no] :Press RETURN to get started. :# :Switch>
 << 
c29s1p.r205.butlerwilliams#
c29s1p.r205.butlerwilliams#
c29s1p.r205.butlerwilliams#
c29s1p.r205.butlerwilliams#
Expect: matched string 3: #
 >> term len 0

Expect: searching for 2 strs:  :# :>
 << term len 0
c29s1p.r205.butlerwilliams#
Expect: matched string 1: #
 >> show version

Expect: searching for 2 strs:  :# :>
 << show version
Cisco IOS Software, C2960X Software (C2960X-UNIVERSALK9-M), Version 15.2(2)E7, RELEASE SOFTWARE (fc3)
Technical Support: http://www.cisco.com/techsupport
Copyright (c) 1986-2017 by Cisco Systems, Inc.
Compiled Wed 12-Jul-17 13:06 by prod_
 << rel_team

ROM: Bootstrap program is C2960X boot loader
BOOTLDR: C2960X Boot Loader (C2960X-HBOOT-M) Version 15.2(3r)E1, RELEASE SOFTWARE (fc1)

c29s1p.r205.butlerwilliams uptime is 19 hours, 39 minutes
System returned to ROM by power-on
System rest
 << arted at 16:19:41 CST Thu Feb 8 2018
System image file is "flash:/c2960x-universalk9-mz.152-2.E7/c2960x-universalk9-mz.152-2.E7.bin"
Last reload reason: Unknown reason



This product contains cryptographic features and is subject to United
States 
 << and local country laws governing import, export, transfer and
use. Delivery of Cisco cryptographic products does not imply
third-party authority to import, export, distribute or use encryption.
Importers, exporters, distributors and users are responsib
 << le for
compliance with U.S. and local country laws. By using this product you
agree to comply with applicable laws and regulations. If you are unable
to comply with U.S. and local laws, return this product immediately.

A summary of U.S. laws governi
 << ng Cisco cryptographic products may be found at:
http://www.cisco.com/wwl/export/crypto/tool/stqrg.html

If you require further assistance please contact us by sending email to
export@cisco.com.

cisco WS-C2960X-24PS-L (APM86XXX) processor (revision
 <<  S0) with 524288K bytes of memory.
Processor board ID FOC2147S1K8
Last reset from power-on
2 Virtual Ethernet interfaces
1 FastEthernet interface
28 Gigabit Ethernet interfaces
The password-recovery mechanism is enabled.

512K bytes of flash-simul
 << ated non-volatile configuration memory.
Base ethernet MAC Address       : 24:7E:12:C3:95:80
Motherboard assembly number     : 73-16694-06
Power supply part number        : 341-0528-02
Motherboard serial number       : FOC21467MS7
Power supply serial 
 << number      : LIT21402EFS
Model revision number           : S0
Motherboard revision number     : C0
Model number                    : WS-C2960X-24PS-L
Daughterboard assembly number   : 73-14200-03
Daughterboard serial number     : FOC21464P6R
System
 <<  serial number            : FOC2147S1K8
Top Assembly Part Number        : 68-100472-03
Top Assembly Revision Number    : F0
Version ID                      : V05
CLEI Code Number                : CMMLR00ARE
Daughterboard revision number   : B0
Hardw
 << are Board Revision Number  : 0x19


Switch Ports Model                     SW Version            SW Image                 
------ ----- -----                     ----------            ----------               
*    1 28    WS-C2960X-24PS-L          1
 << 5.2(2)E7             C2960X-UNIVERSALK9-M     


Configuration register is 0xF

c29s1p.r205.butlerwilliams#
Expect: matched string 1: #
 >> show interface status

Expect: searching for 2 strs:  :# :>
 << show interface status

Port      Name               Status       Vlan       Duplex  Speed Type 
Gi1/0/1                      notconnect   819          auto   auto 10/100/1000BaseTX
Gi1/0/2                      notconnect   819          auto   auto 10/
 << 100/1000BaseTX
Gi1/0/3                      notconnect   819          auto   auto 10/100/1000BaseTX
Gi1/0/4                      notconnect   819          auto   auto 10/100/1000BaseTX
Gi1/0/5                      notconnect   818          auto   auto 
 << 10/100/1000BaseTX
Gi1/0/6                      notconnect   818          auto   auto 10/100/1000BaseTX
Gi1/0/7                      notconnect   818          auto   auto 10/100/1000BaseTX
Gi1/0/8                      notconnect   818          auto   au
 << to 10/100/1000BaseTX
Gi1/0/9                      notconnect   802          auto   auto 10/100/1000BaseTX
Gi1/0/10                     notconnect   802          auto   auto 10/100/1000BaseTX
Gi1/0/11                     notconnect   802          auto  
 <<  auto 10/100/1000BaseTX
Gi1/0/12                     notconnect   802          auto   auto 10/100/1000BaseTX
Gi1/0/13                     notconnect   97           auto   auto 10/100/1000BaseTX
Gi1/0/14                     notconnect   97           aut
 << o   auto 10/100/1000BaseTX
Gi1/0/15                     notconnect   97           auto   auto 10/100/1000BaseTX
Gi1/0/16                     notconnect   97           auto   auto 10/100/1000BaseTX
Gi1/0/17                     notconnect   97           
 << auto   auto 10/100/1000BaseTX
Gi1/0/18                     notconnect   97           auto   auto 10/100/1000BaseTX
Gi1/0/19                     notconnect   97           auto   auto 10/100/1000BaseTX
Gi1/0/20                     notconnect   97        
 <<    auto   auto 10/100/1000BaseTX
Gi1/0/21                     notconnect   97           auto   auto 10/100/1000BaseTX
Gi1/0/22                     notconnect   97           auto   auto 10/100/1000BaseTX
Gi1/0/23                     notconnect   97     
 <<       auto   auto 10/100/1000BaseTX
Gi1/0/24                     notconnect   1            auto   auto 10/100/1000BaseTX
Gi1/0/25                     notconnect   1            auto   auto Not Present
Gi1/0/26                     notconnect   1         
 <<    auto   auto Not Present
Gi1/0/27                     notconnect   1            auto   auto Not Present
Gi1/0/28                     notconnect   1            auto   auto Not Present
Fa0                          disabled     routed       auto   auto 
 << 10/100BaseTX
c29s1p.r205.butlerwilliams#
Expect: matched string 1: #
