trying to use serial port: /dev/ttyUSB0
 >> 
 >> 

Expect: searching for 4 strs:  :[yes/no] :Press RETURN to get started. :# :Switch>
 << 
c29s1c.lobby.ymca>
c29s1c.lobby.ymca>
c29s1c.lobby.ymca>
c29s1c.lobby.ymca>
 << 
 << 
 << 
 << 
 << 
 << 
 << 
 << 
 << 
 << 
Expect: did not match any strings!
...

c29s1c.lobby.ymca>
c29s1c.lobby.ymca>
c29s1c.lobby.ymca>
c29s1c.lobby.ymca>
...

 >> 

Expect: searching for 2 strs:  :# :>
 << 
c29s1c.lobby.ymca>
c29s1c.lobby.ymca>
Expect: matched string 2: >
 >> term len 0

Expect: searching for 2 strs:  :# :>
 << term len 0
c29s1c.lobby.ymca>
Expect: matched string 2: >
 >> show version

Expect: searching for 2 strs:  :# :>
 << show version
Cisco IOS Software, C2960C Software (C2960c405-UNIVERSALK9-M), Version 15.2(4)E, RELEASE SOFTWARE (fc2)
Technical Support: http://www.cisco.com/techsupport
Copyright (c) 1986-2015 by Cisco Systems, Inc.
Compiled Mon 28-Sep-15 20:57 by pro
 << d_rel_team

ROM: Bootstrap program is C2960C boot loader
BOOTLDR: C2960C Boot Loader (C2960c405-HBOOT-M) Version 12.2(55r)EX9, RELEASE SOFTWARE (fc1)

c29s1c.lobby.ymca uptime is 12 minutes
System returned to ROM by power-on
System image file is "f
 << lash:/c2960c405-universalk9-mz.152-4.E.bin"
Last reload reason: power-on



This product contains cryptographic features and is subject to United
States and local country laws governing import, export, transfer and
use. Delivery of Cisco cryptograp
 << hic products does not imply
third-party authority to import, export, distribute or use encryption.
Importers, exporters, distributors and users are responsible for
compliance with U.S. and local country laws. By using this product you
agree to comply 
 << with applicable laws and regulations. If you are unable
to comply with U.S. and local laws, return this product immediately.

A summary of U.S. laws governing Cisco cryptographic products may be found at:
http://www.cisco.com/wwl/export/crypto/tool/st
 << qrg.html

If you require further assistance please contact us by sending email to
export@cisco.com.

License Level: lanbase
License Type: Permanent
Next reload license Level: lanbase

cisco WS-C2960C-8TC-L (PowerPC405) processor (revision F0) wit
 << h 131072K bytes of memory.
Processor board ID FOC1842Y0J7
Last reset from power-on
2 Virtual Ethernet interfaces
8 FastEthernet interfaces
2 Gigabit Ethernet interfaces
The password-recovery mechanism is enabled.

64K bytes of flash-simulated non-
 << volatile configuration memory.
Base ethernet MAC Address       : 0C:F5:A4:80:CE:00
Motherboard assembly number     : 73-13530-04
Power supply part number        : 341-0208-02
Motherboard serial number       : FOC184139KU
Power supply serial number   
 <<    : LIT18380EKE
Model revision number           : F0
Motherboard revision number     : A0
Model number                    : WS-C2960C-8TC-L
System serial number            : FOC1842Y0J7
Top Assembly Part Number        : 800-35230-01
Top Assembly Re
 << vision Number    : L0
Version ID                      : V01
CLEI Code Number                : CMMGB00ARA
Hardware Board Revision Number  : 0x01


Switch Ports Model                     SW Version            SW Image                 
------ ----- --
 << ---                     ----------            ----------               
*    1 10    WS-C2960C-8TC-L           15.2(4)E              C2960c405-UNIVERSALK9-M  


Configuration register is 0xF

c29s1c.lobby.ymca>
Expect: matched string 2: >
 >> write mem

Expect: searching for 2 strs:  :# :>
 << write mem
                   ^
% Invalid input detected at '^' marker.

c29s1c.lobby.ymca>
Expect: matched string 2: >
 >> enable

Expect: searching for 2 strs:  :Password: :#
 << enable
Password: 
Expect: matched string 1: Password:
 >> W2w1cD0mIliG!

Expect: searching for 1 strs:  :#
 << 
Password: 
 << 
 << 
 << 
 << 
 << 
 << 
 << 
 << 
 << 
 << 
Expect: did not match any strings!
...

Password: 
...

 >> wr erase
 >> 

 >> enable

Expect: searching for 2 strs:  :Password: :#
 << 
Password: 
% Bad secrets

c29s1c.lobby.ymca>
Expect: matched string 1: Password:
 >> W2w1cD0mIliG!

Expect: searching for 1 strs:  :#
 << W2w1cD0mIliG!
% Unknown command or computer name, or unable to find computer address
c29s1c.lobby.ymca>
 << 
 << 
 << 
 << 
 << 
 << 
 << 
 << 
 << 
 << 
Expect: did not match any strings!
...
W2w1cD0mIliG!
% Unknown command or computer name, or unable to find computer address
c29s1c.lobby.ymca>
...

 >> reload

Expect: searching for 2 strs:  :# :>
 << reload
Translating "reload"...domain server (130.18.80.12)
 << 
 << 
 << 
 << 
 << 
 << 
 << 
 << 
 << 
 << 
Expect: did not match any strings!
...
reload
Translating "reload"...domain server (130.18.80.12)
...

Expect: searching for 1 strs:  :Save?
 << 
 << 
 << 
 << 
 << 
 << 
Expect: did not match any strings!
...

...

 >> 

