trying to use serial port: /dev/ttyUSB0
 >> 
 >> 

Expect: searching for 4 strs:  :[yes/no] :Press RETURN to get started. :# :Switch>
 << 
c29s1p.pressbox.dudynoble>
c29s1p.pressbox.dudynoble>
c29s1p.pressbox.dudynoble>
c29s1p.pressbox.dudynoble>
 << 
 << 
 << 
 << 
 << 
 << 
 << 
 << 
 << 
 << 
Expect: did not match any strings!
...

c29s1p.pressbox.dudynoble>
c29s1p.pressbox.dudynoble>
c29s1p.pressbox.dudynoble>
c29s1p.pressbox.dudynoble>
...

 >> 

Expect: searching for 2 strs:  :# :>
 << 
c29s1p.pressbox.dudynoble>
c29s1p.pressbox.dudynoble>
Expect: matched string 2: >
 >> term len 0

Expect: searching for 2 strs:  :# :>
 << term len 0
c29s1p.pressbox.dudynoble>
Expect: matched string 2: >
 >> show version

Expect: searching for 2 strs:  :# :>
 << show version
Cisco IOS Software, C2960X Software (C2960X-UNIVERSALK9-M), Version 15.2(2)E7, RELEASE SOFTWARE (fc3)
Technical Support: http://www.cisco.com/techsupport
Copyright (c) 1986-2017 by Cisco Systems, Inc.
Compiled Wed 12-Jul-17 13:06 by prod_
 << rel_team

ROM: Bootstrap program is C2960X boot loader
BOOTLDR: C2960X Boot Loader (C2960X-HBOOT-M) Version 15.2(3r)E1, RELEASE SOFTWARE (fc1)

c29s1p.pressbox.dudynoble uptime is 1 hour, 59 minutes
System returned to ROM by power-on
System restart
 << ed at 08:33:47 CST Mon Feb 26 2018
System image file is "flash:/c2960x-universalk9-mz.152-2.E7/c2960x-universalk9-mz.152-2.E7.bin"
Last reload reason: power-on



This product contains cryptographic features and is subject to United
States and loca
 << l country laws governing import, export, transfer and
use. Delivery of Cisco cryptographic products does not imply
third-party authority to import, export, distribute or use encryption.
Importers, exporters, distributors and users are responsible for

 << compliance with U.S. and local country laws. By using this product you
agree to comply with applicable laws and regulations. If you are unable
to comply with U.S. and local laws, return this product immediately.

A summary of U.S. laws governing Cisco
 <<  cryptographic products may be found at:
http://www.cisco.com/wwl/export/crypto/tool/stqrg.html

If you require further assistance please contact us by sending email to
export@cisco.com.

cisco WS-C2960X-48FPD-L (APM86XXX) processor (revision V0) wi
 << th 524288K bytes of memory.
Processor board ID FCW2151B3GX
Last reset from power-on
2 Virtual Ethernet interfaces
1 FastEthernet interface
50 Gigabit Ethernet interfaces
2 Ten Gigabit Ethernet interfaces
The password-recovery mechanism is enabled.
 << 

512K bytes of flash-simulated non-volatile configuration memory.
Base ethernet MAC Address       : 00:3C:10:3C:80:00
Motherboard assembly number     : 73-16686-06
Power supply part number        : 341-0527-03
Motherboard serial number       : FOC21
 << 500ZCC
Power supply serial number      : DCB2143635M
Model revision number           : V0
Motherboard revision number     : D0
Model number                    : WS-C2960X-48FPD-L
Daughterboard assembly number   : 73-14200-03
Daughterboard serial num
 << ber     : FOC21505DYA
System serial number            : FCW2151B3GX
Top Assembly Part Number        : 68-100463-03
Top Assembly Revision Number    : C0
Version ID                      : V07
CLEI Code Number                : CMMLJ00ARG
Daughterboard 
 << revision number   : B0
Hardware Board Revision Number  : 0x19


Switch Ports Model                     SW Version            SW Image                 
------ ----- -----                     ----------            ----------               
*    1 52  
 <<   WS-C2960X-48FPD-L         15.2(2)E7             C2960X-UNIVERSALK9-M     


Configuration register is 0xF

c29s1p.pressbox.dudynoble>
Expect: matched string 2: >
 >> enable

Expect: searching for 2 strs:  :Password: :#
 << enable
Password: 
Expect: matched string 1: Password:
 >> W2w1cD0mIliG!

Expect: searching for 1 strs:  :#
 << 
c29s1p.pressbox.dudynoble#
Expect: matched string 1: #
 >> configure terminal

Expect: searching for 1 strs:  :(config)#
 << configure terminal
Enter configuration commands, one per line.  End with CNTL/Z.
c29s1p.pressbox.dudy(config)#
Expect: matched string 1: (config)#
 >> default interface 48 

 >> end

Expect: searching for 1 strs:  :Configured
 << default interface 48 
                                               ^
% Invalid input detected at '^' marker.

c29s1p.pressbox.dudy(config)#end
c29s1p.pressbox.dudynoble#
 << 
Feb 26 10:33:23: %SYS-5-CONFIG_I: Configured from console by console
Expect: matched string 1: Configured
 >> 

 >> configure terminal

Expect: searching for 1 strs:  :(config)#
 << 
c29s1p.pressbox.dudynoble#configure terminal
Enter configuration commands, one per line.  End with CNTL/Z.
c29s1p.pressbox.dudy(config)#
Expect: matched string 1: (config)#
 >> default interface gi1/0/48 

 >> interface gi1/0/48 

Expect: searching for 1 strs:  :(config-if)#
 << default interface gi1/0/48 
Interface GigabitEthernet1/0/48 set to default configuration
c29s1p.pressbox.dudy(config)#interface gi1/0/48 
c29s1p.pressbox.dudy(config-if)#
Expect: matched string 1: (config-if)#
 >> switchport mode trunk

 >> switchport trunk native vlan 92

 >> end

Expect: searching for 1 strs:  :Configured
 << switchport mode trunk
c29s1p.pressbox.dudy(config-if)#switchport trunk native vlan 92
c29s1p.pressbox.dudy(config-if)#end
c29s1p.pressbox.dudynoble#
 << 
Feb 26 10:33:29: %SYS-5-CONFIG_I: Configured from console by console
Expect: matched string 1: Configured
 >> 

 >> write mem

Expect: searching for 2 strs:  :# :>
 << 
c29s1p.pressbox.dudynoble#write mem
Building configuration...
[OK]
c29s1p.pressbox.dudynoble#
Expect: matched string 1: #
