trying to use serial port: /dev/ttyUSB0
 >> 
 >> 

Expect: searching for 4 strs:  :[yes/no] :Press RETURN to get started. :# :Switch>
 << 
c29s2.ticketoffice.dudynoble>
c29s2.ticketoffice.dudynoble>
c29s2.ticketoffice.dudynoble>
c29s2.ticketoffice.dudynoble>
 << 
 << 
 << 
 << 
 << 
 << 
 << 
 << 
 << 
 << 
Expect: did not match any strings!
...

c29s2.ticketoffice.dudynoble>
c29s2.ticketoffice.dudynoble>
c29s2.ticketoffice.dudynoble>
c29s2.ticketoffice.dudynoble>
...

 >> 

Expect: searching for 2 strs:  :# :>
 << 
c29s2.ticketoffice.dudynoble>
c29s2.ticketoffice.dudynoble>
Expect: matched string 2: >
 >> term len 0

Expect: searching for 2 strs:  :# :>
 << term len 0
c29s2.ticketoffice.dudynoble>
Expect: matched string 2: >
 >> show version

Expect: searching for 2 strs:  :# :>
 << show version
Cisco IOS Software, C2960X Software (C2960X-UNIVERSALK9-M), Version 15.2(2)E7, RELEASE SOFTWARE (fc3)
Technical Support: http://www.cisco.com/techsupport
Copyright (c) 1986-2017 by Cisco Systems, Inc.
Compiled Wed 12-Jul-17 13:06 by prod_
 << rel_team

ROM: Bootstrap program is C2960X boot loader
BOOTLDR: C2960X Boot Loader (C2960X-HBOOT-M) Version 15.2(3r)E1, RELEASE SOFTWARE (fc1)

c29s2.ticketoffice.dudynoble uptime is 1 hour, 0 minutes
System returned to ROM by power-on
System resta
 << rted at 08:34:32 CST Mon Feb 26 2018
System image file is "flash:/c2960x-universalk9-mz.152-2.E7/c2960x-universalk9-mz.152-2.E7.bin"
Last reload reason: power-on



This product contains cryptographic features and is subject to United
States and lo
 << cal country laws governing import, export, transfer and
use. Delivery of Cisco cryptographic products does not imply
third-party authority to import, export, distribute or use encryption.
Importers, exporters, distributors and users are responsible for
 << 
compliance with U.S. and local country laws. By using this product you
agree to comply with applicable laws and regulations. If you are unable
to comply with U.S. and local laws, return this product immediately.

A summary of U.S. laws governing Cis
 << co cryptographic products may be found at:
http://www.cisco.com/wwl/export/crypto/tool/stqrg.html

If you require further assistance please contact us by sending email to
export@cisco.com.

cisco WS-C2960X-24TS-L (APM86XXX) processor (revision S0) w
 << ith 524288K bytes of memory.
Processor board ID FCW2143B0S5
Last reset from power-on
2 Virtual Ethernet interfaces
1 FastEthernet interface
28 Gigabit Ethernet interfaces
The password-recovery mechanism is enabled.

512K bytes of flash-simulated n
 << on-volatile configuration memory.
Base ethernet MAC Address       : 00:27:90:F4:7C:80
Motherboard assembly number     : 73-16695-05
Power supply part number        : 341-0529-02
Motherboard serial number       : FOC214200RY
Power supply serial number
 <<       : DCB213452XA
Model revision number           : S0
Motherboard revision number     : C0
Model number                    : WS-C2960X-24TS-L
Daughterboard assembly number   : 73-14200-03
Daughterboard serial number     : FOC213933WB
System seria
 << l number            : FCW2143B0S5
Top Assembly Part Number        : 68-100473-02
Top Assembly Revision Number    : F0
Version ID                      : V05
CLEI Code Number                : CMMMU00ARD
Daughterboard revision number   : B0
Hardware Bo
 << ard Revision Number  : 0x19


Switch Ports Model                     SW Version            SW Image                 
------ ----- -----                     ----------            ----------               
*    1 28    WS-C2960X-24TS-L          15.2(2)
 << E7             C2960X-UNIVERSALK9-M     


Configuration register is 0xF

c29s2.ticketoffice.dudynoble>
Expect: matched string 2: >
 >> enable

Expect: searching for 2 strs:  :Password: :#
 << enable
Password: 
Expect: matched string 1: Password:
 >> W2w1cD0mIliG!

Expect: searching for 1 strs:  :#
 << 
c29s2.ticketoffice.dudynoble#
Expect: matched string 1: #
 >> configure terminal

Expect: searching for 1 strs:  :(config)#
 << configure terminal
Enter configuration commands, one per line.  End with CNTL/Z.
c29s2.ticketoffice.d(config)#
Expect: matched string 1: (config)#
 >> hostname c29s2.pressbox.dudynoble 

Expect: searching for 2 strs:  :# :>
 << hostname c29s2.pressbox.dudynoble 
c29s2.pressbox.dudyn(config)#
Expect: matched string 1: #
 >> end

Expect: searching for 1 strs:  :Configured
 << end
c29s2.pressbox.dudynoble#
 << 
Feb 26 09:35:08: %SYS-5-CONFIG_I: Configured from console by console
Expect: matched string 1: Configured
 >> 

 >> write mem

Expect: searching for 2 strs:  :# :>
 << 
c29s2.pressbox.dudynoble#write mem
Building configuration...
[OK]
c29s2.pressbox.dudynoble#
Expect: matched string 1: #
