trying to use serial port: /dev/ttyUSB0
 >> 
 >> 

Expect: searching for 4 strs:  :[yes/no] :Press RETURN to get started. :# :Switch>
 << 
c29s3.vni.flowood>
c29s3.vni.flowood>
c29s3.vni.flowood>
c29s3.vni.flowood>
 << 
 << 
 << 
 << 
 << 
 << 
 << 
 << 
 << 
 << 
Expect: did not match any strings!
...

c29s3.vni.flowood>
c29s3.vni.flowood>
c29s3.vni.flowood>
c29s3.vni.flowood>
...

 >> 

Expect: searching for 2 strs:  :# :>
 << 
c29s3.vni.flowood>
c29s3.vni.flowood>
Expect: matched string 2: >
 >> term len 0

Expect: searching for 2 strs:  :# :>
 << term len 0
c29s3.vni.flowood>
Expect: matched string 2: >
 >> show version

Expect: searching for 2 strs:  :# :>
 << show version
Cisco IOS Software, C2960X Software (C2960X-UNIVERSALK9-M), Version 15.2(2)E6, RELEASE SOFTWARE (fc1)
Technical Support: http://www.cisco.com/techsupport
Copyright (c) 1986-2016 by Cisco Systems, Inc.
Compiled Fri 16-Dec-16 21:27 by prod_
 << rel_team

ROM: Bootstrap program is C2960X boot loader
BOOTLDR: C2960X Boot Loader (C2960X-HBOOT-M) Version 15.2(3r)E1, RELEASE SOFTWARE (fc1)

c29s3.vni.flowood uptime is 4 days, 1 hour, 7 minutes
System returned to ROM by power-on
System restarte
 << d at 08:57:48 CST Fri Mar 9 2018
System image file is "flash:/c2960x-universalk9-mz.152-2.E6/c2960x-universalk9-mz.152-2.E6.bin"
Last reload reason: power-on



This product contains cryptographic features and is subject to United
States and local 
 << country laws governing import, export, transfer and
use. Delivery of Cisco cryptographic products does not imply
third-party authority to import, export, distribute or use encryption.
Importers, exporters, distributors and users are responsible for
co
 << mpliance with U.S. and local country laws. By using this product you
agree to comply with applicable laws and regulations. If you are unable
to comply with U.S. and local laws, return this product immediately.

A summary of U.S. laws governing Cisco c
 << ryptographic products may be found at:
http://www.cisco.com/wwl/export/crypto/tool/stqrg.html

If you require further assistance please contact us by sending email to
export@cisco.com.

cisco WS-C2960X-48TS-L (APM86XXX) processor (revision R0) with 
 << 524288K bytes of memory.
Processor board ID FCW2129A4Y8
Last reset from power-on
2 Virtual Ethernet interfaces
1 FastEthernet interface
52 Gigabit Ethernet interfaces
The password-recovery mechanism is enabled.

512K bytes of flash-simulated non-v
 << olatile configuration memory.
Base ethernet MAC Address       : 50:F7:22:C7:17:80
Motherboard assembly number     : 73-16693-05
Power supply part number        : 341-0537-02
Motherboard serial number       : FOC21292PX9
Power supply serial number    
 <<   : LIT21224XLQ
Model revision number           : R0
Motherboard revision number     : B0
Model number                    : WS-C2960X-48TS-L
Daughterboard assembly number   : 73-14200-03
Daughterboard serial number     : FOC21284DF4
System serial nu
 << mber            : FCW2129A4Y8
Top Assembly Part Number        : 68-100471-02
Top Assembly Revision Number    : E0
Version ID                      : V05
CLEI Code Number                : CMMNF00ARD
Daughterboard revision number   : B0
Hardware Board 
 << Revision Number  : 0x19


Switch Ports Model                     SW Version            SW Image                 
------ ----- -----                     ----------            ----------               
*    1 52    WS-C2960X-48TS-L          15.2(2)E6  
 <<            C2960X-UNIVERSALK9-M     


Configuration register is 0xF

c29s3.vni.flowood>
Expect: matched string 2: >
 >> enable

Expect: searching for 2 strs:  :Password: :#
 << enable
Password: 
Expect: matched string 1: Password:
 >> W2w1cD0mIliG!

Expect: searching for 1 strs:  :#
 << 
c29s3.vni.flowood#
Expect: matched string 1: #
 >> sh run

Expect: searching for 2 strs:  :# :>
 << sh run
Building configuration...

Current configuration : 19258 bytes
!
! Last configuration change at 08:59:19 CST Fri Mar 9 2018
!
version 15.2
no service pad
service timestamps debug datetime localtime
service timestamps log datetime localtim
 << e
service password-encryption
!
hostname c29s3.vni.flowood
!
boot-start-marker
boot-end-marker
!
enable secret 5 $1$Qt0I$5OJOkewu3ONbMEwE0LiMP/
enable password 7 0333091C570C051C4320150C3053
!
username root privilege 15 secret 5 $1$6eG9$ES8OhKN
 << Pudu9zsasZ7Aqi.
no aaa new-model
clock timezone CST -6 0
clock summer-time CDT recurring
switch 1 provision ws-c2960x-48ts-l
!
!
ip dhcp snooping vlan 238
ip dhcp snooping
ip domain-name mgmt.msstate.edu
ip name-server 130.18.80.12
!
!
!
!

 << !
authentication mac-move permit
!
!
crypto pki trustpoint TP-self-signed-2494998912
 enrollment selfsigned
 subject-name cn=IOS-Self-Signed-Certificate-2494998912
 revocation-check none
 rsakeypair TP-self-signed-2494998912
!
!
crypto pki cert
 << ificate chain TP-self-signed-2494998912
 certificate self-signed 01
  	quit
!
spanning-tree mode pvst
spanning-tree portfast bpduguard default
spanning-tree extend system-id
no spanning-tree vlan 159,177,502-519,521-522,531,541,551-560,562-570,601-
 << 607
no spanning-tree vlan 609-612,614,617,627,629-630,632-633,635-637,645,647-652
no spanning-tree vlan 654-655,672-682,690-695,698,701,742,802,818-819,880,901
no spanning-tree vlan 903-908,912-914,916-919,927-931,970,994-1000
errdisable recovery caus
 << e udld
errdisable recovery cause bpduguard
errdisable recovery cause security-violation
errdisable recovery cause channel-misconfig
errdisable recovery cause pagp-flap
errdisable recovery cause dtp-flap
errdisable recovery cause link-flap
errdisabl
 << e recovery cause sfp-config-mismatch
errdisable recovery cause gbic-invalid
errdisable recovery cause psecure-violation
errdisable recovery cause port-mode-failure
errdisable recovery cause dhcp-rate-limit
errdisable recovery cause pppoe-ia-rate-limi
 << t
errdisable recovery cause mac-limit
errdisable recovery cause vmps
errdisable recovery cause storm-control
errdisable recovery cause inline-power
errdisable recovery cause arp-inspection
errdisable recovery cause loopback
errdisable recovery caus
 << e small-frame
errdisable recovery cause psp
errdisable recovery interval 1800
!
!
!
!
vlan internal allocation policy ascending
!
!
! 
!
!
!
!
!
!
!
!
interface FastEthernet0
 no ip address
 shutdown
!
interface GigabitEthernet1/0/1
 << 
 switchport access vlan 238
 switchport mode access
 switchport port-security maximum 2
 switchport port-security violation  protect
 switchport port-security aging time 15
 switchport port-security aging type inactivity
 switchport port-security
 << 
 spanning-tree portfast
!
interface GigabitEthernet1/0/2
 switchport access vlan 238
 switchport mode access
 switchport port-security maximum 2
 switchport port-security violation  protect
 switchport port-security aging time 15
 switchport port
 << -security aging type inactivity
 switchport port-security
 spanning-tree portfast
!
interface GigabitEthernet1/0/3
 switchport access vlan 238
 switchport mode access
 switchport port-security maximum 2
 switchport port-security violation  protect
 << 
 switchport port-security aging time 15
 switchport port-security aging type inactivity
 switchport port-security
 spanning-tree portfast
!
interface GigabitEthernet1/0/4
 switchport access vlan 238
 switchport mode access
 switchport port-secur
 << ity maximum 2
 switchport port-security violation  protect
 switchport port-security aging time 15
 switchport port-security aging type inactivity
 switchport port-security
 spanning-tree portfast
!
interface GigabitEthernet1/0/5
 switchport acces
 << s vlan 238
 switchport mode access
 switchport port-security maximum 2
 switchport port-security violation  protect
 switchport port-security aging time 15
 switchport port-security aging type inactivity
 switchport port-security
 spanning-tree por
 << tfast
!
interface GigabitEthernet1/0/6
 switchport access vlan 238
 switchport mode access
 switchport port-security maximum 2
 switchport port-security violation  protect
 switchport port-security aging time 15
 switchport port-security aging typ
 << e inactivity
 switchport port-security
 spanning-tree portfast
!
interface GigabitEthernet1/0/7
 switchport access vlan 238
 switchport mode access
 switchport port-security maximum 2
 switchport port-security violation  protect
 switchport port-
 << security aging time 15
 switchport port-security aging type inactivity
 switchport port-security
 spanning-tree portfast
!
interface GigabitEthernet1/0/8
 switchport access vlan 238
 switchport mode access
 switchport port-security maximum 2
 swi
 << tchport port-security violation  protect
 switchport port-security aging time 15
 switchport port-security aging type inactivity
 switchport port-security
 spanning-tree portfast
!
interface GigabitEthernet1/0/9
 switchport access vlan 238
 switch
 << port mode access
 switchport port-security maximum 2
 switchport port-security violation  protect
 switchport port-security aging time 15
 switchport port-security aging type inactivity
 switchport port-security
 spanning-tree portfast
!
interface
 <<  GigabitEthernet1/0/10
 switchport access vlan 238
 switchport mode access
 switchport port-security maximum 2
 switchport port-security violation  protect
 switchport port-security aging time 15
 switchport port-security aging type inactivity
 swi
 << tchport port-security
 spanning-tree portfast
!
interface GigabitEthernet1/0/11
 switchport access vlan 238
 switchport mode access
 switchport port-security maximum 2
 switchport port-security violation  protect
 switchport port-security aging ti
 << me 15
 switchport port-security aging type inactivity
 switchport port-security
 spanning-tree portfast
!
interface GigabitEthernet1/0/12
 switchport access vlan 238
 switchport mode access
 switchport port-security maximum 2
 switchport port-sec
 << urity violation  protect
 switchport port-security aging time 15
 switchport port-security aging type inactivity
 switchport port-security
 spanning-tree portfast
!
interface GigabitEthernet1/0/13
 switchport access vlan 238
 switchport mode acces
 << s
 switchport port-security maximum 2
 switchport port-security violation  protect
 switchport port-security aging time 15
 switchport port-security aging type inactivity
 switchport port-security
 spanning-tree portfast
!
interface GigabitEtherne
 << t1/0/14
 switchport access vlan 238
 switchport mode access
 switchport port-security maximum 2
 switchport port-security violation  protect
 switchport port-security aging time 15
 switchport port-security aging type inactivity
 switchport port-se
 << curity
 spanning-tree portfast
!
interface GigabitEthernet1/0/15
 switchport access vlan 238
 switchport mode access
 switchport port-security maximum 2
 switchport port-security violation  protect
 switchport port-security aging time 15
 switchp
 << ort port-security aging type inactivity
 switchport port-security
 spanning-tree portfast
!
interface GigabitEthernet1/0/16
 switchport access vlan 238
 switchport mode access
 switchport port-security maximum 2
 switchport port-security violation
 <<   protect
 switchport port-security aging time 15
 switchport port-security aging type inactivity
 switchport port-security
 spanning-tree portfast
!
interface GigabitEthernet1/0/17
 switchport access vlan 238
 switchport mode access
 switchport 
 << port-security maximum 2
 switchport port-security violation  protect
 switchport port-security aging time 15
 switchport port-security aging type inactivity
 switchport port-security
 spanning-tree portfast
!
interface GigabitEthernet1/0/18
 switc
 << hport access vlan 238
 switchport mode access
 switchport port-security maximum 2
 switchport port-security violation  protect
 switchport port-security aging time 15
 switchport port-security aging type inactivity
 switchport port-security
 spanni
 << ng-tree portfast
!
interface GigabitEthernet1/0/19
 switchport access vlan 238
 switchport mode access
 switchport port-security maximum 2
 switchport port-security violation  protect
 switchport port-security aging time 15
 switchport port-securi
 << ty aging type inactivity
 switchport port-security
 spanning-tree portfast
!
interface GigabitEthernet1/0/20
 switchport access vlan 238
 switchport mode access
 switchport port-security maximum 2
 switchport port-security violation  protect
 swi
 << tchport port-security aging time 15
 switchport port-security aging type inactivity
 switchport port-security
 spanning-tree portfast
!
interface GigabitEthernet1/0/21
 switchport access vlan 238
 switchport mode access
 switchport port-security m
 << aximum 2
 switchport port-security violation  protect
 switchport port-security aging time 15
 switchport port-security aging type inactivity
 switchport port-security
 spanning-tree portfast
!
interface GigabitEthernet1/0/22
 switchport access vl
 << an 238
 switchport mode access
 switchport port-security maximum 2
 switchport port-security violation  protect
 switchport port-security aging time 15
 switchport port-security aging type inactivity
 switchport port-security
 spanning-tree portfas
 << t
!
interface GigabitEthernet1/0/23
 switchport access vlan 238
 switchport mode access
 switchport port-security maximum 2
 switchport port-security violation  protect
 switchport port-security aging time 15
 switchport port-security aging type i
 << nactivity
 switchport port-security
 spanning-tree portfast
!
interface GigabitEthernet1/0/24
 switchport access vlan 238
 switchport mode access
 switchport port-security maximum 2
 switchport port-security violation  protect
 switchport port-se
 << curity aging time 15
 switchport port-security aging type inactivity
 switchport port-security
 spanning-tree portfast
!
interface GigabitEthernet1/0/25
 switchport access vlan 238
 switchport mode access
 switchport port-security maximum 2
 swit
 << chport port-security violation  protect
 switchport port-security aging time 15
 switchport port-security aging type inactivity
 switchport port-security
 spanning-tree portfast
!
interface GigabitEthernet1/0/26
 switchport access vlan 238
 switch
 << port mode access
 switchport port-security maximum 2
 switchport port-security violation  protect
 switchport port-security aging time 15
 switchport port-security aging type inactivity
 switchport port-security
 spanning-tree portfast
!
interface
 <<  GigabitEthernet1/0/27
 switchport access vlan 238
 switchport mode access
 switchport port-security maximum 2
 switchport port-security violation  protect
 switchport port-security aging time 15
 switchport port-security aging type inactivity
 swi
 << tchport port-security
 spanning-tree portfast
!
interface GigabitEthernet1/0/28
 switchport access vlan 238
 switchport mode access
 switchport port-security maximum 2
 switchport port-security violation  protect
 switchport port-security aging ti
 << me 15
 switchport port-security aging type inactivity
 switchport port-security
 spanning-tree portfast
!
interface GigabitEthernet1/0/29
 switchport access vlan 238
 switchport mode access
 switchport port-security maximum 2
 switchport port-sec
 << urity violation  protect
 switchport port-security aging time 15
 switchport port-security aging type inactivity
 switchport port-security
 spanning-tree portfast
!
interface GigabitEthernet1/0/30
 switchport access vlan 238
 switchport mode acces
 << s
 switchport port-security maximum 2
 switchport port-security violation  protect
 switchport port-security aging time 15
 switchport port-security aging type inactivity
 switchport port-security
 spanning-tree portfast
!
interface GigabitEtherne
 << t1/0/31
 switchport access vlan 238
 switchport mode access
 switchport port-security maximum 2
 switchport port-security violation  protect
 switchport port-security aging time 15
 switchport port-security aging type inactivity
 switchport port-se
 << curity
 spanning-tree portfast
!
interface GigabitEthernet1/0/32
 switchport access vlan 238
 switchport mode access
 switchport port-security maximum 2
 switchport port-security violation  protect
 switchport port-security aging time 15
 switchp
 << ort port-security aging type inactivity
 switchport port-security
 spanning-tree portfast
!
interface GigabitEthernet1/0/33
 switchport access vlan 238
 switchport mode access
 switchport port-security maximum 2
 switchport port-security violation
 <<   protect
 switchport port-security aging time 15
 switchport port-security aging type inactivity
 switchport port-security
 spanning-tree portfast
!
interface GigabitEthernet1/0/34
 switchport access vlan 238
 switchport mode access
 switchport 
 << port-security maximum 2
 switchport port-security violation  protect
 switchport port-security aging time 15
 switchport port-security aging type inactivity
 switchport port-security
 spanning-tree portfast
!
interface GigabitEthernet1/0/35
 switc
 << hport access vlan 238
 switchport mode access
 switchport port-security maximum 2
 switchport port-security violation  protect
 switchport port-security aging time 15
 switchport port-security aging type inactivity
 switchport port-security
 spanni
 << ng-tree portfast
!
interface GigabitEthernet1/0/36
 switchport access vlan 238
 switchport mode access
 switchport port-security maximum 2
 switchport port-security violation  protect
 switchport port-security aging time 15
 switchport port-securi
 << ty aging type inactivity
 switchport port-security
 spanning-tree portfast
!
interface GigabitEthernet1/0/37
 switchport access vlan 238
 switchport mode access
 switchport port-security maximum 2
 switchport port-security violation  protect
 swi
 << tchport port-security aging time 15
 switchport port-security aging type inactivity
 switchport port-security
 spanning-tree portfast
!
interface GigabitEthernet1/0/38
 switchport access vlan 238
 switchport mode access
 switchport port-security m
 << aximum 2
 switchport port-security violation  protect
 switchport port-security aging time 15
 switchport port-security aging type inactivity
 switchport port-security
 spanning-tree portfast
!
interface GigabitEthernet1/0/39
 switchport access vl
 << an 238
 switchport mode access
 switchport port-security maximum 2
 switchport port-security violation  protect
 switchport port-security aging time 15
 switchport port-security aging type inactivity
 switchport port-security
 spanning-tree portfas
 << t
!
interface GigabitEthernet1/0/40
 switchport access vlan 238
 switchport mode access
 switchport port-security maximum 2
 switchport port-security violation  protect
 switchport port-security aging time 15
 switchport port-security aging type i
 << nactivity
 switchport port-security
 spanning-tree portfast
!
interface GigabitEthernet1/0/41
 switchport access vlan 238
 switchport mode access
 switchport port-security maximum 2
 switchport port-security violation  protect
 switchport port-se
 << curity aging time 15
 switchport port-security aging type inactivity
 switchport port-security
 spanning-tree portfast
!
interface GigabitEthernet1/0/42
 switchport access vlan 238
 switchport mode access
 switchport port-security maximum 2
 swit
 << chport port-security violation  protect
 switchport port-security aging time 15
 switchport port-security aging type inactivity
 switchport port-security
 spanning-tree portfast
!
interface GigabitEthernet1/0/43
 switchport access vlan 238
 switch
 << port mode access
 switchport port-security maximum 2
 switchport port-security violation  protect
 switchport port-security aging time 15
 switchport port-security aging type inactivity
 switchport port-security
 spanning-tree portfast
!
interface
 <<  GigabitEthernet1/0/44
 switchport access vlan 238
 switchport mode access
 switchport port-security maximum 2
 switchport port-security violation  protect
 switchport port-security aging time 15
 switchport port-security aging type inactivity
 swi
 << tchport port-security
 spanning-tree portfast
!
interface GigabitEthernet1/0/45
 switchport access vlan 238
 switchport mode access
 switchport port-security maximum 2
 switchport port-security violation  protect
 switchport port-security aging ti
 << me 15
 switchport port-security aging type inactivity
 switchport port-security
 spanning-tree portfast
!
interface GigabitEthernet1/0/46
 switchport access vlan 238
 switchport mode access
 switchport port-security maximum 2
 switchport port-sec
 << urity violation  protect
 switchport port-security aging time 15
 switchport port-security aging type inactivity
 switchport port-security
 spanning-tree portfast
!
interface GigabitEthernet1/0/47
 switchport access vlan 238
 switchport mode acces
 << s
 switchport port-security maximum 2
 switchport port-security violation  protect
 switchport port-security aging time 15
 switchport port-security aging type inactivity
 switchport port-security
 spanning-tree portfast
!
interface GigabitEtherne
 << t1/0/48
 switchport access vlan 238
 switchport mode access
 switchport port-security maximum 2
 switchport port-security violation  protect
 switchport port-security aging time 15
 switchport port-security aging type inactivity
 switchport port-se
 << curity
 spanning-tree portfast
!
interface GigabitEthernet1/0/49
 switchport trunk native vlan 92
 switchport mode trunk
 ip dhcp snooping trust
!
interface GigabitEthernet1/0/50
 switchport trunk native vlan 92
 switchport mode trunk
 ip dhcp 
 << snooping trust
!
interface GigabitEthernet1/0/51
 switchport trunk native vlan 92
 switchport mode trunk
 ip dhcp snooping trust
!
interface GigabitEthernet1/0/52
 switchport trunk native vlan 92
 switchport mode trunk
 ip dhcp snooping trust
!
 << 
interface Vlan1
 no ip address
 no ip route-cache
 shutdown
!
interface Vlan92
 ip address 10.92.5.249 255.255.0.0
 ip broadcast-address 10.92.255.255
!
ip default-gateway 10.92.0.1
no ip http server
no ip http secure-server
!
!
logging fa
 << cility local1
logging host 130.18.8.12
access-list 1 permit 10.92.0.0 0.0.255.255
access-list 1 permit 130.18.8.0 0.0.0.255
access-list 1 permit 10.93.0.0 0.0.255.255
access-list 1 permit 130.18.1.0 0.0.0.255
!
snmp-server community sysnet RO 1
sn
 << mp-server community c2-b2=a2 RW 1
snmp-server contact 6F-2205
snmp-server enable traps snmp authentication linkdown linkup coldstart warmstart
snmp-server enable traps transceiver all
snmp-server enable traps tty
snmp-server enable traps cluster
snm
 << p-server enable traps config-copy
snmp-server enable traps config
snmp-server enable traps config-ctid
snmp-server enable traps entity
snmp-server enable traps power-ethernet police
snmp-server enable traps cpu threshold
snmp-server enable traps bri
 << dge newroot topologychange
snmp-server enable traps stpx inconsistency root-inconsistency loop-inconsistency
snmp-server enable traps syslog
snmp-server enable traps vtp
snmp-server enable traps vlancreate
snmp-server enable traps vlandelete
snmp-se
 << rver enable traps flash insertion removal
snmp-server enable traps port-security
snmp-server enable traps envmon fan shutdown supply temperature status
snmp-server enable traps errdisable
snmp-server enable traps mac-notification change move threshold
 << 
snmp-server enable traps vlan-membership
snmp-server host 130.18.8.12 sysnet 
!
!
line con 0
line vty 0 4
 access-class 1 in
 password 7 0033411155582F56020840472E58
 login local
 transport input ssh
line vty 5 15
 access-class 1 in
 passwor
 << d 7 0033411155582F56020840472E58
 login local
 transport input ssh
!
ntp server 10.92.0.5
end

c29s3.vni.flowood#
Expect: matched string 1: #
