trying to use serial port: /dev/ttyUSB0
 >> 
 >> 

Expect: searching for 4 strs:  :[yes/no] :Press RETURN to get started. :# :Switch>
 << 
Switch>
Switch>
Switch>
Switch>
Expect: matched string 4: Switch>
 >> term len 0

Expect: searching for 2 strs:  :# :>
 << term len 0
Switch>
Expect: matched string 2: >
 >> show version

Expect: searching for 2 strs:  :# :>
 << show version
Cisco IOS Software, C2960S Software (C2960S-UNIVERSALK9-M), Version 15.0(2)SE8, RELEASE SOFTWARE (fc1)
Technical Support: http://www.cisco.com/techsupport
Copyright (c) 1986-2015 by Cisco Systems, Inc.
Compiled Wed 13-May-15 23:10 by prod
 << _rel_team

ROM: Bootstrap program is C2960S board boot loader
BOOTLDR: C2960S Boot Loader (C2960S-HBOOT-M) Version 12.2(55r)SE, RELEASE SOFTWARE (fc1)

Switch uptime is 4 minutes
System returned to ROM by power-on
System image file is "flash:/c2960
 << s-universalk9-mz.150-2.SE8.bin"


This product contains cryptographic features and is subject to United
States and local country laws governing import, export, transfer and
use. Delivery of Cisco cryptographic products does not imply
third-party aut
 << hority to import, export, distribute or use encryption.
Importers, exporters, distributors and users are responsible for
compliance with U.S. and local country laws. By using this product you
agree to comply with applicable laws and regulations. If you
 <<  are unable
to comply with U.S. and local laws, return this product immediately.

A summary of U.S. laws governing Cisco cryptographic products may be found at:
http://www.cisco.com/wwl/export/crypto/tool/stqrg.html

If you require further assistanc
 << e please contact us by sending email to
export@cisco.com.

cisco WS-C2960S-24TS-L (PowerPC) processor (revision E0) with 131072K bytes of memory.
Processor board ID FOC1614Z1RY
Last reset from power-on
1 Virtual Ethernet interface
1 FastEthernet in
 << terface
28 Gigabit Ethernet interfaces
The password-recovery mechanism is enabled.

512K bytes of flash-simulated non-volatile configuration memory.
Base ethernet MAC Address       : F4:EA:67:3F:7F:80
Motherboard assembly number     : 73-11910-08
P
 << ower supply part number        : 341-0328-02
Motherboard serial number       : FOC161248DS
Power supply serial number      : LIT16060SAN
Model revision number           : E0
Motherboard revision number     : A0
Model number                    : WS-C2
 << 960S-24TS-L
Daughterboard assembly number   : 73-11933-04
Daughterboard serial number     : FOC161343ZG
System serial number            : FOC1614Z1RY
Top Assembly Part Number        : 800-30954-03
Top Assembly Revision Number    : A0
Version ID     
 <<                  : V03
CLEI Code Number                : COMGG00ARC
Daughterboard revision number   : A0
Hardware Board Revision Number  : 0x01


Switch Ports Model              SW Version            SW Image                 
------ ----- -----    
 <<           ----------            ----------               
*    1 28    WS-C2960S-24TS-L   15.0(2)SE8            C2960S-UNIVERSALK9-M     


Configuration register is 0xF

Switch>
Expect: matched string 2: >
