trying to use serial port: /dev/ttyUSB0
 >> 
 >> 

Expect: searching for 4 strs:  :[yes/no] :Press RETURN to get started. :# :Switch>
 << 
c29s5.ra232a.ruby>
c29s5.ra232a.ruby>
c29s5.ra232a.ruby>
c29s5.ra232a.ruby>
 << 
 << 
 << 
 << 
 << 
 << 
 << 
 << 
 << 
 << 
Expect: did not match any strings!
...

c29s5.ra232a.ruby>
c29s5.ra232a.ruby>
c29s5.ra232a.ruby>
c29s5.ra232a.ruby>
...

 >> 

Expect: searching for 2 strs:  :# :>
 << 
c29s5.ra232a.ruby>
c29s5.ra232a.ruby>
Expect: matched string 2: >
 >> term len 0

Expect: searching for 2 strs:  :# :>
 << term len 0
c29s5.ra232a.ruby>
Expect: matched string 2: >
 >> show version

Expect: searching for 2 strs:  :# :>
 << show version
Cisco IOS Software, C2960S Software (C2960S-UNIVERSALK9-M), Version 15.0(2)SE8, RELEASE SOFTWARE (fc1)
Technical Support: http://www.cisco.com/techsupport
Copyright (c) 1986-2015 by Cisco Systems, Inc.
Compiled Wed 13-May-15 23:10 by prod
 << _rel_team

ROM: Bootstrap program is C2960S board boot loader
BOOTLDR: C2960S Boot Loader (C2960S-HBOOT-M) Version 12.2(55r)SE, RELEASE SOFTWARE (fc1)

c29s5.ra232a.ruby uptime is 1 hour, 1 minute
System returned to ROM by power-on
System image fil
 << e is "flash:/c2960s-universalk9-mz.150-2.SE8.bin"


This product contains cryptographic features and is subject to United
States and local country laws governing import, export, transfer and
use. Delivery of Cisco cryptographic products does not impl
 << y
third-party authority to import, export, distribute or use encryption.
Importers, exporters, distributors and users are responsible for
compliance with U.S. and local country laws. By using this product you
agree to comply with applicable laws and r
 << egulations. If you are unable
to comply with U.S. and local laws, return this product immediately.

A summary of U.S. laws governing Cisco cryptographic products may be found at:
http://www.cisco.com/wwl/export/crypto/tool/stqrg.html

If you require
 <<  further assistance please contact us by sending email to
export@cisco.com.

cisco WS-C2960S-24TS-L (PowerPC) processor (revision E0) with 131072K bytes of memory.
Processor board ID FOC1614Z1RT
Last reset from power-on
2 Virtual Ethernet interfaces
 << 
1 FastEthernet interface
28 Gigabit Ethernet interfaces
The password-recovery mechanism is enabled.

512K bytes of flash-simulated non-volatile configuration memory.
Base ethernet MAC Address       : F4:EA:67:A0:69:00
Motherboard assembly number  
 <<    : 73-11910-08
Power supply part number        : 341-0328-02
Motherboard serial number       : FOC16131NJ9
Power supply serial number      : LIT16060S3U
Model revision number           : E0
Motherboard revision number     : A0
Model number        
 <<             : WS-C2960S-24TS-L
Daughterboard assembly number   : 73-11933-04
Daughterboard serial number     : FOC161343UU
System serial number            : FOC1614Z1RT
Top Assembly Part Number        : 800-30954-03
Top Assembly Revision Number    : 
 << A0
Version ID                      : V03
CLEI Code Number                : COMGG00ARC
Daughterboard revision number   : A0
Hardware Board Revision Number  : 0x01


Switch Ports Model              SW Version            SW Image                 
---
 << --- ----- -----              ----------            ----------               
*    1 28    WS-C2960S-24TS-L   15.0(2)SE8            C2960S-UNIVERSALK9-M     


Configuration register is 0xF

c29s5.ra232a.ruby>
Expect: matched string 2: >
 >> write mem

Expect: searching for 2 strs:  :# :>
 << write mem
                   ^
% Invalid input detected at '^' marker.

c29s5.ra232a.ruby>
Expect: matched string 2: >
 >> enable

Expect: searching for 2 strs:  :Password: :#
 << enable
Password: 
Expect: matched string 1: Password:
 >> W2w1cD0mIliG!

Expect: searching for 1 strs:  :#
 << 
Password: 
 << 
 << 
 << 
 << 
 << 
 << 
 << 
 << 
 << 
 << 
Expect: did not match any strings!
...

Password: 
...

 >> wr erase
 >> 

 >> enable

Expect: searching for 2 strs:  :Password: :#
 << 
Password: 
% Bad secrets

c29s5.ra232a.ruby>
Expect: matched string 1: Password:
 >> W2w1cD0mIliG!

Expect: searching for 1 strs:  :#
 << W2w1cD0mIliG!
% Unknown command or computer name, or unable to find computer address
c29s5.ra232a.ruby>
 << 
 << 
 << 
 << 
 << 
 << 
 << 
 << 
 << 
 << 
Expect: did not match any strings!
...
W2w1cD0mIliG!
% Unknown command or computer name, or unable to find computer address
c29s5.ra232a.ruby>
...

 >> reload

Expect: searching for 2 strs:  :# :>
 << reload
Translating "reload"...domain server (130.18.80.12)
 << 
 << 
 << 
 << 
 << 
 << 
 << 
 << 
 << 
 << 
Expect: did not match any strings!
...
reload
Translating "reload"...domain server (130.18.80.12)
...

Expect: searching for 1 strs:  :Save?
 << 
 << 
 << 
 << 
 << 
 << 
Expect: did not match any strings!
...

...

 >> 

