trying to use serial port: /dev/ttyUSB0
 >> 
 >> 

Expect: searching for 4 strs:  :[yes/no] :Press RETURN to get started. :# :Switch>
 << 
c29s2.court.humphrey.temp>
c29s2.court.humphrey.temp>
c29s2.court.humphrey.temp>
c29s2.court.humphrey.temp>
 << 
 << 
 << 
 << 
 << 
 << 
 << 
 << 
 << 
 << 
Expect: did not match any strings!
...

c29s2.court.humphrey.temp>
c29s2.court.humphrey.temp>
c29s2.court.humphrey.temp>
c29s2.court.humphrey.temp>
...

 >> 

Expect: searching for 2 strs:  :# :>
 << 
c29s2.court.humphrey.temp>
c29s2.court.humphrey.temp>
Expect: matched string 2: >
 >> term len 0

Expect: searching for 2 strs:  :# :>
 << term len 0
c29s2.court.humphrey.temp>
Expect: matched string 2: >
 >> show version

Expect: searching for 2 strs:  :# :>
 << show version
Cisco IOS Software, C2960 Software (C2960-LANBASEK9-M), Version 12.2(46)SE, RELEASE SOFTWARE (fc2)
Copyright (c) 1986-2008 by Cisco Systems, Inc.
Compiled Thu 21-Aug-08 15:59 by nachen
Image text-base: 0x00003000, data-base: 0x01200000

 << 
ROM: Bootstrap program is C2960 boot loader
BOOTLDR: C2960 Boot Loader (C2960-HBOOT-M) Version 12.2(25r)SEE1, RELEASE SOFTWARE (fc1)

c29s2.court.humphrey.temp uptime is 1 minute
System returned to ROM by power-on
System image file is "flash:c2960-l
 << anbasek9-mz.122-46.SE.bin"


This product contains cryptographic features and is subject to United
States and local country laws governing import, export, transfer and
use. Delivery of Cisco cryptographic products does not imply
third-party authorit
 << y to import, export, distribute or use encryption.
Importers, exporters, distributors and users are responsible for
compliance with U.S. and local country laws. By using this product you
agree to comply with applicable laws and regulations. If you are 
 << unable
to comply with U.S. and local laws, return this product immediately.

A summary of U.S. laws governing Cisco cryptographic products may be found at:
http://www.cisco.com/wwl/export/crypto/tool/stqrg.html

If you require further assistance ple
 << ase contact us by sending email to
export@cisco.com.

cisco WS-C2960-24TC-L (PowerPC405) processor (revision B0) with 61440K/4088K bytes of memory.
Processor board ID FOC1104ZDDS
Last reset from power-on
2 Virtual Ethernet interfaces
24 FastEtherne
 << t interfaces
2 Gigabit Ethernet interfaces
The password-recovery mechanism is enabled.

64K bytes of flash-simulated non-volatile configuration memory.
Base ethernet MAC Address       : 00:1B:0C:B7:47:00
Motherboard assembly number     : 73-9832-06
 << 
Power supply part number        : 341-0097-02
Motherboard serial number       : FOC11042SXQ
Power supply serial number      : AZS1103078U
Model revision number           : B0
Motherboard revision number     : C0
Model number                    : WS-
 << C2960-24TC-L
System serial number            : FOC1104ZDDS
Top Assembly Part Number        : 800-26671-02
Top Assembly Revision Number    : C0
Version ID                      : V02
CLEI Code Number                : COM3K00BRA
Hardware Board Revision
 <<  Number  : 0x01


Switch Ports Model              SW Version            SW Image                 
------ ----- -----              ----------            ----------               
*    1 26    WS-C2960-24TC-L    12.2(46)SE            C2960-LANBASEK9-M 
 <<        


Configuration register is 0xF

c29s2.court.humphrey.temp>
Expect: matched string 2: >
 >> write mem

Expect: searching for 2 strs:  :# :>
 << write mem
                           ^
% Invalid input detected at '^' marker.

c29s2.court.humphrey.temp>
Expect: matched string 2: >
 >> enable

Expect: searching for 2 strs:  :Password: :#
 << enable
Password: 
Expect: matched string 1: Password:
 >> W2w1cD0mIliG!

Expect: searching for 1 strs:  :#
 << 
Password: 
 << 
 << 
 << 
 << 
 << 
 << 
 << 
 << 
 << 
 << 
Expect: did not match any strings!
...

Password: 
...

 >> wr erase
 >> 

 >> enable

Expect: searching for 2 strs:  :Password: :#
 << 
Password: 
% Bad secrets

c29s2.court.humphrey.temp>
Expect: matched string 1: Password:
 >> W2w1cD0mIliG!

Expect: searching for 1 strs:  :#
 << W2w1cD0mIliG!
% Unknown command or computer name, or unable to find computer address
c29s2.court.humphrey.temp>
 << 
 << 
 << 
 << 
 << 
 << 
 << 
 << 
 << 
Expect: did not match any strings!
...
W2w1cD0mIliG!
% Unknown command or computer name, or unable to find computer address
c29s2.court.humphrey.temp>
...

 >> reload

Expect: searching for 2 strs:  :# :>
 << reload
Translating "reload"...domain server (130.18.80.12)
 << 
 << 
 << 
 << 
 << 
 << 
 << 
 << 
 << 
 << 
Expect: did not match any strings!
...
reload
Translating "reload"...domain server (130.18.80.12)
...

Expect: searching for 1 strs:  :Save?
 << 
 << 
 << 
 << 
 << 
 << 
Expect: did not match any strings!
...

...

 >> 

