trying to use serial port: /dev/ttyUSB0
 >> 
 >> 

Expect: searching for 4 strs:  :[yes/no] :Press RETURN to get started. :# :Switch>
 << 
c29s1.b128.morganst#
c29s1.b128.morganst#
c29s1.b128.morganst#
c29s1.b128.morganst#
Expect: matched string 3: #
 >> term len 0

Expect: searching for 2 strs:  :# :>
 << term len 0
c29s1.b128.morganst#
Expect: matched string 1: #
 >> show version

Expect: searching for 2 strs:  :# :>
 << show version
Cisco IOS Software, C2960X Software (C2960X-UNIVERSALK9-M), Version 15.2(2)E5, RELEASE SOFTWARE (fc2)
Technical Support: http://www.cisco.com/techsupport
Copyright (c) 1986-2016 by Cisco Systems, Inc.
Compiled Thu 02-Jun-16 01:31 by prod_
 << rel_team

ROM: Bootstrap program is C2960X boot loader
BOOTLDR: C2960X Boot Loader (C2960X-HBOOT-M) Version 15.0(2r)EX, RELEASE SOFTWARE (fc1)

c29s1.b128.morganst uptime is 34 minutes
System returned to ROM by power-on
System restarted at 20:45:03
 <<  CST Sun Feb 26 2034
System image file is "flash:/c2960x-universalk9-mz.152-2.E5/c2960x-universalk9-mz.152-2.E5.bin"
Last reload reason: power-on



This product contains cryptographic features and is subject to United
States and local country laws
 <<  governing import, export, transfer and
use. Delivery of Cisco cryptographic products does not imply
third-party authority to import, export, distribute or use encryption.
Importers, exporters, distributors and users are responsible for
compliance wit
 << h U.S. and local country laws. By using this product you
agree to comply with applicable laws and regulations. If you are unable
to comply with U.S. and local laws, return this product immediately.

A summary of U.S. laws governing Cisco cryptographic
 <<  products may be found at:
http://www.cisco.com/wwl/export/crypto/tool/stqrg.html

If you require further assistance please contact us by sending email to
export@cisco.com.

cisco WS-C2960X-48TS-L (APM86XXX) processor (revision B0) with 524288K byte
 << s of memory.
Processor board ID FOC1746S0HT
Last reset from power-on
2 Virtual Ethernet interfaces
1 FastEthernet interface
52 Gigabit Ethernet interfaces
The password-recovery mechanism is enabled.

512K bytes of flash-simulated non-volatile conf
 << iguration memory.
Base ethernet MAC Address       : 1C:1D:86:43:DF:80
Motherboard assembly number     : 73-14192-04
Power supply part number        : 341-0537-02
Motherboard serial number       : FOC17456V1V
Power supply serial number      : DCB17428
 << 0A9
Model revision number           : B0
Motherboard revision number     : A0
Model number                    : WS-C2960X-48TS-L
Daughterboard assembly number   : 73-14200-03
Daughterboard serial number     : FOC1745A58X
System serial number        
 <<     : FOC1746S0HT
Top Assembly Part Number        : 800-37657-02
Top Assembly Revision Number    : D0
Version ID                      : V02
CLEI Code Number                : CMMNF00ARA
Daughterboard revision number   : A0
Hardware Board Revision Num
 << ber  : 0x05


Switch Ports Model                     SW Version            SW Image                 
------ ----- -----                     ----------            ----------               
*    1 52    WS-C2960X-48TS-L          15.2(2)E5             C
 << 2960X-UNIVERSALK9-M     


Configuration register is 0xF

c29s1.b128.morganst#
Expect: matched string 1: #
 >> enable

Expect: searching for 2 strs:  :Password: :#
 << enable
c29s1.b128.morganst#
Expect: matched string 2: #
 >> configure terminal

Expect: searching for 1 strs:  :(config)#
 << configure terminal
Enter configuration commands, one per line.  End with CNTL/Z.
c29s1.b128.morganst(config)#
Expect: matched string 1: (config)#
 >> hostname c29s1.b129.morganst 

Expect: searching for 2 strs:  :# :>
 << hostname c29s1.b129.morganst 
c29s1.b129.morganst(config)#
Expect: matched string 1: #
 >> end

Expect: searching for 1 strs:  :Configured
 << end
c29s1.b129.morganst#
 << 
Feb 26 21:19:28: %SYS-5-CONFIG_I: Configured from console by console
Expect: matched string 1: Configured
 >> 

 >> write mem

Expect: searching for 2 strs:  :# :>
 << 
c29s1.b129.morganst#write mem
Building configuration...

Expect: matched string 1: #
