trying to use serial port: /dev/ttyUSB0
 >> 
 >> 

Expect: searching for 4 strs:  :[yes/no] :Press RETURN to get started. :# :Switch>
 << 
c4000s1p.gate.prescircle#
c4000s1p.gate.prescircle#
c4000s1p.gate.prescircle#
c4000s1p.gate.prescircle#
Expect: matched string 3: #
 >> term len 0

Expect: searching for 2 strs:  :# :>
 << term len 0
c4000s1p.gate.prescircle#
Expect: matched string 1: #
 >> show version

Expect: searching for 2 strs:  :# :>
 << show version
Cisco IOS Software, IE4000  Software (IE4000-UNIVERSALK9-M), Version 15.2(4)EA5, RELEASE SOFTWARE (fc1)
Technical Support: http://www.cisco.com/techsupport
Copyright (c) 1986-2016 by Cisco Systems, Inc.
Compiled Tue 20-Dec-16 13:20 by pro
 << d_rel_team

ROM: Bootstrap program is IE4000 boot loader
BOOTLDR: IE4000  Boot Loader (IE4000-HBOOT-M) Version 15.2(2r)EA, RELEASE SOFTWARE (fc1)

c4000s1p.gate.prescircle uptime is 4 minutes
System returned to ROM by power-on
System restarted at 0
 << 5:40:17 CDT Sat Jul 5 2008
System image file is "sdflash:/ie4000-universalk9-mz.152-4.EA5/ie4000-universalk9-mz.152-4.EA5.bin"
Last reload reason: power-on



This product contains cryptographic features and is subject to United
States and local co
 << untry laws governing import, export, transfer and
use. Delivery of Cisco cryptographic products does not imply
third-party authority to import, export, distribute or use encryption.
Importers, exporters, distributors and users are responsible for
comp
 << liance with U.S. and local country laws. By using this product you
agree to comply with applicable laws and regulations. If you are unable
to comply with U.S. and local laws, return this product immediately.

A summary of U.S. laws governing Cisco cry
 << ptographic products may be found at:
http://www.cisco.com/wwl/export/crypto/tool/stqrg.html

If you require further assistance please contact us by sending email to
export@cisco.com.

License Level: lanbase
License Type: Permanent Right-To-Use
Nex
 << t reload license Level: lanbase

cisco IE-4000-4GS8GP4G-E (APM86XXX) processor (revision N0) with 1048576K bytes of memory.
Processor board ID FDO2209U0SW
Last reset from power-on
2 Virtual Ethernet interfaces
16 Gigabit Ethernet interfaces
The pas
 << sword-recovery mechanism is enabled.

512K bytes of flash-simulated non-volatile configuration memory.
Base ethernet MAC Address       : 00:FC:BA:BD:1D:80
Motherboard assembly number     : 73-101573-03
Motherboard serial number       : FDO22091AAK
M
 << odel revision number           : N0
Motherboard revision number     : B0
Model number                    : IE-4000-4GS8GP4G-E
System serial number            : FDO2209U0SW
Top Assembly Part Number        : 68-6019-01
Top Assembly Revision Number    :
 <<  E0
Version ID                      : V02
Hardware Board Revision Number  : 0x05
Backplane FPGA version          : 0.2F
CIP Serial Number               : 0x4ABD1D80
SKU Brand Name                  : Cisco


Switch Ports Model                     S
 << W Version            SW Image                 
------ ----- -----                     ----------            ----------               
*    1 16    IE-4000-4GS8GP4G-E        15.2(4)EA5            IE4000-UNIVERSALK9-M     


Configuration register is 0
 << xF

c4000s1p.gate.prescircle#
Expect: matched string 1: #
 >> enable

Expect: searching for 2 strs:  :Password: :#
 << enable
c4000s1p.gate.prescircle#
Expect: matched string 2: #
 >> sh run

Expect: searching for 2 strs:  :# :>
 << sh run
Building configuration...

Current configuration : 7826 bytes
!
! Last configuration change at 05:42:23 CDT Sat Jul 5 2008
! NVRAM config last updated at 05:42:26 CDT Sat Jul 5 2008
!
version 15.2
no service pad
service timestamps debug d
 << atetime localtime
service timestamps log datetime localtime
service password-encryption
!
hostname c4000s1p.gate.prescircle
!
boot-start-marker
boot-end-marker
!
!
enable secret 5 $1$WnD7$2HY5V239THeh350kKwym41
enable password 7 113E4B1246112F5
 << C0903272D0F72
!
username root privilege 15 secret 5 $1$n6iI$VurOdrKcFMSkoE8Qxfosr1
no aaa new-model
clock timezone CST -6 0
clock summer-time CDT recurring
system mtu routing 1500
!
!
!
ip dhcp snooping vlan 818
ip dhcp snooping
ip domain-name
 <<  mgmt.msstate.edu
ip name-server 130.18.80.12
!
!
!
!
!
ptp mode e2etransparent 
authentication mac-move permit
!
!
crypto pki trustpoint TP-self-signed-2494998912
 enrollment selfsigned
 subject-name cn=IOS-Self-Signed-Certificate-2494998912
 << 
 revocation-check none
 rsakeypair TP-self-signed-2494998912
!
!
crypto pki certificate chain TP-self-signed-2494998912
 certificate self-signed 01
  	quit
!
spanning-tree mode mst
spanning-tree portfast edge bpduguard default
spanning-tree ex
 << tend system-id
!
spanning-tree mst configuration
 name msstate
 revision 1
 instance 1 vlan 2, 7, 11, 20, 22, 24, 31, 35, 37, 39-40, 50, 60, 63, 70
 instance 1 vlan 78, 80, 86, 91, 96, 104, 110, 126, 136, 140, 152, 160
 instance 1 vlan 162-163, 168
 << , 189, 194, 202, 220, 222, 230, 232, 242, 246
 instance 1 vlan 256, 611-612, 654, 741, 996, 999
 instance 2 vlan 2002, 2007, 2011, 2020, 2022, 2024, 2031, 2035, 2037, 2039-2040
 instance 2 vlan 2050, 2060, 2063, 2070, 2080, 2086, 2096, 2104, 2110, 2126
 << 
 instance 2 vlan 2136, 2140, 2152, 2160, 2162-2163, 2168, 2189, 2194, 2202
 instance 2 vlan 2220, 2222, 2232, 2242, 2246, 2611-2612, 2654, 2999
 instance 3 vlan 42, 51, 59, 64, 66, 69, 72, 108, 113, 128, 144, 176, 196
 instance 3 vlan 244, 248, 927

 <<  instance 4 vlan 2042, 2051, 2059, 2064, 2066, 2069, 2072, 2108, 2113, 2128
 instance 4 vlan 2144, 2176, 2196, 2244, 2248, 2927
 instance 5 vlan 16, 48, 58, 88, 121, 131, 133-134, 216, 228
 instance 6 vlan 2016, 2048, 2058, 2088, 2121, 2131, 2133-2134,
 <<  2216, 2228
 instance 7 vlan 9, 33-34, 38, 54, 56, 71, 75, 82, 84, 97, 114, 116, 124
 instance 7 vlan 172, 186, 192, 204-208, 210, 240-241, 251-252, 630, 928
 instance 8 vlan 2009, 2033-2034, 2038, 2054, 2056, 2071, 2075, 2082, 2084
 instance 8 vlan 2
 << 097, 2114, 2116, 2124, 2172, 2186, 2192, 2204-2208, 2210
 instance 8 vlan 2240-2241, 2251-2252, 2630, 2928
 instance 9 vlan 4-5, 12, 18-19, 32, 44, 57, 62, 68, 76, 98-99, 102, 112
 instance 9 vlan 130, 132, 147-148, 158, 212, 226, 236, 500, 505, 510-51
 << 1
 instance 9 vlan 522, 551-570, 603, 629, 633, 742, 802, 926, 929
 instance 10 vlan 2004-2005, 2012, 2018-2019, 2032, 2044, 2057, 2062, 2068
 instance 10 vlan 2076, 2098-2099, 2102, 2112, 2130, 2132, 2147-2148, 2158
 instance 10 vlan 2212, 2236, 2500
 << , 2505, 2510-2511, 2522, 2603, 2629, 2633
 instance 10 vlan 2802, 2926, 2929
 instance 11 vlan 8, 43, 52, 146, 156-157, 180, 200, 218
 instance 12 vlan 2008, 2043, 2052, 2146, 2156-2157, 2180, 2200, 2218
!
errdisable recovery cause udld
errdisable r
 << ecovery cause bpduguard
errdisable recovery cause security-violation
errdisable recovery cause channel-misconfig
errdisable recovery cause pagp-flap
errdisable recovery cause link-flap
errdisable recovery cause sfp-config-mismatch
errdisable recover
 << y cause gbic-invalid
errdisable recovery cause psecure-violation
errdisable recovery cause port-mode-failure
errdisable recovery cause dhcp-rate-limit
errdisable recovery cause pppoe-ia-rate-limit
errdisable recovery cause mac-limit
errdisable recov
 << ery cause vmps
errdisable recovery cause storm-control
errdisable recovery cause inline-power
errdisable recovery cause arp-inspection
errdisable recovery cause link-monitor-failure
errdisable recovery cause oam-remote-failure
errdisable recovery ca
 << use loopback
errdisable recovery cause small-frame
errdisable recovery cause psp
errdisable recovery interval 1800
!
alarm profile defaultPort
 alarm not-operating 
 syslog not-operating 
 notifies not-operating 
!
!
!
vlan internal allocation
 <<  policy ascending
!
lldp run
!
!
!
!
!
interface GigabitEthernet1/1
 switchport trunk native vlan 92
 switchport mode trunk
 ip dhcp snooping trust
!
interface GigabitEthernet1/2
 switchport trunk native vlan 92
 switchport mode trunk
 ip 
 << dhcp snooping trust
!
interface GigabitEthernet1/3
 switchport trunk native vlan 92
 switchport mode trunk
 ip dhcp snooping trust
!
interface GigabitEthernet1/4
 switchport trunk native vlan 92
 switchport mode trunk
 ip dhcp snooping trust
!
 << 
interface GigabitEthernet1/5
 switchport access vlan 818
 switchport mode access
 spanning-tree portfast edge
!
interface GigabitEthernet1/6
 switchport access vlan 818
 switchport mode access
 spanning-tree portfast edge
!
interface GigabitEth
 << ernet1/7
 switchport access vlan 818
 switchport mode access
 spanning-tree portfast edge
!
interface GigabitEthernet1/8
 switchport access vlan 818
 switchport mode access
 spanning-tree portfast edge
!
interface GigabitEthernet1/9
 switchport
 <<  access vlan 603
 switchport mode access
 spanning-tree portfast edge
!
interface GigabitEthernet1/10
 switchport access vlan 818
 switchport mode access
 spanning-tree portfast edge
!
interface GigabitEthernet1/11
 switchport access vlan 818
 
 << switchport mode access
 spanning-tree portfast edge
!
interface GigabitEthernet1/12
 switchport access vlan 818
 switchport mode access
 spanning-tree portfast edge
!
interface GigabitEthernet1/13
 switchport access vlan 818
 switchport mode acc
 << ess
 spanning-tree portfast edge
!
interface GigabitEthernet1/14
 switchport access vlan 818
 switchport mode access
 spanning-tree portfast edge
!
interface GigabitEthernet1/15
 switchport access vlan 818
 switchport mode access
 spanning-tree
 <<  portfast edge
!
interface GigabitEthernet1/16
 switchport access vlan 818
 switchport mode access
 spanning-tree portfast edge
!
interface Vlan1
 no ip address
 no ip route-cache
 shutdown
!
interface Vlan92
 ip address 10.92.6.28 255.255.0.
 << 0
 ip broadcast-address 10.92.255.255
!
ip default-gateway 10.92.0.1
ip forward-protocol nd
no ip http server
no ip http secure-server
!
!
!
logging facility local1
logging host 130.18.8.12
access-list 1 permit 10.92.0.0 0.0.255.255
access-li
 << st 1 permit 130.18.8.0 0.0.0.255
access-list 1 permit 10.93.0.0 0.0.255.255
access-list 1 permit 130.18.1.0 0.0.0.255
!
snmp-server community sysnet RO 1
snmp-server community c2-b2=a2 RW 1
snmp-server enable traps snmp authentication linkdown linku
 << p coldstart warmstart
snmp-server enable traps transceiver all
snmp-server enable traps tty
snmp-server enable traps cluster
snmp-server enable traps config-copy
snmp-server enable traps config
snmp-server enable traps config-ctid
snmp-server enabl
 << e traps entity
snmp-server enable traps power-ethernet police
snmp-server enable traps cpu threshold
snmp-server enable traps rep
snmp-server enable traps bridge newroot topologychange
snmp-server enable traps stpx inconsistency root-inconsistency lo
 << op-inconsistency
snmp-server enable traps syslog
snmp-server enable traps vtp
snmp-server enable traps vlancreate
snmp-server enable traps vlandelete
snmp-server enable traps flash insertion removal
snmp-server enable traps port-security
snmp-serve
 << r enable traps envmon fan shutdown supply temperature status
snmp-server enable traps errdisable
snmp-server enable traps mac-notification change move threshold
snmp-server enable traps vlan-membership
snmp-server host 130.18.8.12 sysnet 
!
!
line 
 << con 0
line vty 0 4
 access-class 1 in
 password 7 08161E59581A21471F22000D0D6A
 login local
 transport input ssh
line vty 5 15
 access-class 1 in
 password 7 08161E59581A21471F22000D0D6A
 login local
 transport input ssh
!
ntp server 10.92.0.5
 << 
!
end

c4000s1p.gate.prescircle#
Expect: matched string 1: #
