trying to use serial port: /dev/ttyUSB0
 >> 
 >> 

Expect: searching for 4 strs:  :[yes/no] :Press RETURN to get started. :# :Switch>
 << 
test#
test#
test#
test#
Expect: matched string 3: #
 >> term len 0

Expect: searching for 2 strs:  :# :>
 << term len 0
test#
Expect: matched string 1: #
 >> show version

Expect: searching for 2 strs:  :# :>
 << show version
Cisco IOS Software [Denali], Catalyst L3 Switch Software (CAT3K_CAA-UNIVERSALK9-M), Version 16.3.6, RELEASE SOFTWARE (fc3)
Technical Support: http://www.cisco.com/techsupport
Copyright (c) 1986-2018 by Cisco Systems, Inc.
Compiled Wed 28-
 << Feb-18 15:23 by mcpre


Cisco IOS-XE software, Copyright (c) 2005-2018 by cisco Systems, Inc.
All rights reserved.  Certain components of Cisco IOS-XE software are
licensed under the GNU General Public License ("GPL") Version 2.0.  The
software code
 <<  licensed under GPL Version 2.0 is free software that comes
with ABSOLUTELY NO WARRANTY.  You can redistribute and/or modify such
GPL code under the terms of GPL Version 2.0.  For more details, see the
documentation or "License Notice" file accompanyin
 << g the IOS-XE software,
or the applicable URL provided on the flyer accompanying the IOS-XE
software.


ROM: IOS-XE ROMMON
BOOTLDR: CAT3K_CAA Boot Loader (CAT3K_CAA-HBOOT-M) Version 4.68, RELEASE SOFTWARE (P)

test uptime is 30 minutes
Uptime for 
 << this control processor is 32 minutes
System returned to ROM by Power Failure
System image file is "flash:packages.conf"
Last reload reason: Power Failure



This product contains cryptographic features and is subject to United
States and local cou
 << ntry laws governing import, export, transfer and
use. Delivery of Cisco cryptographic products does not imply
third-party authority to import, export, distribute or use encryption.
Importers, exporters, distributors and users are responsible for
compl
 << iance with U.S. and local country laws. By using this product you
agree to comply with applicable laws and regulations. If you are unable
to comply with U.S. and local laws, return this product immediately.

A summary of U.S. laws governing Cisco cryp
 << tographic products may be found at:
http://www.cisco.com/wwl/export/crypto/tool/stqrg.html

If you require further assistance please contact us by sending email to
export@cisco.com.


Technology Package License Information: 

--------------------
 << ---------------------------------------------
Technology-package                   Technology-package
Current             Type             Next reboot  
------------------------------------------------------------------
ipbasek9            Permanent  
 <<       ipbasek9

cisco WS-C3850-12XS (MIPS) processor (revision L0) with 864936K/6147K bytes of memory.
Processor board ID FOC2224X01Z
2 Virtual Ethernet interfaces
16 Ten Gigabit Ethernet interfaces
2048K bytes of non-volatile configuration memory.
 << 
4194304K bytes of physical memory.
253984K bytes of Crash Files at crashinfo:.
3334464K bytes of Flash at flash:.
0K bytes of  at webui:.

Base Ethernet MAC Address          : 6c:6c:d3:bb:2c:00
Motherboard Assembly Number        : 73-16285-06
Moth
 << erboard Serial Number          : FOC22228J6X
Model Revision Number              : L0
Motherboard Revision Number        : B0
Model Number                       : WS-C3850-12XS
System Serial Number               : FOC2224X01Z


Switch Ports Model   
 <<            SW Version        SW Image              Mode   
------ ----- -----              ----------        ----------            ----   
*    1 16    WS-C3850-12XS      16.3.6            CAT3K_CAA-UNIVERSALK9 INSTALL


Configuration register is 0x1
 << 02

test#
Expect: matched string 1: #
 >> write mem

Expect: searching for 2 strs:  :# :>
 << write mem
Building configuration...
[OK]
test#
Expect: matched string 1: #
 >> enable

Expect: searching for 2 strs:  :Password: :#
 << enable
test#
Expect: matched string 2: #
 >> wr erase
 >> 

 >> reload

Expect: searching for 2 strs:  :# :>
 << wr erase
Erasing the nvram filesystem will remove all configuration files! Continue? [confirm]
[OK]
Erase of nvram: complete
test#reload
Reload command is being issued on Active unit, this will reload the whole stack
Proceed with reload? [confirm]
Expect: matched string 1: #
Expect: searching for 1 strs:  :Save?
 << 
*Jul 27 09:52:23: %SYS-7-NV_BLOCK_INIT: Initialized the geometry of nvram
 << 
 << 
 << 
 << 
 << 
Expect: did not match any strings!
...

*Jul 27 09:52:23: %SYS-7-NV_BLOCK_INIT: Initialized the geometry of nvram
...

 >> 

