trying to use serial port: /dev/ttyUSB0
 >> 
 >> 

Expect: searching for 4 strs:  :[yes/no] :Press RETURN to get started. :# :Switch>
 << 
 << 
 << 
 << 
 << 
 << 
 << 
 << 
 << 
 << 
 << 
 << 
 << 
 << ul
 << 
 << 
 << 2
 << 
 << 
 << 
 << 
 << 
 << 
 << 
 << 
 <<  
 << M
 << 
 << D
 << 
 << s
 << 
 << 
 << 
 << 
 << isabling 
 << 
 << 
 << 
 << 
 << 
 << 
 << 
 << 
 << 
 << 
 << 
 << 
 << 4:22
 << 57.78
 << : dis
 << 
 << 
 << 
 << 
 << 
 << 
 << 
 << 
 << 
 << 
 << 
 << ta
 << 
 << 
 << 
 << 
 << 
 << 
 << 
 << 
 << 
 << 
 << 
 << 
 << 
 << 
 << 
 << 
 << 
 << 
 << i
 << 
 << 
 << 
 << 
 << 
 << 
Expect: did not match any strings!
...
ul2 MDsisabling 4:2257.78: distai
...

 >> 

Expect: searching for 2 strs:  :# :>
 << 
 << 
 << 
 << 
 << 
 << 
 << 
 << 
 << 
 << 
 << 
Expect: did not match any strings!
...

...

