trying to use serial port: /dev/ttyUSB0
 >> 
 >> 

Expect: searching for 4 strs:  :[yes/no] :Press RETURN to get started. :# :Switch>
 << 
c29s3.r007n.scott#
c29s3.r007n.scott#
c29s3.r007n.scott#
c29s3.r007n.scott#
Expect: matched string 3: #
 >> term len 0

Expect: searching for 2 strs:  :# :>
 << term len 0
c29s3.r007n.scott#
Expect: matched string 1: #
 >> show version

Expect: searching for 2 strs:  :# :>
 << show version
Cisco IOS Software, C2960S Software (C2960S-UNIVERSALK9-M), Version 15.0(2)SE8, RELEASE SOFTWARE (fc1)
Technical Support: http://www.cisco.com/techsupport
Copyright (c) 1986-2015 by Cisco Systems, Inc.
Compiled Wed 13-May-15 23:10 by prod
 << _rel_team

ROM: Bootstrap program is C2960S board boot loader
BOOTLDR: C2960S Boot Loader (C2960S-HBOOT-M) Version 12.2(55r)SE, RELEASE SOFTWARE (fc1)

c29s3.r007n.scott uptime is 22 hours, 55 minutes
System returned to ROM by power-on
System image
 <<  file is "flash:/c2960s-universalk9-mz.150-2.SE8.bin"


This product contains cryptographic features and is subject to United
States and local country laws governing import, export, transfer and
use. Delivery of Cisco cryptographic products does not 
 << imply
third-party authority to import, export, distribute or use encryption.
Importers, exporters, distributors and users are responsible for
compliance with U.S. and local country laws. By using this product you
agree to comply with applicable laws a
 << nd regulations. If you are unable
to comply with U.S. and local laws, return this product immediately.

A summary of U.S. laws governing Cisco cryptographic products may be found at:
http://www.cisco.com/wwl/export/crypto/tool/stqrg.html

If you req
 << uire further assistance please contact us by sending email to
export@cisco.com.

cisco WS-C2960S-48TS-L (PowerPC) processor (revision J0) with 131072K bytes of memory.
Processor board ID FOC1720Z0JP
Last reset from power-on
2 Virtual Ethernet interf
 << aces
1 FastEthernet interface
52 Gigabit Ethernet interfaces
The password-recovery mechanism is enabled.

512K bytes of flash-simulated non-volatile configuration memory.
Base ethernet MAC Address       : D0:C7:89:AF:F7:00
Motherboard assembly numb
 << er     : 73-11909-09
Power supply part number        : 341-0327-04
Motherboard serial number       : FOC17196Z8Q
Power supply serial number      : LIT17151Y3X
Model revision number           : J0
Motherboard revision number     : A0
Model number    
 <<                 : WS-C2960S-48TS-L
Daughterboard assembly number   : 73-11933-04
Daughterboard serial number     : FOC17194Q3X
System serial number            : FOC1720Z0JP
Top Assembly Part Number        : 800-30950-06
Top Assembly Revision Number  
 <<   : A0
Version ID                      : V06
CLEI Code Number                : COMGF00ARF
Daughterboard revision number   : A0
Hardware Board Revision Number  : 0x01


Switch Ports Model              SW Version            SW Image                 
 << 
------ ----- -----              ----------            ----------               
*    1 52    WS-C2960S-48TS-L   15.0(2)SE8            C2960S-UNIVERSALK9-M     


Configuration register is 0xF

c29s3.r007n.scott#
Expect: matched string 1: #
 >> show interface status

Expect: searching for 2 strs:  :# :>
 << show interface status

Port      Name               Status       Vlan       Duplex  Speed Type
Gi1/0/1                      disabled     236          auto   auto 10/100/1000BaseTX
Gi1/0/2                      disabled     236          auto   auto 10/1
 << 00/1000BaseTX
Gi1/0/3                      disabled     236          auto   auto 10/100/1000BaseTX
Gi1/0/4                      disabled     236          auto   auto 10/100/1000BaseTX
Gi1/0/5                      disabled     236          auto   auto 1
 << 0/100/1000BaseTX
Gi1/0/6                      disabled     236          auto   auto 10/100/1000BaseTX
Gi1/0/7                      disabled     236          auto   auto 10/100/1000BaseTX
Gi1/0/8                      disabled     236          auto   aut
 << o 10/100/1000BaseTX
Gi1/0/9                      disabled     236          auto   auto 10/100/1000BaseTX
Gi1/0/10                     disabled     236          auto   auto 10/100/1000BaseTX
Gi1/0/11                     disabled     236          auto   
 << auto 10/100/1000BaseTX
Gi1/0/12                     disabled     236          auto   auto 10/100/1000BaseTX
Gi1/0/13                     disabled     236          auto   auto 10/100/1000BaseTX
Gi1/0/14                     disabled     236          auto
 <<    auto 10/100/1000BaseTX
Gi1/0/15                     disabled     236          auto   auto 10/100/1000BaseTX
Gi1/0/16                     disabled     236          auto   auto 10/100/1000BaseTX
Gi1/0/17                     disabled     236          a
 << uto   auto 10/100/1000BaseTX
Gi1/0/18                     disabled     236          auto   auto 10/100/1000BaseTX
Gi1/0/19                     disabled     236          auto   auto 10/100/1000BaseTX
Gi1/0/20                     disabled     236        
 <<   auto   auto 10/100/1000BaseTX
Gi1/0/21                     disabled     236          auto   auto 10/100/1000BaseTX
Gi1/0/22                     disabled     236          auto   auto 10/100/1000BaseTX
Gi1/0/23                     disabled     236     
 <<      auto   auto 10/100/1000BaseTX
Gi1/0/24                     disabled     236          auto   auto 10/100/1000BaseTX
Gi1/0/25                     disabled     236          auto   auto 10/100/1000BaseTX
Gi1/0/26                     disabled     236  
 <<         auto   auto 10/100/1000BaseTX
Gi1/0/27                     disabled     236          auto   auto 10/100/1000BaseTX
Gi1/0/28                     disabled     236          auto   auto 10/100/1000BaseTX
Gi1/0/29                     disabled     23
 << 6          auto   auto 10/100/1000BaseTX
Gi1/0/30                     disabled     236          auto   auto 10/100/1000BaseTX
Gi1/0/31                     disabled     236          auto   auto 10/100/1000BaseTX
Gi1/0/32                     disabled    
 <<  236          auto   auto 10/100/1000BaseTX
Gi1/0/33                     disabled     236          auto   auto 10/100/1000BaseTX
Gi1/0/34                     disabled     236          auto   auto 10/100/1000BaseTX
Gi1/0/35                     disabled 
 <<     236          auto   auto 10/100/1000BaseTX
Gi1/0/36                     disabled     236          auto   auto 10/100/1000BaseTX
Gi1/0/37                     disabled     236          auto   auto 10/100/1000BaseTX
Gi1/0/38                     disabl
 << ed     236          auto   auto 10/100/1000BaseTX
Gi1/0/39                     disabled     236          auto   auto 10/100/1000BaseTX
Gi1/0/40                     disabled     236          auto   auto 10/100/1000BaseTX
Gi1/0/41                     dis
 << abled     236          auto   auto 10/100/1000BaseTX
Gi1/0/42                     disabled     236          auto   auto 10/100/1000BaseTX
Gi1/0/43                     disabled     236          auto   auto 10/100/1000BaseTX
Gi1/0/44                     
 << disabled     236          auto   auto 10/100/1000BaseTX
Gi1/0/45                     disabled     236          auto   auto 10/100/1000BaseTX
Gi1/0/46                     disabled     236          auto   auto 10/100/1000BaseTX
Gi1/0/47                  
 <<    disabled     236          auto   auto 10/100/1000BaseTX
Gi1/0/48                     disabled     1            auto   auto 10/100/1000BaseTX
Gi1/0/49                     disabled     1            auto   auto Not Present
Gi1/0/50                     
 << disabled     1            auto   auto Not Present
Gi1/0/51                     disabled     1            auto   auto Not Present
Gi1/0/52                     disabled     1            auto   auto Not Present
Fa0                          disabled     ro
 << uted       auto   auto 10/100BaseTX
c29s3.r007n.scott#
Expect: matched string 1: #
