trying to use serial port: /dev/ttyUSB0
 >> 
 >> 

Expect: searching for 4 strs:  :[yes/no] :Press RETURN to get started. :# :Switch>
 << 
c35s1c.ballroom.hunter#
c35s1c.ballroom.hunter#
c35s1c.ballroom.hunter#
c35s1c.ballroom.hunter#
Expect: matched string 3: #
 >> term len 0

Expect: searching for 2 strs:  :# :>
 << term len 0
c35s1c.ballroom.hunter#
Expect: matched string 1: #
 >> show version

Expect: searching for 2 strs:  :# :>
 << show version
Cisco IOS Software, C3560CX Software (C3560CX-UNIVERSALK9-M), Version 15.2(4)E6, RELEASE SOFTWARE (fc4)
Technical Support: http://www.cisco.com/techsupport
Copyright (c) 1986-2018 by Cisco Systems, Inc.
Compiled Thu 05-Apr-18 03:17 by pro
 << d_rel_team

ROM: Bootstrap program is C3560CX boot loader
BOOTLDR: C3560CX Boot Loader (C3560CX-HBOOT-M) Version 15.2(4r)E5, RELEASE SOFTWARE (fc4)

c35s1c.ballroom.hunter uptime is 1 week, 4 days, 1 hour, 47 minutes
System returned to ROM by power-
 << on
System restarted at 13:56:20 CDT Mon Aug 27 2018
System image file is "flash:/c3560cx-universalk9-mz.152-4.E6/c3560cx-universalk9-mz.152-4.E6.bin"
Last reload reason: Unknown reason



This product contains cryptographic features and is subject 
 << to United
States and local country laws governing import, export, transfer and
use. Delivery of Cisco cryptographic products does not imply
third-party authority to import, export, distribute or use encryption.
Importers, exporters, distributors and u
 << sers are responsible for
compliance with U.S. and local country laws. By using this product you
agree to comply with applicable laws and regulations. If you are unable
to comply with U.S. and local laws, return this product immediately.

A summary of
 <<  U.S. laws governing Cisco cryptographic products may be found at:
http://www.cisco.com/wwl/export/crypto/tool/stqrg.html

If you require further assistance please contact us by sending email to
export@cisco.com.

License Level: ipbase
License Type
 << : Default. No valid license found.
Next reload license Level: ipbase

cisco WS-C3560CX-12PC-S (APM86XXX) processor (revision L0) with 524288K bytes of memory.
Processor board ID FOC2226Y3FP
Last reset from power-on
2 Virtual Ethernet interfaces
16 
 << Gigabit Ethernet interfaces
The password-recovery mechanism is enabled.

512K bytes of flash-simulated non-volatile configuration memory.
Base ethernet MAC Address       : 00:A5:BF:17:30:00
Motherboard assembly number     : 73-100864-04
Power supply
 <<  part number        : 341-0675-02
Motherboard serial number       : FOC22245DXK
Power supply serial number      : DCC222150W5
Model revision number           : L0
Motherboard revision number     : B0
Model number                    : WS-C3560CX-12PC-
 << S
System serial number            : FOC2226Y3FP
Top Assembly Part Number        : 68-100571-01
Top Assembly Revision Number    : C0
Version ID                      : V03
CLEI Code Number                : CMM1L10DRB
Hardware Board Revision Number  : 
 << 0x09


Switch Ports Model                     SW Version            SW Image                 
------ ----- -----                     ----------            ----------               
*    1 16    WS-C3560CX-12PC-S         15.2(4)E6             C3560CX-
 << UNIVERSALK9-M    


Configuration register is 0xF

c35s1c.ballroom.hunter#
Expect: matched string 1: #
 >> enable

Expect: searching for 2 strs:  :Password: :#
 << enable
c35s1c.ballroom.hunter#
Expect: matched string 2: #
 >> sh run

Expect: searching for 2 strs:  :# :>
 << sh run
Building configuration...

Current configuration : 10303 bytes
!
! Last configuration change at 15:40:27 CDT Fri Sep 7 2018
! NVRAM config last updated at 15:40:30 CDT Fri Sep 7 2018
!
version 15.2
no service pad
service timestamps debug 
 << datetime localtime
service timestamps log datetime localtime
service password-encryption
!
hostname c35s1c.ballroom.hunter
!
boot-start-marker
boot-end-marker
!
logging buffered informational
enable secret 5 $1$Kz8o$zERoR9Dg2MURhYF7Mkw6K/
enabl
 << e password 7 097B1C1E48063342062508230C65
!
username root privilege 15 secret 5 $1$uM0B$IVj/Yx6Lu/GGBIvVHhBmf0
no aaa new-model
clock timezone CST -6 0
clock summer-time CDT recurring
system mtu routing 1500
!
!
!
!
!
!
ip dhcp snooping vlan 
 << 673
ip dhcp snooping
ip domain-name mgmt.msstate.edu
ip name-server 130.18.80.13
ip name-server 130.18.80.12
!
!
!
!
!
!
!
crypto pki trustpoint TP-self-signed-2494998912
 enrollment selfsigned
 subject-name cn=IOS-Self-Signed-Certificate-24
 << 94998912
 revocation-check none
 rsakeypair TP-self-signed-2494998912
!
!
crypto pki certificate chain TP-self-signed-2494998912
 certificate self-signed 01
  	quit
!
spanning-tree mode mst
spanning-tree portfast edge bpduguard default
spanning
 << -tree extend system-id
!
spanning-tree mst configuration
 name msstate
 revision 1
 instance 1 vlan 2, 7, 11, 20, 22, 24, 31, 35, 37, 39-40, 50, 60, 63, 70
 instance 1 vlan 78, 80, 86, 91, 96, 104, 110, 126, 136, 140, 152, 160
 instance 1 vlan 162-
 << 163, 168, 189, 194, 202, 220, 222, 230, 232, 242, 246
 instance 1 vlan 256, 611-612, 654, 741, 996, 999
 instance 2 vlan 2002, 2007, 2011, 2020, 2022, 2024, 2031, 2035, 2037, 2039-2040
 instance 2 vlan 2050, 2060, 2063, 2070, 2080, 2086, 2096, 2104, 21
 << 10, 2126
 instance 2 vlan 2136, 2140, 2152, 2160, 2162-2163, 2168, 2189, 2194, 2202
 instance 2 vlan 2220, 2222, 2232, 2242, 2246, 2611-2612, 2654, 2999
 instance 3 vlan 42, 51, 59, 64, 66, 69, 72, 108, 113, 128, 144, 176, 196
 instance 3 vlan 244, 24
 << 8, 927
 instance 4 vlan 2042, 2051, 2059, 2064, 2066, 2069, 2072, 2108, 2113, 2128
 instance 4 vlan 2144, 2176, 2196, 2244, 2248, 2927
 instance 5 vlan 16, 48, 58, 88, 121, 131, 133-134, 216, 228
 instance 6 vlan 2016, 2048, 2058, 2088, 2121, 2131, 21
 << 33-2134, 2216, 2228
 instance 7 vlan 9, 33-34, 38, 54, 56, 71, 75, 82, 84, 97, 114, 116, 124
 instance 7 vlan 172, 186, 192, 204-208, 210, 240-241, 251-252, 630, 928
 instance 8 vlan 2009, 2033-2034, 2038, 2054, 2056, 2071, 2075, 2082, 2084
 instance 
 << 8 vlan 2097, 2114, 2116, 2124, 2172, 2186, 2192, 2204-2208, 2210
 instance 8 vlan 2240-2241, 2251-2252, 2630, 2928
 instance 9 vlan 4-5, 12, 18-19, 32, 44, 57, 62, 68, 76, 98-99, 102, 112
 instance 9 vlan 130, 132, 147-148, 158, 212, 226, 236, 500, 505
 << , 510-511
 instance 9 vlan 522, 551-570, 603, 629, 633, 742, 802, 926, 929
 instance 10 vlan 2004-2005, 2012, 2018-2019, 2032, 2044, 2057, 2062, 2068
 instance 10 vlan 2076, 2098-2099, 2102, 2112, 2130, 2132, 2147-2148, 2158
 instance 10 vlan 2212, 22
 << 36, 2500, 2505, 2510-2511, 2522, 2603, 2629, 2633
 instance 10 vlan 2802, 2926, 2929
 instance 11 vlan 8, 43, 52, 146, 156-157, 180, 200, 218
 instance 12 vlan 2008, 2043, 2052, 2146, 2156-2157, 2180, 2200, 2218
!
errdisable recovery cause udld
errd
 << isable recovery cause bpduguard
errdisable recovery cause security-violation
errdisable recovery cause channel-misconfig
errdisable recovery cause pagp-flap
errdisable recovery cause dtp-flap
errdisable recovery cause link-flap
errdisable recovery c
 << ause sfp-config-mismatch
errdisable recovery cause gbic-invalid
errdisable recovery cause l2ptguard
errdisable recovery cause psecure-violation
errdisable recovery cause port-mode-failure
errdisable recovery cause dhcp-rate-limit
errdisable recovery
 <<  cause pppoe-ia-rate-limit
errdisable recovery cause mac-limit
errdisable recovery cause vmps
errdisable recovery cause storm-control
errdisable recovery cause inline-power
errdisable recovery cause arp-inspection
errdisable recovery cause loopback
 << 
errdisable recovery cause small-frame
errdisable recovery cause psp
errdisable recovery interval 1800
!
!
!
!
vlan internal allocation policy ascending
!
lldp run
!
! 
!
!
!
!
!
!
!
!
!
interface GigabitEthernet0/1
 switchport acces
 << s vlan 673
 switchport mode access
 switchport port-security maximum 2
 switchport port-security violation protect
 switchport port-security aging time 15
 switchport port-security aging type inactivity
 switchport port-security
 shutdown
 spannin
 << g-tree portfast edge
!
interface GigabitEthernet0/2
 switchport access vlan 673
 switchport mode access
 switchport port-security maximum 2
 switchport port-security violation protect
 switchport port-security aging time 15
 switchport port-securi
 << ty aging type inactivity
 switchport port-security
 shutdown
 spanning-tree portfast edge
!
interface GigabitEthernet0/3
 switchport access vlan 673
 switchport mode access
 switchport port-security maximum 2
 switchport port-security violation p
 << rotect
 switchport port-security aging time 15
 switchport port-security aging type inactivity
 switchport port-security
 shutdown
 spanning-tree portfast edge
!
interface GigabitEthernet0/4
 switchport access vlan 673
 switchport mode access
 s
 << witchport port-security maximum 2
 switchport port-security violation protect
 switchport port-security aging time 15
 switchport port-security aging type inactivity
 switchport port-security
 shutdown
 spanning-tree portfast edge
!
interface Giga
 << bitEthernet0/5
 switchport access vlan 673
 switchport mode access
 switchport port-security maximum 2
 switchport port-security violation protect
 switchport port-security aging time 15
 switchport port-security aging type inactivity
 switchport p
 << ort-security
 shutdown
 spanning-tree portfast edge
!
interface GigabitEthernet0/6
 switchport access vlan 673
 switchport mode access
 switchport port-security maximum 2
 switchport port-security violation protect
 switchport port-security aging
 <<  time 15
 switchport port-security aging type inactivity
 switchport port-security
 shutdown
 spanning-tree portfast edge
!
interface GigabitEthernet0/7
 switchport access vlan 673
 switchport mode access
 switchport port-security maximum 2
 swi
 << tchport port-security violation protect
 switchport port-security aging time 15
 switchport port-security aging type inactivity
 switchport port-security
 shutdown
 spanning-tree portfast edge
!
interface GigabitEthernet0/8
 switchport access vlan
 <<  673
 switchport mode access
 switchport port-security maximum 2
 switchport port-security violation protect
 switchport port-security aging time 15
 switchport port-security aging type inactivity
 switchport port-security
 shutdown
 spanning-tree
 <<  portfast edge
!
interface GigabitEthernet0/9
 switchport access vlan 673
 switchport mode access
 switchport port-security maximum 2
 switchport port-security violation protect
 switchport port-security aging time 15
 switchport port-security agi
 << ng type inactivity
 switchport port-security
 shutdown
 power inline never
 spanning-tree portfast edge
!
interface GigabitEthernet0/10
 switchport access vlan 673
 switchport mode access
 switchport port-security maximum 2
 switchport port-secu
 << rity violation protect
 switchport port-security aging time 15
 switchport port-security aging type inactivity
 switchport port-security
 shutdown
 power inline never
 spanning-tree portfast edge
!
interface GigabitEthernet0/11
 switchport access
 <<  vlan 673
 switchport mode access
 switchport port-security maximum 2
 switchport port-security violation protect
 switchport port-security aging time 15
 switchport port-security aging type inactivity
 switchport port-security
 shutdown
 power in
 << line never
 spanning-tree portfast edge
!
interface GigabitEthernet0/12
 switchport access vlan 673
 switchport mode access
 switchport port-security maximum 2
 switchport port-security violation protect
 switchport port-security aging time 15
 s
 << witchport port-security aging type inactivity
 switchport port-security
 shutdown
 power inline never
 spanning-tree portfast edge
!
interface GigabitEthernet0/13
 switchport trunk native vlan 92
 switchport mode trunk
 shutdown
 ip dhcp snoopin
 << g trust
!
interface GigabitEthernet0/14
 switchport trunk native vlan 92
 switchport mode trunk
 shutdown
 ip dhcp snooping trust
!
interface GigabitEthernet0/15
 switchport trunk native vlan 92
 switchport mode trunk
 shutdown
 ip dhcp snoopi
 << ng trust
!
interface GigabitEthernet0/16
 switchport trunk native vlan 92
 switchport mode trunk
 shutdown
 ip dhcp snooping trust
!
interface Vlan1
 no ip address
 no ip route-cache
 shutdown
!
interface Vlan92
 ip address 10.92.6.47 255.25
 << 5.0.0
 ip broadcast-address 10.92.255.255
!
ip default-gateway 10.92.0.1
ip forward-protocol nd
no ip http server
no ip http secure-server
!
!
!
logging facility local1
logging host 130.18.8.12
access-list 1 permit 10.92.0.0 0.0.255.255
acces
 << s-list 1 permit 130.18.8.0 0.0.0.255
access-list 1 permit 10.93.0.0 0.0.255.255
access-list 1 permit 130.18.1.0 0.0.0.255
!
snmp-server community sysnet RO 1
snmp-server community c2-b2=a2 RW 1
snmp-server enable traps snmp authentication linkdown l
 << inkup coldstart warmstart
snmp-server enable traps transceiver all
snmp-server enable traps tty
snmp-server enable traps cluster
snmp-server enable traps config-copy
snmp-server enable traps config
snmp-server enable traps config-ctid
snmp-server e
 << nable traps entity
snmp-server enable traps power-ethernet police
snmp-server enable traps cpu threshold
snmp-server enable traps rep
snmp-server enable traps bridge newroot topologychange
snmp-server enable traps stpx inconsistency root-inconsistenc
 << y loop-inconsistency
snmp-server enable traps syslog
snmp-server enable traps vtp
snmp-server enable traps vlancreate
snmp-server enable traps vlandelete
snmp-server enable traps flash insertion removal
snmp-server enable traps port-security
snmp-s
 << erver enable traps envmon fan shutdown supply temperature status
snmp-server enable traps errdisable
snmp-server enable traps mac-notification change move threshold
snmp-server enable traps vlan-membership
snmp-server host 130.18.8.12 sysnet 
no vsta
 << ck
!
line con 0
line vty 0 4
 access-class 1 in
 password 7 012454130A08225F2C6542003E44
 login local
 transport input ssh
line vty 5 15
 access-class 1 in
 password 7 012454130A08225F2C6542003E44
 login local
 transport input ssh
!
ntp serv
 << er 10.92.0.5
!
end

c35s1c.ballroom.hunter#
Expect: matched string 1: #
