trying to use serial port: /dev/ttyUSB0
 >> 
 >> 

Expect: searching for 4 strs:  :[yes/no] :Press RETURN to get started. :# :Switch>
 << 
Switch#
Switch#
Switch#
Switch#
Expect: matched string 3: #
 >> term len 0

Expect: searching for 2 strs:  :# :>
 << term len 0
Switch#
Expect: matched string 1: #
 >> show version

Expect: searching for 2 strs:  :# :>
 << show version
Cisco IOS XE Software, Version 16.08.01a
Cisco IOS Software [Fuji], Catalyst L3 Switch Software (CAT9K_IOSXE), Version 16.8.1a, RELEASE SOFTWARE (fc1)
Technical Support: http://www.cisco.com/techsupport
Copyright (c) 1986-2018 by Cisco Sy
 << stems, Inc.
Compiled Tue 03-Apr-18 18:49 by mcpre


Cisco IOS-XE software, Copyright (c) 2005-2018 by cisco Systems, Inc.
All rights reserved.  Certain components of Cisco IOS-XE software are
licensed under the GNU General Public License ("GPL") Ver
 << sion 2.0.  The
software code licensed under GPL Version 2.0 is free software that comes
with ABSOLUTELY NO WARRANTY.  You can redistribute and/or modify such
GPL code under the terms of GPL Version 2.0.  For more details, see the
documentation or "Lic
 << ense Notice" file accompanying the IOS-XE software,
or the applicable URL provided on the flyer accompanying the IOS-XE
software.


ROM: IOS-XE ROMMON
BOOTLDR: System Bootstrap, Version 16.8.1r [FC4], RELEASE SOFTWARE (P)

Switch uptime is 35 minu
 << tes
Uptime for this control processor is 37 minutes
System returned to ROM by LocalSoft
System image file is "flash:packages.conf"
Last reload reason: LocalSoft



This product contains cryptographic features and is subject to United
States and l
 << ocal country laws governing import, export, transfer and
use. Delivery of Cisco cryptographic products does not imply
third-party authority to import, export, distribute or use encryption.
Importers, exporters, distributors and users are responsible fo
 << r
compliance with U.S. and local country laws. By using this product you
agree to comply with applicable laws and regulations. If you are unable
to comply with U.S. and local laws, return this product immediately.

A summary of U.S. laws governing Ci
 << sco cryptographic products may be found at:
http://www.cisco.com/wwl/export/crypto/tool/stqrg.html

If you require further assistance please contact us by sending email to
export@cisco.com.


Technology Package License Information: 

------------
 << ------------------------------------------------------------------
Technology-package                                     Technology-package
Current                        Type                       Next reboot  
---------------------------------------
 << ---------------------------------------
network-essentials            Permanent           network-essentials
dna-essentials                Subscription        dna-essentials

cisco C9300-24T (X86) processor with 898220K/6147K bytes of memory.
Process
 << or board ID FCW2232E0B8
1 Virtual Ethernet interface
56 Gigabit Ethernet interfaces
16 Ten Gigabit Ethernet interfaces
4 TwentyFive Gigabit Ethernet interfaces
4 Forty Gigabit Ethernet interfaces
2048K bytes of non-volatile configuration memory.
83
 << 88608K bytes of physical memory.
1638400K bytes of Crash Files at crashinfo:.
1638400K bytes of Crash Files at crashinfo-2:.
11264000K bytes of Flash at flash:.
11264000K bytes of Flash at flash-2:.
0K bytes of WebUI ODM Files at webui:.

Base Ethe
 << rnet MAC Address          : 00:aa:6e:e8:c4:80
Motherboard Assembly Number        : 73-18270-03
Motherboard Serial Number          : FOC22304W6K
Model Revision Number              : A0
Motherboard Revision Number        : A0
Model Number              
 <<          : C9300-24T
System Serial Number               : FCW2232E0B8


Switch Ports Model              SW Version        SW Image              Mode   
------ ----- -----              ----------        ----------            ----   
*    1 40    C930
 << 0-24T          16.8.1a           CAT9K_IOSXE           INSTALL
     2 40    C9300-24T          16.8.1a           CAT9K_IOSXE           INSTALL


Switch 02
---------
Switch uptime                      : 37 minutes 

Base Ethernet MAC Address       
 <<    : 00:b1:e3:15:b7:00
Motherboard Assembly Number        : 73-18270-03
Motherboard Serial Number          : FOC22304W0U
Model Revision Number              : A0
Motherboard Revision Number        : A0
Model Number                       : C9300-24T
S
 << ystem Serial Number               : FOC2232Z0FN

Configuration register is 0x102

Switch#
Expect: matched string 1: #
 >> enable

Expect: searching for 2 strs:  :Password: :#
 << enable
Switch#
Expect: matched string 2: #
 >> sh license udi

Expect: searching for 2 strs:  :# :>
 << sh license udi
% No licensable UDI in the system
Switch#
Expect: matched string 1: #
 >> configure terminal

Expect: searching for 1 strs:  :(config)#
 << configure terminal
Enter configuration commands, one per line.  End with CNTL/Z.
Switch(config)#
Expect: matched string 1: (config)#
